DONE 

server: komolongma.ece.uprm.edu
jobmanager: sge
function: experiment-1c
parameters: /home/jas/src/stft2.0.1/main /home/jas/src/stft2.0.1/1-2006-05-12_2100.txt 16384 32 1024 16384 44100 0 12000 256 31000 36000
UNSUBMITTED: 1219510824926
PENDING: 1219510828018
ACTIVE: 1219510830070
getoutputtime: 1219510940648
DONE: 1219510927020 
Job is running.
Job is running.
Job is running.
Job is running.
Job is running.
Job is running.
Job is running.
Job is running.
Job is running.
Job 2602 has completed.
Writing job STDOUT and STDERR to cache files.
Time employed in compute-1-18.local: 75.72
Returning job success.

ERROR
