DONE 

server: komolongma.ece.uprm.edu
jobmanager: sge
function: experiment-1c
parameters: /home/jas/src/stft2.0.1/main /home/jas/src/stft2.0.1/1-2006-05-12_2100.txt 16384 32 1024 16384 44100 0 12000 256 32000 37000
UNSUBMITTED: 1219491645070
PENDING: 1219491648021
ACTIVE: 1219491650076
getoutputtime: 1219491749134
DONE: 1219491746021 
Job is running.
Job is running.
Job is running.
Job is running.
Job is running.
Job is running.
Job is running.
Job is running.
Job is running.
Job 2555 has completed.
Writing job STDOUT and STDERR to cache files.
Time employed in compute-3-63.local: 82.34
Returning job success.

ERROR
