DONE 

server: komolongma.ece.uprm.edu
jobmanager: sge
function: experiment-1c
parameters: /home/jas/src/stft2.0.1/main /home/jas/src/stft2.0.1/1-2006-05-12_2100.txt 16384 32 1024 16384 44100 0 12000 256 32000 37000
UNSUBMITTED: 1219488045404
PENDING: 1219488049016
ACTIVE: 1219488051079
getoutputtime: 1219488160291
DONE: 1219488157016 
Job is running.
Job is running.
Job is running.
Job is running.
Job is running.
Job is running.
Job is running.
Job is running.
Job is running.
Job is running.
Job 2546 has completed.
Writing job STDOUT and STDERR to cache files.
Time employed in compute-1-3.local: 94.36
Returning job success.

ERROR
