DONE 

server: komolongma.ece.uprm.edu
jobmanager: sge
function: experiment-1c
parameters: /home/jas/src/stft2.0.1/main /home/jas/src/stft2.0.1/1-2006-05-12_2100.txt 16384 32 1024 16384 44100 0 12000 256 32000 37000
UNSUBMITTED: 1219507245319
PENDING: 1219507249019
ACTIVE: 1219507251119
getoutputtime: 1219507374890
DONE: 1219507361060 
Job is running.
Job is running.
Job is running.
Job is running.
Job is running.
Job is running.
Job is running.
Job is running.
Job is running.
Job is running.
Job 2594 has completed.
Writing job STDOUT and STDERR to cache files.
Time employed in compute-1-16.local: 91.88
Returning job success.

ERROR
