DONE 

server: komolongma.ece.uprm.edu
jobmanager: sge
function: experiment-1c
parameters: /home/jas/src/stft2.0.1/main /home/jas/src/stft2.0.1/1-2006-05-12_2100.txt 16384 32 1024 16384 44100 0 12000 256 32000 37000
UNSUBMITTED: 1219477245375
PENDING: null
ACTIVE: 1219477249149
getoutputtime: 1219477373815
DONE: 1219477360070 
Job is running.
Job is running.
Job is running.
Job is running.
Job is running.
Job is running.
Job is running.
Job is running.
Job is running.
Job is running.
Job 2519 has completed.
Writing job STDOUT and STDERR to cache files.
Time employed in compute-2-46.local: 89.94
Returning job success.

ERROR
