DONE 

server: komolongma.ece.uprm.edu
jobmanager: sge
function: experiment-1c
parameters: /home/jas/src/stft2.0.1/main /home/jas/src/stft2.0.1/1-2006-05-12_2100.txt 16384 32 1024 16384 44100 0 12000 256 31000 36000
UNSUBMITTED: 1219521625624
PENDING: 1219521629066
ACTIVE: 1219521631069
getoutputtime: 1219521734204
DONE: 1219521731018 
Job is running.
Job is running.
Job is running.
Job is running.
Job is running.
Job is running.
Job is running.
Job is running.
Job is running.
Job 2629 has completed.
Writing job STDOUT and STDERR to cache files.
Time employed in compute-1-5.local: 83.71
Returning job success.

ERROR
