DONE 

server: komolongma.ece.uprm.edu
jobmanager: sge
function: experiment-1c
parameters: /home/jas/src/stft2.0.1/main /home/jas/src/stft2.0.1/1-2006-05-12_2100.txt 16384 32 1024 16384 44100 0 12000 256 31000 36000
UNSUBMITTED: 1219548024075
PENDING: null
ACTIVE: 1219548027021
getoutputtime: 1219548128860
DONE: 1219548125080 
Job is running.
Job is running.
Job is running.
Job is running.
Job is running.
Job is running.
Job is running.
Job is running.
Job is running.
Job 2696 has completed.
Writing job STDOUT and STDERR to cache files.
Time employed in compute-2-46.local: 78.57
Returning job success.

ERROR
