DONE 

server: komolongma.ece.uprm.edu
jobmanager: sge
function: experiment-1c
parameters: /home/jas/src/stft2.0.1/main /home/jas/src/stft2.0.1/1-2006-05-12_2100.txt 16384 32 1024 16384 44100 0 12000 256 30000 35000
UNSUBMITTED: 1219495204268
PENDING: 1219495207020
ACTIVE: 1219495209012
getoutputtime: 1219495330073
DONE: 1219495316022 
Job is running.
Job is running.
Job is running.
Job is running.
Job is running.
Job is running.
Job is running.
Job is running.
Job is running.
Job is running.
Job 2562 has completed.
Writing job STDOUT and STDERR to cache files.
Time employed in compute-3-59.local: 75.04
Returning job success.

ERROR
