DONE 

server: komolongma.ece.uprm.edu
jobmanager: sge
function: experiment-1c
parameters: /home/jas/src/stft2.0.1/main /home/jas/src/stft2.0.1/1-2006-05-12_2100.txt 16384 32 1024 16384 44100 0 12000 256 30000 35000
UNSUBMITTED: 1219467604001
PENDING: 1219467607022
ACTIVE: null
getoutputtime: 1219467720362
DONE: 1219467717022 
Job is still queued for execution.
Job is still queued for execution.
Job is still queued for execution.
Job is still queued for execution.
Job is still queued for execution.
Job is still queued for execution.
Job is still queued for execution.
Job is still queued for execution.
Job is still queued for execution.
Job is still queued for execution.
Job 2476 has completed.
Writing job STDOUT and STDERR to cache files.
Time employed in compute-3-60.local: 72.87
Returning job success.

ERROR
