DONE 

server: komolongma.ece.uprm.edu
jobmanager: sge
function: experiment-1c
parameters: /home/jas/src/stft2.0.1/main /home/jas/src/stft2.0.1/1-2006-05-12_2100.txt 16384 32 1024 16384 44100 0 12000 256 31000 36000
UNSUBMITTED: 1219519224975
PENDING: null
ACTIVE: 1219519228023
getoutputtime: 1219519340270
DONE: 1219519326071 
Job is running.
Job is running.
Job is running.
Job is running.
Job is running.
Job is running.
Job is running.
Job is running.
Job is running.
Job 2623 has completed.
Writing job STDOUT and STDERR to cache files.
Time employed in compute-2-44.local: 82.41
Returning job success.

ERROR
