DONE 

server: komolongma.ece.uprm.edu
jobmanager: sge
function: experiment-1c
parameters: /home/jas/src/stft2.0.1/main /home/jas/src/stft2.0.1/1-2006-05-12_2100.txt 16384 32 1024 16384 44100 0 12000 256 31000 36000
UNSUBMITTED: 1219486824332
PENDING: 1219486827014
ACTIVE: 1219486829022
getoutputtime: 1219486962941
DONE: 1219486949122 
Job is running.
Job is running.
Job is running.
Job is running.
Job is running.
Job is running.
Job is running.
Job is running.
Job is running.
Job is running.
Job is running.
Job 2542 has completed.
Writing job STDOUT and STDERR to cache files.
Time employed in compute-1-22.local: 87.3
Returning job success.

ERROR
