DONE 

server: komolongma.ece.uprm.edu
jobmanager: sge
function: experiment-1c
parameters: /home/jas/src/stft2.0.1/main /home/jas/src/stft2.0.1/1-2006-05-12_2100.txt 16384 32 1024 16384 44100 0 12000 256 32000 37000
UNSUBMITTED: 1219545644794
PENDING: 1219545648014
ACTIVE: 1219545650067
getoutputtime: 1219545770388
DONE: 1219545756072 
Job is running.
Job is running.
Job is running.
Job is running.
Job is running.
Job is running.
Job is running.
Job is running.
Job is running.
Job is running.
Job 2690 has completed.
Writing job STDOUT and STDERR to cache files.
Time employed in compute-2-43.local: 86.6
Returning job success.

ERROR
