DONE 

server: komolongma.ece.uprm.edu
jobmanager: sge
function: experiment-1c
parameters: /home/jas/src/stft2.0.1/main /home/jas/src/stft2.0.1/1-2006-05-12_2100.txt 16384 32 1024 16384 44100 0 12000 256 32000 37000
UNSUBMITTED: 1219546844745
PENDING: 1219546848012
ACTIVE: 1219546850065
getoutputtime: 1219546960948
DONE: 1219546958012 
Job is running.
Job is running.
Job is running.
Job is running.
Job is running.
Job is running.
Job is running.
Job is running.
Job is running.
Job is running.
Job 2693 has completed.
Writing job STDOUT and STDERR to cache files.
Time employed in compute-1-4.local: 87.6
Returning job success.

ERROR
