DONE 

server: komolongma.ece.uprm.edu
jobmanager: sge
function: experiment-1c
parameters: /home/jas/src/stft2.0.1/main /home/jas/src/stft2.0.1/1-2006-05-12_2100.txt 16384 32 1024 16384 44100 0 12000 256 32000 37000
UNSUBMITTED: 1219520445388
PENDING: null
ACTIVE: 1219520449085
getoutputtime: 1219520559960
DONE: 1219520557067 
Job is running.
Job is running.
Job is running.
Job is running.
Job is running.
Job is running.
Job is running.
Job is running.
Job is running.
Job is running.
Job 2627 has completed.
Writing job STDOUT and STDERR to cache files.
Time employed in compute-1-11.local: 94.68
Returning job success.

ERROR
