DONE 

server: komolongma.ece.uprm.edu
jobmanager: sge
function: experiment-1c
parameters: /home/jas/src/stft2.0.1/main /home/jas/src/stft2.0.1/1-2006-05-12_2100.txt 16384 32 1024 16384 44100 0 12000 256 32000 37000
UNSUBMITTED: 1219501244771
PENDING: 1219501248022
ACTIVE: 1219501250085
getoutputtime: 1219501371874
DONE: 1219501358087 
Job is running.
Job is running.
Job is running.
Job is running.
Job is running.
Job is running.
Job is running.
Job is running.
Job is running.
Job is running.
Job 2579 has completed.
Writing job STDOUT and STDERR to cache files.
Time employed in compute-1-13.local: 93.13
Returning job success.

ERROR
