DONE 

server: komolongma.ece.uprm.edu
jobmanager: sge
function: experiment-1c
parameters: /home/jas/src/stft2.0.1/main /home/jas/src/stft2.0.1/1-2006-05-12_2100.txt 16384 32 1024 16384 44100 0 12000 256 32000 37000
UNSUBMITTED: 1219465245389
PENDING: null
ACTIVE: 1219465249085
getoutputtime: 1219465362324
DONE: 1219465359017 
Job is running.
Job is running.
Job is running.
Job is running.
Job is running.
Job is running.
Job is running.
Job is running.
Job is running.
Job is running.
Job 2466 has completed.
Writing job STDOUT and STDERR to cache files.
Time employed in compute-2-31.local: 88.74
Returning job success.

ERROR
