DONE 

server: komolongma.ece.uprm.edu
jobmanager: sge
function: experiment-1c
parameters: /home/jas/src/stft2.0.1/main /home/jas/src/stft2.0.1/1-2006-05-12_2100.txt 16384 32 1024 16384 44100 0 12000 256 30000 35000
UNSUBMITTED: 1219478403792
PENDING: null
ACTIVE: 1219478407013
getoutputtime: 1219478530082
DONE: 1219478515050 
Job is running.
Job is running.
Job is running.
Job is running.
Job is running.
Job is running.
Job is running.
Job is running.
Job is running.
Job is running.
Job 2520 has completed.
Writing job STDOUT and STDERR to cache files.
Time employed in compute-1-13.local: 81.65
Returning job success.

ERROR
