DONE 

server: komolongma.ece.uprm.edu
jobmanager: sge
function: experiment-1c
parameters: /home/jas/src/stft2.0.1/main /home/jas/src/stft2.0.1/1-2006-05-12_2100.txt 16384 32 1024 16384 44100 0 12000 256 31000 36000
UNSUBMITTED: 1219472426295
PENDING: null
ACTIVE: 1219472430014
getoutputtime: 1219472557403
DONE: 1219472542015 
Job is running.
Job is running.
Job is running.
Job is running.
Job is running.
Job is running.
Job is running.
Job is running.
Job is running.
Job is running.
Job 2506 has completed.
Writing job STDOUT and STDERR to cache files.
Time employed in compute-1-27.local: 95.54
Returning job success.

ERROR
