DONE 

server: komolongma.ece.uprm.edu
jobmanager: sge
function: experiment-1c
parameters: /home/jas/src/stft2.0.1/main /home/jas/src/stft2.0.1/1-2006-05-12_2100.txt 16384 32 1024 16384 44100 0 12000 256 32000 37000
UNSUBMITTED: 1219503645276
PENDING: 1219503648015
ACTIVE: 1219503650072
getoutputtime: 1219503749130
DONE: 1219503746018 
Job is running.
Job is running.
Job is running.
Job is running.
Job is running.
Job is running.
Job is running.
Job is running.
Job is running.
Job 2585 has completed.
Writing job STDOUT and STDERR to cache files.
Time employed in compute-2-42.local: 83.52
Returning job success.

ERROR
