DONE 

server: komolongma.ece.uprm.edu
jobmanager: sge
function: experiment-1c
parameters: /home/jas/src/stft2.0.1/main /home/jas/src/stft2.0.1/1-2006-05-12_2100.txt 16384 32 1024 16384 44100 0 12000 256 30000 35000
UNSUBMITTED: 1219470004110
PENDING: 1219470007019
ACTIVE: null
getoutputtime: 1219470132527
DONE: 1219470117012 
Job is still queued for execution.
Job is still queued for execution.
Job is still queued for execution.
Job is still queued for execution.
Job is still queued for execution.
Job is still queued for execution.
Job is still queued for execution.
Job is still queued for execution.
Job is still queued for execution.
Job is still queued for execution.
Job 2498 has completed.
Writing job STDOUT and STDERR to cache files.
Time employed in compute-2-33.local: 75.23
Returning job success.

ERROR
