DONE 

server: komolongma.ece.uprm.edu
jobmanager: sge
function: experiment-1c
parameters: /home/jas/src/stft2.0.1/main /home/jas/src/stft2.0.1/1-2006-05-12_2100.txt 16384 32 1024 16384 44100 0 12000 256 30000 35000
UNSUBMITTED: 1219526404409
PENDING: 1219526407013
ACTIVE: 1219526409016
getoutputtime: 1219526529235
DONE: 1219526515128 
Job is running.
Job is running.
Job is running.
Job is running.
Job is running.
Job is running.
Job is running.
Job is running.
Job is running.
Job is running.
Job 2640 has completed.
Writing job STDOUT and STDERR to cache files.
Time employed in compute-2-41.local: 74.82
Returning job success.

ERROR
