DONE 

server: komolongma.ece.uprm.edu
jobmanager: sge
function: experiment-1c
parameters: /home/jas/src/stft2.0.1/main /home/jas/src/stft2.0.1/1-2006-05-12_2100.txt 16384 32 1024 16384 44100 0 12000 256 32000 37000
UNSUBMITTED: 1219548045303
PENDING: null
ACTIVE: 1219548049095
getoutputtime: 1219548172805
DONE: 1219548159059 
Job is running.
Job is running.
Job is running.
Job is running.
Job is running.
Job is running.
Job is running.
Job is running.
Job is running.
Job is running.
Job 2697 has completed.
Writing job STDOUT and STDERR to cache files.
Time employed in compute-1-13.local: 90.94
Returning job success.

ERROR
