DONE 

server: komolongma.ece.uprm.edu
jobmanager: sge
function: experiment-1c
parameters: /home/jas/src/stft2.0.1/main /home/jas/src/stft2.0.1/1-2006-05-12_2100.txt 16384 32 1024 16384 44100 0 12000 256 31000 36000
UNSUBMITTED: 1219485624614
PENDING: null
ACTIVE: 1219485628012
getoutputtime: 1219485729710
DONE: 1219485726075 
Job is running.
Job is running.
Job is running.
Job is running.
Job is running.
Job is running.
Job is running.
Job is running.
Job is running.
Job 2539 has completed.
Writing job STDOUT and STDERR to cache files.
Time employed in compute-3-57.local: 85.56
Returning job success.

ERROR
