DONE 

server: komolongma.ece.uprm.edu
jobmanager: sge
function: experiment-1c
parameters: /home/jas/src/stft2.0.1/main /home/jas/src/stft2.0.1/1-2006-05-12_2100.txt 16384 32 1024 16384 44100 0 12000 256 31000 36000
UNSUBMITTED: 1219544424835
PENDING: 1219544428066
ACTIVE: 1219544430015
getoutputtime: 1219544563498
DONE: 1219544548022 
Job is running.
Job is running.
Job is running.
Job is running.
Job is running.
Job is running.
Job is running.
Job is running.
Job is running.
Job is running.
Job is running.
Job 2686 has completed.
Writing job STDOUT and STDERR to cache files.
Time employed in compute-1-11.local: 87.27
Returning job success.

ERROR
