DONE 

server: komolongma.ece.uprm.edu
jobmanager: sge
function: experiment-1c
parameters: /home/jas/src/stft2.0.1/main /home/jas/src/stft2.0.1/1-2006-05-12_2100.txt 16384 32 1024 16384 44100 0 12000 256 31000 36000
UNSUBMITTED: 1219502423996
PENDING: 1219502427016
ACTIVE: 1219502429013
getoutputtime: 1219502540859
DONE: 1219502527014 
Job is running.
Job is running.
Job is running.
Job is running.
Job is running.
Job is running.
Job is running.
Job is running.
Job is running.
Job 2581 has completed.
Writing job STDOUT and STDERR to cache files.
Time employed in compute-2-41.local: 84.03
Returning job success.

ERROR
