DONE 

server: komolongma.ece.uprm.edu
jobmanager: sge
function: experiment-1c
parameters: /home/jas/src/stft2.0.1/main /home/jas/src/stft2.0.1/1-2006-05-12_2100.txt 16384 32 1024 16384 44100 0 12000 256 31000 36000
UNSUBMITTED: 1219512024609
PENDING: null
ACTIVE: 1219512028020
getoutputtime: 1219512143652
DONE: 1219512129023 
Job is running.
Job is running.
Job is running.
Job is running.
Job is running.
Job is running.
Job is running.
Job is running.
Job is running.
Job 2605 has completed.
Writing job STDOUT and STDERR to cache files.
Time employed in compute-2-54.local: 79.4
Returning job success.

ERROR
