DONE 

server: komolongma.ece.uprm.edu
jobmanager: sge
function: experiment-1c
parameters: /home/jas/src/stft2.0.1/main /home/jas/src/stft2.0.1/1-2006-05-12_2100.txt 16384 32 1024 16384 44100 0 12000 256 30000 35000
UNSUBMITTED: 1219510804272
PENDING: 1219510807013
ACTIVE: 1219510809020
getoutputtime: 1219510931510
DONE: 1219510917022 
Job is running.
Job is running.
Job is running.
Job is running.
Job is running.
Job is running.
Job is running.
Job is running.
Job is running.
Job is running.
Job 2601 has completed.
Writing job STDOUT and STDERR to cache files.
Time employed in compute-2-31.local: 73.74
Returning job success.

ERROR
