DONE 

server: komolongma.ece.uprm.edu
jobmanager: sge
function: experiment-1c
parameters: /home/jas/src/stft2.0.1/main /home/jas/src/stft2.0.1/1-2006-05-12_2100.txt 16384 32 1024 16384 44100 0 12000 256 32000 37000
UNSUBMITTED: 1219539644943
PENDING: 1219539648021
ACTIVE: 1219539650020
getoutputtime: 1219539749400
DONE: 1219539746018 
Job is running.
Job is running.
Job is running.
Job is running.
Job is running.
Job is running.
Job is running.
Job is running.
Job is running.
Job 2675 has completed.
Writing job STDOUT and STDERR to cache files.
Time employed in compute-2-37.local: 85.68
Returning job success.

ERROR
