DONE 

server: komolongma.ece.uprm.edu
jobmanager: sge
function: experiment-1c
parameters: /home/jas/src/stft2.0.1/main /home/jas/src/stft2.0.1/1-2006-05-12_2100.txt 16384 32 1024 16384 44100 0 12000 256 31000 36000
UNSUBMITTED: 1219474824237
PENDING: 1219474827021
ACTIVE: 1219474829011
getoutputtime: 1219474939863
DONE: 1219474926069 
Job is running.
Job is running.
Job is running.
Job is running.
Job is running.
Job is running.
Job is running.
Job is running.
Job is running.
Job 2512 has completed.
Writing job STDOUT and STDERR to cache files.
Time employed in compute-2-34.local: 82.83
Returning job success.

ERROR
