DONE 

server: komolongma.ece.uprm.edu
jobmanager: sge
function: experiment-1c
parameters: /home/jas/src/stft2.0.1/main /home/jas/src/stft2.0.1/1-2006-05-12_2100.txt 16384 32 1024 16384 44100 0 12000 256 31000 36000
UNSUBMITTED: 1219480824077
PENDING: 1219480827017
ACTIVE: 1219480829019
getoutputtime: 1219480940995
DONE: 1219480927018 
Job is running.
Job is running.
Job is running.
Job is running.
Job is running.
Job is running.
Job is running.
Job is running.
Job is running.
Job 2527 has completed.
Writing job STDOUT and STDERR to cache files.
Time employed in compute-2-51.local: 79.44
Returning job success.

ERROR
