DONE 

server: komolongma.ece.uprm.edu
jobmanager: sge
function: experiment-1c
parameters: /home/jas/src/stft2.0.1/main /home/jas/src/stft2.0.1/1-2006-05-12_2100.txt 16384 32 1024 16384 44100 0 12000 256 30000 35000
UNSUBMITTED: 1219479604285
PENDING: 1219479607017
ACTIVE: 1219479609015
getoutputtime: 1219479730529
DONE: 1219479716068 
Job is running.
Job is running.
Job is running.
Job is running.
Job is running.
Job is running.
Job is running.
Job is running.
Job is running.
Job is running.
Job 2523 has completed.
Writing job STDOUT and STDERR to cache files.
Time employed in compute-2-35.local: 81.41
Returning job success.

ERROR
