DONE 

server: komolongma.ece.uprm.edu
jobmanager: sge
function: experiment-1c
parameters: /home/jas/src/stft2.0.1/main /home/jas/src/stft2.0.1/1-2006-05-12_2100.txt 16384 32 1024 16384 44100 0 12000 256 31000 36000
UNSUBMITTED: 1219509624904
PENDING: null
ACTIVE: 1219509628015
getoutputtime: 1219509729194
DONE: 1219509726050 
Job is running.
Job is running.
Job is running.
Job is running.
Job is running.
Job is running.
Job is running.
Job is running.
Job is running.
Job 2599 has completed.
Writing job STDOUT and STDERR to cache files.
Time employed in compute-1-9.local: 81.69
Returning job success.

ERROR
