DONE 

server: komolongma.ece.uprm.edu
jobmanager: sge
function: experiment-1c
parameters: /home/jas/src/stft2.0.1/main /home/jas/src/stft2.0.1/1-2006-05-12_2100.txt 16384 32 1024 16384 44100 0 12000 256 30000 35000
UNSUBMITTED: 1219466404541
PENDING: 1219466407012
ACTIVE: 1219466409035
getoutputtime: 1219466519407
DONE: 1219466515068 
Job is running.
Job is running.
Job is running.
Job is running.
Job is running.
Job is running.
Job is running.
Job is running.
Job is running.
Job is running.
Job 2468 has completed.
Writing job STDOUT and STDERR to cache files.
Time employed in compute-1-10.local: 80.73
Returning job success.

ERROR
