DONE 

server: komolongma.ece.uprm.edu
jobmanager: sge
function: experiment-1c
parameters: /home/jas/src/stft2.0.1/main /home/jas/src/stft2.0.1/1-2006-05-12_2100.txt 16384 32 1024 16384 44100 0 12000 256 32000 37000
UNSUBMITTED: 1219518044485
PENDING: 1219518048019
ACTIVE: 1219518050022
getoutputtime: 1219518172532
DONE: 1219518158070 
Job is running.
Job is running.
Job is running.
Job is running.
Job is running.
Job is running.
Job is running.
Job is running.
Job is running.
Job is running.
Job 2621 has completed.
Writing job STDOUT and STDERR to cache files.
Time employed in compute-1-27.local: 86.77
Returning job success.

ERROR
