DONE 

server: komolongma.ece.uprm.edu
jobmanager: sge
function: experiment-1c
parameters: /home/jas/src/stft2.0.1/main /home/jas/src/stft2.0.1/1-2006-05-12_2100.txt 16384 32 1024 16384 44100 0 12000 256 31000 36000
UNSUBMITTED: 1219477224167
PENDING: null
ACTIVE: 1219477227017
getoutputtime: 1219477328412
DONE: 1219477325070 
Job is running.
Job is running.
Job is running.
Job is running.
Job is running.
Job is running.
Job is running.
Job is running.
Job is running.
Job 2518 has completed.
Writing job STDOUT and STDERR to cache files.
Time employed in compute-2-32.local: 84.98
Returning job success.

ERROR
