DONE 

server: komolongma.ece.uprm.edu
jobmanager: sge
function: experiment-1c
parameters: /home/jas/src/stft2.0.1/main /home/jas/src/stft2.0.1/1-2006-05-12_2100.txt 16384 32 1024 16384 44100 0 12000 256 31000 36000
UNSUBMITTED: 1219504824074
PENDING: 1219504827013
ACTIVE: 1219504829018
getoutputtime: 1219504941568
DONE: 1219504927064 
Job is running.
Job is running.
Job is running.
Job is running.
Job is running.
Job is running.
Job is running.
Job is running.
Job is running.
Job 2587 has completed.
Writing job STDOUT and STDERR to cache files.
Time employed in compute-2-53.local: 80.72
Returning job success.

ERROR
