DONE 

server: komolongma.ece.uprm.edu
jobmanager: sge
function: experiment-1c
parameters: /home/jas/src/stft2.0.1/main /home/jas/src/stft2.0.1/1-2006-05-12_2100.txt 16384 32 1024 16384 44100 0 12000 256 30000 35000
UNSUBMITTED: 1219507203772
PENDING: null
ACTIVE: 1219507207015
getoutputtime: 1219507330426
DONE: 1219507316076 
Job is running.
Job is running.
Job is running.
Job is running.
Job is running.
Job is running.
Job is running.
Job is running.
Job is running.
Job is running.
Job 2592 has completed.
Writing job STDOUT and STDERR to cache files.
Time employed in compute-2-39.local: 74.72
Returning job success.

ERROR
