DONE 

server: komolongma.ece.uprm.edu
jobmanager: sge
function: experiment-1c
parameters: /home/jas/src/stft2.0.1/main /home/jas/src/stft2.0.1/1-2006-05-12_2100.txt 16384 32 1024 16384 44100 0 12000 256 30000 35000
UNSUBMITTED: 1219472404628
PENDING: 1219472408016
ACTIVE: 1219472410016
getoutputtime: 1219472535546
DONE: 1219472520022 
Job is running.
Job is running.
Job is running.
Job is running.
Job is running.
Job is running.
Job is running.
Job is running.
Job is running.
Job is running.
Job 2505 has completed.
Writing job STDOUT and STDERR to cache files.
Time employed in compute-2-44.local: 71.69
Returning job success.

ERROR
