DONE 

server: komolongma.ece.uprm.edu
jobmanager: sge
function: experiment-1c
parameters: /home/jas/src/stft2.0.1/main /home/jas/src/stft2.0.1/1-2006-05-12_2100.txt 16384 32 1024 16384 44100 0 12000 256 32000 37000
UNSUBMITTED: 1219495244754
PENDING: 1219495248072
ACTIVE: 1219495250024
getoutputtime: 1219495361081
DONE: 1219495358120 
Job is running.
Job is running.
Job is running.
Job is running.
Job is running.
Job is running.
Job is running.
Job is running.
Job is running.
Job is running.
Job 2564 has completed.
Writing job STDOUT and STDERR to cache files.
Time employed in compute-1-27.local: 91.71
Returning job success.

ERROR
