DONE 

server: komolongma.ece.uprm.edu
jobmanager: sge
function: experiment-1c
parameters: /home/jas/src/stft2.0.1/main /home/jas/src/stft2.0.1/1-2006-05-12_2100.txt 16384 32 1024 16384 44100 0 12000 256 32000 37000
UNSUBMITTED: 1219466444513
PENDING: 1219466448020
ACTIVE: 1219466450108
getoutputtime: 1219466560274
DONE: 1219466546070 
Job is running.
Job is running.
Job is running.
Job is running.
Job is running.
Job is running.
Job is running.
Job is running.
Job is running.
Job 2470 has completed.
Writing job STDOUT and STDERR to cache files.
Time employed in compute-2-28.local: 81.68
Returning job success.

ERROR
