DONE 

server: komolongma.ece.uprm.edu
jobmanager: sge
function: experiment-1c
parameters: /home/jas/src/stft2.0.1/main /home/jas/src/stft2.0.1/1-2006-05-12_2100.txt 16384 32 1024 16384 44100 0 12000 256 31000 36000
UNSUBMITTED: 1219471224384
PENDING: 1219471227016
ACTIVE: null
getoutputtime: 1219471341460
DONE: 1219471327018 
Job is still queued for execution.
Job is still queued for execution.
Job is still queued for execution.
Job is still queued for execution.
Job is still queued for execution.
Job is still queued for execution.
Job is still queued for execution.
Job is still queued for execution.
Job is still queued for execution.
Job 2502 has completed.
Writing job STDOUT and STDERR to cache files.
Time employed in compute-3-60.local: 79.25
Returning job success.

ERROR
