DONE 

server: komolongma.ece.uprm.edu
jobmanager: sge
function: experiment-1c
parameters: /home/jas/src/stft2.0.1/main /home/jas/src/stft2.0.1/1-2006-05-12_2100.txt 16384 32 1024 16384 44100 0 12000 256 31000 36000
UNSUBMITTED: 1219545624751
PENDING: null
ACTIVE: 1219545628012
getoutputtime: 1219545729349
DONE: 1219545726128 
Job is running.
Job is running.
Job is running.
Job is running.
Job is running.
Job is running.
Job is running.
Job is running.
Job is running.
Job 2689 has completed.
Writing job STDOUT and STDERR to cache files.
Time employed in compute-2-34.local: 80.4
Returning job success.

ERROR
