DONE 

server: komolongma.ece.uprm.edu
jobmanager: sge
function: experiment-1c
parameters: /home/jas/src/stft2.0.1/main /home/jas/src/stft2.0.1/1-2006-05-12_2100.txt 16384 32 1024 16384 44100 0 12000 256 32000 37000
UNSUBMITTED: 1219525245620
PENDING: 1219525249017
ACTIVE: 1219525251117
getoutputtime: 1219525372962
DONE: 1219525359208 
Job is running.
Job is running.
Job is running.
Job is running.
Job is running.
Job is running.
Job is running.
Job is running.
Job is running.
Job is running.
Job 2639 has completed.
Writing job STDOUT and STDERR to cache files.
Time employed in compute-1-8.local: 94.83
Returning job success.

ERROR
