DONE 

server: komolongma.ece.uprm.edu
jobmanager: sge
function: experiment-1c
parameters: /home/jas/src/stft2.0.1/main /home/jas/src/stft2.0.1/1-2006-05-12_2100.txt 16384 32 1024 16384 44100 0 12000 256 31000 36000
UNSUBMITTED: 1219466424663
PENDING: null
ACTIVE: 1219466428019
getoutputtime: 1219466551850
DONE: 1219466548012 
Job is running.
Job is running.
Job is running.
Job is running.
Job is running.
Job is running.
Job is running.
Job is running.
Job is running.
Job is running.
Job is running.
Job 2469 has completed.
Writing job STDOUT and STDERR to cache files.
Time employed in compute-1-2.local: 88.14
Returning job success.

ERROR
