DONE 

server: komolongma.ece.uprm.edu
jobmanager: sge
function: experiment-1c
parameters: /home/jas/src/stft2.0.1/main /home/jas/src/stft2.0.1/1-2006-05-12_2100.txt 16384 32 1024 16384 44100 0 12000 256 32000 37000
UNSUBMITTED: 1219479645136
PENDING: null
ACTIVE: 1219479649022
getoutputtime: 1219479771970
DONE: 1219479758060 
Job is running.
Job is running.
Job is running.
Job is running.
Job is running.
Job is running.
Job is running.
Job is running.
Job is running.
Job is running.
Job 2525 has completed.
Writing job STDOUT and STDERR to cache files.
Time employed in compute-1-25.local: 86.99
Returning job success.

ERROR
