DONE 

server: komolongma.ece.uprm.edu
jobmanager: sge
function: experiment-1c
parameters: /home/jas/src/stft2.0.1/main /home/jas/src/stft2.0.1/1-2006-05-12_2100.txt 16384 32 1024 16384 44100 0 12000 256 30000 35000
UNSUBMITTED: 1219514404238
PENDING: 1219514407017
ACTIVE: 1219514409014
getoutputtime: 1219514530880
DONE: 1219514516016 
Job is running.
Job is running.
Job is running.
Job is running.
Job is running.
Job is running.
Job is running.
Job is running.
Job is running.
Job is running.
Job 2610 has completed.
Writing job STDOUT and STDERR to cache files.
Time employed in compute-2-48.local: 76.6
Returning job success.

ERROR
