DONE 

server: komolongma.ece.uprm.edu
jobmanager: sge
function: experiment-1c
parameters: /home/jas/src/stft2.0.1/main /home/jas/src/stft2.0.1/1-2006-05-12_2100.txt 16384 32 1024 16384 44100 0 12000 256 32000 37000
UNSUBMITTED: 1219504845272
PENDING: 1219504848069
ACTIVE: 1219504850078
getoutputtime: 1219504949132
DONE: 1219504946022 
Job is running.
Job is running.
Job is running.
Job is running.
Job is running.
Job is running.
Job is running.
Job is running.
Job is running.
Job 2588 has completed.
Writing job STDOUT and STDERR to cache files.
Time employed in compute-2-40.local: 80.71
Returning job success.

ERROR
