DONE 

server: komolongma.ece.uprm.edu
jobmanager: sge
function: experiment-1c
parameters: /home/jas/src/stft2.0.1/main /home/jas/src/stft2.0.1/1-2006-05-12_2100.txt 16384 32 1024 16384 44100 0 12000 256 30000 35000
UNSUBMITTED: 1219520404423
PENDING: 1219520407020
ACTIVE: 1219520409023
getoutputtime: 1219520518386
DONE: 1219520515062 
Job is running.
Job is running.
Job is running.
Job is running.
Job is running.
Job is running.
Job is running.
Job is running.
Job is running.
Job is running.
Job 2625 has completed.
Writing job STDOUT and STDERR to cache files.
Time employed in compute-1-2.local: 83.66
Returning job success.

ERROR
