DONE 

server: komolongma.ece.uprm.edu
jobmanager: sge
function: experiment-1c
parameters: /home/jas/src/stft2.0.1/main /home/jas/src/stft2.0.1/1-2006-05-12_2100.txt 16384 32 1024 16384 44100 0 12000 256 32000 37000
UNSUBMITTED: 1219496444875
PENDING: null
ACTIVE: 1219496449014
getoutputtime: 1219496560231
DONE: 1219496557069 
Job is running.
Job is running.
Job is running.
Job is running.
Job is running.
Job is running.
Job is running.
Job is running.
Job is running.
Job is running.
Job 2567 has completed.
Writing job STDOUT and STDERR to cache files.
Time employed in compute-1-12.local: 92.78
Returning job success.

ERROR
