DONE 

server: komolongma.ece.uprm.edu
jobmanager: sge
function: experiment-1c
parameters: /home/jas/src/stft2.0.1/main /home/jas/src/stft2.0.1/1-2006-05-12_2100.txt 16384 32 1024 16384 44100 0 12000 256 30000 35000
UNSUBMITTED: 1219504804398
PENDING: 1219504807021
ACTIVE: 1219504809022
getoutputtime: 1219504929411
DONE: 1219504915127 
Job is running.
Job is running.
Job is running.
Job is running.
Job is running.
Job is running.
Job is running.
Job is running.
Job is running.
Job is running.
Job 2586 has completed.
Writing job STDOUT and STDERR to cache files.
Time employed in compute-2-51.local: 72.97
Returning job success.

ERROR
