DONE 

server: komolongma.ece.uprm.edu
jobmanager: sge
function: experiment-1c
parameters: /home/jas/src/stft2.0.1/main /home/jas/src/stft2.0.1/1-2006-05-12_2100.txt 16384 32 1024 16384 44100 0 12000 256 31000 36000
UNSUBMITTED: 1219524025206
PENDING: 1219524028074
ACTIVE: 1219524030070
getoutputtime: 1219524140009
DONE: 1219524126018 
Job is running.
Job is running.
Job is running.
Job is running.
Job is running.
Job is running.
Job is running.
Job is running.
Job is running.
Job 2635 has completed.
Writing job STDOUT and STDERR to cache files.
Time employed in compute-1-4.local: 82.01
Returning job success.

ERROR
