DONE 

server: komolongma.ece.uprm.edu
jobmanager: sge
function: experiment-1c
parameters: /home/jas/src/stft2.0.1/main /home/jas/src/stft2.0.1/1-2006-05-12_2100.txt 16384 32 1024 16384 44100 0 12000 256 32000 37000
UNSUBMITTED: 1219485644960
PENDING: 1219485648017
ACTIVE: 1219485650067
getoutputtime: 1219485760856
DONE: 1219485758069 
Job is running.
Job is running.
Job is running.
Job is running.
Job is running.
Job is running.
Job is running.
Job is running.
Job is running.
Job is running.
Job 2540 has completed.
Writing job STDOUT and STDERR to cache files.
Time employed in compute-1-1.local: 88.18
Returning job success.

ERROR
