DONE 

server: komolongma.ece.uprm.edu
jobmanager: sge
function: experiment-1c
parameters: /home/jas/src/stft2.0.1/main /home/jas/src/stft2.0.1/1-2006-05-12_2100.txt 16384 32 1024 16384 44100 0 12000 256 31000 36000
UNSUBMITTED: 1219503624424
PENDING: 1219503627018
ACTIVE: 1219503629020
getoutputtime: 1219503741067
DONE: 1219503727011 
Job is running.
Job is running.
Job is running.
Job is running.
Job is running.
Job is running.
Job is running.
Job is running.
Job is running.
Job 2584 has completed.
Writing job STDOUT and STDERR to cache files.
Time employed in compute-1-25.local: 81.15
Returning job success.

ERROR
