DONE 

server: komolongma.ece.uprm.edu
jobmanager: sge
function: experiment-1c
parameters: /home/jas/src/stft2.0.1/main /home/jas/src/stft2.0.1/1-2006-05-12_2100.txt 16384 32 1024 16384 44100 0 12000 256 30000 35000
UNSUBMITTED: 1219528804258
PENDING: 1219528807014
ACTIVE: 1219528809021
getoutputtime: 1219528920087
DONE: 1219528917067 
Job is running.
Job is running.
Job is running.
Job is running.
Job is running.
Job is running.
Job is running.
Job is running.
Job is running.
Job is running.
Job 2646 has completed.
Writing job STDOUT and STDERR to cache files.
Time employed in compute-2-53.local: 72.65
Returning job success.

ERROR
