DONE 

server: komolongma.ece.uprm.edu
jobmanager: sge
function: experiment-1c
parameters: /home/jas/src/stft2.0.1/main /home/jas/src/stft2.0.1/1-2006-05-12_2100.txt 16384 32 1024 16384 44100 0 12000 256 30000 35000
UNSUBMITTED: 1219536003787
PENDING: null
ACTIVE: 1219536007035
getoutputtime: 1219536119953
DONE: 1219536117013 
Job is running.
Job is running.
Job is running.
Job is running.
Job is running.
Job is running.
Job is running.
Job is running.
Job is running.
Job is running.
Job 2664 has completed.
Writing job STDOUT and STDERR to cache files.
Time employed in compute-2-54.local: 76.41
Returning job success.

ERROR
