DONE 

server: komolongma.ece.uprm.edu
jobmanager: sge
function: experiment-1c
parameters: /home/jas/src/stft2.0.1/main /home/jas/src/stft2.0.1/1-2006-05-12_2100.txt 16384 32 1024 16384 44100 0 12000 256 32000 37000
UNSUBMITTED: 1219528844930
PENDING: 1219528848012
ACTIVE: 1219528850022
getoutputtime: 1219528948079
DONE: 1219528945131 
Job is running.
Job is running.
Job is running.
Job is running.
Job is running.
Job is running.
Job is running.
Job is running.
Job is running.
Job 2648 has completed.
Writing job STDOUT and STDERR to cache files.
Time employed in compute-1-17.local: 81.01
Returning job success.

ERROR
