DONE 

server: komolongma.ece.uprm.edu
jobmanager: sge
function: experiment-1c
parameters: /home/jas/src/stft2.0.1/main /home/jas/src/stft2.0.1/1-2006-05-12_2100.txt 16384 32 1024 16384 44100 0 12000 256 32000 37000
UNSUBMITTED: 1219508445197
PENDING: 1219508449016
ACTIVE: 1219508451013
getoutputtime: 1219508551952
DONE: 1219508549013 
Job is running.
Job is running.
Job is running.
Job is running.
Job is running.
Job is running.
Job is running.
Job is running.
Job is running.
Job 2597 has completed.
Writing job STDOUT and STDERR to cache files.
Time employed in compute-1-1.local: 82.57
Returning job success.

ERROR
