DONE 

server: komolongma.ece.uprm.edu
jobmanager: sge
function: experiment-1c
parameters: /home/jas/src/stft2.0.1/main /home/jas/src/stft2.0.1/1-2006-05-12_2100.txt 16384 32 1024 16384 44100 0 12000 256 32000 37000
UNSUBMITTED: 1219482045430
PENDING: null
ACTIVE: 1219482049094
getoutputtime: 1219482149988
DONE: 1219482147067 
Job is running.
Job is running.
Job is running.
Job is running.
Job is running.
Job is running.
Job is running.
Job is running.
Job is running.
Job 2531 has completed.
Writing job STDOUT and STDERR to cache files.
Time employed in compute-2-50.local: 85.35
Returning job success.

ERROR
