DONE 

server: komolongma.ece.uprm.edu
jobmanager: sge
function: experiment-1c
parameters: /home/jas/src/stft2.0.1/main /home/jas/src/stft2.0.1/1-2006-05-12_2100.txt 16384 32 1024 16384 44100 0 12000 256 31000 36000
UNSUBMITTED: 1219532424141
PENDING: 1219532427021
ACTIVE: 1219532429033
getoutputtime: 1219532538926
DONE: 1219532525015 
Job is running.
Job is running.
Job is running.
Job is running.
Job is running.
Job is running.
Job is running.
Job is running.
Job is running.
Job 2656 has completed.
Writing job STDOUT and STDERR to cache files.
Time employed in compute-2-50.local: 79.93
Returning job success.

ERROR
