DONE 

server: komolongma.ece.uprm.edu
jobmanager: sge
function: experiment-1c
parameters: /home/jas/src/stft2.0.1/main /home/jas/src/stft2.0.1/1-2006-05-12_2100.txt 16384 32 1024 16384 44100 0 12000 256 31000 36000
UNSUBMITTED: 1219507224442
PENDING: 1219507227014
ACTIVE: 1219507229015
getoutputtime: 1219507341730
DONE: 1219507327071 
Job is running.
Job is running.
Job is running.
Job is running.
Job is running.
Job is running.
Job is running.
Job is running.
Job is running.
Job 2593 has completed.
Writing job STDOUT and STDERR to cache files.
Time employed in compute-1-23.local: 76.7
Returning job success.

ERROR
