DONE 

server: komolongma.ece.uprm.edu
jobmanager: sge
function: experiment-1c
parameters: /home/jas/src/stft2.0.1/main /home/jas/src/stft2.0.1/1-2006-05-12_2100.txt 16384 32 1024 16384 44100 0 12000 256 30000 35000
UNSUBMITTED: 1219197604482
PENDING: 1219197607015
ACTIVE: 1219197609023
getoutputtime: 1219197718066
DONE: 1219197715015 
Job is running.
Job is running.
Job is running.
Job is running.
Job is running.
Job is running.
Job is running.
Job is running.
Job is running.
Job is running.
Job 1705 has completed.
Writing job STDOUT and STDERR to cache files.
Time employed in compute-2-48.local: 73.93
Returning job success.

ERROR
