DONE 

server: komolongma.ece.uprm.edu
jobmanager: sge
function: experiment-1c
parameters: /home/jas/src/stft2.0.1/main /home/jas/src/stft2.0.1/1-2006-05-12_2100.txt 16384 32 1024 16384 44100 0 12000 256 31000 36000
UNSUBMITTED: 1219135224165
PENDING: 1219135227012
ACTIVE: 1219135229016
getoutputtime: 1219135338958
DONE: 1219135325041 
Job is running.
Job is running.
Job is running.
Job is running.
Job is running.
Job is running.
Job is running.
Job is running.
Job is running.
Job 1550 has completed.
Writing job STDOUT and STDERR to cache files.
Time employed in compute-1-11.local: 77.06
Returning job success.

ERROR
