DONE 

server: komolongma.ece.uprm.edu
jobmanager: sge
function: experiment-1c
parameters: /home/jas/src/stft2.0.1/main /home/jas/src/stft2.0.1/1-2006-05-12_2100.txt 16384 32 1024 16384 44100 0 12000 256 32000 37000
UNSUBMITTED: 1219198845259
PENDING: 1219198848070
ACTIVE: 1219198850067
getoutputtime: 1219198948982
DONE: 1219198946017 
Job is running.
Job is running.
Job is running.
Job is running.
Job is running.
Job is running.
Job is running.
Job is running.
Job is running.
Job 1710 has completed.
Writing job STDOUT and STDERR to cache files.
Time employed in compute-2-46.local: 79.94
Returning job success.

ERROR
