DONE 

server: komolongma.ece.uprm.edu
jobmanager: sge
function: experiment-1c
parameters: /home/jas/src/stft2.0.1/main /home/jas/src/stft2.0.1/1-2006-05-12_2100.txt 16384 32 1024 16384 44100 0 12000 256 31000 36000
UNSUBMITTED: 1219147224266
PENDING: null
ACTIVE: 1219147227014
getoutputtime: 1219147338583
DONE: 1219147325020 
Job is running.
Job is running.
Job is running.
Job is running.
Job is running.
Job is running.
Job is running.
Job is running.
Job is running.
Job 1580 has completed.
Writing job STDOUT and STDERR to cache files.
Time employed in compute-1-20.local: 77.36
Returning job success.

ERROR
