DONE 

server: komolongma.ece.uprm.edu
jobmanager: sge
function: experiment-1c
parameters: /home/jas/src/stft2.0.1/main /home/jas/src/stft2.0.1/1-2006-05-12_2100.txt 16384 32 1024 16384 44100 0 12000 256 30000 35000
UNSUBMITTED: 1219136403722
PENDING: 1219136406016
ACTIVE: 1219136408014
getoutputtime: 1219136516919
DONE: 1219136514012 
Job is running.
Job is running.
Job is running.
Job is running.
Job is running.
Job is running.
Job is running.
Job is running.
Job is running.
Job is running.
Job 1552 has completed.
Writing job STDOUT and STDERR to cache files.
Time employed in compute-1-18.local: 76.77
Returning job success.

ERROR
