DONE 

server: komolongma.ece.uprm.edu
jobmanager: sge
function: experiment-1c
parameters: /home/jas/src/stft2.0.1/main /home/jas/src/stft2.0.1/1-2006-05-12_2100.txt 16384 32 1024 16384 44100 0 12000 256 31000 36000
UNSUBMITTED: 1219150824446
PENDING: 1219150827014
ACTIVE: 1219150829018
getoutputtime: 1219150930092
DONE: 1219150927014 
Job is running.
Job is running.
Job is running.
Job is running.
Job is running.
Job is running.
Job is running.
Job is running.
Job is running.
Job 1589 has completed.
Writing job STDOUT and STDERR to cache files.
Time employed in compute-2-43.local: 75.32
Returning job success.

ERROR
