DONE 

server: komolongma.ece.uprm.edu
jobmanager: sge
function: experiment-1c
parameters: /home/jas/src/stft2.0.1/main /home/jas/src/stft2.0.1/1-2006-05-12_2100.txt 16384 32 1024 16384 44100 0 12000 256 32000 37000
UNSUBMITTED: 1219173644870
PENDING: 1219173648018
ACTIVE: 1219173650065
getoutputtime: 1219173759692
DONE: 1219173746036 
Job is running.
Job is running.
Job is running.
Job is running.
Job is running.
Job is running.
Job is running.
Job is running.
Job is running.
Job 1647 has completed.
Writing job STDOUT and STDERR to cache files.
Time employed in compute-2-32.local: 79.7
Returning job success.

ERROR
