DONE 

server: komolongma.ece.uprm.edu
jobmanager: sge
function: experiment-1c
parameters: /home/jas/src/stft2.0.1/main /home/jas/src/stft2.0.1/1-2006-05-12_2100.txt 16384 32 1024 16384 44100 0 12000 256 32000 37000
UNSUBMITTED: 1219159244676
PENDING: null
ACTIVE: 1219159248023
getoutputtime: 1219159348722
DONE: 1219159346060 
Job is running.
Job is running.
Job is running.
Job is running.
Job is running.
Job is running.
Job is running.
Job is running.
Job is running.
Job 1611 has completed.
Writing job STDOUT and STDERR to cache files.
Time employed in compute-1-18.local: 81.41
Returning job success.

ERROR
