DONE 

server: komolongma.ece.uprm.edu
jobmanager: sge
function: experiment-1c
parameters: /home/jas/src/stft2.0.1/main /home/jas/src/stft2.0.1/1-2006-05-12_2100.txt 16384 32 1024 16384 44100 0 12000 256 32000 37000
UNSUBMITTED: 1219180844664
PENDING: 1219180848078
ACTIVE: 1219180850063
getoutputtime: 1219180960757
DONE: 1219180947013 
Job is running.
Job is running.
Job is running.
Job is running.
Job is running.
Job is running.
Job is running.
Job is running.
Job is running.
Job 1665 has completed.
Writing job STDOUT and STDERR to cache files.
Time employed in compute-1-9.local: 84.19
Returning job success.

ERROR
