DONE 

server: komolongma.ece.uprm.edu
jobmanager: sge
function: experiment-1c
parameters: /home/jas/src/stft2.0.1/main /home/jas/src/stft2.0.1/1-2006-05-12_2100.txt 16384 32 1024 16384 44100 0 12000 256 30000 35000
UNSUBMITTED: 1219141203471
PENDING: 1219141206016
ACTIVE: 1219141208020
getoutputtime: 1219141316745
DONE: 1219141314013 
Job is running.
Job is running.
Job is running.
Job is running.
Job is running.
Job is running.
Job is running.
Job is running.
Job is running.
Job is running.
Job 1564 has completed.
Writing job STDOUT and STDERR to cache files.
Time employed in compute-1-21.local: 77.61
Returning job success.

ERROR
