DONE 

server: komolongma.ece.uprm.edu
jobmanager: sge
function: experiment-1c
parameters: /home/jas/src/stft2.0.1/main /home/jas/src/stft2.0.1/1-2006-05-12_2100.txt 16384 32 1024 16384 44100 0 12000 256 31000 36000
UNSUBMITTED: 1219170024650
PENDING: null
ACTIVE: 1219170028073
getoutputtime: 1219170129968
DONE: 1219170127021 
Job is running.
Job is running.
Job is running.
Job is running.
Job is running.
Job is running.
Job is running.
Job is running.
Job is running.
Job 1637 has completed.
Writing job STDOUT and STDERR to cache files.
Time employed in compute-3-60.local: 78.9
Returning job success.

ERROR
