DONE 

server: komolongma.ece.uprm.edu
jobmanager: sge
function: experiment-1c
parameters: /home/jas/src/stft2.0.1/main /home/jas/src/stft2.0.1/1-2006-05-12_2100.txt 16384 32 1024 16384 44100 0 12000 256 32000 37000
UNSUBMITTED: 1219186845405
PENDING: null
ACTIVE: 1219186849077
getoutputtime: 1219186951134
DONE: 1219186948013 
Job is running.
Job is running.
Job is running.
Job is running.
Job is running.
Job is running.
Job is running.
Job is running.
Job is running.
Job 1680 has completed.
Writing job STDOUT and STDERR to cache files.
Time employed in compute-2-52.local: 80.52
Returning job success.

ERROR
