DONE 

server: komolongma.ece.uprm.edu
jobmanager: sge
function: experiment-1c
parameters: /home/jas/src/stft2.0.1/main /home/jas/src/stft2.0.1/1-2006-05-12_2100.txt 16384 32 1024 16384 44100 0 12000 256 30000 35000
UNSUBMITTED: 1219143603479
PENDING: 1219143606018
ACTIVE: 1219143608015
getoutputtime: 1219143716885
DONE: 1219143714023 
Job is running.
Job is running.
Job is running.
Job is running.
Job is running.
Job is running.
Job is running.
Job is running.
Job is running.
Job is running.
Job 1570 has completed.
Writing job STDOUT and STDERR to cache files.
Time employed in compute-1-5.local: 72.01
Returning job success.

ERROR
