DONE 

server: komolongma.ece.uprm.edu
jobmanager: sge
function: experiment-1c
parameters: /home/jas/src/stft2.0.1/main /home/jas/src/stft2.0.1/1-2006-05-12_2100.txt 16384 32 1024 16384 44100 0 12000 256 30000 35000
UNSUBMITTED: 1219119603435
PENDING: 1219119606023
ACTIVE: 1219119608018
getoutputtime: 1219119717008
DONE: 1219119714019 
Job is running.
Job is running.
Job is running.
Job is running.
Job is running.
Job is running.
Job is running.
Job is running.
Job is running.
Job is running.
Job 1510 has completed.
Writing job STDOUT and STDERR to cache files.
Time employed in compute-3-56.local: 79.9
Returning job success.

ERROR
