DONE 

server: komolongma.ece.uprm.edu
jobmanager: sge
function: experiment-1c
parameters: /home/jas/src/stft2.0.1/main /home/jas/src/stft2.0.1/1-2006-05-12_2100.txt 16384 32 1024 16384 44100 0 12000 256 32000 37000
UNSUBMITTED: 1219201244962
PENDING: 1219201248022
ACTIVE: 1219201250072
getoutputtime: 1219201371524
DONE: 1219201358066 
Job is running.
Job is running.
Job is running.
Job is running.
Job is running.
Job is running.
Job is running.
Job is running.
Job is running.
Job is running.
Job 1716 has completed.
Writing job STDOUT and STDERR to cache files.
Time employed in compute-1-2.local: 85.84
Returning job success.

ERROR
