DONE 

server: komolongma.ece.uprm.edu
jobmanager: sge
function: experiment-1c
parameters: /home/jas/src/stft2.0.1/main /home/jas/src/stft2.0.1/1-2006-05-12_2100.txt 16384 32 1024 16384 44100 0 12000 256 32000 37000
UNSUBMITTED: 1219166445205
PENDING: 1219166448016
ACTIVE: 1219166450064
getoutputtime: 1219166548967
DONE: 1219166546013 
Job is running.
Job is running.
Job is running.
Job is running.
Job is running.
Job is running.
Job is running.
Job is running.
Job is running.
Job 1629 has completed.
Writing job STDOUT and STDERR to cache files.
Time employed in compute-1-5.local: 84.34
Returning job success.

ERROR
