DONE 

server: komolongma.ece.uprm.edu
jobmanager: sge
function: experiment-1c
parameters: /home/jas/src/stft2.0.1/main /home/jas/src/stft2.0.1/1-2006-05-12_2100.txt 16384 32 1024 16384 44100 0 12000 256 31000 36000
UNSUBMITTED: 1219172424742
PENDING: null
ACTIVE: 1219172428050
getoutputtime: 1219172540190
DONE: 1219172526063 
Job is running.
Job is running.
Job is running.
Job is running.
Job is running.
Job is running.
Job is running.
Job is running.
Job is running.
Job 1643 has completed.
Writing job STDOUT and STDERR to cache files.
Time employed in compute-2-40.local: 78.67
Returning job success.

ERROR
