DONE 

server: komolongma.ece.uprm.edu
jobmanager: sge
function: experiment-1c
parameters: /home/jas/src/stft2.0.1/main /home/jas/src/stft2.0.1/1-2006-05-12_2100.txt 16384 32 1024 16384 44100 0 12000 256 32000 37000
UNSUBMITTED: 1219192845309
PENDING: 1219192848013
ACTIVE: 1219192850059
getoutputtime: 1219192949093
DONE: 1219192946019 
Job is running.
Job is running.
Job is running.
Job is running.
Job is running.
Job is running.
Job is running.
Job is running.
Job is running.
Job 1695 has completed.
Writing job STDOUT and STDERR to cache files.
Time employed in compute-3-60.local: 80.09
Returning job success.

ERROR
