DONE 

server: komolongma.ece.uprm.edu
jobmanager: sge
function: experiment-1c
parameters: /home/jas/src/stft2.0.1/main /home/jas/src/stft2.0.1/1-2006-05-12_2100.txt 16384 32 1024 16384 44100 0 12000 256 31000 36000
UNSUBMITTED: 1219203624255
PENDING: 1219203627021
ACTIVE: 1219203629022
getoutputtime: 1219203731157
DONE: 1219203727062 
Job is running.
Job is running.
Job is running.
Job is running.
Job is running.
Job is running.
Job is running.
Job is running.
Job is running.
Job 1721 has completed.
Writing job STDOUT and STDERR to cache files.
Time employed in compute-1-6.local: 79.43
Returning job success.

ERROR
