DONE 

server: komolongma.ece.uprm.edu
jobmanager: sge
function: experiment-1c
parameters: /home/jas/src/stft2.0.1/main /home/jas/src/stft2.0.1/1-2006-05-12_2100.txt 16384 32 1024 16384 44100 0 12000 256 31000 36000
UNSUBMITTED: 1219162823730
PENDING: 1219162826015
ACTIVE: 1219162828022
getoutputtime: 1219162936374
DONE: 1219162934018 
Job is running.
Job is running.
Job is running.
Job is running.
Job is running.
Job is running.
Job is running.
Job is running.
Job is running.
Job is running.
Job 1619 has completed.
Writing job STDOUT and STDERR to cache files.
Time employed in compute-1-26.local: 76.53
Returning job success.

ERROR
