DONE 

server: komolongma.ece.uprm.edu
jobmanager: sge
function: experiment-1c
parameters: /home/jas/src/stft2.0.1/main /home/jas/src/stft2.0.1/1-2006-05-12_2100.txt 16384 32 1024 16384 44100 0 12000 256 32000 37000
UNSUBMITTED: 1219164044782
PENDING: 1219164048022
ACTIVE: 1219164050060
getoutputtime: 1219164169968
DONE: 1219164156023 
Job is running.
Job is running.
Job is running.
Job is running.
Job is running.
Job is running.
Job is running.
Job is running.
Job is running.
Job is running.
Job 1623 has completed.
Writing job STDOUT and STDERR to cache files.
Time employed in compute-1-21.local: 86.44
Returning job success.

ERROR
