DONE 

server: komolongma.ece.uprm.edu
jobmanager: sge
function: experiment-1c
parameters: /home/jas/src/stft2.0.1/main /home/jas/src/stft2.0.1/1-2006-05-12_2100.txt 16384 32 1024 16384 44100 0 12000 256 30000 35000
UNSUBMITTED: 1219194004658
PENDING: 1219194007015
ACTIVE: 1219194009012
getoutputtime: 1219194118286
DONE: 1219194115128 
Job is running.
Job is running.
Job is running.
Job is running.
Job is running.
Job is running.
Job is running.
Job is running.
Job is running.
Job is running.
Job 1696 has completed.
Writing job STDOUT and STDERR to cache files.
Time employed in compute-1-27.local: 72.05
Returning job success.

ERROR
