DONE 

server: komolongma.ece.uprm.edu
jobmanager: sge
function: experiment-1c
parameters: /home/jas/src/stft2.0.1/main /home/jas/src/stft2.0.1/1-2006-05-12_2100.txt 16384 32 1024 16384 44100 0 12000 256 32000 37000
UNSUBMITTED: 1219122044246
PENDING: 1219122047015
ACTIVE: 1219122049049
getoutputtime: 1219122168535
DONE: 1219122155015 
Job is running.
Job is running.
Job is running.
Job is running.
Job is running.
Job is running.
Job is running.
Job is running.
Job is running.
Job is running.
Job 1518 has completed.
Writing job STDOUT and STDERR to cache files.
Time employed in compute-2-39.local: 86.05
Returning job success.

ERROR
