DONE 

server: komolongma.ece.uprm.edu
jobmanager: sge
function: experiment-1c
parameters: /home/jas/src/stft2.0.1/main /home/jas/src/stft2.0.1/1-2006-05-12_2100.txt 16384 32 1024 16384 44100 0 12000 256 31000 36000
UNSUBMITTED: 1219155624420
PENDING: 1219155627025
ACTIVE: 1219155629039
getoutputtime: 1219155740651
DONE: 1219155727048 
Job is running.
Job is running.
Job is running.
Job is running.
Job is running.
Job is running.
Job is running.
Job is running.
Job is running.
Job 1601 has completed.
Writing job STDOUT and STDERR to cache files.
Time employed in compute-1-4.local: 77.9
Returning job success.

ERROR
