DONE 

server: komolongma.ece.uprm.edu
jobmanager: sge
function: experiment-1c
parameters: /home/jas/src/stft2.0.1/main /home/jas/src/stft2.0.1/1-2006-05-12_2100.txt 16384 32 1024 16384 44100 0 12000 256 30000 35000
UNSUBMITTED: 1219142403482
PENDING: 1219142406019
ACTIVE: 1219142408019
getoutputtime: 1219142516745
DONE: 1219142514084 
Job is running.
Job is running.
Job is running.
Job is running.
Job is running.
Job is running.
Job is running.
Job is running.
Job is running.
Job is running.
Job 1567 has completed.
Writing job STDOUT and STDERR to cache files.
Time employed in compute-2-44.local: 73.89
Returning job success.

ERROR
