DONE 

server: komolongma.ece.uprm.edu
jobmanager: sge
function: experiment-1c
parameters: /home/jas/src/stft2.0.1/main /home/jas/src/stft2.0.1/1-2006-05-12_2100.txt 16384 32 1024 16384 44100 0 12000 256 30000 35000
UNSUBMITTED: 1219154403397
PENDING: 1219154406016
ACTIVE: 1219154408012
getoutputtime: 1219154528164
DONE: 1219154514073 
Job is running.
Job is running.
Job is running.
Job is running.
Job is running.
Job is running.
Job is running.
Job is running.
Job is running.
Job is running.
Job 1597 has completed.
Writing job STDOUT and STDERR to cache files.
Time employed in compute-2-49.local: 82.1
Returning job success.

ERROR
