DONE 

server: komolongma.ece.uprm.edu
jobmanager: sge
function: experiment-1c
parameters: /home/jas/src/stft2.0.1/main /home/jas/src/stft2.0.1/1-2006-05-12_2100.txt 16384 32 1024 16384 44100 0 12000 256 31000 36000
UNSUBMITTED: 1219182024603
PENDING: 1219182027021
ACTIVE: 1219182029021
getoutputtime: 1219182139570
DONE: 1219182125079 
Job is running.
Job is running.
Job is running.
Job is running.
Job is running.
Job is running.
Job is running.
Job is running.
Job is running.
Job 1667 has completed.
Writing job STDOUT and STDERR to cache files.
Time employed in compute-3-57.local: 75.6
Returning job success.

ERROR
