DONE 

server: komolongma.ece.uprm.edu
jobmanager: sge
function: experiment-1c
parameters: /home/jas/src/stft2.0.1/main /home/jas/src/stft2.0.1/1-2006-05-12_2100.txt 16384 32 1024 16384 44100 0 12000 256 31000 36000
UNSUBMITTED: 1219173624542
PENDING: 1219173627015
ACTIVE: 1219173629012
getoutputtime: 1219173741227
DONE: 1219173727112 
Job is running.
Job is running.
Job is running.
Job is running.
Job is running.
Job is running.
Job is running.
Job is running.
Job is running.
Job 1646 has completed.
Writing job STDOUT and STDERR to cache files.
Time employed in compute-2-48.local: 77.65
Returning job success.

ERROR
