DONE 

server: komolongma.ece.uprm.edu
jobmanager: sge
function: experiment-1c
parameters: /home/jas/src/stft2.0.1/main /home/jas/src/stft2.0.1/1-2006-05-12_2100.txt 16384 32 1024 16384 44100 0 12000 256 32000 37000
UNSUBMITTED: 1219170045220
PENDING: 1219170048017
ACTIVE: 1219170050020
getoutputtime: 1219170151070
DONE: 1219170148055 
Job is running.
Job is running.
Job is running.
Job is running.
Job is running.
Job is running.
Job is running.
Job is running.
Job is running.
Job 1638 has completed.
Writing job STDOUT and STDERR to cache files.
Time employed in compute-1-20.local: 83.63
Returning job success.

ERROR
