DONE 

server: komolongma.ece.uprm.edu
jobmanager: sge
function: experiment-1c
parameters: /home/jas/src/stft2.0.1/main /home/jas/src/stft2.0.1/1-2006-05-12_2100.txt 16384 32 1024 16384 44100 0 12000 256 30000 35000
UNSUBMITTED: 1219201204301
PENDING: 1219201207021
ACTIVE: 1219201209022
getoutputtime: 1219201318323
DONE: 1219201315132 
Job is running.
Job is running.
Job is running.
Job is running.
Job is running.
Job is running.
Job is running.
Job is running.
Job is running.
Job is running.
Job 1714 has completed.
Writing job STDOUT and STDERR to cache files.
Time employed in compute-2-54.local: 72.14
Returning job success.

ERROR
