DONE 

server: komolongma.ece.uprm.edu
jobmanager: sge
function: experiment-1c
parameters: /home/jas/src/stft2.0.1/main /home/jas/src/stft2.0.1/1-2006-05-12_2100.txt 16384 32 1024 16384 44100 0 12000 256 32000 37000
UNSUBMITTED: 1219134044449
PENDING: null
ACTIVE: 1219134048012
getoutputtime: 1219134148872
DONE: 1219134146015 
Job is running.
Job is running.
Job is running.
Job is running.
Job is running.
Job is running.
Job is running.
Job is running.
Job is running.
Job 1548 has completed.
Writing job STDOUT and STDERR to cache files.
Time employed in compute-1-9.local: 81.43
Returning job success.

ERROR
