DONE 

server: komolongma.ece.uprm.edu
jobmanager: sge
function: experiment-1c
parameters: /home/jas/src/stft2.0.1/main /home/jas/src/stft2.0.1/1-2006-05-12_2100.txt 16384 32 1024 16384 44100 0 12000 256 32000 37000
UNSUBMITTED: 1219177245423
PENDING: 1219177248071
ACTIVE: 1219177250024
getoutputtime: 1219177349024
DONE: 1219177346020 
Job is running.
Job is running.
Job is running.
Job is running.
Job is running.
Job is running.
Job is running.
Job is running.
Job is running.
Job 1656 has completed.
Writing job STDOUT and STDERR to cache files.
Time employed in compute-2-49.local: 81.66
Returning job success.

ERROR
