DONE 

server: komolongma.ece.uprm.edu
jobmanager: sge
function: experiment-1c
parameters: /home/jas/src/stft2.0.1/main /home/jas/src/stft2.0.1/1-2006-05-12_2100.txt 16384 32 1024 16384 44100 0 12000 256 32000 37000
UNSUBMITTED: 1219136443984
PENDING: 1219136447018
ACTIVE: 1219136449018
getoutputtime: 1219136547523
DONE: 1219136545022 
Job is running.
Job is running.
Job is running.
Job is running.
Job is running.
Job is running.
Job is running.
Job is running.
Job is running.
Job 1554 has completed.
Writing job STDOUT and STDERR to cache files.
Time employed in compute-2-29.local: 80.5
Returning job success.

ERROR
