DONE 

server: komolongma.ece.uprm.edu
jobmanager: sge
function: experiment-1c
parameters: /home/jas/src/stft2.0.1/main /home/jas/src/stft2.0.1/1-2006-05-12_2100.txt 16384 32 1024 16384 44100 0 12000 256 31000 36000
UNSUBMITTED: 1219164024243
PENDING: 1219164027046
ACTIVE: 1219164029022
getoutputtime: 1219164130308
DONE: 1219164127156 
Job is running.
Job is running.
Job is running.
Job is running.
Job is running.
Job is running.
Job is running.
Job is running.
Job is running.
Job 1622 has completed.
Writing job STDOUT and STDERR to cache files.
Time employed in compute-1-14.local: 85.44
Returning job success.

ERROR
