DONE 

server: komolongma.ece.uprm.edu
jobmanager: sge
function: experiment-1c
parameters: /home/jas/src/stft2.0.1/main /home/jas/src/stft2.0.1/1-2006-05-12_2100.txt 16384 32 1024 16384 44100 0 12000 256 32000 37000
UNSUBMITTED: 1219119644398
PENDING: 1219119647019
ACTIVE: 1219119649012
getoutputtime: 1219119747947
DONE: 1219119745018 
Job is running.
Job is running.
Job is running.
Job is running.
Job is running.
Job is running.
Job is running.
Job is running.
Job is running.
Job 1512 has completed.
Writing job STDOUT and STDERR to cache files.
Time employed in compute-1-5.local: 83.27
Returning job success.

ERROR
