DONE 

server: komolongma.ece.uprm.edu
jobmanager: sge
function: experiment-1c
parameters: /home/jas/src/stft2.0.1/main /home/jas/src/stft2.0.1/1-2006-05-12_2100.txt 16384 32 1024 16384 44100 0 12000 256 32000 37000
UNSUBMITTED: 1219150844916
PENDING: 1219150848048
ACTIVE: 1219150850055
getoutputtime: 1219150959144
DONE: 1219150956174 
Job is running.
Job is running.
Job is running.
Job is running.
Job is running.
Job is running.
Job is running.
Job is running.
Job is running.
Job is running.
Job 1590 has completed.
Writing job STDOUT and STDERR to cache files.
Time employed in compute-2-50.local: 85.94
Returning job success.

ERROR
