DONE 

server: komolongma.ece.uprm.edu
jobmanager: sge
function: experiment-1c
parameters: /home/jas/src/stft2.0.1/main /home/jas/src/stft2.0.1/1-2006-05-12_2100.txt 16384 32 1024 16384 44100 0 12000 256 30000 35000
UNSUBMITTED: 1219167604054
PENDING: null
ACTIVE: 1219167607013
getoutputtime: 1219167729380
DONE: 1219167715069 
Job is running.
Job is running.
Job is running.
Job is running.
Job is running.
Job is running.
Job is running.
Job is running.
Job is running.
Job is running.
Job 1630 has completed.
Writing job STDOUT and STDERR to cache files.
Time employed in compute-2-30.local: 71.84
Returning job success.

ERROR
