DONE 

server: komolongma.ece.uprm.edu
jobmanager: sge
function: experiment-1c
parameters: /home/jas/src/stft2.0.1/main /home/jas/src/stft2.0.1/1-2006-05-12_2100.txt 16384 32 1024 16384 44100 0 12000 256 32000 37000
UNSUBMITTED: 1219156844631
PENDING: null
ACTIVE: 1219156848067
getoutputtime: 1219156948947
DONE: 1219156946012 
Job is running.
Job is running.
Job is running.
Job is running.
Job is running.
Job is running.
Job is running.
Job is running.
Job is running.
Job 1605 has completed.
Writing job STDOUT and STDERR to cache files.
Time employed in compute-1-3.local: 85.55
Returning job success.

ERROR
