DONE 

server: komolongma.ece.uprm.edu
jobmanager: sge
function: experiment-1c
parameters: /home/jas/src/stft2.0.1/main /home/jas/src/stft2.0.1/1-2006-05-12_2100.txt 16384 32 1024 16384 44100 0 12000 256 30000 35000
UNSUBMITTED: 1219196404328
PENDING: null
ACTIVE: 1219196407016
getoutputtime: 1219196530682
DONE: 1219196517015 
Job is running.
Job is running.
Job is running.
Job is running.
Job is running.
Job is running.
Job is running.
Job is running.
Job is running.
Job is running.
Job 1702 has completed.
Writing job STDOUT and STDERR to cache files.
Time employed in compute-2-40.local: 72.33
Returning job success.

ERROR
