DONE 

server: komolongma.ece.uprm.edu
jobmanager: sge
function: experiment-1c
parameters: /home/jas/src/stft2.0.1/main /home/jas/src/stft2.0.1/1-2006-05-12_2100.txt 16384 32 1024 16384 44100 0 12000 256 30000 35000
UNSUBMITTED: 1219190404361
PENDING: 1219190407018
ACTIVE: 1219190409020
getoutputtime: 1219190530986
DONE: 1219190517115 
Job is running.
Job is running.
Job is running.
Job is running.
Job is running.
Job is running.
Job is running.
Job is running.
Job is running.
Job is running.
Job 1687 has completed.
Writing job STDOUT and STDERR to cache files.
Time employed in compute-3-63.local: 74.34
Returning job success.

ERROR
