DONE 

server: komolongma.ece.uprm.edu
jobmanager: sge
function: experiment-1c
parameters: /home/jas/src/stft2.0.1/main /home/jas/src/stft2.0.1/1-2006-05-12_2100.txt 16384 32 1024 16384 44100 0 12000 256 30000 35000
UNSUBMITTED: 1219195204569
PENDING: 1219195207019
ACTIVE: 1219195209019
getoutputtime: 1219195329570
DONE: 1219195315072 
Job is running.
Job is running.
Job is running.
Job is running.
Job is running.
Job is running.
Job is running.
Job is running.
Job is running.
Job is running.
Job 1699 has completed.
Writing job STDOUT and STDERR to cache files.
Time employed in compute-2-45.local: 71.58
Returning job success.

ERROR
