DONE 

server: komolongma.ece.uprm.edu
jobmanager: sge
function: experiment-1c
parameters: /home/jas/src/stft2.0.1/main /home/jas/src/stft2.0.1/1-2006-05-12_2100.txt 16384 32 1024 16384 44100 0 12000 256 31000 36000
UNSUBMITTED: 1219138824148
PENDING: null
ACTIVE: 1219138827015
getoutputtime: 1219138948377
DONE: 1219138935043 
Job is running.
Job is running.
Job is running.
Job is running.
Job is running.
Job is running.
Job is running.
Job is running.
Job is running.
Job is running.
Job 1559 has completed.
Writing job STDOUT and STDERR to cache files.
Time employed in compute-2-37.local: 75.92
Returning job success.

ERROR
