DONE 

server: komolongma.ece.uprm.edu
jobmanager: sge
function: experiment-1c
parameters: /home/jas/src/stft2.0.1/main /home/jas/src/stft2.0.1/1-2006-05-12_2100.txt 16384 32 1024 16384 44100 0 12000 256 31000 36000
UNSUBMITTED: 1219198824512
PENDING: null
ACTIVE: 1219198828034
getoutputtime: 1219198929072
DONE: 1219198926017 
Job is running.
Job is running.
Job is running.
Job is running.
Job is running.
Job is running.
Job is running.
Job is running.
Job is running.
Job 1709 has completed.
Writing job STDOUT and STDERR to cache files.
Time employed in compute-2-51.local: 78.72
Returning job success.

ERROR
