DONE 

server: komolongma.ece.uprm.edu
jobmanager: sge
function: experiment-1c
parameters: /home/jas/src/stft2.0.1/main /home/jas/src/stft2.0.1/1-2006-05-12_2100.txt 16384 32 1024 16384 44100 0 12000 256 30000 35000
UNSUBMITTED: 1219120803480
PENDING: 1219120806032
ACTIVE: 1219120808019
getoutputtime: 1219120918884
DONE: 1219120916056 
Job is running.
Job is running.
Job is running.
Job is running.
Job is running.
Job is running.
Job is running.
Job is running.
Job is running.
Job is running.
Job 1513 has completed.
Writing job STDOUT and STDERR to cache files.
Time employed in compute-2-30.local: 72.08
Returning job success.

ERROR
