DONE 

server: komolongma.ece.uprm.edu
jobmanager: sge
function: experiment-1c
parameters: /home/jas/src/stft2.0.1/main /home/jas/src/stft2.0.1/1-2006-05-12_2100.txt 16384 32 1024 16384 44100 0 12000 256 30000 35000
UNSUBMITTED: 1219128003436
PENDING: 1219128006020
ACTIVE: 1219128008020
getoutputtime: 1219128127701
DONE: 1219128114020 
Job is running.
Job is running.
Job is running.
Job is running.
Job is running.
Job is running.
Job is running.
Job is running.
Job is running.
Job is running.
Job 1531 has completed.
Writing job STDOUT and STDERR to cache files.
Time employed in compute-2-50.local: 76.32
Returning job success.

ERROR
