DONE 

server: komolongma.ece.uprm.edu
jobmanager: sge
function: experiment-1c
parameters: /home/jas/src/stft2.0.1/main /home/jas/src/stft2.0.1/1-2006-05-12_2100.txt 16384 32 1024 16384 44100 0 12000 256 30000 35000
UNSUBMITTED: 1219185604221
PENDING: null
ACTIVE: 1219185607017
getoutputtime: 1219185730800
DONE: 1219185717017 
Job is running.
Job is running.
Job is running.
Job is running.
Job is running.
Job is running.
Job is running.
Job is running.
Job is running.
Job is running.
Job 1675 has completed.
Writing job STDOUT and STDERR to cache files.
Time employed in compute-3-58.local: 72.06
Returning job success.

ERROR
