DONE 

server: komolongma.ece.uprm.edu
jobmanager: sge
function: experiment-1c
parameters: /home/jas/src/stft2.0.1/main /home/jas/src/stft2.0.1/1-2006-05-12_2100.txt 16384 32 1024 16384 44100 0 12000 256 31000 36000
UNSUBMITTED: 1219153224439
PENDING: null
ACTIVE: 1219153227013
getoutputtime: 1219153340933
DONE: 1219153327051 
Job is running.
Job is running.
Job is running.
Job is running.
Job is running.
Job is running.
Job is running.
Job is running.
Job is running.
Job 1595 has completed.
Writing job STDOUT and STDERR to cache files.
Time employed in compute-2-42.local: 79.47
Returning job success.

ERROR
