DONE 

server: komolongma.ece.uprm.edu
jobmanager: sge
function: experiment-1c
parameters: /home/jas/src/stft2.0.1/main /home/jas/src/stft2.0.1/1-2006-05-12_2100.txt 16384 32 1024 16384 44100 0 12000 256 32000 37000
UNSUBMITTED: 1219195244984
PENDING: null
ACTIVE: 1219195249016
getoutputtime: 1219195349649
DONE: 1219195347019 
Job is running.
Job is running.
Job is running.
Job is running.
Job is running.
Job is running.
Job is running.
Job is running.
Job is running.
Job 1701 has completed.
Writing job STDOUT and STDERR to cache files.
Time employed in compute-1-16.local: 81.38
Returning job success.

ERROR
