DONE 

server: komolongma.ece.uprm.edu
jobmanager: sge
function: experiment-1c
parameters: /home/jas/src/stft2.0.1/main /home/jas/src/stft2.0.1/1-2006-05-12_2100.txt 16384 32 1024 16384 44100 0 12000 256 31000 36000
UNSUBMITTED: 1219191623932
PENDING: 1219191627013
ACTIVE: 1219191629013
getoutputtime: 1219191739405
DONE: 1219191725022 
Job is running.
Job is running.
Job is running.
Job is running.
Job is running.
Job is running.
Job is running.
Job is running.
Job is running.
Job 1691 has completed.
Writing job STDOUT and STDERR to cache files.
Time employed in compute-1-15.local: 80.28
Returning job success.

ERROR
