DONE 

server: komolongma.ece.uprm.edu
jobmanager: sge
function: experiment-1c
parameters: /home/jas/src/stft2.0.1/main /home/jas/src/stft2.0.1/1-2006-05-12_2100.txt 16384 32 1024 16384 44100 0 12000 256 31000 36000
UNSUBMITTED: 1219171224791
PENDING: null
ACTIVE: 1219171228014
getoutputtime: 1219171340421
DONE: 1219171326071 
Job is running.
Job is running.
Job is running.
Job is running.
Job is running.
Job is running.
Job is running.
Job is running.
Job is running.
Job 1640 has completed.
Writing job STDOUT and STDERR to cache files.
Time employed in compute-2-45.local: 77.53
Returning job success.

ERROR
