DONE 

server: komolongma.ece.uprm.edu
jobmanager: sge
function: experiment-1c
parameters: /home/jas/src/stft2.0.1/main /home/jas/src/stft2.0.1/1-2006-05-12_2100.txt 16384 32 1024 16384 44100 0 12000 256 31000 36000
UNSUBMITTED: 1219196424394
PENDING: 1219196427015
ACTIVE: 1219196429014
getoutputtime: 1219196530232
DONE: 1219196527123 
Job is running.
Job is running.
Job is running.
Job is running.
Job is running.
Job is running.
Job is running.
Job is running.
Job is running.
Job 1703 has completed.
Writing job STDOUT and STDERR to cache files.
Time employed in compute-1-22.local: 76.57
Returning job success.

ERROR
