DONE 

server: komolongma.ece.uprm.edu
jobmanager: sge
function: experiment-1c
parameters: /home/jas/src/stft2.0.1/main /home/jas/src/stft2.0.1/1-2006-05-12_2100.txt 16384 32 1024 16384 44100 0 12000 256 32000 37000
UNSUBMITTED: 1219194044961
PENDING: 1219194048022
ACTIVE: 1219194050022
getoutputtime: 1219194159833
DONE: 1219194146022 
Job is running.
Job is running.
Job is running.
Job is running.
Job is running.
Job is running.
Job is running.
Job is running.
Job is running.
Job 1698 has completed.
Writing job STDOUT and STDERR to cache files.
Time employed in compute-2-39.local: 81.61
Returning job success.

ERROR
