DONE 

server: komolongma.ece.uprm.edu
jobmanager: sge
function: experiment-1c
parameters: /home/jas/src/stft2.0.1/main /home/jas/src/stft2.0.1/1-2006-05-12_2100.txt 16384 32 1024 16384 44100 0 12000 256 32000 37000
UNSUBMITTED: 1219202445205
PENDING: 1219202448019
ACTIVE: 1219202450071
getoutputtime: 1219202569691
DONE: 1219202556016 
Job is running.
Job is running.
Job is running.
Job is running.
Job is running.
Job is running.
Job is running.
Job is running.
Job is running.
Job is running.
Job 1719 has completed.
Writing job STDOUT and STDERR to cache files.
Time employed in compute-1-3.local: 86.26
Returning job success.

ERROR
