DONE 

server: komolongma.ece.uprm.edu
jobmanager: sge
function: experiment-1c
parameters: /home/jas/src/stft2.0.1/main /home/jas/src/stft2.0.1/1-2006-05-12_2100.txt 16384 32 1024 16384 44100 0 12000 256 31000 36000
UNSUBMITTED: 1219185624173
PENDING: 1219185627018
ACTIVE: 1219185629012
getoutputtime: 1219185729446
DONE: 1219185726022 
Job is running.
Job is running.
Job is running.
Job is running.
Job is running.
Job is running.
Job is running.
Job is running.
Job is running.
Job 1676 has completed.
Writing job STDOUT and STDERR to cache files.
Time employed in compute-2-28.local: 81.28
Returning job success.

ERROR
