DONE 

server: komolongma.ece.uprm.edu
jobmanager: sge
function: experiment-1c
parameters: /home/jas/src/stft2.0.1/main /home/jas/src/stft2.0.1/1-2006-05-12_2100.txt 16384 32 1024 16384 44100 0 12000 256 32000 37000
UNSUBMITTED: 1219161643626
PENDING: 1219161646017
ACTIVE: 1219161648018
getoutputtime: 1219161746555
DONE: 1219161744018 
Job is running.
Job is running.
Job is running.
Job is running.
Job is running.
Job is running.
Job is running.
Job is running.
Job is running.
Job 1617 has completed.
Writing job STDOUT and STDERR to cache files.
Time employed in compute-1-25.local: 84.17
Returning job success.

ERROR
