DONE 

server: komolongma.ece.uprm.edu
jobmanager: sge
function: experiment-1c
parameters: /home/jas/src/stft2.0.1/main /home/jas/src/stft2.0.1/1-2006-05-12_2100.txt 16384 32 1024 16384 44100 0 12000 256 32000 37000
UNSUBMITTED: 1219142443975
PENDING: 1219142447017
ACTIVE: 1219142449017
getoutputtime: 1219142558362
DONE: 1219142545012 
Job is running.
Job is running.
Job is running.
Job is running.
Job is running.
Job is running.
Job is running.
Job is running.
Job is running.
Job 1569 has completed.
Writing job STDOUT and STDERR to cache files.
Time employed in compute-3-56.local: 81.11
Returning job success.

ERROR
