DONE 

server: komolongma.ece.uprm.edu
jobmanager: sge
function: experiment-1c
parameters: /home/jas/src/stft2.0.1/main /home/jas/src/stft2.0.1/1-2006-05-12_2100.txt 16384 32 1024 16384 44100 0 12000 256 32000 37000
UNSUBMITTED: 1219364445176
PENDING: 1219364448016
ACTIVE: 1219364450137
getoutputtime: 1219364560915
DONE: 1219364547063 
Job is running.
Job is running.
Job is running.
Job is running.
Job is running.
Job is running.
Job is running.
Job is running.
Job is running.
Job 2129 has completed.
Writing job STDOUT and STDERR to cache files.
Time employed in compute-1-10.local: 79.78
Returning job success.

ERROR
