DONE 

server: komolongma.ece.uprm.edu
jobmanager: sge
function: experiment-1c
parameters: /home/jas/src/stft2.0.1/main /home/jas/src/stft2.0.1/1-2006-05-12_2100.txt 16384 32 1024 16384 44100 0 12000 256 31000 36000
UNSUBMITTED: 1219315224456
PENDING: null
ACTIVE: 1219315227071
getoutputtime: 1219315339986
DONE: 1219315325133 
Job is running.
Job is running.
Job is running.
Job is running.
Job is running.
Job is running.
Job is running.
Job is running.
Job is running.
Job 2005 has completed.
Writing job STDOUT and STDERR to cache files.
Time employed in compute-2-46.local: 77
Returning job success.

ERROR
