DONE 

server: komolongma.ece.uprm.edu
jobmanager: sge
function: experiment-1c
parameters: /home/jas/src/stft2.0.1/main /home/jas/src/stft2.0.1/1-2006-05-12_2100.txt 16384 32 1024 16384 44100 0 12000 256 31000 36000
UNSUBMITTED: 1219346424996
PENDING: 1219346428019
ACTIVE: 1219346430064
getoutputtime: 1219346529362
DONE: 1219346526066 
Job is running.
Job is running.
Job is running.
Job is running.
Job is running.
Job is running.
Job is running.
Job is running.
Job is running.
Job 2083 has completed.
Writing job STDOUT and STDERR to cache files.
Time employed in compute-1-11.local: 82.93
Returning job success.

ERROR
