DONE 

server: komolongma.ece.uprm.edu
jobmanager: sge
function: experiment-1c
parameters: /home/jas/src/stft2.0.1/main /home/jas/src/stft2.0.1/1-2006-05-12_2100.txt 16384 32 1024 16384 44100 0 12000 256 31000 36000
UNSUBMITTED: 1219294824325
PENDING: 1219294827015
ACTIVE: 1219294829017
getoutputtime: 1219294939257
DONE: 1219294925065 
Job is running.
Job is running.
Job is running.
Job is running.
Job is running.
Job is running.
Job is running.
Job is running.
Job is running.
Job 1952 has completed.
Writing job STDOUT and STDERR to cache files.
Time employed in compute-1-2.local: 75.34
Returning job success.

ERROR
