DONE 

server: komolongma.ece.uprm.edu
jobmanager: sge
function: experiment-1c
parameters: /home/jas/src/stft2.0.1/main /home/jas/src/stft2.0.1/1-2006-05-12_2100.txt 16384 32 1024 16384 44100 0 12000 256 32000 37000
UNSUBMITTED: 1219312845081
PENDING: 1219312848016
ACTIVE: 1219312850023
getoutputtime: 1219312959658
DONE: 1219312946017 
Job is running.
Job is running.
Job is running.
Job is running.
Job is running.
Job is running.
Job is running.
Job is running.
Job is running.
Job 2000 has completed.
Writing job STDOUT and STDERR to cache files.
Time employed in compute-1-22.local: 84.54
Returning job success.

ERROR
