DONE 

server: komolongma.ece.uprm.edu
jobmanager: sge
function: experiment-1c
parameters: /home/jas/src/stft2.0.1/main /home/jas/src/stft2.0.1/1-2006-05-12_2100.txt 16384 32 1024 16384 44100 0 12000 256 30000 35000
UNSUBMITTED: 1219300804093
PENDING: 1219300807025
ACTIVE: 1219300809012
getoutputtime: 1219300941457
DONE: 1219300927013 
Job is running.
Job is running.
Job is running.
Job is running.
Job is running.
Job is running.
Job is running.
Job is running.
Job is running.
Job is running.
Job is running.
Job 1966 has completed.
Writing job STDOUT and STDERR to cache files.
Time employed in compute-2-31.local: 87.81
Returning job success.

ERROR
