DONE 

server: komolongma.ece.uprm.edu
jobmanager: sge
function: experiment-1c
parameters: /home/jas/src/stft2.0.1/main /home/jas/src/stft2.0.1/1-2006-05-12_2100.txt 16384 32 1024 16384 44100 0 12000 256 31000 36000
UNSUBMITTED: 1219370424735
PENDING: 1219370428020
ACTIVE: 1219370430015
getoutputtime: 1219370529075
DONE: 1219370526025 
Job is running.
Job is running.
Job is running.
Job is running.
Job is running.
Job is running.
Job is running.
Job is running.
Job is running.
Job 2143 has completed.
Writing job STDOUT and STDERR to cache files.
Time employed in compute-2-31.local: 80.45
Returning job success.

ERROR
