DONE 

server: komolongma.ece.uprm.edu
jobmanager: sge
function: experiment-1c
parameters: /home/jas/src/stft2.0.1/main /home/jas/src/stft2.0.1/1-2006-05-12_2100.txt 16384 32 1024 16384 44100 0 12000 256 31000 36000
UNSUBMITTED: 1219322424256
PENDING: 1219322427014
ACTIVE: 1219322429024
getoutputtime: 1219322539452
DONE: 1219322525025 
Job is running.
Job is running.
Job is running.
Job is running.
Job is running.
Job is running.
Job is running.
Job is running.
Job is running.
Job 2023 has completed.
Writing job STDOUT and STDERR to cache files.
Time employed in compute-2-29.local: 83.79
Returning job success.

ERROR
