DONE 

server: komolongma.ece.uprm.edu
jobmanager: sge
function: experiment-1c
parameters: /home/jas/src/stft2.0.1/main /home/jas/src/stft2.0.1/1-2006-05-12_2100.txt 16384 32 1024 16384 44100 0 12000 256 32000 37000
UNSUBMITTED: 1219341645145
PENDING: null
ACTIVE: 1219341649154
getoutputtime: 1219341771460
DONE: 1219341757023 
Job is running.
Job is running.
Job is running.
Job is running.
Job is running.
Job is running.
Job is running.
Job is running.
Job is running.
Job is running.
Job 2072 has completed.
Writing job STDOUT and STDERR to cache files.
Time employed in compute-2-49.local: 92.23
Returning job success.

ERROR
