DONE 

server: komolongma.ece.uprm.edu
jobmanager: sge
function: experiment-1c
parameters: /home/jas/src/stft2.0.1/main /home/jas/src/stft2.0.1/1-2006-05-12_2100.txt 16384 32 1024 16384 44100 0 12000 256 32000 37000
UNSUBMITTED: 1219317645331
PENDING: null
ACTIVE: 1219317649019
getoutputtime: 1219317761578
DONE: 1219317747119 
Job is running.
Job is running.
Job is running.
Job is running.
Job is running.
Job is running.
Job is running.
Job is running.
Job is running.
Job 2012 has completed.
Writing job STDOUT and STDERR to cache files.
Time employed in compute-1-4.local: 83.14
Returning job success.

ERROR
