DONE 

server: komolongma.ece.uprm.edu
jobmanager: sge
function: experiment-1c
parameters: /home/jas/src/stft2.0.1/main /home/jas/src/stft2.0.1/1-2006-05-12_2100.txt 16384 32 1024 16384 44100 0 12000 256 32000 37000
UNSUBMITTED: 1219348844881
PENDING: 1219348848018
ACTIVE: 1219348850080
getoutputtime: 1219348961148
DONE: 1219348958076 
Job is running.
Job is running.
Job is running.
Job is running.
Job is running.
Job is running.
Job is running.
Job is running.
Job is running.
Job is running.
Job 2090 has completed.
Writing job STDOUT and STDERR to cache files.
Time employed in compute-2-52.local: 91.82
Returning job success.

ERROR
