DONE 

server: komolongma.ece.uprm.edu
jobmanager: sge
function: experiment-1c
parameters: /home/jas/src/stft2.0.1/main /home/jas/src/stft2.0.1/1-2006-05-12_2100.txt 16384 32 1024 16384 44100 0 12000 256 31000 36000
UNSUBMITTED: 1219360824495
PENDING: 1219360827022
ACTIVE: 1219360829021
getoutputtime: 1219360939942
DONE: 1219360926022 
Job is running.
Job is running.
Job is running.
Job is running.
Job is running.
Job is running.
Job is running.
Job is running.
Job is running.
Job 2119 has completed.
Writing job STDOUT and STDERR to cache files.
Time employed in compute-2-51.local: 80.81
Returning job success.

ERROR
