DONE 

server: komolongma.ece.uprm.edu
jobmanager: sge
function: experiment-1c
parameters: /home/jas/src/stft2.0.1/main /home/jas/src/stft2.0.1/1-2006-05-12_2100.txt 16384 32 1024 16384 44100 0 12000 256 32000 37000
UNSUBMITTED: 1219316444783
PENDING: 1219316448020
ACTIVE: 1219316450064
getoutputtime: 1219316559669
DONE: 1219316546091 
Job is running.
Job is running.
Job is running.
Job is running.
Job is running.
Job is running.
Job is running.
Job is running.
Job is running.
Job 2009 has completed.
Writing job STDOUT and STDERR to cache files.
Time employed in compute-2-54.local: 83.97
Returning job success.

ERROR
