DONE 

server: komolongma.ece.uprm.edu
jobmanager: sge
function: experiment-1c
parameters: /home/jas/src/stft2.0.1/main /home/jas/src/stft2.0.1/1-2006-05-12_2100.txt 16384 32 1024 16384 44100 0 12000 256 32000 37000
UNSUBMITTED: 1219299645397
PENDING: 1219299648021
ACTIVE: 1219299650022
getoutputtime: 1219299748936
DONE: 1219299746011 
Job is running.
Job is running.
Job is running.
Job is running.
Job is running.
Job is running.
Job is running.
Job is running.
Job is running.
Job 1965 has completed.
Writing job STDOUT and STDERR to cache files.
Time employed in compute-1-11.local: 82.25
Returning job success.

ERROR
