DONE 

server: komolongma.ece.uprm.edu
jobmanager: sge
function: experiment-1c
parameters: /home/jas/src/stft2.0.1/main /home/jas/src/stft2.0.1/1-2006-05-12_2100.txt 16384 32 1024 16384 44100 0 12000 256 32000 37000
UNSUBMITTED: 1219334444720
PENDING: 1219334448015
ACTIVE: 1219334450014
getoutputtime: 1219334560885
DONE: 1219334547069 
Job is running.
Job is running.
Job is running.
Job is running.
Job is running.
Job is running.
Job is running.
Job is running.
Job is running.
Job 2054 has completed.
Writing job STDOUT and STDERR to cache files.
Time employed in compute-2-39.local: 84.2
Returning job success.

ERROR
