DONE 

server: komolongma.ece.uprm.edu
jobmanager: sge
function: experiment-1c
parameters: /home/jas/src/stft2.0.1/main /home/jas/src/stft2.0.1/1-2006-05-12_2100.txt 16384 32 1024 16384 44100 0 12000 256 32000 37000
UNSUBMITTED: 1219327244682
PENDING: 1219327248020
ACTIVE: 1219327250225
getoutputtime: 1219327349222
DONE: 1219327346083 
Job is running.
Job is running.
Job is running.
Job is running.
Job is running.
Job is running.
Job is running.
Job is running.
Job is running.
Job 2036 has completed.
Writing job STDOUT and STDERR to cache files.
Time employed in compute-1-14.local: 84
Returning job success.

ERROR
