DONE 

server: komolongma.ece.uprm.edu
jobmanager: sge
function: experiment-1c
parameters: /home/jas/src/stft2.0.1/main /home/jas/src/stft2.0.1/1-2006-05-12_2100.txt 16384 32 1024 16384 44100 0 12000 256 32000 37000
UNSUBMITTED: 1219305645146
PENDING: 1219305648019
ACTIVE: 1219305650019
getoutputtime: 1219305749635
DONE: 1219305746063 
Job is running.
Job is running.
Job is running.
Job is running.
Job is running.
Job is running.
Job is running.
Job is running.
Job is running.
Job 1982 has completed.
Writing job STDOUT and STDERR to cache files.
Time employed in compute-1-5.local: 84.52
Returning job success.

ERROR
