DONE 

server: komolongma.ece.uprm.edu
jobmanager: sge
function: experiment-1c
parameters: /home/jas/src/stft2.0.1/main /home/jas/src/stft2.0.1/1-2006-05-12_2100.txt 16384 32 1024 16384 44100 0 12000 256 31000 36000
UNSUBMITTED: 1219311624439
PENDING: null
ACTIVE: 1219311628020
getoutputtime: 1219311740217
DONE: 1219311726015 
Job is running.
Job is running.
Job is running.
Job is running.
Job is running.
Job is running.
Job is running.
Job is running.
Job is running.
Job 1996 has completed.
Writing job STDOUT and STDERR to cache files.
Time employed in compute-1-17.local: 81.23
Returning job success.

ERROR
