DONE 

server: komolongma.ece.uprm.edu
jobmanager: sge
function: experiment-1c
parameters: /home/jas/src/stft2.0.1/main /home/jas/src/stft2.0.1/1-2006-05-12_2100.txt 16384 32 1024 16384 44100 0 12000 256 31000 36000
UNSUBMITTED: 1219304424530
PENDING: null
ACTIVE: 1219304428015
getoutputtime: 1219304542295
DONE: 1219304528122 
Job is running.
Job is running.
Job is running.
Job is running.
Job is running.
Job is running.
Job is running.
Job is running.
Job is running.
Job 1978 has completed.
Writing job STDOUT and STDERR to cache files.
Time employed in compute-2-47.local: 80.75
Returning job success.

ERROR
