DONE 

server: komolongma.ece.uprm.edu
jobmanager: sge
function: experiment-1c
parameters: /home/jas/src/stft2.0.1/main /home/jas/src/stft2.0.1/1-2006-05-12_2100.txt 16384 32 1024 16384 44100 0 12000 256 31000 36000
UNSUBMITTED: 1219314024456
PENDING: null
ACTIVE: 1219314028021
getoutputtime: 1219314129405
DONE: 1219314126133 
Job is running.
Job is running.
Job is running.
Job is running.
Job is running.
Job is running.
Job is running.
Job is running.
Job is running.
Job 2002 has completed.
Writing job STDOUT and STDERR to cache files.
Time employed in compute-2-43.local: 79.3
Returning job success.

ERROR
