DONE 

server: komolongma.ece.uprm.edu
jobmanager: sge
function: experiment-1c
parameters: /home/jas/src/stft2.0.1/main /home/jas/src/stft2.0.1/1-2006-05-12_2100.txt 16384 32 1024 16384 44100 0 12000 256 32000 37000
UNSUBMITTED: 1219375245202
PENDING: 1219375248019
ACTIVE: 1219375250118
getoutputtime: 1219375371845
DONE: 1219375358065 
Job is running.
Job is running.
Job is running.
Job is running.
Job is running.
Job is running.
Job is running.
Job is running.
Job is running.
Job is running.
Job 2156 has completed.
Writing job STDOUT and STDERR to cache files.
Time employed in compute-1-5.local: 86.3
Returning job success.

ERROR
