DONE 

server: komolongma.ece.uprm.edu
jobmanager: sge
function: experiment-1c
parameters: /home/jas/src/stft2.0.1/main /home/jas/src/stft2.0.1/1-2006-05-12_2100.txt 16384 32 1024 16384 44100 0 12000 256 32000 37000
UNSUBMITTED: 1219296045143
PENDING: null
ACTIVE: 1219296049014
getoutputtime: 1219296161440
DONE: 1219296147018 
Job is running.
Job is running.
Job is running.
Job is running.
Job is running.
Job is running.
Job is running.
Job is running.
Job is running.
Job 1956 has completed.
Writing job STDOUT and STDERR to cache files.
Time employed in compute-3-59.local: 85.17
Returning job success.

ERROR
