DONE 

server: komolongma.ece.uprm.edu
jobmanager: sge
function: experiment-1c
parameters: /home/jas/src/stft2.0.1/main /home/jas/src/stft2.0.1/1-2006-05-12_2100.txt 16384 32 1024 16384 44100 0 12000 256 30000 35000
UNSUBMITTED: 1219298404281
PENDING: 1219298407014
ACTIVE: 1219298409014
getoutputtime: 1219298529349
DONE: 1219298515018 
Job is running.
Job is running.
Job is running.
Job is running.
Job is running.
Job is running.
Job is running.
Job is running.
Job is running.
Job is running.
Job 1960 has completed.
Writing job STDOUT and STDERR to cache files.
Time employed in compute-1-3.local: 72.8
Returning job success.

ERROR
