DONE 

server: komolongma.ece.uprm.edu
jobmanager: sge
function: experiment-1c
parameters: /home/jas/src/stft2.0.1/main /home/jas/src/stft2.0.1/1-2006-05-12_2100.txt 16384 32 1024 16384 44100 0 12000 256 30000 35000
UNSUBMITTED: 1219328404161
PENDING: 1219328407022
ACTIVE: 1219328409021
getoutputtime: 1219328520072
DONE: 1219328517064 
Job is running.
Job is running.
Job is running.
Job is running.
Job is running.
Job is running.
Job is running.
Job is running.
Job is running.
Job is running.
Job 2037 has completed.
Writing job STDOUT and STDERR to cache files.
Time employed in compute-2-44.local: 78.52
Returning job success.

ERROR
