DONE 

server: komolongma.ece.uprm.edu
jobmanager: sge
function: experiment-1c
parameters: /home/jas/src/stft2.0.1/main /home/jas/src/stft2.0.1/1-2006-05-12_2100.txt 16384 32 1024 16384 44100 0 12000 256 32000 37000
UNSUBMITTED: 1219362044942
PENDING: 1219362048057
ACTIVE: 1219362050013
getoutputtime: 1219362159821
DONE: 1219362146065 
Job is running.
Job is running.
Job is running.
Job is running.
Job is running.
Job is running.
Job is running.
Job is running.
Job is running.
Job 2123 has completed.
Writing job STDOUT and STDERR to cache files.
Time employed in compute-2-53.local: 81.3
Returning job success.

ERROR
