DONE 

server: komolongma.ece.uprm.edu
jobmanager: sge
function: experiment-1c
parameters: /home/jas/src/stft2.0.1/main /home/jas/src/stft2.0.1/1-2006-05-12_2100.txt 16384 32 1024 16384 44100 0 12000 256 30000 35000
UNSUBMITTED: 1219342804299
PENDING: 1219342807018
ACTIVE: 1219342809014
getoutputtime: 1219342920142
DONE: 1219342917065 
Job is running.
Job is running.
Job is running.
Job is running.
Job is running.
Job is running.
Job is running.
Job is running.
Job is running.
Job is running.
Job 2073 has completed.
Writing job STDOUT and STDERR to cache files.
Time employed in compute-1-24.local: 72.23
Returning job success.

ERROR
