DONE 

server: komolongma.ece.uprm.edu
jobmanager: sge
function: experiment-1c
parameters: /home/jas/src/stft2.0.1/main /home/jas/src/stft2.0.1/1-2006-05-12_2100.txt 16384 32 1024 16384 44100 0 12000 256 30000 35000
UNSUBMITTED: 1219347603953
PENDING: null
ACTIVE: 1219347607019
getoutputtime: 1219347720258
DONE: 1219347717022 
Job is running.
Job is running.
Job is running.
Job is running.
Job is running.
Job is running.
Job is running.
Job is running.
Job is running.
Job is running.
Job 2085 has completed.
Writing job STDOUT and STDERR to cache files.
Time employed in compute-1-25.local: 73.64
Returning job success.

ERROR
