DONE 

server: komolongma.ece.uprm.edu
jobmanager: sge
function: experiment-1c
parameters: /home/jas/src/stft2.0.1/main /home/jas/src/stft2.0.1/1-2006-05-12_2100.txt 16384 32 1024 16384 44100 0 12000 256 32000 37000
UNSUBMITTED: 1219353645096
PENDING: null
ACTIVE: 1219353649088
getoutputtime: 1219353793083
DONE: 1219353779016 
Job is running.
Job is running.
Job is running.
Job is running.
Job is running.
Job is running.
Job is running.
Job is running.
Job is running.
Job is running.
Job is running.
Job is running.
Job 2102 has completed.
Writing job STDOUT and STDERR to cache files.
Time employed in compute-2-41.local: 103.6
Returning job success.

ERROR
