DONE 

server: komolongma.ece.uprm.edu
jobmanager: sge
function: experiment-1c
parameters: /home/jas/src/stft2.0.1/main /home/jas/src/stft2.0.1/1-2006-05-12_2100.txt 16384 32 1024 16384 44100 0 12000 256 31000 36000
UNSUBMITTED: 1219364424328
PENDING: 1219364427021
ACTIVE: 1219364429017
getoutputtime: 1219364538928
DONE: 1219364525066 
Job is running.
Job is running.
Job is running.
Job is running.
Job is running.
Job is running.
Job is running.
Job is running.
Job is running.
Job 2128 has completed.
Writing job STDOUT and STDERR to cache files.
Time employed in compute-1-2.local: 77.3
Returning job success.

ERROR
