DONE 

server: komolongma.ece.uprm.edu
jobmanager: sge
function: experiment-1c
parameters: /home/jas/src/stft2.0.1/main /home/jas/src/stft2.0.1/1-2006-05-12_2100.txt 16384 32 1024 16384 44100 0 12000 256 31000 36000
UNSUBMITTED: 1219293624498
PENDING: null
ACTIVE: 1219293628017
getoutputtime: 1219293761987
DONE: 1219293748021 
Job is running.
Job is running.
Job is running.
Job is running.
Job is running.
Job is running.
Job is running.
Job is running.
Job is running.
Job is running.
Job is running.
Job 1949 has completed.
Writing job STDOUT and STDERR to cache files.
Time employed in compute-1-8.local: 86.3
Returning job success.

ERROR
