DONE 

server: komolongma.ece.uprm.edu
jobmanager: sge
function: experiment-1c
parameters: /home/jas/src/stft2.0.1/main /home/jas/src/stft2.0.1/1-2006-05-12_2100.txt 16384 32 1024 16384 44100 0 12000 256 31000 36000
UNSUBMITTED: 1219335624143
PENDING: 1219335627022
ACTIVE: 1219335629019
getoutputtime: 1219335730551
DONE: 1219335727062 
Job is running.
Job is running.
Job is running.
Job is running.
Job is running.
Job is running.
Job is running.
Job is running.
Job is running.
Job 2056 has completed.
Writing job STDOUT and STDERR to cache files.
Time employed in compute-2-40.local: 77.11
Returning job success.

ERROR
