DONE 

server: komolongma.ece.uprm.edu
jobmanager: sge
function: experiment-1c
parameters: /home/jas/src/stft2.0.1/main /home/jas/src/stft2.0.1/1-2006-05-12_2100.txt 16384 32 1024 16384 44100 0 12000 256 31000 36000
UNSUBMITTED: 1219353624325
PENDING: 1219353627017
ACTIVE: 1219353629016
getoutputtime: 1219353730286
DONE: 1219353727117 
Job is running.
Job is running.
Job is running.
Job is running.
Job is running.
Job is running.
Job is running.
Job is running.
Job is running.
Job 2101 has completed.
Writing job STDOUT and STDERR to cache files.
Time employed in compute-1-21.local: 76.25
Returning job success.

ERROR
