DONE 

server: komolongma.ece.uprm.edu
jobmanager: sge
function: experiment-1c
parameters: /home/jas/src/stft2.0.1/main /home/jas/src/stft2.0.1/1-2006-05-12_2100.txt 16384 32 1024 16384 44100 0 12000 256 32000 37000
UNSUBMITTED: 1219346445588
PENDING: null
ACTIVE: 1219346449021
getoutputtime: 1219346550331
DONE: 1219346547068 
Job is running.
Job is running.
Job is running.
Job is running.
Job is running.
Job is running.
Job is running.
Job is running.
Job is running.
Job 2084 has completed.
Writing job STDOUT and STDERR to cache files.
Time employed in compute-2-31.local: 83.64
Returning job success.

ERROR
