DONE 

server: komolongma.ece.uprm.edu
jobmanager: sge
function: experiment-1c
parameters: /home/jas/src/stft2.0.1/main /home/jas/src/stft2.0.1/1-2006-05-12_2100.txt 16384 32 1024 16384 44100 0 12000 256 31000 36000
UNSUBMITTED: 1219298424802
PENDING: 1219298428018
ACTIVE: 1219298430061
getoutputtime: 1219298539888
DONE: 1219298526015 
Job is running.
Job is running.
Job is running.
Job is running.
Job is running.
Job is running.
Job is running.
Job is running.
Job is running.
Job 1961 has completed.
Writing job STDOUT and STDERR to cache files.
Time employed in compute-1-9.local: 78.32
Returning job success.

ERROR
