DONE 

server: komolongma.ece.uprm.edu
jobmanager: sge
function: experiment-1c
parameters: /home/jas/src/stft2.0.1/main /home/jas/src/stft2.0.1/1-2006-05-12_2100.txt 16384 32 1024 16384 44100 0 12000 256 31000 36000
UNSUBMITTED: 1219334424522
PENDING: null
ACTIVE: 1219334428014
getoutputtime: 1219334542300
DONE: 1219334526025 
Job is running.
Job is running.
Job is running.
Job is running.
Job is running.
Job is running.
Job is running.
Job is running.
Job is running.
Job 2053 has completed.
Writing job STDOUT and STDERR to cache files.
Time employed in compute-1-20.local: 83.2
Returning job success.

ERROR
