DONE 

server: komolongma.ece.uprm.edu
jobmanager: sge
function: experiment-1c
parameters: /home/jas/src/stft2.0.1/main /home/jas/src/stft2.0.1/1-2006-05-12_2100.txt 16384 32 1024 16384 44100 0 12000 256 31000 36000
UNSUBMITTED: 1219296024488
PENDING: null
ACTIVE: 1219296028017
getoutputtime: 1219296152138
DONE: 1219296148073 
Job is running.
Job is running.
Job is running.
Job is running.
Job is running.
Job is running.
Job is running.
Job is running.
Job is running.
Job is running.
Job is running.
Job 1955 has completed.
Writing job STDOUT and STDERR to cache files.
Time employed in compute-1-24.local: 86.42
Returning job success.

ERROR
