DONE 

server: komolongma.ece.uprm.edu
jobmanager: sge
function: experiment-1c
parameters: /home/jas/src/stft2.0.1/main /home/jas/src/stft2.0.1/1-2006-05-12_2100.txt 16384 32 1024 16384 44100 0 12000 256 31000 36000
UNSUBMITTED: 1219365624720
PENDING: null
ACTIVE: 1219365628015
getoutputtime: 1219365729288
DONE: 1219365726022 
Job is running.
Job is running.
Job is running.
Job is running.
Job is running.
Job is running.
Job is running.
Job is running.
Job is running.
Job 2131 has completed.
Writing job STDOUT and STDERR to cache files.
Time employed in compute-2-49.local: 78.65
Returning job success.

ERROR
