DONE 

server: komolongma.ece.uprm.edu
jobmanager: sge
function: experiment-1c
parameters: /home/jas/src/stft2.0.1/main /home/jas/src/stft2.0.1/1-2006-05-12_2100.txt 16384 32 1024 16384 44100 0 12000 256 31000 36000
UNSUBMITTED: 1219320024322
PENDING: 1219320027069
ACTIVE: 1219320029015
getoutputtime: 1219320141445
DONE: 1219320127065 
Job is running.
Job is running.
Job is running.
Job is running.
Job is running.
Job is running.
Job is running.
Job is running.
Job is running.
Job 2017 has completed.
Writing job STDOUT and STDERR to cache files.
Time employed in compute-1-1.local: 84.25
Returning job success.

ERROR
