DONE 

server: komolongma.ece.uprm.edu
jobmanager: sge
function: experiment-1c
parameters: /home/jas/src/stft2.0.1/main /home/jas/src/stft2.0.1/1-2006-05-12_2100.txt 16384 32 1024 16384 44100 0 12000 256 31000 36000
UNSUBMITTED: 1219358424091
PENDING: 1219358427073
ACTIVE: 1219358429065
getoutputtime: 1219358541707
DONE: 1219358527018 
Job is running.
Job is running.
Job is running.
Job is running.
Job is running.
Job is running.
Job is running.
Job is running.
Job is running.
Job 2113 has completed.
Writing job STDOUT and STDERR to cache files.
Time employed in compute-2-39.local: 84.46
Returning job success.

ERROR
