DONE 

server: komolongma.ece.uprm.edu
jobmanager: sge
function: experiment-1c
parameters: /home/jas/src/stft2.0.1/main /home/jas/src/stft2.0.1/1-2006-05-12_2100.txt 16384 32 1024 16384 44100 0 12000 256 32000 37000
UNSUBMITTED: 1219326044943
PENDING: 1219326048065
ACTIVE: 1219326050018
getoutputtime: 1219326161072
DONE: 1219326158067 
Job is running.
Job is running.
Job is running.
Job is running.
Job is running.
Job is running.
Job is running.
Job is running.
Job is running.
Job is running.
Job 2033 has completed.
Writing job STDOUT and STDERR to cache files.
Time employed in compute-2-33.local: 92.28
Returning job success.

ERROR
