DONE 

server: komolongma.ece.uprm.edu
jobmanager: sge
function: experiment-1c
parameters: /home/jas/src/stft2.0.1/main /home/jas/src/stft2.0.1/1-2006-05-12_2100.txt 16384 32 1024 16384 44100 0 12000 256 32000 37000
UNSUBMITTED: 1219297244845
PENDING: 1219297248021
ACTIVE: 1219297250069
getoutputtime: 1219297349203
DONE: 1219297346076 
Job is running.
Job is running.
Job is running.
Job is running.
Job is running.
Job is running.
Job is running.
Job is running.
Job is running.
Job 1959 has completed.
Writing job STDOUT and STDERR to cache files.
Time employed in compute-1-1.local: 81.76
Returning job success.

ERROR
