DONE 

server: komolongma.ece.uprm.edu
jobmanager: sge
function: experiment-1c
parameters: /home/jas/src/stft2.0.1/main /home/jas/src/stft2.0.1/1-2006-05-12_2100.txt 16384 32 1024 16384 44100 0 12000 256 32000 37000
UNSUBMITTED: 1219306844674
PENDING: 1219306848022
ACTIVE: 1219306850068
getoutputtime: 1219306961075
DONE: 1219306958123 
Job is running.
Job is running.
Job is running.
Job is running.
Job is running.
Job is running.
Job is running.
Job is running.
Job is running.
Job is running.
Job 1985 has completed.
Writing job STDOUT and STDERR to cache files.
Time employed in compute-2-41.local: 86.49
Returning job success.

ERROR
