DONE 

server: komolongma.ece.uprm.edu
jobmanager: sge
function: experiment-1c
parameters: /home/jas/src/stft2.0.1/main /home/jas/src/stft2.0.1/1-2006-05-12_2100.txt 16384 32 1024 16384 44100 0 12000 256 31000 36000
UNSUBMITTED: 1219303224884
PENDING: null
ACTIVE: 1219303228013
getoutputtime: 1219303362364
DONE: 1219303348017 
Job is running.
Job is running.
Job is running.
Job is running.
Job is running.
Job is running.
Job is running.
Job is running.
Job is running.
Job is running.
Job is running.
Job 1973 has completed.
Writing job STDOUT and STDERR to cache files.
Time employed in compute-1-13.local: 86.14
Returning job success.

ERROR
