DONE 

server: komolongma.ece.uprm.edu
jobmanager: sge
function: experiment-1c
parameters: /home/jas/src/stft2.0.1/main /home/jas/src/stft2.0.1/1-2006-05-12_2100.txt 16384 32 1024 16384 44100 0 12000 256 31000 36000
UNSUBMITTED: 1220022024985
PENDING: 1220022028054
ACTIVE: 1220022030012
getoutputtime: 1220022131341
DONE: 1220022128066 
Job is running.
Job is running.
Job is running.
Job is running.
Job is running.
Job is running.
Job is running.
Job is running.
Job is running.
Job 3883 has completed.
Writing job STDOUT and STDERR to cache files.
Time employed in compute-2-51.local: 81.8
Returning job success.

ERROR
