DONE 

server: komolongma.ece.uprm.edu
jobmanager: sge
function: experiment-1c
parameters: /home/jas/src/stft2.0.1/main /home/jas/src/stft2.0.1/1-2006-05-12_2100.txt 16384 32 1024 16384 44100 0 12000 256 32000 37000
UNSUBMITTED: 1219993244917
PENDING: null
ACTIVE: 1219993249017
getoutputtime: 1219993350309
DONE: 1219993347065 
Job is running.
Job is running.
Job is running.
Job is running.
Job is running.
Job is running.
Job is running.
Job is running.
Job is running.
Job 3810 has completed.
Writing job STDOUT and STDERR to cache files.
Time employed in compute-2-43.local: 85.09
Returning job success.

ERROR
