DONE 

server: komolongma.ece.uprm.edu
jobmanager: sge
function: experiment-1c
parameters: /home/jas/src/stft2.0.1/main /home/jas/src/stft2.0.1/1-2006-05-12_2100.txt 16384 32 1024 16384 44100 0 12000 256 31000 36000
UNSUBMITTED: 1220056824738
PENDING: 1220056828023
ACTIVE: 1220056830061
getoutputtime: 1220056931280
DONE: 1220056928123 
Job is running.
Job is running.
Job is running.
Job is running.
Job is running.
Job is running.
Job is running.
Job is running.
Job is running.
Job 3973 has completed.
Writing job STDOUT and STDERR to cache files.
Time employed in compute-1-2.local: 79.05
Returning job success.

ERROR
