DONE 

server: komolongma.ece.uprm.edu
jobmanager: sge
function: experiment-1c
parameters: /home/jas/src/stft2.0.1/main /home/jas/src/stft2.0.1/1-2006-05-12_2100.txt 16384 32 1024 16384 44100 0 12000 256 31000 36000
UNSUBMITTED: 1220052024443
PENDING: null
ACTIVE: 1220052028014
getoutputtime: 1220052141558
DONE: 1220052127123 
Job is running.
Job is running.
Job is running.
Job is running.
Job is running.
Job is running.
Job is running.
Job is running.
Job is running.
Job 3958 has completed.
Writing job STDOUT and STDERR to cache files.
Time employed in compute-1-10.local: 84.86
Returning job success.

ERROR
