DONE 

server: komolongma.ece.uprm.edu
jobmanager: sge
function: experiment-1c
parameters: /home/jas/src/stft2.0.1/main /home/jas/src/stft2.0.1/1-2006-05-12_2100.txt 16384 32 1024 16384 44100 0 12000 256 32000 37000
UNSUBMITTED: 1220010044514
PENDING: null
ACTIVE: 1220010048014
getoutputtime: 1220010159518
DONE: 1220010146019 
Job is running.
Job is running.
Job is running.
Job is running.
Job is running.
Job is running.
Job is running.
Job is running.
Job is running.
Job 3854 has completed.
Writing job STDOUT and STDERR to cache files.
Time employed in compute-2-33.local: 79.78
Returning job success.

ERROR
