DONE 

server: komolongma.ece.uprm.edu
jobmanager: sge
function: experiment-1c
parameters: /home/jas/src/stft2.0.1/main /home/jas/src/stft2.0.1/1-2006-05-12_2100.txt 16384 32 1024 16384 44100 0 12000 256 32000 37000
UNSUBMITTED: 1220029245240
PENDING: 1220029248237
ACTIVE: 1220029250025
getoutputtime: 1220029349529
DONE: 1220029346064 
Job is running.
Job is running.
Job is running.
Job is running.
Job is running.
Job is running.
Job is running.
Job is running.
Job is running.
Job 3902 has completed.
Writing job STDOUT and STDERR to cache files.
Time employed in compute-2-50.local: 81
Returning job success.

ERROR
