DONE 

server: komolongma.ece.uprm.edu
jobmanager: sge
function: experiment-1c
parameters: /home/jas/src/stft2.0.1/main /home/jas/src/stft2.0.1/1-2006-05-12_2100.txt 16384 32 1024 16384 44100 0 12000 256 32000 37000
UNSUBMITTED: 1220035244922
PENDING: 1220035248019
ACTIVE: 1220035250070
getoutputtime: 1220035360554
DONE: 1220035346064 
Job is running.
Job is running.
Job is running.
Job is running.
Job is running.
Job is running.
Job is running.
Job is running.
Job is running.
Job 3917 has completed.
Writing job STDOUT and STDERR to cache files.
Time employed in compute-1-2.local: 84.01
Returning job success.

ERROR
