DONE 

server: komolongma.ece.uprm.edu
jobmanager: sge
function: experiment-1c
parameters: /home/jas/src/stft2.0.1/main /home/jas/src/stft2.0.1/1-2006-05-12_2100.txt 16384 32 1024 16384 44100 0 12000 256 31000 36000
UNSUBMITTED: 1220028024373
PENDING: null
ACTIVE: 1220028028019
getoutputtime: 1220028151108
DONE: 1220028148016 
Job is running.
Job is running.
Job is running.
Job is running.
Job is running.
Job is running.
Job is running.
Job is running.
Job is running.
Job is running.
Job is running.
Job 3898 has completed.
Writing job STDOUT and STDERR to cache files.
Time employed in compute-2-31.local: 87.47
Returning job success.

ERROR
