DONE 

server: komolongma.ece.uprm.edu
jobmanager: sge
function: experiment-1c
parameters: /home/jas/src/stft2.0.1/main /home/jas/src/stft2.0.1/1-2006-05-12_2100.txt 16384 32 1024 16384 44100 0 12000 256 31000 36000
UNSUBMITTED: 1220034024524
PENDING: null
ACTIVE: 1220034028069
getoutputtime: 1220034140211
DONE: 1220034126070 
Job is running.
Job is running.
Job is running.
Job is running.
Job is running.
Job is running.
Job is running.
Job is running.
Job is running.
Job 3913 has completed.
Writing job STDOUT and STDERR to cache files.
Time employed in compute-2-33.local: 78.39
Returning job success.

ERROR
