DONE 

server: komolongma.ece.uprm.edu
jobmanager: sge
function: experiment-1c
parameters: /home/jas/src/stft2.0.1/main /home/jas/src/stft2.0.1/1-2006-05-12_2100.txt 16384 32 1024 16384 44100 0 12000 256 31000 36000
UNSUBMITTED: 1220002824099
PENDING: 1220002827021
ACTIVE: 1220002829021
getoutputtime: 1220002928298
DONE: 1220002925023 
Job is running.
Job is running.
Job is running.
Job is running.
Job is running.
Job is running.
Job is running.
Job is running.
Job is running.
Job 3835 has completed.
Writing job STDOUT and STDERR to cache files.
Time employed in compute-1-23.local: 76.22
Returning job success.

ERROR
