DONE 

server: komolongma.ece.uprm.edu
jobmanager: sge
function: experiment-1c
parameters: /home/jas/src/stft2.0.1/main /home/jas/src/stft2.0.1/1-2006-05-12_2100.txt 16384 32 1024 16384 44100 0 12000 256 30000 35000
UNSUBMITTED: 1220061604151
PENDING: null
ACTIVE: 1220061607018
getoutputtime: 1220061730938
DONE: 1220061716016 
Job is running.
Job is running.
Job is running.
Job is running.
Job is running.
Job is running.
Job is running.
Job is running.
Job is running.
Job is running.
Job 3984 has completed.
Writing job STDOUT and STDERR to cache files.
Time employed in compute-1-12.local: 73.86
Returning job success.

ERROR
