DONE 

server: komolongma.ece.uprm.edu
jobmanager: sge
function: experiment-1c
parameters: /home/jas/src/stft2.0.1/main /home/jas/src/stft2.0.1/1-2006-05-12_2100.txt 16384 32 1024 16384 44100 0 12000 256 32000 37000
UNSUBMITTED: 1220012444981
PENDING: null
ACTIVE: 1220012449019
getoutputtime: 1220012572935
DONE: 1220012559066 
Job is running.
Job is running.
Job is running.
Job is running.
Job is running.
Job is running.
Job is running.
Job is running.
Job is running.
Job is running.
Job 3860 has completed.
Writing job STDOUT and STDERR to cache files.
Time employed in compute-2-52.local: 87.07
Returning job success.

ERROR
