DONE 

server: komolongma.ece.uprm.edu
jobmanager: sge
function: experiment-1c
parameters: /home/jas/src/stft2.0.1/main /home/jas/src/stft2.0.1/1-2006-05-12_2100.txt 16384 32 1024 16384 44100 0 12000 256 32000 37000
UNSUBMITTED: 1219999244986
PENDING: null
ACTIVE: 1219999249080
getoutputtime: 1219999359927
DONE: 1219999357067 
Job is running.
Job is running.
Job is running.
Job is running.
Job is running.
Job is running.
Job is running.
Job is running.
Job is running.
Job is running.
Job 3827 has completed.
Writing job STDOUT and STDERR to cache files.
Time employed in compute-1-1.local: 86.69
Returning job success.

ERROR
