DONE 

server: komolongma.ece.uprm.edu
jobmanager: sge
function: experiment-1c
parameters: /home/jas/src/stft2.0.1/main /home/jas/src/stft2.0.1/1-2006-05-12_2100.txt 16384 32 1024 16384 44100 0 12000 256 32000 37000
UNSUBMITTED: 1219994445763
PENDING: 1219994449081
ACTIVE: 1219994451014
getoutputtime: 1219994563082
DONE: 1219994549071 
Job is running.
Job is running.
Job is running.
Job is running.
Job is running.
Job is running.
Job is running.
Job is running.
Job is running.
Job 3815 has completed.
Writing job STDOUT and STDERR to cache files.
Time employed in compute-1-5.local: 80.95
Returning job success.

ERROR
