DONE 

server: komolongma.ece.uprm.edu
jobmanager: sge
function: experiment-1c
parameters: /home/jas/src/stft2.0.1/main /home/jas/src/stft2.0.1/1-2006-05-12_2100.txt 16384 32 1024 16384 44100 0 12000 256 32000 37000
UNSUBMITTED: 1220054445423
PENDING: null
ACTIVE: 1220054449021
getoutputtime: 1220054550143
DONE: 1220054547020 
Job is running.
Job is running.
Job is running.
Job is running.
Job is running.
Job is running.
Job is running.
Job is running.
Job is running.
Job 3967 has completed.
Writing job STDOUT and STDERR to cache files.
Time employed in compute-1-26.local: 79.43
Returning job success.

ERROR
