DONE 

server: komolongma.ece.uprm.edu
jobmanager: sge
function: experiment-1c
parameters: /home/jas/src/stft2.0.1/main /home/jas/src/stft2.0.1/1-2006-05-12_2100.txt 16384 32 1024 16384 44100 0 12000 256 32000 37000
UNSUBMITTED: 1220052044886
PENDING: null
ACTIVE: 1220052049087
getoutputtime: 1220052160417
DONE: 1220052157015 
Job is running.
Job is running.
Job is running.
Job is running.
Job is running.
Job is running.
Job is running.
Job is running.
Job is running.
Job is running.
Job 3959 has completed.
Writing job STDOUT and STDERR to cache files.
Time employed in compute-2-28.local: 87
Returning job success.

ERROR
