DONE 

server: komolongma.ece.uprm.edu
jobmanager: sge
function: experiment-1c
parameters: /home/jas/src/stft2.0.1/main /home/jas/src/stft2.0.1/1-2006-05-12_2100.txt 16384 32 1024 16384 44100 0 12000 256 32000 37000
UNSUBMITTED: 1220040044738
PENDING: 1220040048019
ACTIVE: 1220040050063
getoutputtime: 1220040160077
DONE: 1220040146062 
Job is running.
Job is running.
Job is running.
Job is running.
Job is running.
Job is running.
Job is running.
Job is running.
Job is running.
Job 3929 has completed.
Writing job STDOUT and STDERR to cache files.
Time employed in compute-2-41.local: 82.23
Returning job success.

ERROR
