DONE 

server: komolongma.ece.uprm.edu
jobmanager: sge
function: experiment-1c
parameters: /home/jas/src/stft2.0.1/main /home/jas/src/stft2.0.1/1-2006-05-12_2100.txt 16384 32 1024 16384 44100 0 12000 256 32000 37000
UNSUBMITTED: 1220044845078
PENDING: 1220044848023
ACTIVE: 1220044850018
getoutputtime: 1220044959417
DONE: 1220044956017 
Job is running.
Job is running.
Job is running.
Job is running.
Job is running.
Job is running.
Job is running.
Job is running.
Job is running.
Job is running.
Job 3941 has completed.
Writing job STDOUT and STDERR to cache files.
Time employed in compute-1-24.local: 91.39
Returning job success.

ERROR
