DONE 

server: komolongma.ece.uprm.edu
jobmanager: sge
function: experiment-1c
parameters: /home/jas/src/stft2.0.1/main /home/jas/src/stft2.0.1/1-2006-05-12_2100.txt 16384 32 1024 16384 44100 0 12000 256 31000 36000
UNSUBMITTED: 1219988424401
PENDING: 1219988427020
ACTIVE: 1219988429021
getoutputtime: 1219988540685
DONE: 1219988527013 
Job is running.
Job is running.
Job is running.
Job is running.
Job is running.
Job is running.
Job is running.
Job is running.
Job is running.
Job 3797 has completed.
Writing job STDOUT and STDERR to cache files.
Time employed in compute-2-30.local: 74.48
Returning job success.

ERROR
