DONE 

server: komolongma.ece.uprm.edu
jobmanager: sge
function: experiment-1c
parameters: /home/jas/src/stft2.0.1/main /home/jas/src/stft2.0.1/1-2006-05-12_2100.txt 16384 32 1024 16384 44100 0 12000 256 30000 35000
UNSUBMITTED: 1220016003962
PENDING: null
ACTIVE: 1220016007018
getoutputtime: 1220016120273
DONE: 1220016117118 
Job is running.
Job is running.
Job is running.
Job is running.
Job is running.
Job is running.
Job is running.
Job is running.
Job is running.
Job is running.
Job 3867 has completed.
Writing job STDOUT and STDERR to cache files.
Time employed in compute-1-11.local: 75.49
Returning job success.

ERROR
