DONE 

server: komolongma.ece.uprm.edu
jobmanager: sge
function: experiment-1c
parameters: /home/jas/src/stft2.0.1/main /home/jas/src/stft2.0.1/1-2006-05-12_2100.txt 16384 32 1024 16384 44100 0 12000 256 32000 37000
UNSUBMITTED: 1220018444741
PENDING: 1220018448069
ACTIVE: 1220018450016
getoutputtime: 1220018569909
DONE: 1220018556061 
Job is running.
Job is running.
Job is running.
Job is running.
Job is running.
Job is running.
Job is running.
Job is running.
Job is running.
Job is running.
Job 3875 has completed.
Writing job STDOUT and STDERR to cache files.
Time employed in compute-3-56.local: 100.5
Returning job success.

ERROR
