DONE 

server: komolongma.ece.uprm.edu
jobmanager: sge
function: experiment-1c
parameters: /home/jas/src/stft2.0.1/main /home/jas/src/stft2.0.1/1-2006-05-12_2100.txt 16384 32 1024 16384 44100 0 12000 256 31000 36000
UNSUBMITTED: 1220053224240
PENDING: 1220053227015
ACTIVE: 1220053229021
getoutputtime: 1220053341212
DONE: 1220053327014 
Job is running.
Job is running.
Job is running.
Job is running.
Job is running.
Job is running.
Job is running.
Job is running.
Job is running.
Job 3961 has completed.
Writing job STDOUT and STDERR to cache files.
Time employed in compute-2-50.local: 78.84
Returning job success.

ERROR
