DONE 

server: komolongma.ece.uprm.edu
jobmanager: sge
function: experiment-1c
parameters: /home/jas/src/stft2.0.1/main /home/jas/src/stft2.0.1/1-2006-05-12_2100.txt 16384 32 1024 16384 44100 0 12000 256 30000 35000
UNSUBMITTED: 1220041204200
PENDING: 1220041207015
ACTIVE: 1220041209019
getoutputtime: 1220041331146
DONE: 1220041317015 
Job is running.
Job is running.
Job is running.
Job is running.
Job is running.
Job is running.
Job is running.
Job is running.
Job is running.
Job is running.
Job 3930 has completed.
Writing job STDOUT and STDERR to cache files.
Time employed in compute-2-46.local: 73.9
Returning job success.

ERROR
