DONE 

server: komolongma.ece.uprm.edu
jobmanager: sge
function: experiment-1c
parameters: /home/jas/src/stft2.0.1/main /home/jas/src/stft2.0.1/1-2006-05-12_2100.txt 16384 32 1024 16384 44100 0 12000 256 32000 37000
UNSUBMITTED: 1220050845305
PENDING: 1220050848013
ACTIVE: 1220050850076
getoutputtime: 1220050961292
DONE: 1220050958069 
Job is running.
Job is running.
Job is running.
Job is running.
Job is running.
Job is running.
Job is running.
Job is running.
Job is running.
Job is running.
Job 3956 has completed.
Writing job STDOUT and STDERR to cache files.
Time employed in compute-3-63.local: 86.4
Returning job success.

ERROR
