DONE 

server: komolongma.ece.uprm.edu
jobmanager: sge
function: experiment-1c
parameters: /home/jas/src/stft2.0.1/main /home/jas/src/stft2.0.1/1-2006-05-12_2100.txt 16384 32 1024 16384 44100 0 12000 256 32000 37000
UNSUBMITTED: 1220011245151
PENDING: 1220011249023
ACTIVE: 1220011251075
getoutputtime: 1220011362130
DONE: 1220011347074 
Job is running.
Job is running.
Job is running.
Job is running.
Job is running.
Job is running.
Job is running.
Job is running.
Job is running.
Job 3857 has completed.
Writing job STDOUT and STDERR to cache files.
Time employed in compute-3-59.local: 82.94
Returning job success.

ERROR
