DONE 

server: komolongma.ece.uprm.edu
jobmanager: sge
function: experiment-1c
parameters: /home/jas/src/stft2.0.1/main /home/jas/src/stft2.0.1/1-2006-05-12_2100.txt 16384 32 1024 16384 44100 0 12000 256 32000 37000
UNSUBMITTED: 1220049645232
PENDING: null
ACTIVE: 1220049649018
getoutputtime: 1220049751342
DONE: 1220049748023 
Job is running.
Job is running.
Job is running.
Job is running.
Job is running.
Job is running.
Job is running.
Job is running.
Job is running.
Job 3953 has completed.
Writing job STDOUT and STDERR to cache files.
Time employed in compute-1-22.local: 82.89
Returning job success.

ERROR
