DONE 

server: komolongma.ece.uprm.edu
jobmanager: sge
function: experiment-1c
parameters: /home/jas/src/stft2.0.1/main /home/jas/src/stft2.0.1/1-2006-05-12_2100.txt 16384 32 1024 16384 44100 0 12000 256 32000 37000
UNSUBMITTED: 1220042445336
PENDING: null
ACTIVE: 1220042449090
getoutputtime: 1220042560220
DONE: 1220042557073 
Job is running.
Job is running.
Job is running.
Job is running.
Job is running.
Job is running.
Job is running.
Job is running.
Job is running.
Job is running.
Job 3935 has completed.
Writing job STDOUT and STDERR to cache files.
Time employed in compute-2-53.local: 86.44
Returning job success.

ERROR
