DONE 

server: komolongma.ece.uprm.edu
jobmanager: sge
function: experiment-1c
parameters: /home/jas/src/stft2.0.1/main /home/jas/src/stft2.0.1/1-2006-05-12_2100.txt 16384 32 1024 16384 44100 0 12000 256 30000 35000
UNSUBMITTED: 1220052004517
PENDING: null
ACTIVE: 1220052008015
getoutputtime: 1220052130303
DONE: 1220052116021 
Job is running.
Job is running.
Job is running.
Job is running.
Job is running.
Job is running.
Job is running.
Job is running.
Job is running.
Job is running.
Job 3957 has completed.
Writing job STDOUT and STDERR to cache files.
Time employed in compute-1-15.local: 77.78
Returning job success.

ERROR
