DONE 

server: komolongma.ece.uprm.edu
jobmanager: sge
function: experiment-1c
parameters: /home/jas/src/stft2.0.1/main /home/jas/src/stft2.0.1/1-2006-05-12_2100.txt 16384 32 1024 16384 44100 0 12000 256 31000 36000
UNSUBMITTED: 1220040024609
PENDING: null
ACTIVE: 1220040028017
getoutputtime: 1220040140402
DONE: 1220040126075 
Job is running.
Job is running.
Job is running.
Job is running.
Job is running.
Job is running.
Job is running.
Job is running.
Job is running.
Job 3928 has completed.
Writing job STDOUT and STDERR to cache files.
Time employed in compute-2-43.local: 76.49
Returning job success.

ERROR
