DONE 

server: komolongma.ece.uprm.edu
jobmanager: sge
function: experiment-1c
parameters: /home/jas/src/stft2.0.1/main /home/jas/src/stft2.0.1/1-2006-05-12_2100.txt 16384 32 1024 16384 44100 0 12000 256 31000 36000
UNSUBMITTED: 1220016024015
PENDING: 1220016027016
ACTIVE: 1220016029016
getoutputtime: 1220016141008
DONE: 1220016127179 
Job is running.
Job is running.
Job is running.
Job is running.
Job is running.
Job is running.
Job is running.
Job is running.
Job is running.
Job 3868 has completed.
Writing job STDOUT and STDERR to cache files.
Time employed in compute-2-49.local: 85.01
Returning job success.

ERROR
