DONE 

server: komolongma.ece.uprm.edu
jobmanager: sge
function: experiment-1c
parameters: /home/jas/src/stft2.0.1/main /home/jas/src/stft2.0.1/1-2006-05-12_2100.txt 16384 32 1024 16384 44100 0 12000 256 31000 36000
UNSUBMITTED: 1220020824625
PENDING: null
ACTIVE: 1220020828015
getoutputtime: 1220020940076
DONE: 1220020926074 
Job is running.
Job is running.
Job is running.
Job is running.
Job is running.
Job is running.
Job is running.
Job is running.
Job is running.
Job 3880 has completed.
Writing job STDOUT and STDERR to cache files.
Time employed in compute-1-13.local: 76.26
Returning job success.

ERROR
