DONE 

server: komolongma.ece.uprm.edu
jobmanager: sge
function: experiment-1c
parameters: /home/jas/src/stft2.0.1/main /home/jas/src/stft2.0.1/1-2006-05-12_2100.txt 16384 32 1024 16384 44100 0 12000 256 31000 36000
UNSUBMITTED: 1220055624645
PENDING: null
ACTIVE: 1220055628081
getoutputtime: 1220055729080
DONE: 1220055726067 
Job is running.
Job is running.
Job is running.
Job is running.
Job is running.
Job is running.
Job is running.
Job is running.
Job is running.
Job 3970 has completed.
Writing job STDOUT and STDERR to cache files.
Time employed in compute-2-29.local: 77.57
Returning job success.

ERROR
