DONE 

server: komolongma.ece.uprm.edu
jobmanager: sge
function: experiment-1c
parameters: /home/jas/src/stft2.0.1/main /home/jas/src/stft2.0.1/1-2006-05-12_2100.txt 16384 32 1024 16384 44100 0 12000 256 30000 35000
UNSUBMITTED: 1219998004336
PENDING: null
ACTIVE: 1219998008018
getoutputtime: 1219998130996
DONE: 1219998117070 
Job is running.
Job is running.
Job is running.
Job is running.
Job is running.
Job is running.
Job is running.
Job is running.
Job is running.
Job is running.
Job 3822 has completed.
Writing job STDOUT and STDERR to cache files.
Time employed in compute-1-25.local: 76.1
Returning job success.

ERROR
