DONE 

server: komolongma.ece.uprm.edu
jobmanager: sge
function: experiment-1c
parameters: /home/jas/src/stft2.0.1/main /home/jas/src/stft2.0.1/1-2006-05-12_2100.txt 16384 32 1024 16384 44100 0 12000 256 30000 35000
UNSUBMITTED: 1219986004131
PENDING: 1219986007022
ACTIVE: 1219986009012
getoutputtime: 1219986118962
DONE: 1219986105067 
Job is running.
Job is running.
Job is running.
Job is running.
Job is running.
Job is running.
Job is running.
Job is running.
Job is running.
Job 3790 has completed.
Writing job STDOUT and STDERR to cache files.
Time employed in compute-1-26.local: 71.14
Returning job success.

ERROR
