DONE 

server: komolongma.ece.uprm.edu
jobmanager: sge
function: experiment-1c
parameters: /home/jas/src/stft2.0.1/main /home/jas/src/stft2.0.1/1-2006-05-12_2100.txt 16384 32 1024 16384 44100 0 12000 256 31000 36000
UNSUBMITTED: 1220026824605
PENDING: 1220026827020
ACTIVE: 1220026829017
getoutputtime: 1220026940605
DONE: 1220026927069 
Job is running.
Job is running.
Job is running.
Job is running.
Job is running.
Job is running.
Job is running.
Job is running.
Job is running.
Job 3895 has completed.
Writing job STDOUT and STDERR to cache files.
Time employed in compute-1-15.local: 82.57
Returning job success.

ERROR
