DONE 

server: komolongma.ece.uprm.edu
jobmanager: sge
function: experiment-1c
parameters: /home/jas/src/stft2.0.1/main /home/jas/src/stft2.0.1/1-2006-05-12_2100.txt 16384 32 1024 16384 44100 0 12000 256 30000 35000
UNSUBMITTED: 1220055603904
PENDING: null
ACTIVE: 1220055607025
getoutputtime: 1220055718899
DONE: 1220055715070 
Job is running.
Job is running.
Job is running.
Job is running.
Job is running.
Job is running.
Job is running.
Job is running.
Job is running.
Job is running.
Job 3969 has completed.
Writing job STDOUT and STDERR to cache files.
Time employed in compute-2-33.local: 76.63
Returning job success.

ERROR
