DONE 

server: komolongma.ece.uprm.edu
jobmanager: sge
function: experiment-1c
parameters: /home/jas/src/stft2.0.1/main /home/jas/src/stft2.0.1/1-2006-05-12_2100.txt 16384 32 1024 16384 44100 0 12000 256 31000 36000
UNSUBMITTED: 1220024424238
PENDING: null
ACTIVE: 1220024428013
getoutputtime: 1220024540008
DONE: 1220024526121 
Job is running.
Job is running.
Job is running.
Job is running.
Job is running.
Job is running.
Job is running.
Job is running.
Job is running.
Job 3889 has completed.
Writing job STDOUT and STDERR to cache files.
Time employed in compute-1-17.local: 83.42
Returning job success.

ERROR
