DONE 

server: komolongma.ece.uprm.edu
jobmanager: sge
function: experiment-1c
parameters: /home/jas/src/stft2.0.1/main /home/jas/src/stft2.0.1/1-2006-05-12_2100.txt 16384 32 1024 16384 44100 0 12000 256 32000 37000
UNSUBMITTED: 1219988445199
PENDING: null
ACTIVE: 1219988449019
getoutputtime: 1219988561008
DONE: 1219988547016 
Job is running.
Job is running.
Job is running.
Job is running.
Job is running.
Job is running.
Job is running.
Job is running.
Job is running.
Job 3798 has completed.
Writing job STDOUT and STDERR to cache files.
Time employed in compute-3-59.local: 76.61
Returning job success.

ERROR
