DONE 

server: komolongma.ece.uprm.edu
jobmanager: sge
function: experiment-1c
parameters: /home/jas/src/stft2.0.1/main /home/jas/src/stft2.0.1/1-2006-05-12_2100.txt 16384 32 1024 16384 44100 0 12000 256 32000 37000
UNSUBMITTED: 1220041246869
PENDING: 1220041250012
ACTIVE: 1220041252015
getoutputtime: 1220041375328
DONE: 1220041372022 
Job is running.
Job is running.
Job is running.
Job is running.
Job is running.
Job is running.
Job is running.
Job is running.
Job is running.
Job is running.
Job is running.
Job 3932 has completed.
Writing job STDOUT and STDERR to cache files.
Time employed in compute-1-8.local: 87.18
Returning job success.

ERROR
