DONE 

server: komolongma.ece.uprm.edu
jobmanager: sge
function: experiment-1c
parameters: /home/jas/src/stft2.0.1/main /home/jas/src/stft2.0.1/1-2006-05-12_2100.txt 16384 32 1024 16384 44100 0 12000 256 32000 37000
UNSUBMITTED: 1220062844813
PENDING: 1220062848023
ACTIVE: 1220062850077
getoutputtime: 1220062951820
DONE: 1220062948107 
Job is running.
Job is running.
Job is running.
Job is running.
Job is running.
Job is running.
Job is running.
Job is running.
Job is running.
Job 3989 has completed.
Writing job STDOUT and STDERR to cache files.
Time employed in compute-1-4.local: 84.29
Returning job success.

ERROR
