DONE 

server: komolongma.ece.uprm.edu
jobmanager: sge
function: experiment-1c
parameters: /home/jas/src/stft2.0.1/main /home/jas/src/stft2.0.1/1-2006-05-12_2100.txt 16384 32 1024 16384 44100 0 12000 256 32000 37000
UNSUBMITTED: 1220026844859
PENDING: 1220026848081
ACTIVE: 1220026850019
getoutputtime: 1220026961582
DONE: 1220026948012 
Job is running.
Job is running.
Job is running.
Job is running.
Job is running.
Job is running.
Job is running.
Job is running.
Job is running.
Job 3896 has completed.
Writing job STDOUT and STDERR to cache files.
Time employed in compute-3-57.local: 84.68
Returning job success.

ERROR
