DONE 

server: komolongma.ece.uprm.edu
jobmanager: sge
function: experiment-1c
parameters: /home/jas/src/stft2.0.1/main /home/jas/src/stft2.0.1/1-2006-05-12_2100.txt 16384 32 1024 16384 44100 0 12000 256 32000 37000
UNSUBMITTED: 1220034044916
PENDING: 1220034048017
ACTIVE: 1220034050022
getoutputtime: 1220034149500
DONE: 1220034146015 
Job is running.
Job is running.
Job is running.
Job is running.
Job is running.
Job is running.
Job is running.
Job is running.
Job is running.
Job 3914 has completed.
Writing job STDOUT and STDERR to cache files.
Time employed in compute-2-29.local: 82.47
Returning job success.

ERROR
