DONE 

server: komolongma.ece.uprm.edu
jobmanager: sge
function: experiment-1c
parameters: /home/jas/src/stft2.0.1/main /home/jas/src/stft2.0.1/1-2006-05-12_2100.txt 16384 32 1024 16384 44100 0 12000 256 30000 35000
UNSUBMITTED: 1220014803961
PENDING: null
ACTIVE: 1220014807022
getoutputtime: 1220014929714
DONE: 1220014915069 
Job is running.
Job is running.
Job is running.
Job is running.
Job is running.
Job is running.
Job is running.
Job is running.
Job is running.
Job is running.
Job 3864 has completed.
Writing job STDOUT and STDERR to cache files.
Time employed in compute-1-12.local: 82.53
Returning job success.

ERROR
