DONE 

server: komolongma.ece.uprm.edu
jobmanager: sge
function: experiment-1c
parameters: /home/jas/src/stft2.0.1/main /home/jas/src/stft2.0.1/1-2006-05-12_2100.txt 16384 32 1024 16384 44100 0 12000 256 31000 36000
UNSUBMITTED: 1219995624933
PENDING: 1219995628072
ACTIVE: 1219995630066
getoutputtime: 1219995732818
DONE: 1219995729021 
Job is running.
Job is running.
Job is running.
Job is running.
Job is running.
Job is running.
Job is running.
Job is running.
Job is running.
Job 3817 has completed.
Writing job STDOUT and STDERR to cache files.
Time employed in compute-1-4.local: 75.02
Returning job success.

ERROR
