DONE 

server: komolongma.ece.uprm.edu
jobmanager: sge
function: experiment-1c
parameters: /home/jas/src/stft2.0.1/main /home/jas/src/stft2.0.1/1-2006-05-12_2100.txt 16384 32 1024 16384 44100 0 12000 256 32000 37000
UNSUBMITTED: 1220061645413
PENDING: 1220061649021
ACTIVE: 1220061651019
getoutputtime: 1220061751441
DONE: 1220061748015 
Job is running.
Job is running.
Job is running.
Job is running.
Job is running.
Job is running.
Job is running.
Job is running.
Job is running.
Job 3986 has completed.
Writing job STDOUT and STDERR to cache files.
Time employed in compute-1-5.local: 80.79
Returning job success.

ERROR
