DONE 

server: komolongma.ece.uprm.edu
jobmanager: sge
function: experiment-1c
parameters: /home/jas/src/stft2.0.1/main /home/jas/src/stft2.0.1/1-2006-05-12_2100.txt 16384 32 1024 16384 44100 0 12000 256 32000 37000
UNSUBMITTED: 1219987244927
PENDING: null
ACTIVE: 1219987249086
getoutputtime: 1219987372843
DONE: 1219987359012 
Job is running.
Job is running.
Job is running.
Job is running.
Job is running.
Job is running.
Job is running.
Job is running.
Job is running.
Job is running.
Job 3795 has completed.
Writing job STDOUT and STDERR to cache files.
Time employed in compute-2-33.local: 93.24
Returning job success.

ERROR
