DONE 

server: komolongma.ece.uprm.edu
jobmanager: sge
function: experiment-1c
parameters: /home/jas/src/stft2.0.1/main /home/jas/src/stft2.0.1/1-2006-05-12_2100.txt 16384 32 1024 16384 44100 0 12000 256 31000 36000
UNSUBMITTED: 1219989624626
PENDING: null
ACTIVE: 1219989628018
getoutputtime: 1219989740294
DONE: 1219989726228 
Job is running.
Job is running.
Job is running.
Job is running.
Job is running.
Job is running.
Job is running.
Job is running.
Job is running.
Job 3800 has completed.
Writing job STDOUT and STDERR to cache files.
Time employed in compute-1-2.local: 80.54
Returning job success.

ERROR
