DONE 

server: komolongma.ece.uprm.edu
jobmanager: sge
function: experiment-1c
parameters: /home/jas/src/stft2.0.1/main /home/jas/src/stft2.0.1/1-2006-05-12_2100.txt 16384 32 1024 16384 44100 0 12000 256 32000 37000
UNSUBMITTED: 1220048445548
PENDING: null
ACTIVE: 1220048449013
getoutputtime: 1220048560508
DONE: 1220048547070 
Job is running.
Job is running.
Job is running.
Job is running.
Job is running.
Job is running.
Job is running.
Job is running.
Job is running.
Job 3950 has completed.
Writing job STDOUT and STDERR to cache files.
Time employed in compute-2-42.local: 80.69
Returning job success.

ERROR
