DONE 

server: komolongma.ece.uprm.edu
jobmanager: sge
function: experiment-1c
parameters: /home/jas/src/stft2.0.1/main /home/jas/src/stft2.0.1/1-2006-05-12_2100.txt 16384 32 1024 16384 44100 0 12000 256 31000 36000
UNSUBMITTED: 1220008824215
PENDING: 1220008827012
ACTIVE: 1220008829012
getoutputtime: 1220008974990
DONE: 1220008961018 
Job is running.
Job is running.
Job is running.
Job is running.
Job is running.
Job is running.
Job is running.
Job is running.
Job is running.
Job is running.
Job is running.
Job is running.
Job 3850 has completed.
Writing job STDOUT and STDERR to cache files.
Time employed in compute-1-26.local: 104.95
Returning job success.

ERROR
