DONE 

server: komolongma.ece.uprm.edu
jobmanager: sge
function: experiment-1c
parameters: /home/jas/src/stft2.0.1/main /home/jas/src/stft2.0.1/1-2006-05-12_2100.txt 16384 32 1024 16384 44100 0 12000 256 31000 36000
UNSUBMITTED: 1219998024247
PENDING: 1219998027013
ACTIVE: 1219998029017
getoutputtime: 1219998141300
DONE: 1219998127120 
Job is running.
Job is running.
Job is running.
Job is running.
Job is running.
Job is running.
Job is running.
Job is running.
Job is running.
Job 3823 has completed.
Writing job STDOUT and STDERR to cache files.
Time employed in compute-2-32.local: 76.33
Returning job success.

ERROR
