DONE 

server: komolongma.ece.uprm.edu
jobmanager: sge
function: experiment-1c
parameters: /home/jas/src/stft2.0.1/main /home/jas/src/stft2.0.1/1-2006-05-12_2100.txt 16384 32 1024 16384 44100 0 12000 256 32000 37000
UNSUBMITTED: 1220059245219
PENDING: null
ACTIVE: 1220059249019
getoutputtime: 1220059361300
DONE: 1220059347129 
Job is running.
Job is running.
Job is running.
Job is running.
Job is running.
Job is running.
Job is running.
Job is running.
Job is running.
Job 3980 has completed.
Writing job STDOUT and STDERR to cache files.
Time employed in compute-3-58.local: 83.28
Returning job success.

ERROR
