DONE 

server: komolongma.ece.uprm.edu
jobmanager: sge
function: experiment-1c
parameters: /home/jas/src/stft2.0.1/main /home/jas/src/stft2.0.1/1-2006-05-12_2100.txt 16384 32 1024 16384 44100 0 12000 256 31000 36000
UNSUBMITTED: 1219986023864
PENDING: 1219986027131
ACTIVE: 1219986029015
getoutputtime: 1219986138910
DONE: 1219986125015 
Job is running.
Job is running.
Job is running.
Job is running.
Job is running.
Job is running.
Job is running.
Job is running.
Job is running.
Job 3791 has completed.
Writing job STDOUT and STDERR to cache files.
Time employed in compute-1-27.local: 80.29
Returning job success.

ERROR
