DONE 

server: komolongma.ece.uprm.edu
jobmanager: sge
function: experiment-1c
parameters: /home/jas/src/stft2.0.1/main /home/jas/src/stft2.0.1/1-2006-05-12_2100.txt 16384 32 1024 16384 44100 0 12000 256 30000 35000
UNSUBMITTED: 1220031603582
PENDING: null
ACTIVE: 1220031607015
getoutputtime: 1220031730982
DONE: 1220031717062 
Job is running.
Job is running.
Job is running.
Job is running.
Job is running.
Job is running.
Job is running.
Job is running.
Job is running.
Job is running.
Job 3906 has completed.
Writing job STDOUT and STDERR to cache files.
Time employed in compute-1-7.local: 71.76
Returning job success.

ERROR
