DONE 

server: komolongma.ece.uprm.edu
jobmanager: sge
function: experiment-1c
parameters: /home/jas/src/stft2.0.1/main /home/jas/src/stft2.0.1/1-2006-05-12_2100.txt 16384 32 1024 16384 44100 0 12000 256 30000 35000
UNSUBMITTED: 1220020804361
PENDING: 1220020807012
ACTIVE: 1220020809022
getoutputtime: 1220020929944
DONE: 1220020915064 
Job is running.
Job is running.
Job is running.
Job is running.
Job is running.
Job is running.
Job is running.
Job is running.
Job is running.
Job is running.
Job 3879 has completed.
Writing job STDOUT and STDERR to cache files.
Time employed in compute-1-6.local: 76.59
Returning job success.

ERROR
