DONE 

server: komolongma.ece.uprm.edu
jobmanager: sge
function: experiment-1c
parameters: /home/jas/src/stft2.0.1/main /home/jas/src/stft2.0.1/1-2006-05-12_2100.txt 16384 32 1024 16384 44100 0 12000 256 32000 37000
UNSUBMITTED: 1220013644421
PENDING: 1220013648033
ACTIVE: 1220013650129
getoutputtime: 1220013760606
DONE: 1220013747016 
Job is running.
Job is running.
Job is running.
Job is running.
Job is running.
Job is running.
Job is running.
Job is running.
Job is running.
Job 3863 has completed.
Writing job STDOUT and STDERR to cache files.
Time employed in compute-2-44.local: 79.81
Returning job success.

ERROR
