DONE 

server: komolongma.ece.uprm.edu
jobmanager: sge
function: experiment-1c
parameters: /home/jas/src/stft2.0.1/main /home/jas/src/stft2.0.1/1-2006-05-12_2100.txt 16384 32 1024 16384 44100 0 12000 256 31000 36000
UNSUBMITTED: 1220014824272
PENDING: null
ACTIVE: 1220014828019
getoutputtime: 1220014929240
DONE: 1220014926020 
Job is running.
Job is running.
Job is running.
Job is running.
Job is running.
Job is running.
Job is running.
Job is running.
Job is running.
Job 3865 has completed.
Writing job STDOUT and STDERR to cache files.
Time employed in compute-2-38.local: 78.31
Returning job success.

ERROR
