DONE 

server: komolongma.ece.uprm.edu
jobmanager: sge
function: experiment-1c
parameters: /home/jas/src/stft2.0.1/main /home/jas/src/stft2.0.1/1-2006-05-12_2100.txt 16384 32 1024 16384 44100 0 12000 256 31000 36000
UNSUBMITTED: 1220047225200
PENDING: 1220047228020
ACTIVE: 1220047230017
getoutputtime: 1220047342247
DONE: 1220047328073 
Job is running.
Job is running.
Job is running.
Job is running.
Job is running.
Job is running.
Job is running.
Job is running.
Job is running.
Job 3946 has completed.
Writing job STDOUT and STDERR to cache files.
Time employed in compute-1-18.local: 78.37
Returning job success.

ERROR
