DONE 

server: komolongma.ece.uprm.edu
jobmanager: sge
function: experiment-1c
parameters: /home/jas/src/stft2.0.1/main /home/jas/src/stft2.0.1/1-2006-05-12_2100.txt 16384 32 1024 16384 44100 0 12000 256 32000 37000
UNSUBMITTED: 1220025645077
PENDING: null
ACTIVE: 1220025648077
getoutputtime: 1220025759874
DONE: 1220025746065 
Job is running.
Job is running.
Job is running.
Job is running.
Job is running.
Job is running.
Job is running.
Job is running.
Job is running.
Job 3893 has completed.
Writing job STDOUT and STDERR to cache files.
Time employed in compute-1-9.local: 80.22
Returning job success.

ERROR
