DONE 

server: komolongma.ece.uprm.edu
jobmanager: sge
function: experiment-1c
parameters: /home/jas/src/stft2.0.1/main /home/jas/src/stft2.0.1/1-2006-05-12_2100.txt 16384 32 1024 16384 44100 0 12000 256 30000 35000
UNSUBMITTED: 1220037604101
PENDING: null
ACTIVE: 1220037607077
getoutputtime: 1220037731133
DONE: 1220037717062 
Job is running.
Job is running.
Job is running.
Job is running.
Job is running.
Job is running.
Job is running.
Job is running.
Job is running.
Job is running.
Job 3921 has completed.
Writing job STDOUT and STDERR to cache files.
Time employed in compute-2-52.local: 77.15
Returning job success.

ERROR
