DONE 

server: komolongma.ece.uprm.edu
jobmanager: sge
function: experiment-1c
parameters: /home/jas/src/stft2.0.1/main /home/jas/src/stft2.0.1/1-2006-05-12_2100.txt 16384 32 1024 16384 44100 0 12000 256 31000 36000
UNSUBMITTED: 1220062824110
PENDING: 1220062827016
ACTIVE: 1220062829063
getoutputtime: 1220062941997
DONE: 1220062928017 
Job is running.
Job is running.
Job is running.
Job is running.
Job is running.
Job is running.
Job is running.
Job is running.
Job is running.
Job 3988 has completed.
Writing job STDOUT and STDERR to cache files.
Time employed in compute-1-8.local: 81.76
Returning job success.

ERROR
