DONE 

server: komolongma.ece.uprm.edu
jobmanager: sge
function: experiment-1c
parameters: /home/jas/src/stft2.0.1/main /home/jas/src/stft2.0.1/1-2006-05-12_2100.txt 16384 32 1024 16384 44100 0 12000 256 31000 36000
UNSUBMITTED: 1220018424549
PENDING: 1220018427013
ACTIVE: 1220018429014
getoutputtime: 1220018539090
DONE: 1220018525015 
Job is running.
Job is running.
Job is running.
Job is running.
Job is running.
Job is running.
Job is running.
Job is running.
Job is running.
Job 3874 has completed.
Writing job STDOUT and STDERR to cache files.
Time employed in compute-1-4.local: 78.46
Returning job success.

ERROR
