DONE 

server: komolongma.ece.uprm.edu
jobmanager: sge
function: experiment-1c
parameters: /home/jas/src/stft2.0.1/main /home/jas/src/stft2.0.1/1-2006-05-12_2100.txt 16384 32 1024 16384 44100 0 12000 256 32000 37000
UNSUBMITTED: 1220028045530
PENDING: 1220028048017
ACTIVE: 1220028050070
getoutputtime: 1220028161318
DONE: 1220028158070 
Job is running.
Job is running.
Job is running.
Job is running.
Job is running.
Job is running.
Job is running.
Job is running.
Job is running.
Job is running.
Job 3899 has completed.
Writing job STDOUT and STDERR to cache files.
Time employed in compute-3-63.local: 91.3
Returning job success.

ERROR
