DONE 

server: komolongma.ece.uprm.edu
jobmanager: sge
function: experiment-1c
parameters: /home/jas/src/stft2.0.1/main /home/jas/src/stft2.0.1/1-2006-05-12_2100.txt 16384 32 1024 16384 44100 0 12000 256 31000 36000
UNSUBMITTED: 1220023224140
PENDING: 1220023227014
ACTIVE: 1220023229020
getoutputtime: 1220023339449
DONE: 1220023325075 
Job is running.
Job is running.
Job is running.
Job is running.
Job is running.
Job is running.
Job is running.
Job is running.
Job is running.
Job 3886 has completed.
Writing job STDOUT and STDERR to cache files.
Time employed in compute-1-1.local: 85
Returning job success.

ERROR
