DONE 

server: komolongma.ece.uprm.edu
jobmanager: sge
function: experiment-1c
parameters: /home/jas/src/stft2.0.1/main /home/jas/src/stft2.0.1/1-2006-05-12_2100.txt 16384 32 1024 16384 44100 0 12000 256 30000 35000
UNSUBMITTED: 1220001604177
PENDING: null
ACTIVE: 1220001607015
getoutputtime: 1220001731103
DONE: 1220001717061 
Job is running.
Job is running.
Job is running.
Job is running.
Job is running.
Job is running.
Job is running.
Job is running.
Job is running.
Job is running.
Job 3831 has completed.
Writing job STDOUT and STDERR to cache files.
Time employed in compute-1-21.local: 72.94
Returning job success.

ERROR
