DONE 

server: komolongma.ece.uprm.edu
jobmanager: sge
function: experiment-1c
parameters: /home/jas/src/stft2.0.1/main /home/jas/src/stft2.0.1/1-2006-05-12_2100.txt 16384 32 1024 16384 44100 0 12000 256 32000 37000
UNSUBMITTED: 1220005244580
PENDING: 1220005248224
ACTIVE: 1220005250022
getoutputtime: 1220005360532
DONE: 1220005346222 
Job is running.
Job is running.
Job is running.
Job is running.
Job is running.
Job is running.
Job is running.
Job is running.
Job is running.
Job 3842 has completed.
Writing job STDOUT and STDERR to cache files.
Time employed in compute-1-20.local: 82.47
Returning job success.

ERROR
