DONE 

server: komolongma.ece.uprm.edu
jobmanager: sge
function: experiment-1c
parameters: /home/jas/src/stft2.0.1/main /home/jas/src/stft2.0.1/1-2006-05-12_2100.txt 16384 32 1024 16384 44100 0 12000 256 32000 37000
UNSUBMITTED: 1220008845081
PENDING: 1220008849020
ACTIVE: 1220008851091
getoutputtime: 1220008964129
DONE: 1220008950070 
Job is running.
Job is running.
Job is running.
Job is running.
Job is running.
Job is running.
Job is running.
Job is running.
Job is running.
Job 3851 has completed.
Writing job STDOUT and STDERR to cache files.
Time employed in compute-1-3.local: 84.31
Returning job success.

ERROR
