DONE 

server: komolongma.ece.uprm.edu
jobmanager: sge
function: experiment-1c
parameters: /home/jas/src/stft2.0.1/main /home/jas/src/stft2.0.1/1-2006-05-12_2100.txt 16384 32 1024 16384 44100 0 12000 256 31000 36000
UNSUBMITTED: 1220011224363
PENDING: null
ACTIVE: 1220011228014
getoutputtime: 1220011363360
DONE: 1220011348092 
Job is running.
Job is running.
Job is running.
Job is running.
Job is running.
Job is running.
Job is running.
Job is running.
Job is running.
Job is running.
Job is running.
Job 3856 has completed.
Writing job STDOUT and STDERR to cache files.
Time employed in compute-2-30.local: 95.54
Returning job success.

ERROR
