DONE 

server: komolongma.ece.uprm.edu
jobmanager: sge
function: experiment-1c
parameters: /home/jas/src/stft2.0.1/main /home/jas/src/stft2.0.1/1-2006-05-12_2100.txt 16384 32 1024 16384 44100 0 12000 256 32000 37000
UNSUBMITTED: 1220023245203
PENDING: 1220023248049
ACTIVE: 1220023250015
getoutputtime: 1220023349133
DONE: 1220023346064 
Job is running.
Job is running.
Job is running.
Job is running.
Job is running.
Job is running.
Job is running.
Job is running.
Job is running.
Job 3887 has completed.
Writing job STDOUT and STDERR to cache files.
Time employed in compute-2-40.local: 80.14
Returning job success.

ERROR
