DONE 

server: komolongma.ece.uprm.edu
jobmanager: sge
function: experiment-1c
parameters: /home/jas/src/stft2.0.1/main /home/jas/src/stft2.0.1/1-2006-05-12_2100.txt 16384 32 1024 16384 44100 0 12000 256 30000 35000
UNSUBMITTED: 1220038805250
PENDING: 1220038808014
ACTIVE: 1220038810022
getoutputtime: 1220038932962
DONE: 1220038918076 
Job is running.
Job is running.
Job is running.
Job is running.
Job is running.
Job is running.
Job is running.
Job is running.
Job is running.
Job is running.
Job 3924 has completed.
Writing job STDOUT and STDERR to cache files.
Time employed in compute-2-38.local: 75.89
Returning job success.

ERROR
