DONE 

server: komolongma.ece.uprm.edu
jobmanager: sge
function: experiment-1c
parameters: /home/jas/src/stft2.0.1/main /home/jas/src/stft2.0.1/1-2006-05-12_2100.txt 16384 32 1024 16384 44100 0 12000 256 32000 37000
UNSUBMITTED: 1220043645356
PENDING: null
ACTIVE: 1220043649088
getoutputtime: 1220043760068
DONE: 1220043757065 
Job is running.
Job is running.
Job is running.
Job is running.
Job is running.
Job is running.
Job is running.
Job is running.
Job is running.
Job is running.
Job 3938 has completed.
Writing job STDOUT and STDERR to cache files.
Time employed in compute-1-25.local: 96.31
Returning job success.

ERROR
