DONE 

server: komolongma.ece.uprm.edu
jobmanager: sge
function: experiment-1c
parameters: /home/jas/src/stft2.0.1/main /home/jas/src/stft2.0.1/1-2006-05-12_2100.txt 16384 32 1024 16384 44100 0 12000 256 31000 36000
UNSUBMITTED: 1220031624609
PENDING: 1220031628014
ACTIVE: 1220031630017
getoutputtime: 1220031742412
DONE: 1220031728069 
Job is running.
Job is running.
Job is running.
Job is running.
Job is running.
Job is running.
Job is running.
Job is running.
Job is running.
Job 3907 has completed.
Writing job STDOUT and STDERR to cache files.
Time employed in compute-1-27.local: 80.12
Returning job success.

ERROR
