DONE 

server: komolongma.ece.uprm.edu
jobmanager: sge
function: experiment-1c
parameters: /home/jas/src/stft2.0.1/main /home/jas/src/stft2.0.1/1-2006-05-12_2100.txt 16384 32 1024 16384 44100 0 12000 256 32000 37000
UNSUBMITTED: 1220019645413
PENDING: 1220019649118
ACTIVE: 1220019651015
getoutputtime: 1220019750221
DONE: 1220019747068 
Job is running.
Job is running.
Job is running.
Job is running.
Job is running.
Job is running.
Job is running.
Job is running.
Job is running.
Job 3878 has completed.
Writing job STDOUT and STDERR to cache files.
Time employed in compute-2-35.local: 82.79
Returning job success.

ERROR
