DONE 

server: komolongma.ece.uprm.edu
jobmanager: sge
function: experiment-1c
parameters: /home/jas/src/stft2.0.1/main /home/jas/src/stft2.0.1/1-2006-05-12_2100.txt 16384 32 1024 16384 44100 0 12000 256 30000 35000
UNSUBMITTED: 1220002803714
PENDING: null
ACTIVE: 1220002807027
getoutputtime: 1220002920294
DONE: 1220002917124 
Job is running.
Job is running.
Job is running.
Job is running.
Job is running.
Job is running.
Job is running.
Job is running.
Job is running.
Job is running.
Job 3834 has completed.
Writing job STDOUT and STDERR to cache files.
Time employed in compute-1-15.local: 84.13
Returning job success.

ERROR
