DONE 

server: komolongma.ece.uprm.edu
jobmanager: sge
function: experiment-1c
parameters: /home/jas/src/stft2.0.1/main /home/jas/src/stft2.0.1/1-2006-05-12_2100.txt 16384 32 1024 16384 44100 0 12000 256 30000 35000
UNSUBMITTED: 1220042403664
PENDING: null
ACTIVE: 1220042407033
getoutputtime: 1220042520341
DONE: 1220042517118 
Job is running.
Job is running.
Job is running.
Job is running.
Job is running.
Job is running.
Job is running.
Job is running.
Job is running.
Job is running.
Job 3933 has completed.
Writing job STDOUT and STDERR to cache files.
Time employed in compute-1-4.local: 79.19
Returning job success.

ERROR
