DONE 

server: komolongma.ece.uprm.edu
jobmanager: sge
function: experiment-1c
parameters: /home/jas/src/stft2.0.1/main /home/jas/src/stft2.0.1/1-2006-05-12_2100.txt 16384 32 1024 16384 44100 0 12000 256 32000 37000
UNSUBMITTED: 1220036444942
PENDING: 1220036448013
ACTIVE: 1220036450020
getoutputtime: 1220036571973
DONE: 1220036558073 
Job is running.
Job is running.
Job is running.
Job is running.
Job is running.
Job is running.
Job is running.
Job is running.
Job is running.
Job is running.
Job 3920 has completed.
Writing job STDOUT and STDERR to cache files.
Time employed in compute-2-47.local: 88.8
Returning job success.

ERROR
