DONE 

server: komolongma.ece.uprm.edu
jobmanager: sge
function: experiment-1c
parameters: /home/jas/src/stft2.0.1/main /home/jas/src/stft2.0.1/1-2006-05-12_2100.txt 16384 32 1024 16384 44100 0 12000 256 32000 37000
UNSUBMITTED: 1220020844590
PENDING: null
ACTIVE: 1220020848016
getoutputtime: 1220020969918
DONE: 1220020956066 
Job is running.
Job is running.
Job is running.
Job is running.
Job is running.
Job is running.
Job is running.
Job is running.
Job is running.
Job is running.
Job 3881 has completed.
Writing job STDOUT and STDERR to cache files.
Time employed in compute-1-25.local: 86.26
Returning job success.

ERROR
