DONE 

server: komolongma.ece.uprm.edu
jobmanager: sge
function: experiment-1c
parameters: /home/jas/src/stft2.0.1/main /home/jas/src/stft2.0.1/1-2006-05-12_2100.txt 16384 32 1024 16384 44100 0 12000 256 30000 35000
UNSUBMITTED: 1220035203646
PENDING: 1220035206021
ACTIVE: 1220035208022
getoutputtime: 1220035331381
DONE: 1220035328113 
Job is running.
Job is running.
Job is running.
Job is running.
Job is running.
Job is running.
Job is running.
Job is running.
Job is running.
Job is running.
Job is running.
Job 3915 has completed.
Writing job STDOUT and STDERR to cache files.
Time employed in compute-2-30.local: 87.25
Returning job success.

ERROR
