DONE 

server: komolongma.ece.uprm.edu
jobmanager: sge
function: experiment-1c
parameters: /home/jas/src/stft2.0.1/main /home/jas/src/stft2.0.1/1-2006-05-12_2100.txt 16384 32 1024 16384 44100 0 12000 256 31000 36000
UNSUBMITTED: 1220044824831
PENDING: null
ACTIVE: 1220044828016
getoutputtime: 1220044940075
DONE: 1220044926021 
Job is running.
Job is running.
Job is running.
Job is running.
Job is running.
Job is running.
Job is running.
Job is running.
Job is running.
Job 3940 has completed.
Writing job STDOUT and STDERR to cache files.
Time employed in compute-2-51.local: 80.84
Returning job success.

ERROR
