DONE 

server: komolongma.ece.uprm.edu
jobmanager: sge
function: experiment-1c
parameters: /home/jas/src/stft2.0.1/main /home/jas/src/stft2.0.1/1-2006-05-12_2100.txt 16384 32 1024 16384 44100 0 12000 256 30000 35000
UNSUBMITTED: 1220011204216
PENDING: null
ACTIVE: 1220011207022
getoutputtime: 1220011330853
DONE: 1220011317021 
Job is running.
Job is running.
Job is running.
Job is running.
Job is running.
Job is running.
Job is running.
Job is running.
Job is running.
Job is running.
Job 3855 has completed.
Writing job STDOUT and STDERR to cache files.
Time employed in compute-2-29.local: 75.07
Returning job success.

ERROR
