DONE 

server: komolongma.ece.uprm.edu
jobmanager: sge
function: experiment-1c
parameters: /home/jas/src/stft2.0.1/main /home/jas/src/stft2.0.1/1-2006-05-12_2100.txt 16384 32 1024 16384 44100 0 12000 256 32000 37000
UNSUBMITTED: 1219998045329
PENDING: 1219998048013
ACTIVE: 1219998050019
getoutputtime: 1219998160408
DONE: 1219998146026 
Job is running.
Job is running.
Job is running.
Job is running.
Job is running.
Job is running.
Job is running.
Job is running.
Job is running.
Job 3824 has completed.
Writing job STDOUT and STDERR to cache files.
Time employed in compute-2-51.local: 81.62
Returning job success.

ERROR
