DONE 

server: komolongma.ece.uprm.edu
jobmanager: sge
function: experiment-1c
parameters: /home/jas/src/stft2.0.1/main /home/jas/src/stft2.0.1/1-2006-05-12_2100.txt 16384 32 1024 16384 44100 0 12000 256 31000 36000
UNSUBMITTED: 1220025624693
PENDING: null
ACTIVE: 1220025628018
getoutputtime: 1220025739959
DONE: 1220025726132 
Job is running.
Job is running.
Job is running.
Job is running.
Job is running.
Job is running.
Job is running.
Job is running.
Job is running.
Job 3892 has completed.
Writing job STDOUT and STDERR to cache files.
Time employed in compute-1-23.local: 75.73
Returning job success.

ERROR
