DONE 

server: komolongma.ece.uprm.edu
jobmanager: sge
function: experiment-1c
parameters: /home/jas/src/stft2.0.1/main /home/jas/src/stft2.0.1/1-2006-05-12_2100.txt 16384 32 1024 16384 44100 0 12000 256 31000 36000
UNSUBMITTED: 1220048424650
PENDING: null
ACTIVE: 1220048428022
getoutputtime: 1220048530217
DONE: 1220048527094 
Job is running.
Job is running.
Job is running.
Job is running.
Job is running.
Job is running.
Job is running.
Job is running.
Job is running.
Job 3949 has completed.
Writing job STDOUT and STDERR to cache files.
Time employed in compute-1-21.local: 77.59
Returning job success.

ERROR
