DONE 

server: komolongma.ece.uprm.edu
jobmanager: sge
function: experiment-1c
parameters: /home/jas/src/stft2.0.1/main /home/jas/src/stft2.0.1/1-2006-05-12_2100.txt 16384 32 1024 16384 44100 0 12000 256 31000 36000
UNSUBMITTED: 1220012424248
PENDING: null
ACTIVE: 1220012427076
getoutputtime: 1220012541064
DONE: 1220012527208 
Job is running.
Job is running.
Job is running.
Job is running.
Job is running.
Job is running.
Job is running.
Job is running.
Job is running.
Job 3859 has completed.
Writing job STDOUT and STDERR to cache files.
Time employed in compute-1-2.local: 77.83
Returning job success.

ERROR
