DONE 

server: komolongma.ece.uprm.edu
jobmanager: sge
function: experiment-1c
parameters: /home/jas/src/stft2.0.1/main /home/jas/src/stft2.0.1/1-2006-05-12_2100.txt 16384 32 1024 16384 44100 0 12000 256 31000 36000
UNSUBMITTED: 1219982424478
PENDING: 1219982427016
ACTIVE: 1219982429020
getoutputtime: 1219982528339
DONE: 1219982525018 
Job is running.
Job is running.
Job is running.
Job is running.
Job is running.
Job is running.
Job is running.
Job is running.
Job is running.
Job 3782 has completed.
Writing job STDOUT and STDERR to cache files.
Time employed in compute-2-28.local: 75.77
Returning job success.

ERROR
