DONE 

server: komolongma.ece.uprm.edu
jobmanager: sge
function: experiment-1c
parameters: /home/jas/src/stft2.0.1/main /home/jas/src/stft2.0.1/1-2006-05-12_2100.txt 16384 32 1024 16384 44100 0 12000 256 32000 37000
UNSUBMITTED: 1220047244964
PENDING: 1220047248024
ACTIVE: 1220047250015
getoutputtime: 1220047361023
DONE: 1220047358013 
Job is running.
Job is running.
Job is running.
Job is running.
Job is running.
Job is running.
Job is running.
Job is running.
Job is running.
Job is running.
Job 3947 has completed.
Writing job STDOUT and STDERR to cache files.
Time employed in compute-1-17.local: 88.14
Returning job success.

ERROR
