DONE 

server: komolongma.ece.uprm.edu
jobmanager: sge
function: experiment-1c
parameters: /home/jas/src/stft2.0.1/main /home/jas/src/stft2.0.1/1-2006-05-12_2100.txt 16384 32 1024 16384 44100 0 12000 256 32000 37000
UNSUBMITTED: 1219984844791
PENDING: 1219984848038
ACTIVE: 1219984850071
getoutputtime: 1219984949083
DONE: 1219984946022 
Job is running.
Job is running.
Job is running.
Job is running.
Job is running.
Job is running.
Job is running.
Job is running.
Job is running.
Job 3789 has completed.
Writing job STDOUT and STDERR to cache files.
Time employed in compute-2-48.local: 81.83
Returning job success.

ERROR
