DONE 

server: komolongma.ece.uprm.edu
jobmanager: sge
function: experiment-1c
parameters: /home/jas/src/stft2.0.1/main /home/jas/src/stft2.0.1/1-2006-05-12_2100.txt 16384 32 1024 16384 44100 0 12000 256 32000 37000
UNSUBMITTED: 1220007644822
PENDING: 1220007648017
ACTIVE: 1220007650014
getoutputtime: 1220007771717
DONE: 1220007758023 
Job is running.
Job is running.
Job is running.
Job is running.
Job is running.
Job is running.
Job is running.
Job is running.
Job is running.
Job is running.
Job 3848 has completed.
Writing job STDOUT and STDERR to cache files.
Time employed in compute-1-27.local: 89.59
Returning job success.

ERROR
