DONE 

server: komolongma.ece.uprm.edu
jobmanager: sge
function: experiment-1c
parameters: /home/jas/src/stft2.0.1/main /home/jas/src/stft2.0.1/1-2006-05-12_2100.txt 16384 32 1024 16384 44100 0 12000 256 30000 35000
UNSUBMITTED: 1219256404190
PENDING: null
ACTIVE: 1219256407018
getoutputtime: 1219256530768
DONE: 1219256517067 
Job is running.
Job is running.
Job is running.
Job is running.
Job is running.
Job is running.
Job is running.
Job is running.
Job is running.
Job is running.
Job 1855 has completed.
Writing job STDOUT and STDERR to cache files.
Time employed in compute-2-33.local: 73.42
Returning job success.

ERROR
