DONE 

server: komolongma.ece.uprm.edu
jobmanager: sge
function: experiment-1c
parameters: /home/jas/src/stft2.0.1/main /home/jas/src/stft2.0.1/1-2006-05-12_2100.txt 16384 32 1024 16384 44100 0 12000 256 31000 36000
UNSUBMITTED: 1219210824419
PENDING: 1219210827014
ACTIVE: 1219210829072
getoutputtime: 1219210942761
DONE: 1219210928244 
Job is running.
Job is running.
Job is running.
Job is running.
Job is running.
Job is running.
Job is running.
Job is running.
Job is running.
Job 1739 has completed.
Writing job STDOUT and STDERR to cache files.
Time employed in compute-1-26.local: 76.48
Returning job success.

ERROR
