DONE 

server: komolongma.ece.uprm.edu
jobmanager: sge
function: experiment-1c
parameters: /home/jas/src/stft2.0.1/main /home/jas/src/stft2.0.1/1-2006-05-12_2100.txt 16384 32 1024 16384 44100 0 12000 256 32000 37000
UNSUBMITTED: 1219257644700
PENDING: 1219257648041
ACTIVE: 1219257650013
getoutputtime: 1219257760541
DONE: 1219257757124 
Job is running.
Job is running.
Job is running.
Job is running.
Job is running.
Job is running.
Job is running.
Job is running.
Job is running.
Job is running.
Job 1860 has completed.
Writing job STDOUT and STDERR to cache files.
Time employed in compute-2-44.local: 88.8
Returning job success.

ERROR
