DONE 

server: komolongma.ece.uprm.edu
jobmanager: sge
function: experiment-1c
parameters: /home/jas/src/stft2.0.1/main /home/jas/src/stft2.0.1/1-2006-05-12_2100.txt 16384 32 1024 16384 44100 0 12000 256 30000 35000
UNSUBMITTED: 1219207204195
PENDING: 1219207207019
ACTIVE: 1219207209024
getoutputtime: 1219207320018
DONE: 1219207317022 
Job is running.
Job is running.
Job is running.
Job is running.
Job is running.
Job is running.
Job is running.
Job is running.
Job is running.
Job is running.
Job 1729 has completed.
Writing job STDOUT and STDERR to cache files.
Time employed in compute-1-11.local: 72.6
Returning job success.

ERROR
