DONE 

server: komolongma.ece.uprm.edu
jobmanager: sge
function: experiment-1c
parameters: /home/jas/src/stft2.0.1/main /home/jas/src/stft2.0.1/1-2006-05-12_2100.txt 16384 32 1024 16384 44100 0 12000 256 32000 37000
UNSUBMITTED: 1219290045237
PENDING: 1219290048017
ACTIVE: 1219290050063
getoutputtime: 1219290161382
DONE: 1219290158068 
Job is running.
Job is running.
Job is running.
Job is running.
Job is running.
Job is running.
Job is running.
Job is running.
Job is running.
Job is running.
Job 1941 has completed.
Writing job STDOUT and STDERR to cache files.
Time employed in compute-1-22.local: 94.14
Returning job success.

ERROR
