DONE 

server: komolongma.ece.uprm.edu
jobmanager: sge
function: experiment-1c
parameters: /home/jas/src/stft2.0.1/main /home/jas/src/stft2.0.1/1-2006-05-12_2100.txt 16384 32 1024 16384 44100 0 12000 256 32000 37000
UNSUBMITTED: 1219219245356
PENDING: 1219219248019
ACTIVE: 1219219250018
getoutputtime: 1219219360642
DONE: 1219219346128 
Job is running.
Job is running.
Job is running.
Job is running.
Job is running.
Job is running.
Job is running.
Job is running.
Job is running.
Job 1761 has completed.
Writing job STDOUT and STDERR to cache files.
Time employed in compute-2-40.local: 83.35
Returning job success.

ERROR
