DONE 

server: komolongma.ece.uprm.edu
jobmanager: sge
function: experiment-1c
parameters: /home/jas/src/stft2.0.1/main /home/jas/src/stft2.0.1/1-2006-05-12_2100.txt 16384 32 1024 16384 44100 0 12000 256 31000 36000
UNSUBMITTED: 1219270824396
PENDING: 1219270827017
ACTIVE: 1219270829014
getoutputtime: 1219270931485
DONE: 1219270928022 
Job is running.
Job is running.
Job is running.
Job is running.
Job is running.
Job is running.
Job is running.
Job is running.
Job is running.
Job 1892 has completed.
Writing job STDOUT and STDERR to cache files.
Time employed in compute-2-49.local: 77.67
Returning job success.

ERROR
