DONE 

server: komolongma.ece.uprm.edu
jobmanager: sge
function: experiment-1c
parameters: /home/jas/src/stft2.0.1/main /home/jas/src/stft2.0.1/1-2006-05-12_2100.txt 16384 32 1024 16384 44100 0 12000 256 32000 37000
UNSUBMITTED: 1219240845407
PENDING: null
ACTIVE: 1219240849013
getoutputtime: 1219240949961
DONE: 1219240947060 
Job is running.
Job is running.
Job is running.
Job is running.
Job is running.
Job is running.
Job is running.
Job is running.
Job is running.
Job 1815 has completed.
Writing job STDOUT and STDERR to cache files.
Time employed in compute-1-20.local: 81.95
Returning job success.

ERROR
