DONE 

server: komolongma.ece.uprm.edu
jobmanager: sge
function: experiment-1c
parameters: /home/jas/src/stft2.0.1/main /home/jas/src/stft2.0.1/1-2006-05-12_2100.txt 16384 32 1024 16384 44100 0 12000 256 31000 36000
UNSUBMITTED: 1219278024208
PENDING: 1219278027021
ACTIVE: 1219278029036
getoutputtime: 1219278130252
DONE: 1219278127067 
Job is running.
Job is running.
Job is running.
Job is running.
Job is running.
Job is running.
Job is running.
Job is running.
Job is running.
Job 1910 has completed.
Writing job STDOUT and STDERR to cache files.
Time employed in compute-3-58.local: 82.74
Returning job success.

ERROR
