DONE 

server: komolongma.ece.uprm.edu
jobmanager: sge
function: experiment-1c
parameters: /home/jas/src/stft2.0.1/main /home/jas/src/stft2.0.1/1-2006-05-12_2100.txt 16384 32 1024 16384 44100 0 12000 256 30000 35000
UNSUBMITTED: 1219261204260
PENDING: null
ACTIVE: 1219261207089
getoutputtime: 1219261331339
DONE: 1219261317019 
Job is running.
Job is running.
Job is running.
Job is running.
Job is running.
Job is running.
Job is running.
Job is running.
Job is running.
Job is running.
Job 1867 has completed.
Writing job STDOUT and STDERR to cache files.
Time employed in compute-1-15.local: 73.21
Returning job success.

ERROR
