DONE 

server: komolongma.ece.uprm.edu
jobmanager: sge
function: experiment-1c
parameters: /home/jas/src/stft2.0.1/main /home/jas/src/stft2.0.1/1-2006-05-12_2100.txt 16384 32 1024 16384 44100 0 12000 256 30000 35000
UNSUBMITTED: 1219269604215
PENDING: 1219269607014
ACTIVE: 1219269609022
getoutputtime: 1219269719807
DONE: 1219269716071 
Job is running.
Job is running.
Job is running.
Job is running.
Job is running.
Job is running.
Job is running.
Job is running.
Job is running.
Job is running.
Job 1888 has completed.
Writing job STDOUT and STDERR to cache files.
Time employed in compute-2-53.local: 75.65
Returning job success.

ERROR
