DONE 

server: komolongma.ece.uprm.edu
jobmanager: sge
function: experiment-1c
parameters: /home/jas/src/stft2.0.1/main /home/jas/src/stft2.0.1/1-2006-05-12_2100.txt 16384 32 1024 16384 44100 0 12000 256 32000 37000
UNSUBMITTED: 1219284044837
PENDING: 1219284048014
ACTIVE: 1219284050074
getoutputtime: 1219284149160
DONE: 1219284146015 
Job is running.
Job is running.
Job is running.
Job is running.
Job is running.
Job is running.
Job is running.
Job is running.
Job is running.
Job 1926 has completed.
Writing job STDOUT and STDERR to cache files.
Time employed in compute-1-15.local: 82.13
Returning job success.

ERROR
