DONE 

server: komolongma.ece.uprm.edu
jobmanager: sge
function: experiment-1c
parameters: /home/jas/src/stft2.0.1/main /home/jas/src/stft2.0.1/1-2006-05-12_2100.txt 16384 32 1024 16384 44100 0 12000 256 32000 37000
UNSUBMITTED: 1219237244532
PENDING: 1219237248019
ACTIVE: 1219237250064
getoutputtime: 1219237360342
DONE: 1219237346076 
Job is running.
Job is running.
Job is running.
Job is running.
Job is running.
Job is running.
Job is running.
Job is running.
Job is running.
Job 1806 has completed.
Writing job STDOUT and STDERR to cache files.
Time employed in compute-1-5.local: 84.64
Returning job success.

ERROR
