DONE 

server: komolongma.ece.uprm.edu
jobmanager: sge
function: experiment-1c
parameters: /home/jas/src/stft2.0.1/main /home/jas/src/stft2.0.1/1-2006-05-12_2100.txt 16384 32 1024 16384 44100 0 12000 256 32000 37000
UNSUBMITTED: 1219231244947
PENDING: 1219231248014
ACTIVE: 1219231250076
getoutputtime: 1219231350971
DONE: 1219231348061 
Job is running.
Job is running.
Job is running.
Job is running.
Job is running.
Job is running.
Job is running.
Job is running.
Job is running.
Job 1791 has completed.
Writing job STDOUT and STDERR to cache files.
Time employed in compute-2-37.local: 84.81
Returning job success.

ERROR
