DONE 

server: komolongma.ece.uprm.edu
jobmanager: sge
function: experiment-1c
parameters: /home/jas/src/stft2.0.1/main /home/jas/src/stft2.0.1/1-2006-05-12_2100.txt 16384 32 1024 16384 44100 0 12000 256 30000 35000
UNSUBMITTED: 1219215604106
PENDING: null
ACTIVE: 1219215607063
getoutputtime: 1219215730739
DONE: 1219215716024 
Job is running.
Job is running.
Job is running.
Job is running.
Job is running.
Job is running.
Job is running.
Job is running.
Job is running.
Job is running.
Job 1750 has completed.
Writing job STDOUT and STDERR to cache files.
Time employed in compute-1-15.local: 77.39
Returning job success.

ERROR
