DONE 

server: komolongma.ece.uprm.edu
jobmanager: sge
function: experiment-1c
parameters: /home/jas/src/stft2.0.1/main /home/jas/src/stft2.0.1/1-2006-05-12_2100.txt 16384 32 1024 16384 44100 0 12000 256 30000 35000
UNSUBMITTED: 1219232403793
PENDING: null
ACTIVE: 1219232407021
getoutputtime: 1219232529822
DONE: 1219232515183 
Job is running.
Job is running.
Job is running.
Job is running.
Job is running.
Job is running.
Job is running.
Job is running.
Job is running.
Job is running.
Job 1792 has completed.
Writing job STDOUT and STDERR to cache files.
Time employed in compute-3-58.local: 82.67
Returning job success.

ERROR
