DONE 

server: komolongma.ece.uprm.edu
jobmanager: sge
function: experiment-1c
parameters: /home/jas/src/stft2.0.1/main /home/jas/src/stft2.0.1/1-2006-05-12_2100.txt 16384 32 1024 16384 44100 0 12000 256 30000 35000
UNSUBMITTED: 1219242004054
PENDING: 1219242007023
ACTIVE: 1219242009022
getoutputtime: 1219242133133
DONE: 1219242118075 
Job is running.
Job is running.
Job is running.
Job is running.
Job is running.
Job is running.
Job is running.
Job is running.
Job is running.
Job is running.
Job 1817 has completed.
Writing job STDOUT and STDERR to cache files.
Time employed in compute-2-45.local: 75.88
Returning job success.

ERROR
