DONE 

server: komolongma.ece.uprm.edu
jobmanager: sge
function: experiment-1c
parameters: /home/jas/src/stft2.0.1/main /home/jas/src/stft2.0.1/1-2006-05-12_2100.txt 16384 32 1024 16384 44100 0 12000 256 30000 35000
UNSUBMITTED: 1219228804392
PENDING: 1219228807020
ACTIVE: 1219228809015
getoutputtime: 1219228929789
DONE: 1219228915026 
Job is running.
Job is running.
Job is running.
Job is running.
Job is running.
Job is running.
Job is running.
Job is running.
Job is running.
Job is running.
Job 1783 has completed.
Writing job STDOUT and STDERR to cache files.
Time employed in compute-2-36.local: 75.03
Returning job success.

ERROR
