DONE 

server: komolongma.ece.uprm.edu
jobmanager: sge
function: experiment-1c
parameters: /home/jas/src/stft2.0.1/main /home/jas/src/stft2.0.1/1-2006-05-12_2100.txt 16384 32 1024 16384 44100 0 12000 256 30000 35000
UNSUBMITTED: 1219233604529
PENDING: 1219233607013
ACTIVE: 1219233609012
getoutputtime: 1219233730864
DONE: 1219233717116 
Job is running.
Job is running.
Job is running.
Job is running.
Job is running.
Job is running.
Job is running.
Job is running.
Job is running.
Job is running.
Job 1795 has completed.
Writing job STDOUT and STDERR to cache files.
Time employed in compute-2-33.local: 74.93
Returning job success.

ERROR
