DONE 

server: komolongma.ece.uprm.edu
jobmanager: sge
function: experiment-1c
parameters: /home/jas/src/stft2.0.1/main /home/jas/src/stft2.0.1/1-2006-05-12_2100.txt 16384 32 1024 16384 44100 0 12000 256 30000 35000
UNSUBMITTED: 1219257603754
PENDING: null
ACTIVE: 1219257607019
getoutputtime: 1219257729709
DONE: 1219257715205 
Job is running.
Job is running.
Job is running.
Job is running.
Job is running.
Job is running.
Job is running.
Job is running.
Job is running.
Job is running.
Job 1858 has completed.
Writing job STDOUT and STDERR to cache files.
Time employed in compute-2-38.local: 76.13
Returning job success.

ERROR
