DONE 

server: komolongma.ece.uprm.edu
jobmanager: sge
function: experiment-1c
parameters: /home/jas/src/stft2.0.1/main /home/jas/src/stft2.0.1/1-2006-05-12_2100.txt 16384 32 1024 16384 44100 0 12000 256 32000 37000
UNSUBMITTED: 1219246845081
PENDING: 1219246848012
ACTIVE: 1219246850067
getoutputtime: 1219246959962
DONE: 1219246946013 
Job is running.
Job is running.
Job is running.
Job is running.
Job is running.
Job is running.
Job is running.
Job is running.
Job is running.
Job 1833 has completed.
Writing job STDOUT and STDERR to cache files.
Time employed in compute-2-49.local: 79.93
Returning job success.

ERROR
