DONE 

server: komolongma.ece.uprm.edu
jobmanager: sge
function: experiment-1c
parameters: /home/jas/src/stft2.0.1/main /home/jas/src/stft2.0.1/1-2006-05-12_2100.txt 16384 32 1024 16384 44100 0 12000 256 31000 36000
UNSUBMITTED: 1219244424457
PENDING: 1219244428018
ACTIVE: 1219244430114
getoutputtime: 1219244532206
DONE: 1219244529067 
Job is running.
Job is running.
Job is running.
Job is running.
Job is running.
Job is running.
Job is running.
Job is running.
Job is running.
Job 1826 has completed.
Writing job STDOUT and STDERR to cache files.
Time employed in compute-2-43.local: 76.34
Returning job success.

ERROR
