DONE 

server: komolongma.ece.uprm.edu
jobmanager: sge
function: experiment-1c
parameters: /home/jas/src/stft2.0.1/main /home/jas/src/stft2.0.1/1-2006-05-12_2100.txt 16384 32 1024 16384 44100 0 12000 256 32000 37000
UNSUBMITTED: 1219248044880
PENDING: 1219248048020
ACTIVE: 1219248050069
getoutputtime: 1219248149365
DONE: 1219248146023 
Job is running.
Job is running.
Job is running.
Job is running.
Job is running.
Job is running.
Job is running.
Job is running.
Job is running.
Job 1836 has completed.
Writing job STDOUT and STDERR to cache files.
Time employed in compute-1-3.local: 82.8
Returning job success.

ERROR
