DONE 

server: komolongma.ece.uprm.edu
jobmanager: sge
function: experiment-1c
parameters: /home/jas/src/stft2.0.1/main /home/jas/src/stft2.0.1/1-2006-05-12_2100.txt 16384 32 1024 16384 44100 0 12000 256 32000 37000
UNSUBMITTED: 1219288844521
PENDING: 1219288848039
ACTIVE: 1219288850036
getoutputtime: 1219288971991
DONE: 1219288958067 
Job is running.
Job is running.
Job is running.
Job is running.
Job is running.
Job is running.
Job is running.
Job is running.
Job is running.
Job is running.
Job 1938 has completed.
Writing job STDOUT and STDERR to cache files.
Time employed in compute-2-40.local: 89.07
Returning job success.

ERROR
