DONE 

server: komolongma.ece.uprm.edu
jobmanager: sge
function: experiment-1c
parameters: /home/jas/src/stft2.0.1/main /home/jas/src/stft2.0.1/1-2006-05-12_2100.txt 16384 32 1024 16384 44100 0 12000 256 31000 36000
UNSUBMITTED: 1219272024561
PENDING: null
ACTIVE: 1219272028019
getoutputtime: 1219272141761
DONE: 1219272127021 
Job is running.
Job is running.
Job is running.
Job is running.
Job is running.
Job is running.
Job is running.
Job is running.
Job is running.
Job 1895 has completed.
Writing job STDOUT and STDERR to cache files.
Time employed in compute-1-3.local: 78.35
Returning job success.

ERROR
