DONE 

server: komolongma.ece.uprm.edu
jobmanager: sge
function: experiment-1c
parameters: /home/jas/src/stft2.0.1/main /home/jas/src/stft2.0.1/1-2006-05-12_2100.txt 16384 32 1024 16384 44100 0 12000 256 31000 36000
UNSUBMITTED: 1219290024093
PENDING: 1219290027016
ACTIVE: 1219290029016
getoutputtime: 1219290140802
DONE: 1219290127015 
Job is running.
Job is running.
Job is running.
Job is running.
Job is running.
Job is running.
Job is running.
Job is running.
Job is running.
Job 1940 has completed.
Writing job STDOUT and STDERR to cache files.
Time employed in compute-2-32.local: 84.35
Returning job success.

ERROR
