DONE 

server: komolongma.ece.uprm.edu
jobmanager: sge
function: experiment-1c
parameters: /home/jas/src/stft2.0.1/main /home/jas/src/stft2.0.1/1-2006-05-12_2100.txt 16384 32 1024 16384 44100 0 12000 256 32000 37000
UNSUBMITTED: 1219266044829
PENDING: 1219266048014
ACTIVE: 1219266050014
getoutputtime: 1219266160007
DONE: 1219266146064 
Job is running.
Job is running.
Job is running.
Job is running.
Job is running.
Job is running.
Job is running.
Job is running.
Job is running.
Job 1881 has completed.
Writing job STDOUT and STDERR to cache files.
Time employed in compute-2-32.local: 83.21
Returning job success.

ERROR
