DONE 

server: komolongma.ece.uprm.edu
jobmanager: sge
function: experiment-1c
parameters: /home/jas/src/stft2.0.1/main /home/jas/src/stft2.0.1/1-2006-05-12_2100.txt 16384 32 1024 16384 44100 0 12000 256 32000 37000
UNSUBMITTED: 1219232444475
PENDING: 1219232448022
ACTIVE: 1219232450019
getoutputtime: 1219232561075
DONE: 1219232546018 
Job is running.
Job is running.
Job is running.
Job is running.
Job is running.
Job is running.
Job is running.
Job is running.
Job is running.
Job 1794 has completed.
Writing job STDOUT and STDERR to cache files.
Time employed in compute-1-12.local: 81.62
Returning job success.

ERROR
