DONE 

server: komolongma.ece.uprm.edu
jobmanager: sge
function: experiment-1c
parameters: /home/jas/src/stft2.0.1/main /home/jas/src/stft2.0.1/1-2006-05-12_2100.txt 16384 32 1024 16384 44100 0 12000 256 32000 37000
UNSUBMITTED: 1219207245286
PENDING: null
ACTIVE: 1219207249012
getoutputtime: 1219207360548
DONE: 1219207347012 
Job is running.
Job is running.
Job is running.
Job is running.
Job is running.
Job is running.
Job is running.
Job is running.
Job is running.
Job 1731 has completed.
Writing job STDOUT and STDERR to cache files.
Time employed in compute-1-25.local: 82.2
Returning job success.

ERROR
