DONE 

server: komolongma.ece.uprm.edu
jobmanager: sge
function: experiment-1c
parameters: /home/jas/src/stft2.0.1/main /home/jas/src/stft2.0.1/1-2006-05-12_2100.txt 16384 32 1024 16384 44100 0 12000 256 31000 36000
UNSUBMITTED: 1219254025084
PENDING: 1219254028024
ACTIVE: 1219254030060
getoutputtime: 1219254142012
DONE: 1219254128014 
Job is running.
Job is running.
Job is running.
Job is running.
Job is running.
Job is running.
Job is running.
Job is running.
Job is running.
Job 1850 has completed.
Writing job STDOUT and STDERR to cache files.
Time employed in compute-2-37.local: 83.81
Returning job success.

ERROR
