DONE 

server: komolongma.ece.uprm.edu
jobmanager: sge
function: experiment-1c
parameters: /home/jas/src/stft2.0.1/main /home/jas/src/stft2.0.1/1-2006-05-12_2100.txt 16384 32 1024 16384 44100 0 12000 256 30000 35000
UNSUBMITTED: 1219244403767
PENDING: 1219244407017
ACTIVE: 1219244409018
getoutputtime: 1219244520717
DONE: 1219244517073 
Job is running.
Job is running.
Job is running.
Job is running.
Job is running.
Job is running.
Job is running.
Job is running.
Job is running.
Job is running.
Job 1825 has completed.
Writing job STDOUT and STDERR to cache files.
Time employed in compute-2-32.local: 81.27
Returning job success.

ERROR
