DONE 

server: komolongma.ece.uprm.edu
jobmanager: sge
function: experiment-1c
parameters: /home/jas/src/stft2.0.1/main /home/jas/src/stft2.0.1/1-2006-05-12_2100.txt 16384 32 1024 16384 44100 0 12000 256 32000 37000
UNSUBMITTED: 1219267245386
PENDING: null
ACTIVE: 1219267249018
getoutputtime: 1219267359998
DONE: 1219267357062 
Job is running.
Job is running.
Job is running.
Job is running.
Job is running.
Job is running.
Job is running.
Job is running.
Job is running.
Job is running.
Job 1884 has completed.
Writing job STDOUT and STDERR to cache files.
Time employed in compute-2-43.local: 88.25
Returning job success.

ERROR
