DONE 

server: komolongma.ece.uprm.edu
jobmanager: sge
function: experiment-1c
parameters: /home/jas/src/stft2.0.1/main /home/jas/src/stft2.0.1/1-2006-05-12_2100.txt 16384 32 1024 16384 44100 0 12000 256 31000 36000
UNSUBMITTED: 1219212024448
PENDING: 1219212027048
ACTIVE: 1219212029066
getoutputtime: 1219212139716
DONE: 1219212125087 
Job is running.
Job is running.
Job is running.
Job is running.
Job is running.
Job is running.
Job is running.
Job is running.
Job is running.
Job 1742 has completed.
Writing job STDOUT and STDERR to cache files.
Time employed in compute-2-47.local: 76.02
Returning job success.

ERROR
