DONE 

server: komolongma.ece.uprm.edu
jobmanager: sge
function: experiment-1c
parameters: /home/jas/src/stft2.0.1/main /home/jas/src/stft2.0.1/1-2006-05-12_2100.txt 16384 32 1024 16384 44100 0 12000 256 32000 37000
UNSUBMITTED: 1219210845261
PENDING: 1219210848069
ACTIVE: 1219210850203
getoutputtime: 1219210959523
DONE: 1219210956013 
Job is running.
Job is running.
Job is running.
Job is running.
Job is running.
Job is running.
Job is running.
Job is running.
Job is running.
Job is running.
Job 1740 has completed.
Writing job STDOUT and STDERR to cache files.
Time employed in compute-1-21.local: 85.52
Returning job success.

ERROR
