DONE 

server: komolongma.ece.uprm.edu
jobmanager: sge
function: experiment-1c
parameters: /home/jas/src/stft2.0.1/main /home/jas/src/stft2.0.1/1-2006-05-12_2100.txt 16384 32 1024 16384 44100 0 12000 256 31000 36000
UNSUBMITTED: 1219266024376
PENDING: 1219266027015
ACTIVE: 1219266029130
getoutputtime: 1219266130231
DONE: 1219266127063 
Job is running.
Job is running.
Job is running.
Job is running.
Job is running.
Job is running.
Job is running.
Job is running.
Job is running.
Job 1880 has completed.
Writing job STDOUT and STDERR to cache files.
Time employed in compute-2-48.local: 76.87
Returning job success.

ERROR
