DONE 

server: komolongma.ece.uprm.edu
jobmanager: sge
function: experiment-1c
parameters: /home/jas/src/stft2.0.1/main /home/jas/src/stft2.0.1/1-2006-05-12_2100.txt 16384 32 1024 16384 44100 0 12000 256 30000 35000
UNSUBMITTED: 1219230004312
PENDING: 1219230007022
ACTIVE: 1219230009014
getoutputtime: 1219230119284
DONE: 1219230116182 
Job is running.
Job is running.
Job is running.
Job is running.
Job is running.
Job is running.
Job is running.
Job is running.
Job is running.
Job is running.
Job 1786 has completed.
Writing job STDOUT and STDERR to cache files.
Time employed in compute-1-18.local: 85.1
Returning job success.

ERROR
