DONE 

server: komolongma.ece.uprm.edu
jobmanager: sge
function: experiment-1c
parameters: /home/jas/src/stft2.0.1/main /home/jas/src/stft2.0.1/1-2006-05-12_2100.txt 16384 32 1024 16384 44100 0 12000 256 32000 37000
UNSUBMITTED: 1219234845095
PENDING: 1219234848012
ACTIVE: 1219234850013
getoutputtime: 1219234960359
DONE: 1219234946065 
Job is running.
Job is running.
Job is running.
Job is running.
Job is running.
Job is running.
Job is running.
Job is running.
Job is running.
Job 1800 has completed.
Writing job STDOUT and STDERR to cache files.
Time employed in compute-1-26.local: 84.37
Returning job success.

ERROR
