DONE 

server: komolongma.ece.uprm.edu
jobmanager: sge
function: experiment-1c
parameters: /home/jas/src/stft2.0.1/main /home/jas/src/stft2.0.1/1-2006-05-12_2100.txt 16384 32 1024 16384 44100 0 12000 256 32000 37000
UNSUBMITTED: 1219254044611
PENDING: 1219254048132
ACTIVE: 1219254050021
getoutputtime: 1219254171209
DONE: 1219254157068 
Job is running.
Job is running.
Job is running.
Job is running.
Job is running.
Job is running.
Job is running.
Job is running.
Job is running.
Job is running.
Job 1851 has completed.
Writing job STDOUT and STDERR to cache files.
Time employed in compute-3-58.local: 86.35
Returning job success.

ERROR
