DONE 

server: komolongma.ece.uprm.edu
jobmanager: sge
function: experiment-1c
parameters: /home/jas/src/stft2.0.1/main /home/jas/src/stft2.0.1/1-2006-05-12_2100.txt 16384 32 1024 16384 44100 0 12000 256 32000 37000
UNSUBMITTED: 1219244445841
PENDING: null
ACTIVE: 1219244450020
getoutputtime: 1219244594187
DONE: 1219244591125 
Job is running.
Job is running.
Job is running.
Job is running.
Job is running.
Job is running.
Job is running.
Job is running.
Job is running.
Job is running.
Job is running.
Job is running.
Job is running.
Job 1827 has completed.
Writing job STDOUT and STDERR to cache files.
Time employed in compute-2-51.local: 104.01
Returning job success.

ERROR
