DONE 

server: komolongma.ece.uprm.edu
jobmanager: sge
function: experiment-1c
parameters: /home/jas/src/stft2.0.1/main /home/jas/src/stft2.0.1/1-2006-05-12_2100.txt 16384 32 1024 16384 44100 0 12000 256 31000 36000
UNSUBMITTED: 1219249224845
PENDING: 1219249228072
ACTIVE: 1219249230018
getoutputtime: 1219249363978
DONE: 1219249350017 
Job is running.
Job is running.
Job is running.
Job is running.
Job is running.
Job is running.
Job is running.
Job is running.
Job is running.
Job is running.
Job is running.
Job 1838 has completed.
Writing job STDOUT and STDERR to cache files.
Time employed in compute-1-24.local: 86.11
Returning job success.

ERROR
