DONE 

server: komolongma.ece.uprm.edu
jobmanager: sge
function: experiment-1c
parameters: /home/jas/src/stft2.0.1/main /home/jas/src/stft2.0.1/1-2006-05-12_2100.txt 16384 32 1024 16384 44100 0 12000 256 32000 37000
UNSUBMITTED: 1219275644685
PENDING: 1219275648015
ACTIVE: 1219275650014
getoutputtime: 1219275760303
DONE: 1219275757017 
Job is running.
Job is running.
Job is running.
Job is running.
Job is running.
Job is running.
Job is running.
Job is running.
Job is running.
Job is running.
Job 1905 has completed.
Writing job STDOUT and STDERR to cache files.
Time employed in compute-2-31.local: 93.76
Returning job success.

ERROR
