DONE 

server: komolongma.ece.uprm.edu
jobmanager: sge
function: experiment-1c
parameters: /home/jas/src/stft2.0.1/main /home/jas/src/stft2.0.1/1-2006-05-12_2100.txt 16384 32 1024 16384 44100 0 12000 256 31000 36000
UNSUBMITTED: 1219213224017
PENDING: 1219213227044
ACTIVE: 1219213229018
getoutputtime: 1219213330323
DONE: 1219213327018 
Job is running.
Job is running.
Job is running.
Job is running.
Job is running.
Job is running.
Job is running.
Job is running.
Job is running.
Job 1745 has completed.
Writing job STDOUT and STDERR to cache files.
Time employed in compute-3-56.local: 80.73
Returning job success.

ERROR
