DONE 

server: komolongma.ece.uprm.edu
jobmanager: sge
function: experiment-1c
parameters: /home/jas/src/stft2.0.1/main /home/jas/src/stft2.0.1/1-2006-05-12_2100.txt 16384 32 1024 16384 44100 0 12000 256 32000 37000
UNSUBMITTED: 1219280444842
PENDING: 1219280448021
ACTIVE: 1219280450017
getoutputtime: 1219280560447
DONE: 1219280546067 
Job is running.
Job is running.
Job is running.
Job is running.
Job is running.
Job is running.
Job is running.
Job is running.
Job is running.
Job 1917 has completed.
Writing job STDOUT and STDERR to cache files.
Time employed in compute-1-26.local: 82.23
Returning job success.

ERROR
