DONE 

server: komolongma.ece.uprm.edu
jobmanager: sge
function: experiment-1c
parameters: /home/jas/src/stft2.0.1/main /home/jas/src/stft2.0.1/1-2006-05-12_2100.txt 16384 32 1024 16384 44100 0 12000 256 32000 37000
UNSUBMITTED: 1219274444886
PENDING: 1219274448076
ACTIVE: 1219274450078
getoutputtime: 1219274560458
DONE: 1219274546126 
Job is running.
Job is running.
Job is running.
Job is running.
Job is running.
Job is running.
Job is running.
Job is running.
Job is running.
Job 1902 has completed.
Writing job STDOUT and STDERR to cache files.
Time employed in compute-1-1.local: 81.31
Returning job success.

ERROR
