DONE 

server: komolongma.ece.uprm.edu
jobmanager: sge
function: experiment-1c
parameters: /home/jas/src/stft2.0.1/main /home/jas/src/stft2.0.1/1-2006-05-12_2100.txt 16384 32 1024 16384 44100 0 12000 256 31000 36000
UNSUBMITTED: 1219204824494
PENDING: 1219204827015
ACTIVE: 1219204829022
getoutputtime: 1219204939548
DONE: 1219204925022 
Job is running.
Job is running.
Job is running.
Job is running.
Job is running.
Job is running.
Job is running.
Job is running.
Job is running.
Job 1724 has completed.
Writing job STDOUT and STDERR to cache files.
Time employed in compute-1-9.local: 77.03
Returning job success.

ERROR
