DONE 

server: komolongma.ece.uprm.edu
jobmanager: sge
function: experiment-1c
parameters: /home/jas/src/stft2.0.1/main /home/jas/src/stft2.0.1/1-2006-05-12_2100.txt 16384 32 1024 16384 44100 0 12000 256 32000 37000
UNSUBMITTED: 1219755649100
PENDING: 1219755653018
ACTIVE: 1219755655079
getoutputtime: 1219755777629
DONE: 1219755764020 
Job is running.
Job is running.
Job is running.
Job is running.
Job is running.
Job is running.
Job is running.
Job is running.
Job is running.
Job is running.
Job 3216 has completed.
Writing job STDOUT and STDERR to cache files.
Time employed in compute-2-43.local: 78.9
Returning job success.

ERROR
