DONE 

server: komolongma.ece.uprm.edu
jobmanager: sge
function: experiment-1c
parameters: /home/jas/src/stft2.0.1/main /home/jas/src/stft2.0.1/1-2006-05-12_2100.txt 16384 32 1024 16384 44100 0 12000 256 31000 36000
UNSUBMITTED: 1219723224687
PENDING: null
ACTIVE: 1219723228018
getoutputtime: 1219723339780
DONE: 1219723326015 
Job is running.
Job is running.
Job is running.
Job is running.
Job is running.
Job is running.
Job is running.
Job is running.
Job is running.
Job 3134 has completed.
Writing job STDOUT and STDERR to cache files.
Time employed in compute-1-16.local: 82.01
Returning job success.

ERROR
