DONE 

server: komolongma.ece.uprm.edu
jobmanager: sge
function: experiment-1c
parameters: /home/jas/src/stft2.0.1/main /home/jas/src/stft2.0.1/1-2006-05-12_2100.txt 16384 32 1024 16384 44100 0 12000 256 32000 37000
UNSUBMITTED: 1219792845511
PENDING: 1219792848015
ACTIVE: 1219792850082
getoutputtime: 1219792949744
DONE: 1219792946070 
Job is running.
Job is running.
Job is running.
Job is running.
Job is running.
Job is running.
Job is running.
Job is running.
Job is running.
Job 3309 has completed.
Writing job STDOUT and STDERR to cache files.
Time employed in compute-2-50.local: 76.93
Returning job success.

ERROR
