DONE 

server: komolongma.ece.uprm.edu
jobmanager: sge
function: experiment-1c
parameters: /home/jas/src/stft2.0.1/main /home/jas/src/stft2.0.1/1-2006-05-12_2100.txt 16384 32 1024 16384 44100 0 12000 256 32000 37000
UNSUBMITTED: 1219806045135
PENDING: 1219806048019
ACTIVE: 1219806050094
getoutputtime: 1219806150987
DONE: 1219806148113 
Job is running.
Job is running.
Job is running.
Job is running.
Job is running.
Job is running.
Job is running.
Job is running.
Job is running.
Job 3342 has completed.
Writing job STDOUT and STDERR to cache files.
Time employed in compute-2-46.local: 75.47
Returning job success.

ERROR
