DONE 

server: komolongma.ece.uprm.edu
jobmanager: sge
function: experiment-1c
parameters: /home/jas/src/stft2.0.1/main /home/jas/src/stft2.0.1/1-2006-05-12_2100.txt 16384 32 1024 16384 44100 0 12000 256 32000 37000
UNSUBMITTED: 1219802445387
PENDING: 1219802448013
ACTIVE: 1219802450070
getoutputtime: 1219802551350
DONE: 1219802548124 
Job is running.
Job is running.
Job is running.
Job is running.
Job is running.
Job is running.
Job is running.
Job is running.
Job is running.
Job 3333 has completed.
Writing job STDOUT and STDERR to cache files.
Time employed in compute-3-58.local: 78.68
Returning job success.

ERROR
