DONE 

server: komolongma.ece.uprm.edu
jobmanager: sge
function: experiment-1c
parameters: /home/jas/src/stft2.0.1/main /home/jas/src/stft2.0.1/1-2006-05-12_2100.txt 16384 32 1024 16384 44100 0 12000 256 32000 37000
UNSUBMITTED: 1219776044985
PENDING: 1219776048053
ACTIVE: 1219776050064
getoutputtime: 1219776159759
DONE: 1219776146065 
Job is running.
Job is running.
Job is running.
Job is running.
Job is running.
Job is running.
Job is running.
Job is running.
Job is running.
Job 3267 has completed.
Writing job STDOUT and STDERR to cache files.
Time employed in compute-1-3.local: 75.54
Returning job success.

ERROR
