DONE 

server: komolongma.ece.uprm.edu
jobmanager: sge
function: experiment-1c
parameters: /home/jas/src/stft2.0.1/main /home/jas/src/stft2.0.1/1-2006-05-12_2100.txt 16384 32 1024 16384 44100 0 12000 256 31000 36000
UNSUBMITTED: 1219760423924
PENDING: 1219760427015
ACTIVE: 1219760429019
getoutputtime: 1219760540940
DONE: 1219760527115 
Job is running.
Job is running.
Job is running.
Job is running.
Job is running.
Job is running.
Job is running.
Job is running.
Job is running.
Job 3227 has completed.
Writing job STDOUT and STDERR to cache files.
Time employed in compute-1-8.local: 79.73
Returning job success.

ERROR
