DONE 

server: komolongma.ece.uprm.edu
jobmanager: sge
function: experiment-1c
parameters: /home/jas/src/stft2.0.1/main /home/jas/src/stft2.0.1/1-2006-05-12_2100.txt 16384 32 1024 16384 44100 0 12000 256 32000 37000
UNSUBMITTED: 1219784444929
PENDING: 1219784448016
ACTIVE: 1219784450014
getoutputtime: 1219784548835
DONE: 1219784546073 
Job is running.
Job is running.
Job is running.
Job is running.
Job is running.
Job is running.
Job is running.
Job is running.
Job is running.
Job 3288 has completed.
Writing job STDOUT and STDERR to cache files.
Time employed in compute-2-34.local: 74.86
Returning job success.

ERROR
