DONE 

server: komolongma.ece.uprm.edu
jobmanager: sge
function: experiment-1c
parameters: /home/jas/src/stft2.0.1/main /home/jas/src/stft2.0.1/1-2006-05-12_2100.txt 16384 32 1024 16384 44100 0 12000 256 32000 37000
UNSUBMITTED: 1219759244580
PENDING: 1219759248017
ACTIVE: 1219759250019
getoutputtime: 1219759359849
DONE: 1219759346018 
Job is running.
Job is running.
Job is running.
Job is running.
Job is running.
Job is running.
Job is running.
Job is running.
Job is running.
Job 3225 has completed.
Writing job STDOUT and STDERR to cache files.
Time employed in compute-2-41.local: 76.71
Returning job success.

ERROR
