DONE 

server: komolongma.ece.uprm.edu
jobmanager: sge
function: experiment-1c
parameters: /home/jas/src/stft2.0.1/main /home/jas/src/stft2.0.1/1-2006-05-12_2100.txt 16384 32 1024 16384 44100 0 12000 256 31000 36000
UNSUBMITTED: 1219736424162
PENDING: 1219736427017
ACTIVE: 1219736429036
getoutputtime: 1219736538952
DONE: 1219736525071 
Job is running.
Job is running.
Job is running.
Job is running.
Job is running.
Job is running.
Job is running.
Job is running.
Job is running.
Job 3167 has completed.
Writing job STDOUT and STDERR to cache files.
Time employed in compute-2-41.local: 75.84
Returning job success.

ERROR
