DONE 

server: komolongma.ece.uprm.edu
jobmanager: sge
function: experiment-1c
parameters: /home/jas/src/stft2.0.1/main /home/jas/src/stft2.0.1/1-2006-05-12_2100.txt 16384 32 1024 16384 44100 0 12000 256 31000 36000
UNSUBMITTED: 1219778424753
PENDING: null
ACTIVE: 1219778428016
getoutputtime: 1219778529145
DONE: 1219778526022 
Job is running.
Job is running.
Job is running.
Job is running.
Job is running.
Job is running.
Job is running.
Job is running.
Job is running.
Job 3272 has completed.
Writing job STDOUT and STDERR to cache files.
Time employed in compute-1-2.local: 79.91
Returning job success.

ERROR
