DONE 

server: komolongma.ece.uprm.edu
jobmanager: sge
function: experiment-1c
parameters: /home/jas/src/stft2.0.1/main /home/jas/src/stft2.0.1/1-2006-05-12_2100.txt 16384 32 1024 16384 44100 0 12000 256 32000 37000
UNSUBMITTED: 1219726845305
PENDING: 1219726848021
ACTIVE: 1219726850077
getoutputtime: 1219726969534
DONE: 1219726956021 
Job is running.
Job is running.
Job is running.
Job is running.
Job is running.
Job is running.
Job is running.
Job is running.
Job is running.
Job is running.
Job 3144 has completed.
Writing job STDOUT and STDERR to cache files.
Time employed in compute-2-36.local: 88.1
Returning job success.

ERROR
