DONE 

server: komolongma.ece.uprm.edu
jobmanager: sge
function: experiment-1c
parameters: /home/jas/src/stft2.0.1/main /home/jas/src/stft2.0.1/1-2006-05-12_2100.txt 16384 32 1024 16384 44100 0 12000 256 32000 37000
UNSUBMITTED: 1219742445524
PENDING: null
ACTIVE: 1219742449085
getoutputtime: 1219742561067
DONE: 1219742547145 
Job is running.
Job is running.
Job is running.
Job is running.
Job is running.
Job is running.
Job is running.
Job is running.
Job is running.
Job 3183 has completed.
Writing job STDOUT and STDERR to cache files.
Time employed in compute-1-15.local: 79.58
Returning job success.

ERROR
