DONE 

server: komolongma.ece.uprm.edu
jobmanager: sge
function: experiment-1c
parameters: /home/jas/src/stft2.0.1/main /home/jas/src/stft2.0.1/1-2006-05-12_2100.txt 16384 32 1024 16384 44100 0 12000 256 31000 36000
UNSUBMITTED: 1219725624827
PENDING: null
ACTIVE: 1219725628035
getoutputtime: 1219725739867
DONE: 1219725726066 
Job is running.
Job is running.
Job is running.
Job is running.
Job is running.
Job is running.
Job is running.
Job is running.
Job is running.
Job 3140 has completed.
Writing job STDOUT and STDERR to cache files.
Time employed in compute-3-63.local: 76.64
Returning job success.

ERROR
