DONE 

server: komolongma.ece.uprm.edu
jobmanager: sge
function: experiment-1c
parameters: /home/jas/src/stft2.0.1/main /home/jas/src/stft2.0.1/1-2006-05-12_2100.txt 16384 32 1024 16384 44100 0 12000 256 31000 36000
UNSUBMITTED: 1219772424381
PENDING: 1219772427022
ACTIVE: 1219772429065
getoutputtime: 1219772530194
DONE: 1219772527067 
Job is running.
Job is running.
Job is running.
Job is running.
Job is running.
Job is running.
Job is running.
Job is running.
Job is running.
Job 3257 has completed.
Writing job STDOUT and STDERR to cache files.
Time employed in compute-2-48.local: 72.63
Returning job success.

ERROR
