DONE 

server: komolongma.ece.uprm.edu
jobmanager: sge
function: experiment-1c
parameters: /home/jas/src/stft2.0.1/main /home/jas/src/stft2.0.1/1-2006-05-12_2100.txt 16384 32 1024 16384 44100 0 12000 256 30000 35000
UNSUBMITTED: 1219780804456
PENDING: 1219780807016
ACTIVE: 1219780809013
getoutputtime: 1219780919071
DONE: 1219780905071 
Job is running.
Job is running.
Job is running.
Job is running.
Job is running.
Job is running.
Job is running.
Job is running.
Job is running.
Job 3277 has completed.
Writing job STDOUT and STDERR to cache files.
Time employed in compute-2-43.local: 70.49
Returning job success.

ERROR
