DONE 

server: komolongma.ece.uprm.edu
jobmanager: sge
function: experiment-1c
parameters: /home/jas/src/stft2.0.1/main /home/jas/src/stft2.0.1/1-2006-05-12_2100.txt 16384 32 1024 16384 44100 0 12000 256 30000 35000
UNSUBMITTED: 1219737604398
PENDING: null
ACTIVE: 1219737607023
getoutputtime: 1219737732681
DONE: 1219737718063 
Job is running.
Job is running.
Job is running.
Job is running.
Job is running.
Job is running.
Job is running.
Job is running.
Job is running.
Job is running.
Job 3169 has completed.
Writing job STDOUT and STDERR to cache files.
Time employed in compute-2-53.local: 79.99
Returning job success.

ERROR
