DONE 

server: komolongma.ece.uprm.edu
jobmanager: sge
function: experiment-1c
parameters: /home/jas/src/stft2.0.1/main /home/jas/src/stft2.0.1/1-2006-05-12_2100.txt 16384 32 1024 16384 44100 0 12000 256 30000 35000
UNSUBMITTED: 1219749604242
PENDING: 1219749607022
ACTIVE: 1219749609014
getoutputtime: 1219749708957
DONE: 1219749695023 
Job is running.
Job is running.
Job is running.
Job is running.
Job is running.
Job is running.
Job is running.
Job is running.
Job 3199 has completed.
Writing job STDOUT and STDERR to cache files.
Time employed in compute-3-63.local: 69.04
Returning job success.

ERROR
