DONE 

server: komolongma.ece.uprm.edu
jobmanager: sge
function: experiment-1c
parameters: /home/jas/src/stft2.0.1/main /home/jas/src/stft2.0.1/1-2006-05-12_2100.txt 16384 32 1024 16384 44100 0 12000 256 30000 35000
UNSUBMITTED: 1219806004148
PENDING: 1219806007021
ACTIVE: 1219806009018
getoutputtime: 1219806108458
DONE: 1219806105016 
Job is running.
Job is running.
Job is running.
Job is running.
Job is running.
Job is running.
Job is running.
Job is running.
Job is running.
Job 3340 has completed.
Writing job STDOUT and STDERR to cache files.
Time employed in compute-2-38.local: 68.34
Returning job success.

ERROR
