DONE 

server: komolongma.ece.uprm.edu
jobmanager: sge
function: experiment-1c
parameters: /home/jas/src/stft2.0.1/main /home/jas/src/stft2.0.1/1-2006-05-12_2100.txt 16384 32 1024 16384 44100 0 12000 256 32000 37000
UNSUBMITTED: 1219746044815
PENDING: 1219746048016
ACTIVE: 1219746050054
getoutputtime: 1219746161020
DONE: 1219746158068 
Job is running.
Job is running.
Job is running.
Job is running.
Job is running.
Job is running.
Job is running.
Job is running.
Job is running.
Job is running.
Job 3192 has completed.
Writing job STDOUT and STDERR to cache files.
Time employed in compute-1-10.local: 86.13
Returning job success.

ERROR
