DONE 

server: komolongma.ece.uprm.edu
jobmanager: sge
function: experiment-1c
parameters: /home/jas/src/stft2.0.1/main /home/jas/src/stft2.0.1/1-2006-05-12_2100.txt 16384 32 1024 16384 44100 0 12000 256 31000 36000
UNSUBMITTED: 1219738824308
PENDING: 1219738827019
ACTIVE: 1219738829013
getoutputtime: 1219738940790
DONE: 1219738927117 
Job is running.
Job is running.
Job is running.
Job is running.
Job is running.
Job is running.
Job is running.
Job is running.
Job is running.
Job 3173 has completed.
Writing job STDOUT and STDERR to cache files.
Time employed in compute-1-25.local: 85.77
Returning job success.

ERROR
