DONE 

server: komolongma.ece.uprm.edu
jobmanager: sge
function: experiment-1c
parameters: /home/jas/src/stft2.0.1/main /home/jas/src/stft2.0.1/1-2006-05-12_2100.txt 16384 32 1024 16384 44100 0 12000 256 31000 36000
UNSUBMITTED: 1219786824331
PENDING: 1219786827021
ACTIVE: 1219786829012
getoutputtime: 1219786941359
DONE: 1219786927064 
Job is running.
Job is running.
Job is running.
Job is running.
Job is running.
Job is running.
Job is running.
Job is running.
Job is running.
Job 3293 has completed.
Writing job STDOUT and STDERR to cache files.
Time employed in compute-1-24.local: 73.98
Returning job success.

ERROR
