DONE 

server: komolongma.ece.uprm.edu
jobmanager: sge
function: experiment-1c
parameters: /home/jas/src/stft2.0.1/main /home/jas/src/stft2.0.1/1-2006-05-12_2100.txt 16384 32 1024 16384 44100 0 12000 256 32000 37000
UNSUBMITTED: 1219743644877
PENDING: null
ACTIVE: 1219743649021
getoutputtime: 1219743749428
DONE: 1219743746126 
Job is running.
Job is running.
Job is running.
Job is running.
Job is running.
Job is running.
Job is running.
Job is running.
Job is running.
Job 3186 has completed.
Writing job STDOUT and STDERR to cache files.
Time employed in compute-2-50.local: 79.54
Returning job success.

ERROR
