DONE 

server: komolongma.ece.uprm.edu
jobmanager: sge
function: experiment-1c
parameters: /home/jas/src/stft2.0.1/main /home/jas/src/stft2.0.1/1-2006-05-12_2100.txt 16384 32 1024 16384 44100 0 12000 256 32000 37000
UNSUBMITTED: 1219782045155
PENDING: null
ACTIVE: 1219782049015
getoutputtime: 1219782150546
DONE: 1219782147015 
Job is running.
Job is running.
Job is running.
Job is running.
Job is running.
Job is running.
Job is running.
Job is running.
Job is running.
Job 3282 has completed.
Writing job STDOUT and STDERR to cache files.
Time employed in compute-1-5.local: 77.05
Returning job success.

ERROR
