DONE 

server: komolongma.ece.uprm.edu
jobmanager: sge
function: experiment-1c
parameters: /home/jas/src/stft2.0.1/main /home/jas/src/stft2.0.1/1-2006-05-12_2100.txt 16384 32 1024 16384 44100 0 12000 256 30000 35000
UNSUBMITTED: 1219752004453
PENDING: null
ACTIVE: 1219752007014
getoutputtime: 1219752098157
DONE: 1219752095120 
Job is running.
Job is running.
Job is running.
Job is running.
Job is running.
Job is running.
Job is running.
Job is running.
Job 3205 has completed.
Writing job STDOUT and STDERR to cache files.
Time employed in compute-2-33.local: 68.56
Returning job success.

ERROR
