DONE 

server: komolongma.ece.uprm.edu
jobmanager: sge
function: experiment-1c
parameters: /home/jas/src/stft2.0.1/main /home/jas/src/stft2.0.1/1-2006-05-12_2100.txt 16384 32 1024 16384 44100 0 12000 256 31000 36000
UNSUBMITTED: 1219765224287
PENDING: 1219765227021
ACTIVE: 1219765229013
getoutputtime: 1219765330404
DONE: 1219765327068 
Job is running.
Job is running.
Job is running.
Job is running.
Job is running.
Job is running.
Job is running.
Job is running.
Job is running.
Job 3239 has completed.
Writing job STDOUT and STDERR to cache files.
Time employed in compute-1-17.local: 73.11
Returning job success.

ERROR
