DONE 

server: komolongma.ece.uprm.edu
jobmanager: sge
function: experiment-1c
parameters: /home/jas/src/stft2.0.1/main /home/jas/src/stft2.0.1/1-2006-05-12_2100.txt 16384 32 1024 16384 44100 0 12000 256 32000 37000
UNSUBMITTED: 1219770045273
PENDING: 1219770048013
ACTIVE: 1219770050066
getoutputtime: 1219770161944
DONE: 1219770147065 
Job is running.
Job is running.
Job is running.
Job is running.
Job is running.
Job is running.
Job is running.
Job is running.
Job is running.
Job 3252 has completed.
Writing job STDOUT and STDERR to cache files.
Time employed in compute-1-16.local: 84.6
Returning job success.

ERROR
