DONE 

server: komolongma.ece.uprm.edu
jobmanager: sge
function: experiment-1c
parameters: /home/jas/src/stft2.0.1/main /home/jas/src/stft2.0.1/1-2006-05-12_2100.txt 16384 32 1024 16384 44100 0 12000 256 32000 37000
UNSUBMITTED: 1219761645013
PENDING: 1219761648014
ACTIVE: 1219761650012
getoutputtime: 1219761761747
DONE: 1219761746146 
Job is running.
Job is running.
Job is running.
Job is running.
Job is running.
Job is running.
Job is running.
Job is running.
Job is running.
Job 3231 has completed.
Writing job STDOUT and STDERR to cache files.
Time employed in compute-2-35.local: 79
Returning job success.

ERROR
