DONE 

server: komolongma.ece.uprm.edu
jobmanager: sge
function: experiment-1c
parameters: /home/jas/src/stft2.0.1/main /home/jas/src/stft2.0.1/1-2006-05-12_2100.txt 16384 32 1024 16384 44100 0 12000 256 32000 37000
UNSUBMITTED: 1219734045317
PENDING: 1219734048131
ACTIVE: 1219734050024
getoutputtime: 1219734170640
DONE: 1219734156067 
Job is running.
Job is running.
Job is running.
Job is running.
Job is running.
Job is running.
Job is running.
Job is running.
Job is running.
Job is running.
Job 3162 has completed.
Writing job STDOUT and STDERR to cache files.
Time employed in compute-1-6.local: 94.47
Returning job success.

ERROR
