DONE 

server: komolongma.ece.uprm.edu
jobmanager: sge
function: experiment-1c
parameters: /home/jas/src/stft2.0.1/main /home/jas/src/stft2.0.1/1-2006-05-12_2100.txt 16384 32 1024 16384 44100 0 12000 256 31000 36000
UNSUBMITTED: 1219788024469
PENDING: null
ACTIVE: 1219788028021
getoutputtime: 1219788129286
DONE: 1219788126070 
Job is running.
Job is running.
Job is running.
Job is running.
Job is running.
Job is running.
Job is running.
Job is running.
Job is running.
Job 3296 has completed.
Writing job STDOUT and STDERR to cache files.
Time employed in compute-1-1.local: 78.87
Returning job success.

ERROR
