DONE 

server: komolongma.ece.uprm.edu
jobmanager: sge
function: experiment-1c
parameters: /home/jas/src/stft2.0.1/main /home/jas/src/stft2.0.1/1-2006-05-12_2100.txt 16384 32 1024 16384 44100 0 12000 256 31000 36000
UNSUBMITTED: 1219728024579
PENDING: null
ACTIVE: 1219728028016
getoutputtime: 1219728128940
DONE: 1219728126071 
Job is running.
Job is running.
Job is running.
Job is running.
Job is running.
Job is running.
Job is running.
Job is running.
Job is running.
Job 3146 has completed.
Writing job STDOUT and STDERR to cache files.
Time employed in compute-2-33.local: 76.6
Returning job success.

ERROR
