DONE 

server: komolongma.ece.uprm.edu
jobmanager: sge
function: experiment-1c
parameters: /home/jas/src/stft2.0.1/main /home/jas/src/stft2.0.1/1-2006-05-12_2100.txt 16384 32 1024 16384 44100 0 12000 256 31000 36000
UNSUBMITTED: 1219797624874
PENDING: null
ACTIVE: 1219797628020
getoutputtime: 1219797742014
DONE: 1219797728067 
Job is running.
Job is running.
Job is running.
Job is running.
Job is running.
Job is running.
Job is running.
Job is running.
Job is running.
Job 3320 has completed.
Writing job STDOUT and STDERR to cache files.
Time employed in compute-2-45.local: 72.57
Returning job success.

ERROR
