DONE 

server: komolongma.ece.uprm.edu
jobmanager: sge
function: experiment-1c
parameters: /home/jas/src/stft2.0.1/main /home/jas/src/stft2.0.1/1-2006-05-12_2100.txt 16384 32 1024 16384 44100 0 12000 256 30000 35000
UNSUBMITTED: 1219774804009
PENDING: null
ACTIVE: 1219774807013
getoutputtime: 1219774919018
DONE: 1219774905026 
Job is running.
Job is running.
Job is running.
Job is running.
Job is running.
Job is running.
Job is running.
Job is running.
Job is running.
Job 3262 has completed.
Writing job STDOUT and STDERR to cache files.
Time employed in compute-2-36.local: 68.5
Returning job success.

ERROR
