DONE 

server: komolongma.ece.uprm.edu
jobmanager: sge
function: experiment-1c
parameters: /home/jas/src/stft2.0.1/main /home/jas/src/stft2.0.1/1-2006-05-12_2100.txt 16384 32 1024 16384 44100 0 12000 256 31000 36000
UNSUBMITTED: 1219804824729
PENDING: null
ACTIVE: 1219804828013
getoutputtime: 1219804940623
DONE: 1219804926068 
Job is running.
Job is running.
Job is running.
Job is running.
Job is running.
Job is running.
Job is running.
Job is running.
Job is running.
Job 3338 has completed.
Writing job STDOUT and STDERR to cache files.
Time employed in compute-1-6.local: 71.55
Returning job success.

ERROR
