DONE 

server: komolongma.ece.uprm.edu
jobmanager: sge
function: experiment-1c
parameters: /home/jas/src/stft2.0.1/main /home/jas/src/stft2.0.1/1-2006-05-12_2100.txt 16384 32 1024 16384 44100 0 12000 256 31000 36000
UNSUBMITTED: 1219744824440
PENDING: null
ACTIVE: 1219744828019
getoutputtime: 1219744939790
DONE: 1219744926068 
Job is running.
Job is running.
Job is running.
Job is running.
Job is running.
Job is running.
Job is running.
Job is running.
Job is running.
Job 3188 has completed.
Writing job STDOUT and STDERR to cache files.
Time employed in compute-3-57.local: 75.67
Returning job success.

ERROR
