DONE 

server: komolongma.ece.uprm.edu
jobmanager: sge
function: experiment-1c
parameters: /home/jas/src/stft2.0.1/main /home/jas/src/stft2.0.1/1-2006-05-12_2100.txt 16384 32 1024 16384 44100 0 12000 256 31000 36000
UNSUBMITTED: 1219794024563
PENDING: null
ACTIVE: 1219794028019
getoutputtime: 1219794139928
DONE: 1219794126074 
Job is running.
Job is running.
Job is running.
Job is running.
Job is running.
Job is running.
Job is running.
Job is running.
Job is running.
Job 3311 has completed.
Writing job STDOUT and STDERR to cache files.
Time employed in compute-1-16.local: 79.83
Returning job success.

ERROR
