DONE 

server: komolongma.ece.uprm.edu
jobmanager: sge
function: experiment-1c
parameters: /home/jas/src/stft2.0.1/main /home/jas/src/stft2.0.1/1-2006-05-12_2100.txt 16384 32 1024 16384 44100 0 12000 256 31000 36000
UNSUBMITTED: 1219758024653
PENDING: null
ACTIVE: 1219758028012
getoutputtime: 1219758140130
DONE: 1219758126069 
Job is running.
Job is running.
Job is running.
Job is running.
Job is running.
Job is running.
Job is running.
Job is running.
Job is running.
Job 3221 has completed.
Writing job STDOUT and STDERR to cache files.
Time employed in compute-1-6.local: 71.16
Returning job success.

ERROR
