DONE 

server: komolongma.ece.uprm.edu
jobmanager: sge
function: experiment-1c
parameters: /home/jas/src/stft2.0.1/main /home/jas/src/stft2.0.1/1-2006-05-12_2100.txt 16384 32 1024 16384 44100 0 12000 256 32000 37000
UNSUBMITTED: 1219768845187
PENDING: 1219768848062
ACTIVE: 1219768850021
getoutputtime: 1219768949139
DONE: 1219768946021 
Job is running.
Job is running.
Job is running.
Job is running.
Job is running.
Job is running.
Job is running.
Job is running.
Job is running.
Job 3249 has completed.
Writing job STDOUT and STDERR to cache files.
Time employed in compute-2-54.local: 83.09
Returning job success.

ERROR
