DONE 

server: komolongma.ece.uprm.edu
jobmanager: sge
function: experiment-1c
parameters: /home/jas/src/stft2.0.1/main /home/jas/src/stft2.0.1/1-2006-05-12_2100.txt 16384 32 1024 16384 44100 0 12000 256 31000 36000
UNSUBMITTED: 1219729224313
PENDING: 1219729227015
ACTIVE: 1219729229018
getoutputtime: 1219729341079
DONE: 1219729327019 
Job is running.
Job is running.
Job is running.
Job is running.
Job is running.
Job is running.
Job is running.
Job is running.
Job is running.
Job 3149 has completed.
Writing job STDOUT and STDERR to cache files.
Time employed in compute-1-3.local: 80.42
Returning job success.

ERROR
