DONE 

server: komolongma.ece.uprm.edu
jobmanager: sge
function: experiment-1c
parameters: /home/jas/src/stft2.0.1/main /home/jas/src/stft2.0.1/1-2006-05-12_2100.txt 16384 32 1024 16384 44100 0 12000 256 32000 37000
UNSUBMITTED: 1219756845289
PENDING: 1219756848015
ACTIVE: 1219756850072
getoutputtime: 1219756949216
DONE: 1219756946066 
Job is running.
Job is running.
Job is running.
Job is running.
Job is running.
Job is running.
Job is running.
Job is running.
Job is running.
Job 3219 has completed.
Writing job STDOUT and STDERR to cache files.
Time employed in compute-1-11.local: 75.97
Returning job success.

ERROR
