DONE 

server: komolongma.ece.uprm.edu
jobmanager: sge
function: experiment-1c
parameters: /home/jas/src/stft2.0.1/main /home/jas/src/stft2.0.1/1-2006-05-12_2100.txt 16384 32 1024 16384 44100 0 12000 256 31000 36000
UNSUBMITTED: 1219803624578
PENDING: 1219803627018
ACTIVE: 1219803629013
getoutputtime: 1219803730352
DONE: 1219803727020 
Job is running.
Job is running.
Job is running.
Job is running.
Job is running.
Job is running.
Job is running.
Job is running.
Job is running.
Job 3335 has completed.
Writing job STDOUT and STDERR to cache files.
Time employed in compute-2-49.local: 72.87
Returning job success.

ERROR
