DONE 

server: komolongma.ece.uprm.edu
jobmanager: sge
function: experiment-1c
parameters: /home/jas/src/stft2.0.1/main /home/jas/src/stft2.0.1/1-2006-05-12_2100.txt 16384 32 1024 16384 44100 0 12000 256 30000 35000
UNSUBMITTED: 1219729204543
PENDING: null
ACTIVE: 1219729207013
getoutputtime: 1219729329441
DONE: 1219729315014 
Job is running.
Job is running.
Job is running.
Job is running.
Job is running.
Job is running.
Job is running.
Job is running.
Job is running.
Job is running.
Job 3148 has completed.
Writing job STDOUT and STDERR to cache files.
Time employed in compute-1-27.local: 74.62
Returning job success.

ERROR
