DONE 

server: komolongma.ece.uprm.edu
jobmanager: sge
function: experiment-1c
parameters: /home/jas/src/stft2.0.1/main /home/jas/src/stft2.0.1/1-2006-05-12_2100.txt 16384 32 1024 16384 44100 0 12000 256 30000 35000
UNSUBMITTED: 1219783204015
PENDING: 1219783207017
ACTIVE: 1219783209020
getoutputtime: 1219783308390
DONE: 1219783305119 
Job is running.
Job is running.
Job is running.
Job is running.
Job is running.
Job is running.
Job is running.
Job is running.
Job is running.
Job 3283 has completed.
Writing job STDOUT and STDERR to cache files.
Time employed in compute-2-46.local: 66.9
Returning job success.

ERROR
