DONE 

server: komolongma.ece.uprm.edu
jobmanager: sge
function: experiment-1c
parameters: /home/jas/src/stft2.0.1/main /home/jas/src/stft2.0.1/1-2006-05-12_2100.txt 16384 32 1024 16384 44100 0 12000 256 30000 35000
UNSUBMITTED: 1219777205886
PENDING: 1219777209013
ACTIVE: 1219777211018
getoutputtime: 1219777314917
DONE: 1219777299018 
Job is running.
Job is running.
Job is running.
Job is running.
Job is running.
Job is running.
Job is running.
Job is running.
Job 3268 has completed.
Writing job STDOUT and STDERR to cache files.
Time employed in compute-2-30.local: 69.18
Returning job success.

ERROR
