DONE 

server: komolongma.ece.uprm.edu
jobmanager: sge
function: experiment-1c
parameters: /home/jas/src/stft2.0.1/main /home/jas/src/stft2.0.1/1-2006-05-12_2100.txt 16384 32 1024 16384 44100 0 12000 256 32000 37000
UNSUBMITTED: 1219754445081
PENDING: 1219754448069
ACTIVE: 1219754450032
getoutputtime: 1219754560797
DONE: 1219754547016 
Job is running.
Job is running.
Job is running.
Job is running.
Job is running.
Job is running.
Job is running.
Job is running.
Job is running.
Job 3213 has completed.
Writing job STDOUT and STDERR to cache files.
Time employed in compute-1-2.local: 81.51
Returning job success.

ERROR
