DONE 

server: komolongma.ece.uprm.edu
jobmanager: sge
function: experiment-1c
parameters: /home/jas/src/stft2.0.1/main /home/jas/src/stft2.0.1/1-2006-05-12_2100.txt 16384 32 1024 16384 44100 0 12000 256 31000 36000
UNSUBMITTED: 1219790424556
PENDING: 1219790427073
ACTIVE: 1219790429015
getoutputtime: 1219790540794
DONE: 1219790527070 
Job is running.
Job is running.
Job is running.
Job is running.
Job is running.
Job is running.
Job is running.
Job is running.
Job is running.
Job 3302 has completed.
Writing job STDOUT and STDERR to cache files.
Time employed in compute-1-15.local: 73.16
Returning job success.

ERROR
