DONE 

server: komolongma.ece.uprm.edu
jobmanager: sge
function: experiment-1c
parameters: /home/jas/src/stft2.0.1/main /home/jas/src/stft2.0.1/1-2006-05-12_2100.txt 16384 32 1024 16384 44100 0 12000 256 30000 35000
UNSUBMITTED: 1219788003982
PENDING: 1219788007015
ACTIVE: 1219788009013
getoutputtime: 1219788118769
DONE: 1219788105065 
Job is running.
Job is running.
Job is running.
Job is running.
Job is running.
Job is running.
Job is running.
Job is running.
Job is running.
Job 3295 has completed.
Writing job STDOUT and STDERR to cache files.
Time employed in compute-2-51.local: 67.94
Returning job success.

ERROR
