DONE 

server: komolongma.ece.uprm.edu
jobmanager: sge
function: experiment-1c
parameters: /home/jas/src/stft2.0.1/main /home/jas/src/stft2.0.1/1-2006-05-12_2100.txt 16384 32 1024 16384 44100 0 12000 256 32000 37000
UNSUBMITTED: 1219737644711
PENDING: null
ACTIVE: 1219737648024
getoutputtime: 1219737770843
DONE: 1219737757071 
Job is running.
Job is running.
Job is running.
Job is running.
Job is running.
Job is running.
Job is running.
Job is running.
Job is running.
Job is running.
Job 3171 has completed.
Writing job STDOUT and STDERR to cache files.
Time employed in compute-2-32.local: 84.97
Returning job success.

ERROR
