DONE 

server: komolongma.ece.uprm.edu
jobmanager: sge
function: experiment-1c
parameters: /home/jas/src/stft2.0.1/main /home/jas/src/stft2.0.1/1-2006-05-12_2100.txt 16384 32 1024 16384 44100 0 12000 256 30000 35000
UNSUBMITTED: 1219920003732
PENDING: null
ACTIVE: 1219920007021
getoutputtime: 1219920120399
DONE: 1219920117122 
Job is running.
Job is running.
Job is running.
Job is running.
Job is running.
Job is running.
Job is running.
Job is running.
Job is running.
Job is running.
Job 3625 has completed.
Writing job STDOUT and STDERR to cache files.
Time employed in compute-2-45.local: 73.68
Returning job success.

ERROR
