DONE 

server: komolongma.ece.uprm.edu
jobmanager: sge
function: experiment-1c
parameters: /home/jas/src/stft2.0.1/main /home/jas/src/stft2.0.1/1-2006-05-12_2100.txt 16384 32 1024 16384 44100 0 12000 256 32000 37000
UNSUBMITTED: 1219939245141
PENDING: 1219939248056
ACTIVE: 1219939250062
getoutputtime: 1219939371890
DONE: 1219939358068 
Job is running.
Job is running.
Job is running.
Job is running.
Job is running.
Job is running.
Job is running.
Job is running.
Job is running.
Job is running.
Job 3675 has completed.
Writing job STDOUT and STDERR to cache files.
Time employed in compute-2-33.local: 85.97
Returning job success.

ERROR
