DONE 

server: komolongma.ece.uprm.edu
jobmanager: sge
function: experiment-1c
parameters: /home/jas/src/stft2.0.1/main /home/jas/src/stft2.0.1/1-2006-05-12_2100.txt 16384 32 1024 16384 44100 0 12000 256 30000 35000
UNSUBMITTED: 1219926004570
PENDING: 1219926007032
ACTIVE: 1219926009035
getoutputtime: 1219926131312
DONE: 1219926117074 
Job is running.
Job is running.
Job is running.
Job is running.
Job is running.
Job is running.
Job is running.
Job is running.
Job is running.
Job is running.
Job 3640 has completed.
Writing job STDOUT and STDERR to cache files.
Time employed in compute-1-5.local: 74.37
Returning job success.

ERROR
