DONE 

server: komolongma.ece.uprm.edu
jobmanager: sge
function: experiment-1c
parameters: /home/jas/src/stft2.0.1/main /home/jas/src/stft2.0.1/1-2006-05-12_2100.txt 16384 32 1024 16384 44100 0 12000 256 31000 36000
UNSUBMITTED: 1219898424951
PENDING: 1219898428019
ACTIVE: 1219898430061
getoutputtime: 1219898531777
DONE: 1219898528013 
Job is running.
Job is running.
Job is running.
Job is running.
Job is running.
Job is running.
Job is running.
Job is running.
Job is running.
Job 3572 has completed.
Writing job STDOUT and STDERR to cache files.
Time employed in compute-2-38.local: 78.57
Returning job success.

ERROR
