DONE 

server: komolongma.ece.uprm.edu
jobmanager: sge
function: experiment-1c
parameters: /home/jas/src/stft2.0.1/main /home/jas/src/stft2.0.1/1-2006-05-12_2100.txt 16384 32 1024 16384 44100 0 12000 256 31000 36000
UNSUBMITTED: 1219972824076
PENDING: null
ACTIVE: 1219972827013
getoutputtime: 1219972948711
DONE: 1219972935074 
Job is running.
Job is running.
Job is running.
Job is running.
Job is running.
Job is running.
Job is running.
Job is running.
Job is running.
Job is running.
Job 3758 has completed.
Writing job STDOUT and STDERR to cache files.
Time employed in compute-1-4.local: 75.15
Returning job success.

ERROR
