DONE 

server: komolongma.ece.uprm.edu
jobmanager: sge
function: experiment-1c
parameters: /home/jas/src/stft2.0.1/main /home/jas/src/stft2.0.1/1-2006-05-12_2100.txt 16384 32 1024 16384 44100 0 12000 256 31000 36000
UNSUBMITTED: 1219911624254
PENDING: null
ACTIVE: 1219911628014
getoutputtime: 1219911739821
DONE: 1219911726020 
Job is running.
Job is running.
Job is running.
Job is running.
Job is running.
Job is running.
Job is running.
Job is running.
Job is running.
Job 3605 has completed.
Writing job STDOUT and STDERR to cache files.
Time employed in compute-2-50.local: 74.67
Returning job success.

ERROR
