DONE 

server: komolongma.ece.uprm.edu
jobmanager: sge
function: experiment-1c
parameters: /home/jas/src/stft2.0.1/main /home/jas/src/stft2.0.1/1-2006-05-12_2100.txt 16384 32 1024 16384 44100 0 12000 256 30000 35000
UNSUBMITTED: 1219914004363
PENDING: 1219914007020
ACTIVE: 1219914009016
getoutputtime: 1219914120079
DONE: 1219914117018 
Job is running.
Job is running.
Job is running.
Job is running.
Job is running.
Job is running.
Job is running.
Job is running.
Job is running.
Job is running.
Job 3610 has completed.
Writing job STDOUT and STDERR to cache files.
Time employed in compute-1-20.local: 73.34
Returning job success.

ERROR
