DONE 

server: komolongma.ece.uprm.edu
jobmanager: sge
function: experiment-1c
parameters: /home/jas/src/stft2.0.1/main /home/jas/src/stft2.0.1/1-2006-05-12_2100.txt 16384 32 1024 16384 44100 0 12000 256 31000 36000
UNSUBMITTED: 1219945224956
PENDING: 1219945228019
ACTIVE: 1219945230020
getoutputtime: 1219945329776
DONE: 1219945326078 
Job is running.
Job is running.
Job is running.
Job is running.
Job is running.
Job is running.
Job is running.
Job is running.
Job is running.
Job 3689 has completed.
Writing job STDOUT and STDERR to cache files.
Time employed in compute-2-38.local: 82.65
Returning job success.

ERROR
