DONE 

server: komolongma.ece.uprm.edu
jobmanager: sge
function: experiment-1c
parameters: /home/jas/src/stft2.0.1/main /home/jas/src/stft2.0.1/1-2006-05-12_2100.txt 16384 32 1024 16384 44100 0 12000 256 31000 36000
UNSUBMITTED: 1219921224463
PENDING: 1219921227019
ACTIVE: 1219921229015
getoutputtime: 1219921330239
DONE: 1219921327073 
Job is running.
Job is running.
Job is running.
Job is running.
Job is running.
Job is running.
Job is running.
Job is running.
Job is running.
Job 3629 has completed.
Writing job STDOUT and STDERR to cache files.
Time employed in compute-2-49.local: 79.42
Returning job success.

ERROR
