DONE 

server: komolongma.ece.uprm.edu
jobmanager: sge
function: experiment-1c
parameters: /home/jas/src/stft2.0.1/main /home/jas/src/stft2.0.1/1-2006-05-12_2100.txt 16384 32 1024 16384 44100 0 12000 256 32000 37000
UNSUBMITTED: 1219897244975
PENDING: null
ACTIVE: 1219897248084
getoutputtime: 1219897349249
DONE: 1219897346019 
Job is running.
Job is running.
Job is running.
Job is running.
Job is running.
Job is running.
Job is running.
Job is running.
Job is running.
Job 3570 has completed.
Writing job STDOUT and STDERR to cache files.
Time employed in compute-2-49.local: 79.2
Returning job success.

ERROR
