DONE 

server: komolongma.ece.uprm.edu
jobmanager: sge
function: experiment-1c
parameters: /home/jas/src/stft2.0.1/main /home/jas/src/stft2.0.1/1-2006-05-12_2100.txt 16384 32 1024 16384 44100 0 12000 256 30000 35000
UNSUBMITTED: 1219953604271
PENDING: null
ACTIVE: 1219953607013
getoutputtime: 1219953728758
DONE: 1219953715022 
Job is running.
Job is running.
Job is running.
Job is running.
Job is running.
Job is running.
Job is running.
Job is running.
Job is running.
Job is running.
Job 3709 has completed.
Writing job STDOUT and STDERR to cache files.
Time employed in compute-1-1.local: 75.48
Returning job success.

ERROR
