DONE 

server: komolongma.ece.uprm.edu
jobmanager: sge
function: experiment-1c
parameters: /home/jas/src/stft2.0.1/main /home/jas/src/stft2.0.1/1-2006-05-12_2100.txt 16384 32 1024 16384 44100 0 12000 256 32000 37000
UNSUBMITTED: 1219959644841
PENDING: 1219959648049
ACTIVE: 1219959650021
getoutputtime: 1219959748852
DONE: 1219959746022 
Job is running.
Job is running.
Job is running.
Job is running.
Job is running.
Job is running.
Job is running.
Job is running.
Job is running.
Job 3726 has completed.
Writing job STDOUT and STDERR to cache files.
Time employed in compute-1-7.local: 84.43
Returning job success.

ERROR
