DONE 

server: komolongma.ece.uprm.edu
jobmanager: sge
function: experiment-1c
parameters: /home/jas/src/stft2.0.1/main /home/jas/src/stft2.0.1/1-2006-05-12_2100.txt 16384 32 1024 16384 44100 0 12000 256 30000 35000
UNSUBMITTED: 1219972803800
PENDING: null
ACTIVE: 1219972807011
getoutputtime: 1219972918221
DONE: 1219972915115 
Job is running.
Job is running.
Job is running.
Job is running.
Job is running.
Job is running.
Job is running.
Job is running.
Job is running.
Job is running.
Job 3757 has completed.
Writing job STDOUT and STDERR to cache files.
Time employed in compute-1-5.local: 72.77
Returning job success.

ERROR
