DONE 

server: komolongma.ece.uprm.edu
jobmanager: sge
function: experiment-1c
parameters: /home/jas/src/stft2.0.1/main /home/jas/src/stft2.0.1/1-2006-05-12_2100.txt 16384 32 1024 16384 44100 0 12000 256 32000 37000
UNSUBMITTED: 1219914045137
PENDING: null
ACTIVE: 1219914048142
getoutputtime: 1219914151207
DONE: 1219914148019 
Job is running.
Job is running.
Job is running.
Job is running.
Job is running.
Job is running.
Job is running.
Job is running.
Job is running.
Job 3612 has completed.
Writing job STDOUT and STDERR to cache files.
Time employed in compute-3-60.local: 80.39
Returning job success.

ERROR
