DONE 

server: komolongma.ece.uprm.edu
jobmanager: sge
function: experiment-1c
parameters: /home/jas/src/stft2.0.1/main /home/jas/src/stft2.0.1/1-2006-05-12_2100.txt 16384 32 1024 16384 44100 0 12000 256 32000 37000
UNSUBMITTED: 1219974045071
PENDING: 1219974048016
ACTIVE: 1219974050017
getoutputtime: 1219974148943
DONE: 1219974146020 
Job is running.
Job is running.
Job is running.
Job is running.
Job is running.
Job is running.
Job is running.
Job is running.
Job is running.
Job 3762 has completed.
Writing job STDOUT and STDERR to cache files.
Time employed in compute-1-13.local: 82.5
Returning job success.

ERROR
