DONE 

server: komolongma.ece.uprm.edu
jobmanager: sge
function: experiment-1c
parameters: /home/jas/src/stft2.0.1/main /home/jas/src/stft2.0.1/1-2006-05-12_2100.txt 16384 32 1024 16384 44100 0 12000 256 30000 35000
UNSUBMITTED: 1219942804925
PENDING: 1219942808020
ACTIVE: 1219942810018
getoutputtime: 1219942921354
DONE: 1219942918125 
Job is running.
Job is running.
Job is running.
Job is running.
Job is running.
Job is running.
Job is running.
Job is running.
Job is running.
Job is running.
Job 3682 has completed.
Writing job STDOUT and STDERR to cache files.
Time employed in compute-1-2.local: 77.59
Returning job success.

ERROR
