DONE 

server: komolongma.ece.uprm.edu
jobmanager: sge
function: experiment-1c
parameters: /home/jas/src/stft2.0.1/main /home/jas/src/stft2.0.1/1-2006-05-12_2100.txt 16384 32 1024 16384 44100 0 12000 256 32000 37000
UNSUBMITTED: 1219916445078
PENDING: null
ACTIVE: 1219916449018
getoutputtime: 1219916561795
DONE: 1219916548014 
Job is running.
Job is running.
Job is running.
Job is running.
Job is running.
Job is running.
Job is running.
Job is running.
Job is running.
Job 3618 has completed.
Writing job STDOUT and STDERR to cache files.
Time employed in compute-2-36.local: 80.27
Returning job success.

ERROR
