DONE 

server: komolongma.ece.uprm.edu
jobmanager: sge
function: experiment-1c
parameters: /home/jas/src/stft2.0.1/main /home/jas/src/stft2.0.1/1-2006-05-12_2100.txt 16384 32 1024 16384 44100 0 12000 256 30000 35000
UNSUBMITTED: 1219947603883
PENDING: 1219947607013
ACTIVE: 1219947609012
getoutputtime: 1219947720861
DONE: 1219947717018 
Job is running.
Job is running.
Job is running.
Job is running.
Job is running.
Job is running.
Job is running.
Job is running.
Job is running.
Job is running.
Job 3694 has completed.
Writing job STDOUT and STDERR to cache files.
Time employed in compute-2-53.local: 72.45
Returning job success.

ERROR
