DONE 

server: komolongma.ece.uprm.edu
jobmanager: sge
function: experiment-1c
parameters: /home/jas/src/stft2.0.1/main /home/jas/src/stft2.0.1/1-2006-05-12_2100.txt 16384 32 1024 16384 44100 0 12000 256 31000 36000
UNSUBMITTED: 1219942824717
PENDING: null
ACTIVE: 1219942828014
getoutputtime: 1219942929640
DONE: 1219942926027 
Job is running.
Job is running.
Job is running.
Job is running.
Job is running.
Job is running.
Job is running.
Job is running.
Job is running.
Job 3683 has completed.
Writing job STDOUT and STDERR to cache files.
Time employed in compute-2-52.local: 74.2
Returning job success.

ERROR
