DONE 

server: komolongma.ece.uprm.edu
jobmanager: sge
function: experiment-1c
parameters: /home/jas/src/stft2.0.1/main /home/jas/src/stft2.0.1/1-2006-05-12_2100.txt 16384 32 1024 16384 44100 0 12000 256 30000 35000
UNSUBMITTED: 1219958403672
PENDING: 1219958406019
ACTIVE: 1219958408017
getoutputtime: 1219958527668
DONE: 1219958514014 
Job is running.
Job is running.
Job is running.
Job is running.
Job is running.
Job is running.
Job is running.
Job is running.
Job is running.
Job is running.
Job 3721 has completed.
Writing job STDOUT and STDERR to cache files.
Time employed in compute-2-31.local: 73.6
Returning job success.

ERROR
