DONE 

server: komolongma.ece.uprm.edu
jobmanager: sge
function: experiment-1c
parameters: /home/jas/src/stft2.0.1/main /home/jas/src/stft2.0.1/1-2006-05-12_2100.txt 16384 32 1024 16384 44100 0 12000 256 30000 35000
UNSUBMITTED: 1219916404074
PENDING: null
ACTIVE: 1219916407019
getoutputtime: 1219916519485
DONE: 1219916515062 
Job is running.
Job is running.
Job is running.
Job is running.
Job is running.
Job is running.
Job is running.
Job is running.
Job is running.
Job is running.
Job 3616 has completed.
Writing job STDOUT and STDERR to cache files.
Time employed in compute-2-33.local: 73.32
Returning job success.

ERROR
