DONE 

server: komolongma.ece.uprm.edu
jobmanager: sge
function: experiment-1c
parameters: /home/jas/src/stft2.0.1/main /home/jas/src/stft2.0.1/1-2006-05-12_2100.txt 16384 32 1024 16384 44100 0 12000 256 32000 37000
UNSUBMITTED: 1219924845075
PENDING: 1219924848086
ACTIVE: 1219924850073
getoutputtime: 1219924961468
DONE: 1219924948062 
Job is running.
Job is running.
Job is running.
Job is running.
Job is running.
Job is running.
Job is running.
Job is running.
Job is running.
Job 3639 has completed.
Writing job STDOUT and STDERR to cache files.
Time employed in compute-1-8.local: 83.48
Returning job success.

ERROR
