DONE 

server: komolongma.ece.uprm.edu
jobmanager: sge
function: experiment-1c
parameters: /home/jas/src/stft2.0.1/main /home/jas/src/stft2.0.1/1-2006-05-12_2100.txt 16384 32 1024 16384 44100 0 12000 256 31000 36000
UNSUBMITTED: 1219966824200
PENDING: 1219966827020
ACTIVE: 1219966829017
getoutputtime: 1219966948749
DONE: 1219966935014 
Job is running.
Job is running.
Job is running.
Job is running.
Job is running.
Job is running.
Job is running.
Job is running.
Job is running.
Job is running.
Job 3743 has completed.
Writing job STDOUT and STDERR to cache files.
Time employed in compute-2-45.local: 75.02
Returning job success.

ERROR
