DONE 

server: komolongma.ece.uprm.edu
jobmanager: sge
function: experiment-1c
parameters: /home/jas/src/stft2.0.1/main /home/jas/src/stft2.0.1/1-2006-05-12_2100.txt 16384 32 1024 16384 44100 0 12000 256 31000 36000
UNSUBMITTED: 1219956023977
PENDING: null
ACTIVE: 1219956027028
getoutputtime: 1219956138677
DONE: 1219956125014 
Job is running.
Job is running.
Job is running.
Job is running.
Job is running.
Job is running.
Job is running.
Job is running.
Job is running.
Job 3716 has completed.
Writing job STDOUT and STDERR to cache files.
Time employed in compute-1-15.local: 75.98
Returning job success.

ERROR
