DONE 

server: komolongma.ece.uprm.edu
jobmanager: sge
function: experiment-1c
parameters: /home/jas/src/stft2.0.1/main /home/jas/src/stft2.0.1/1-2006-05-12_2100.txt 16384 32 1024 16384 44100 0 12000 256 31000 36000
UNSUBMITTED: 1219936824202
PENDING: 1219936827040
ACTIVE: 1219936829019
getoutputtime: 1219936942977
DONE: 1219936929016 
Job is running.
Job is running.
Job is running.
Job is running.
Job is running.
Job is running.
Job is running.
Job is running.
Job is running.
Job 3668 has completed.
Writing job STDOUT and STDERR to cache files.
Time employed in compute-1-16.local: 80.21
Returning job success.

ERROR
