DONE 

server: komolongma.ece.uprm.edu
jobmanager: sge
function: experiment-1c
parameters: /home/jas/src/stft2.0.1/main /home/jas/src/stft2.0.1/1-2006-05-12_2100.txt 16384 32 1024 16384 44100 0 12000 256 30000 35000
UNSUBMITTED: 1219940403602
PENDING: null
ACTIVE: 1219940407022
getoutputtime: 1219940519489
DONE: 1219940516075 
Job is running.
Job is running.
Job is running.
Job is running.
Job is running.
Job is running.
Job is running.
Job is running.
Job is running.
Job is running.
Job 3676 has completed.
Writing job STDOUT and STDERR to cache files.
Time employed in compute-1-3.local: 73.34
Returning job success.

ERROR
