DONE 

server: komolongma.ece.uprm.edu
jobmanager: sge
function: experiment-1c
parameters: /home/jas/src/stft2.0.1/main /home/jas/src/stft2.0.1/1-2006-05-12_2100.txt 16384 32 1024 16384 44100 0 12000 256 32000 37000
UNSUBMITTED: 1219956044945
PENDING: null
ACTIVE: 1219956048012
getoutputtime: 1219956158982
DONE: 1219956156016 
Job is running.
Job is running.
Job is running.
Job is running.
Job is running.
Job is running.
Job is running.
Job is running.
Job is running.
Job is running.
Job 3717 has completed.
Writing job STDOUT and STDERR to cache files.
Time employed in compute-1-23.local: 85.96
Returning job success.

ERROR
