DONE 

server: komolongma.ece.uprm.edu
jobmanager: sge
function: experiment-1c
parameters: /home/jas/src/stft2.0.1/main /home/jas/src/stft2.0.1/1-2006-05-12_2100.txt 16384 32 1024 16384 44100 0 12000 256 31000 36000
UNSUBMITTED: 1219902024894
PENDING: 1219902028040
ACTIVE: 1219902030018
getoutputtime: 1219902128969
DONE: 1219902126062 
Job is running.
Job is running.
Job is running.
Job is running.
Job is running.
Job is running.
Job is running.
Job is running.
Job is running.
Job 3581 has completed.
Writing job STDOUT and STDERR to cache files.
Time employed in compute-1-8.local: 76.76
Returning job success.

ERROR
