DONE 

server: komolongma.ece.uprm.edu
jobmanager: sge
function: experiment-1c
parameters: /home/jas/src/stft2.0.1/main /home/jas/src/stft2.0.1/1-2006-05-12_2100.txt 16384 32 1024 16384 44100 0 12000 256 32000 37000
UNSUBMITTED: 1219896045140
PENDING: 1219896048020
ACTIVE: 1219896050074
getoutputtime: 1219896149721
DONE: 1219896146071 
Job is running.
Job is running.
Job is running.
Job is running.
Job is running.
Job is running.
Job is running.
Job is running.
Job is running.
Job 3567 has completed.
Writing job STDOUT and STDERR to cache files.
Time employed in compute-2-52.local: 84.13
Returning job success.

ERROR
