DONE 

server: komolongma.ece.uprm.edu
jobmanager: sge
function: experiment-1c
parameters: /home/jas/src/stft2.0.1/main /home/jas/src/stft2.0.1/1-2006-05-12_2100.txt 16384 32 1024 16384 44100 0 12000 256 31000 36000
UNSUBMITTED: 1219920024248
PENDING: 1219920027022
ACTIVE: 1219920029013
getoutputtime: 1219920141070
DONE: 1219920127071 
Job is running.
Job is running.
Job is running.
Job is running.
Job is running.
Job is running.
Job is running.
Job is running.
Job is running.
Job 3626 has completed.
Writing job STDOUT and STDERR to cache files.
Time employed in compute-2-47.local: 78.55
Returning job success.

ERROR
