DONE 

server: komolongma.ece.uprm.edu
jobmanager: sge
function: experiment-1c
parameters: /home/jas/src/stft2.0.1/main /home/jas/src/stft2.0.1/1-2006-05-12_2100.txt 16384 32 1024 16384 44100 0 12000 256 31000 36000
UNSUBMITTED: 1219947624575
PENDING: null
ACTIVE: 1219947628015
getoutputtime: 1219947729489
DONE: 1219947726020 
Job is running.
Job is running.
Job is running.
Job is running.
Job is running.
Job is running.
Job is running.
Job is running.
Job is running.
Job 3695 has completed.
Writing job STDOUT and STDERR to cache files.
Time employed in compute-2-41.local: 77.3
Returning job success.

ERROR
