DONE 

server: komolongma.ece.uprm.edu
jobmanager: sge
function: experiment-1c
parameters: /home/jas/src/stft2.0.1/main /home/jas/src/stft2.0.1/1-2006-05-12_2100.txt 16384 32 1024 16384 44100 0 12000 256 32000 37000
UNSUBMITTED: 1219912845007
PENDING: 1219912848027
ACTIVE: 1219912850130
getoutputtime: 1219912960899
DONE: 1219912946092 
Job is running.
Job is running.
Job is running.
Job is running.
Job is running.
Job is running.
Job is running.
Job is running.
Job is running.
Job 3609 has completed.
Writing job STDOUT and STDERR to cache files.
Time employed in compute-3-63.local: 81.83
Returning job success.

ERROR
