DONE 

server: komolongma.ece.uprm.edu
jobmanager: sge
function: experiment-1c
parameters: /home/jas/src/stft2.0.1/main /home/jas/src/stft2.0.1/1-2006-05-12_2100.txt 16384 32 1024 16384 44100 0 12000 256 31000 36000
UNSUBMITTED: 1219904424063
PENDING: 1219904427016
ACTIVE: 1219904429020
getoutputtime: 1219904539307
DONE: 1219904525076 
Job is running.
Job is running.
Job is running.
Job is running.
Job is running.
Job is running.
Job is running.
Job is running.
Job is running.
Job 3587 has completed.
Writing job STDOUT and STDERR to cache files.
Time employed in compute-1-24.local: 83.24
Returning job success.

ERROR
