DONE 

server: komolongma.ece.uprm.edu
jobmanager: sge
function: experiment-1c
parameters: /home/jas/src/stft2.0.1/main /home/jas/src/stft2.0.1/1-2006-05-12_2100.txt 16384 32 1024 16384 44100 0 12000 256 31000 36000
UNSUBMITTED: 1219978824158
PENDING: 1219978827021
ACTIVE: 1219978829013
getoutputtime: 1219978940738
DONE: 1219978927031 
Job is running.
Job is running.
Job is running.
Job is running.
Job is running.
Job is running.
Job is running.
Job is running.
Job is running.
Job 3773 has completed.
Writing job STDOUT and STDERR to cache files.
Time employed in compute-1-22.local: 71.12
Returning job success.

ERROR
