DONE 

server: komolongma.ece.uprm.edu
jobmanager: sge
function: experiment-1c
parameters: /home/jas/src/stft2.0.1/main /home/jas/src/stft2.0.1/1-2006-05-12_2100.txt 16384 32 1024 16384 44100 0 12000 256 30000 35000
UNSUBMITTED: 1219902004420
PENDING: 1219902007017
ACTIVE: 1219902009016
getoutputtime: 1219902120263
DONE: 1219902117103 
Job is running.
Job is running.
Job is running.
Job is running.
Job is running.
Job is running.
Job is running.
Job is running.
Job is running.
Job is running.
Job 3580 has completed.
Writing job STDOUT and STDERR to cache files.
Time employed in compute-1-5.local: 76.34
Returning job success.

ERROR
