DONE 

server: komolongma.ece.uprm.edu
jobmanager: sge
function: experiment-1c
parameters: /home/jas/src/stft2.0.1/main /home/jas/src/stft2.0.1/1-2006-05-12_2100.txt 16384 32 1024 16384 44100 0 12000 256 31000 36000
UNSUBMITTED: 1219940424351
PENDING: 1219940427020
ACTIVE: 1219940430012
getoutputtime: 1219940529402
DONE: 1219940526022 
Job is running.
Job is running.
Job is running.
Job is running.
Job is running.
Job is running.
Job is running.
Job is running.
Job is running.
Job 3677 has completed.
Writing job STDOUT and STDERR to cache files.
Time employed in compute-2-36.local: 77.88
Returning job success.

ERROR
