DONE 

server: komolongma.ece.uprm.edu
jobmanager: sge
function: experiment-1c
parameters: /home/jas/src/stft2.0.1/main /home/jas/src/stft2.0.1/1-2006-05-12_2100.txt 16384 32 1024 16384 44100 0 12000 256 32000 37000
UNSUBMITTED: 1219932044945
PENDING: 1219932048019
ACTIVE: 1219932050063
getoutputtime: 1219932149469
DONE: 1219932146065 
Job is running.
Job is running.
Job is running.
Job is running.
Job is running.
Job is running.
Job is running.
Job is running.
Job is running.
Job 3657 has completed.
Writing job STDOUT and STDERR to cache files.
Time employed in compute-1-22.local: 80.99
Returning job success.

ERROR
