DONE 

server: komolongma.ece.uprm.edu
jobmanager: sge
function: experiment-1c
parameters: /home/jas/src/stft2.0.1/main /home/jas/src/stft2.0.1/1-2006-05-12_2100.txt 16384 32 1024 16384 44100 0 12000 256 32000 37000
UNSUBMITTED: 1219958444867
PENDING: null
ACTIVE: 1219958448021
getoutputtime: 1219958548852
DONE: 1219958546019 
Job is running.
Job is running.
Job is running.
Job is running.
Job is running.
Job is running.
Job is running.
Job is running.
Job is running.
Job 3723 has completed.
Writing job STDOUT and STDERR to cache files.
Time employed in compute-3-63.local: 81.68
Returning job success.

ERROR
