DONE 

server: komolongma.ece.uprm.edu
jobmanager: sge
function: experiment-1c
parameters: /home/jas/src/stft2.0.1/main /home/jas/src/stft2.0.1/1-2006-05-12_2100.txt 16384 32 1024 16384 44100 0 12000 256 32000 37000
UNSUBMITTED: 1219946445367
PENDING: 1219946448013
ACTIVE: 1219946450015
getoutputtime: 1219946561074
DONE: 1219946558013 
Job is running.
Job is running.
Job is running.
Job is running.
Job is running.
Job is running.
Job is running.
Job is running.
Job is running.
Job is running.
Job 3693 has completed.
Writing job STDOUT and STDERR to cache files.
Time employed in compute-1-6.local: 87.07
Returning job success.

ERROR
