DONE 

server: komolongma.ece.uprm.edu
jobmanager: sge
function: experiment-1c
parameters: /home/jas/src/stft2.0.1/main /home/jas/src/stft2.0.1/1-2006-05-12_2100.txt 16384 32 1024 16384 44100 0 12000 256 31000 36000
UNSUBMITTED: 1219981224248
PENDING: 1219981227037
ACTIVE: 1219981229032
getoutputtime: 1219981340617
DONE: 1219981327060 
Job is running.
Job is running.
Job is running.
Job is running.
Job is running.
Job is running.
Job is running.
Job is running.
Job is running.
Job 3779 has completed.
Writing job STDOUT and STDERR to cache files.
Time employed in compute-1-10.local: 83.14
Returning job success.

ERROR
