DONE 

server: komolongma.ece.uprm.edu
jobmanager: sge
function: experiment-1c
parameters: /home/jas/src/stft2.0.1/main /home/jas/src/stft2.0.1/1-2006-05-12_2100.txt 16384 32 1024 16384 44100 0 12000 256 31000 36000
UNSUBMITTED: 1219897224309
PENDING: null
ACTIVE: 1219897228078
getoutputtime: 1219897340076
DONE: 1219897326191 
Job is running.
Job is running.
Job is running.
Job is running.
Job is running.
Job is running.
Job is running.
Job is running.
Job is running.
Job 3569 has completed.
Writing job STDOUT and STDERR to cache files.
Time employed in compute-2-44.local: 82.64
Returning job success.

ERROR
