DONE 

server: komolongma.ece.uprm.edu
jobmanager: sge
function: experiment-1c
parameters: /home/jas/src/stft2.0.1/main /home/jas/src/stft2.0.1/1-2006-05-12_2100.txt 16384 32 1024 16384 44100 0 12000 256 32000 37000
UNSUBMITTED: 1219953644299
PENDING: 1219953647020
ACTIVE: 1219953649016
getoutputtime: 1219953758557
DONE: 1219953745021 
Job is running.
Job is running.
Job is running.
Job is running.
Job is running.
Job is running.
Job is running.
Job is running.
Job is running.
Job 3711 has completed.
Writing job STDOUT and STDERR to cache files.
Time employed in compute-1-21.local: 80.31
Returning job success.

ERROR
