DONE 

server: komolongma.ece.uprm.edu
jobmanager: sge
function: experiment-1c
parameters: /home/jas/src/stft2.0.1/main /home/jas/src/stft2.0.1/1-2006-05-12_2100.txt 16384 32 1024 16384 44100 0 12000 256 32000 37000
UNSUBMITTED: 1219921244771
PENDING: 1219921248028
ACTIVE: 1219921250064
getoutputtime: 1219921360961
DONE: 1219921347118 
Job is running.
Job is running.
Job is running.
Job is running.
Job is running.
Job is running.
Job is running.
Job is running.
Job is running.
Job 3630 has completed.
Writing job STDOUT and STDERR to cache files.
Time employed in compute-1-12.local: 79.09
Returning job success.

ERROR
