DONE 

server: komolongma.ece.uprm.edu
jobmanager: sge
function: experiment-1c
parameters: /home/jas/src/stft2.0.1/main /home/jas/src/stft2.0.1/1-2006-05-12_2100.txt 16384 32 1024 16384 44100 0 12000 256 32000 37000
UNSUBMITTED: 1219909244820
PENDING: 1219909248018
ACTIVE: 1219909250074
getoutputtime: 1219909348831
DONE: 1219909346092 
Job is running.
Job is running.
Job is running.
Job is running.
Job is running.
Job is running.
Job is running.
Job is running.
Job is running.
Job 3600 has completed.
Writing job STDOUT and STDERR to cache files.
Time employed in compute-1-7.local: 76.37
Returning job success.

ERROR
