DONE 

server: komolongma.ece.uprm.edu
jobmanager: sge
function: experiment-1c
parameters: /home/jas/src/stft2.0.1/main /home/jas/src/stft2.0.1/1-2006-05-12_2100.txt 16384 32 1024 16384 44100 0 12000 256 32000 37000
UNSUBMITTED: 1219942845512
PENDING: 1219942849019
ACTIVE: 1219942851149
getoutputtime: 1219942961370
DONE: 1219942947020 
Job is running.
Job is running.
Job is running.
Job is running.
Job is running.
Job is running.
Job is running.
Job is running.
Job is running.
Job 3684 has completed.
Writing job STDOUT and STDERR to cache files.
Time employed in compute-2-45.local: 83.24
Returning job success.

ERROR
