DONE 

server: komolongma.ece.uprm.edu
jobmanager: sge
function: experiment-1c
parameters: /home/jas/src/stft2.0.1/main /home/jas/src/stft2.0.1/1-2006-05-12_2100.txt 16384 32 1024 16384 44100 0 12000 256 31000 36000
UNSUBMITTED: 1219929624387
PENDING: 1219929627021
ACTIVE: 1219929629017
getoutputtime: 1219929740981
DONE: 1219929727064 
Job is running.
Job is running.
Job is running.
Job is running.
Job is running.
Job is running.
Job is running.
Job is running.
Job is running.
Job 3650 has completed.
Writing job STDOUT and STDERR to cache files.
Time employed in compute-2-39.local: 78.48
Returning job success.

ERROR
