DONE 

server: komolongma.ece.uprm.edu
jobmanager: sge
function: experiment-1c
parameters: /home/jas/src/stft2.0.1/main /home/jas/src/stft2.0.1/1-2006-05-12_2100.txt 16384 32 1024 16384 44100 0 12000 256 31000 36000
UNSUBMITTED: 1219935624176
PENDING: 1219935627019
ACTIVE: 1219935629022
getoutputtime: 1219935738655
DONE: 1219935725012 
Job is running.
Job is running.
Job is running.
Job is running.
Job is running.
Job is running.
Job is running.
Job is running.
Job is running.
Job 3665 has completed.
Writing job STDOUT and STDERR to cache files.
Time employed in compute-3-63.local: 78.36
Returning job success.

ERROR
