DONE 

server: komolongma.ece.uprm.edu
jobmanager: sge
function: experiment-1c
parameters: /home/jas/src/stft2.0.1/main /home/jas/src/stft2.0.1/1-2006-05-12_2100.txt 16384 32 1024 16384 44100 0 12000 256 30000 35000
UNSUBMITTED: 1219912804368
PENDING: null
ACTIVE: 1219912807013
getoutputtime: 1219912929715
DONE: 1219912915071 
Job is running.
Job is running.
Job is running.
Job is running.
Job is running.
Job is running.
Job is running.
Job is running.
Job is running.
Job is running.
Job 3607 has completed.
Writing job STDOUT and STDERR to cache files.
Time employed in compute-2-28.local: 81.87
Returning job success.

ERROR
