DONE 

server: komolongma.ece.uprm.edu
jobmanager: sge
function: experiment-1c
parameters: /home/jas/src/stft2.0.1/main /home/jas/src/stft2.0.1/1-2006-05-12_2100.txt 16384 32 1024 16384 44100 0 12000 256 31000 36000
UNSUBMITTED: 1219962024541
PENDING: 1219962027013
ACTIVE: 1219962029021
getoutputtime: 1219962149008
DONE: 1219962135040 
Job is running.
Job is running.
Job is running.
Job is running.
Job is running.
Job is running.
Job is running.
Job is running.
Job is running.
Job is running.
Job 3731 has completed.
Writing job STDOUT and STDERR to cache files.
Time employed in compute-2-48.local: 76.34
Returning job success.

ERROR
