DONE 

server: komolongma.ece.uprm.edu
jobmanager: sge
function: experiment-1c
parameters: /home/jas/src/stft2.0.1/main /home/jas/src/stft2.0.1/1-2006-05-12_2100.txt 16384 32 1024 16384 44100 0 12000 256 31000 36000
UNSUBMITTED: 1219932024559
PENDING: null
ACTIVE: 1219932028022
getoutputtime: 1219932142357
DONE: 1219932128119 
Job is running.
Job is running.
Job is running.
Job is running.
Job is running.
Job is running.
Job is running.
Job is running.
Job is running.
Job 3656 has completed.
Writing job STDOUT and STDERR to cache files.
Time employed in compute-1-17.local: 77.12
Returning job success.

ERROR
