DONE 

server: komolongma.ece.uprm.edu
jobmanager: sge
function: experiment-1c
parameters: /home/jas/src/stft2.0.1/main /home/jas/src/stft2.0.1/1-2006-05-12_2100.txt 16384 32 1024 16384 44100 0 12000 256 30000 35000
UNSUBMITTED: 1219922404312
PENDING: 1219922407018
ACTIVE: 1219922409021
getoutputtime: 1219922520443
DONE: 1219922517072 
Job is running.
Job is running.
Job is running.
Job is running.
Job is running.
Job is running.
Job is running.
Job is running.
Job is running.
Job is running.
Job 3631 has completed.
Writing job STDOUT and STDERR to cache files.
Time employed in compute-2-38.local: 76.38
Returning job success.

ERROR
