DONE 

server: komolongma.ece.uprm.edu
jobmanager: sge
function: experiment-1c
parameters: /home/jas/src/stft2.0.1/main /home/jas/src/stft2.0.1/1-2006-05-12_2100.txt 16384 32 1024 16384 44100 0 12000 256 31000 36000
UNSUBMITTED: 1219957224319
PENDING: 1219957227021
ACTIVE: 1219957229012
getoutputtime: 1219957327925
DONE: 1219957325066 
Job is running.
Job is running.
Job is running.
Job is running.
Job is running.
Job is running.
Job is running.
Job is running.
Job is running.
Job 3719 has completed.
Writing job STDOUT and STDERR to cache files.
Time employed in compute-1-9.local: 77.04
Returning job success.

ERROR
