DONE 

server: komolongma.ece.uprm.edu
jobmanager: sge
function: experiment-1c
parameters: /home/jas/src/stft2.0.1/main /home/jas/src/stft2.0.1/1-2006-05-12_2100.txt 16384 32 1024 16384 44100 0 12000 256 31000 36000
UNSUBMITTED: 1219951224252
PENDING: 1219951227018
ACTIVE: 1219951229019
getoutputtime: 1219951327907
DONE: 1219951325016 
Job is running.
Job is running.
Job is running.
Job is running.
Job is running.
Job is running.
Job is running.
Job is running.
Job is running.
Job 3704 has completed.
Writing job STDOUT and STDERR to cache files.
Time employed in compute-1-25.local: 81.24
Returning job success.

ERROR
