DONE 

server: komolongma.ece.uprm.edu
jobmanager: sge
function: experiment-1c
parameters: /home/jas/src/stft2.0.1/main /home/jas/src/stft2.0.1/1-2006-05-12_2100.txt 16384 32 1024 16384 44100 0 12000 256 31000 36000
UNSUBMITTED: 1219946423887
PENDING: 1219946427014
ACTIVE: 1219946429013
getoutputtime: 1219946530508
DONE: 1219946527017 
Job is running.
Job is running.
Job is running.
Job is running.
Job is running.
Job is running.
Job is running.
Job is running.
Job is running.
Job 3692 has completed.
Writing job STDOUT and STDERR to cache files.
Time employed in compute-2-43.local: 77.5
Returning job success.

ERROR
