DONE 

server: komolongma.ece.uprm.edu
jobmanager: sge
function: experiment-1c
parameters: /home/jas/src/stft2.0.1/main /home/jas/src/stft2.0.1/1-2006-05-12_2100.txt 16384 32 1024 16384 44100 0 12000 256 32000 37000
UNSUBMITTED: 1219950044373
PENDING: null
ACTIVE: 1219950048011
getoutputtime: 1219950146853
DONE: 1219950144018 
Job is running.
Job is running.
Job is running.
Job is running.
Job is running.
Job is running.
Job is running.
Job is running.
Job is running.
Job 3702 has completed.
Writing job STDOUT and STDERR to cache files.
Time employed in compute-2-35.local: 81.15
Returning job success.

ERROR
