DONE 

server: komolongma.ece.uprm.edu
jobmanager: sge
function: experiment-1c
parameters: /home/jas/src/stft2.0.1/main /home/jas/src/stft2.0.1/1-2006-05-12_2100.txt 16384 32 1024 16384 44100 0 12000 256 30000 35000
UNSUBMITTED: 1219950005189
PENDING: null
ACTIVE: 1219950008020
getoutputtime: 1219950118959
DONE: 1219950116068 
Job is running.
Job is running.
Job is running.
Job is running.
Job is running.
Job is running.
Job is running.
Job is running.
Job is running.
Job is running.
Job 3700 has completed.
Writing job STDOUT and STDERR to cache files.
Time employed in compute-3-56.local: 73.06
Returning job success.

ERROR
