DONE 

server: komolongma.ece.uprm.edu
jobmanager: sge
function: experiment-1c
parameters: /home/jas/src/stft2.0.1/main /home/jas/src/stft2.0.1/1-2006-05-12_2100.txt 16384 32 1024 16384 44100 0 12000 256 30000 35000
UNSUBMITTED: 1219094403387
PENDING: 1219094406018
ACTIVE: 1219094408017
getoutputtime: 1219094517008
DONE: 1219094514014 
Job is running.
Job is running.
Job is running.
Job is running.
Job is running.
Job is running.
Job is running.
Job is running.
Job is running.
Job is running.
Job 1444 has completed.
Writing job STDOUT and STDERR to cache files.
Time employed in compute-2-52.local: 79.62
Returning job success.

ERROR
