DONE 

server: komolongma.ece.uprm.edu
jobmanager: sge
function: experiment-1c
parameters: /home/jas/src/stft2.0.1/main /home/jas/src/stft2.0.1/1-2006-05-12_2100.txt 16384 32 1024 16384 44100 0 12000 256 31000 36000
UNSUBMITTED: 1219096823833
PENDING: null
ACTIVE: 1219096827037
getoutputtime: 1219096948557
DONE: 1219096935061 
Job is running.
Job is running.
Job is running.
Job is running.
Job is running.
Job is running.
Job is running.
Job is running.
Job is running.
Job is running.
Job 1451 has completed.
Writing job STDOUT and STDERR to cache files.
Time employed in compute-3-56.local: 83.1
Returning job success.

ERROR
