DONE 

server: komolongma.ece.uprm.edu
jobmanager: sge
function: experiment-1c
parameters: /home/jas/src/stft2.0.1/main /home/jas/src/stft2.0.1/1-2006-05-12_2100.txt 16384 32 1024 16384 44100 0 12000 256 30000 35000
UNSUBMITTED: 1219077603493
PENDING: 1219077606016
ACTIVE: 1219077608011
getoutputtime: 1219077727426
DONE: 1219077714036 
Job is running.
Job is running.
Job is running.
Job is running.
Job is running.
Job is running.
Job is running.
Job is running.
Job is running.
Job is running.
Job 1402 has completed.
Writing job STDOUT and STDERR to cache files.
Time employed in compute-1-20.local: 76.55
Returning job success.

ERROR
