DONE 

server: komolongma.ece.uprm.edu
jobmanager: sge
function: experiment-1c
parameters: /home/jas/src/stft2.0.1/main /home/jas/src/stft2.0.1/1-2006-05-12_2100.txt 16384 32 1024 16384 44100 0 12000 256 30000 35000
UNSUBMITTED: 1219071603497
PENDING: 1219071606012
ACTIVE: 1219071608014
getoutputtime: 1219071716708
DONE: 1219071714052 
Job is running.
Job is running.
Job is running.
Job is running.
Job is running.
Job is running.
Job is running.
Job is running.
Job is running.
Job is running.
Job 1387 has completed.
Writing job STDOUT and STDERR to cache files.
Time employed in compute-2-52.local: 81.26
Returning job success.

ERROR
