DONE 

server: komolongma.ece.uprm.edu
jobmanager: sge
function: experiment-1c
parameters: /home/jas/src/stft2.0.1/main /home/jas/src/stft2.0.1/1-2006-05-12_2100.txt 16384 32 1024 16384 44100 0 12000 256 32000 37000
UNSUBMITTED: 1219116044568
PENDING: 1219116047020
ACTIVE: 1219116049019
getoutputtime: 1219116159711
DONE: 1219116157020 
Job is running.
Job is running.
Job is running.
Job is running.
Job is running.
Job is running.
Job is running.
Job is running.
Job is running.
Job is running.
Job 1503 has completed.
Writing job STDOUT and STDERR to cache files.
Time employed in compute-2-52.local: 88.34
Returning job success.

ERROR
