DONE 

server: komolongma.ece.uprm.edu
jobmanager: sge
function: experiment-1c
parameters: /home/jas/src/stft2.0.1/main /home/jas/src/stft2.0.1/1-2006-05-12_2100.txt 16384 32 1024 16384 44100 0 12000 256 32000 37000
UNSUBMITTED: 1219092043964
PENDING: 1219092047015
ACTIVE: 1219092049022
getoutputtime: 1219092147757
DONE: 1219092145123 
Job is running.
Job is running.
Job is running.
Job is running.
Job is running.
Job is running.
Job is running.
Job is running.
Job is running.
Job 1440 has completed.
Writing job STDOUT and STDERR to cache files.
Time employed in compute-2-28.local: 85.1
Returning job success.

ERROR
