DONE 

server: komolongma.ece.uprm.edu
jobmanager: sge
function: experiment-1c
parameters: /home/jas/src/stft2.0.1/main /home/jas/src/stft2.0.1/1-2006-05-12_2100.txt 16384 32 1024 16384 44100 0 12000 256 32000 37000
UNSUBMITTED: 1219112444213
PENDING: 1219112447011
ACTIVE: 1219112449022
getoutputtime: 1219112547867
DONE: 1219112545020 
Job is running.
Job is running.
Job is running.
Job is running.
Job is running.
Job is running.
Job is running.
Job is running.
Job is running.
Job 1494 has completed.
Writing job STDOUT and STDERR to cache files.
Time employed in compute-2-31.local: 81.17
Returning job success.

ERROR
