DONE 

server: komolongma.ece.uprm.edu
jobmanager: sge
function: experiment-1c
parameters: /home/jas/src/stft2.0.1/main /home/jas/src/stft2.0.1/1-2006-05-12_2100.txt 16384 32 1024 16384 44100 0 12000 256 30000 35000
UNSUBMITTED: 1219117203497
PENDING: 1219117206012
ACTIVE: 1219117208022
getoutputtime: 1219117328199
DONE: 1219117314043 
Job is running.
Job is running.
Job is running.
Job is running.
Job is running.
Job is running.
Job is running.
Job is running.
Job is running.
Job is running.
Job 1504 has completed.
Writing job STDOUT and STDERR to cache files.
Time employed in compute-1-14.local: 75.19
Returning job success.

ERROR
