DONE 

server: komolongma.ece.uprm.edu
jobmanager: sge
function: experiment-1c
parameters: /home/jas/src/stft2.0.1/main /home/jas/src/stft2.0.1/1-2006-05-12_2100.txt 16384 32 1024 16384 44100 0 12000 256 31000 36000
UNSUBMITTED: 1219082423854
PENDING: null
ACTIVE: 1219082427026
getoutputtime: 1219082538645
DONE: 1219082525042 
Job is running.
Job is running.
Job is running.
Job is running.
Job is running.
Job is running.
Job is running.
Job is running.
Job is running.
Job 1415 has completed.
Writing job STDOUT and STDERR to cache files.
Time employed in compute-2-46.local: 82.49
Returning job success.

ERROR
