DONE 

server: komolongma.ece.uprm.edu
jobmanager: sge
function: experiment-1c
parameters: /home/jas/src/stft2.0.1/main /home/jas/src/stft2.0.1/1-2006-05-12_2100.txt 16384 32 1024 16384 44100 0 12000 256 30000 35000
UNSUBMITTED: 1219100403519
PENDING: 1219100406020
ACTIVE: 1219100408019
getoutputtime: 1219100516775
DONE: 1219100514040 
Job is running.
Job is running.
Job is running.
Job is running.
Job is running.
Job is running.
Job is running.
Job is running.
Job is running.
Job is running.
Job 1459 has completed.
Writing job STDOUT and STDERR to cache files.
Time employed in compute-1-17.local: 75.17
Returning job success.

ERROR
