DONE 

server: komolongma.ece.uprm.edu
jobmanager: sge
function: experiment-1c
parameters: /home/jas/src/stft2.0.1/main /home/jas/src/stft2.0.1/1-2006-05-12_2100.txt 16384 32 1024 16384 44100 0 12000 256 30000 35000
UNSUBMITTED: 1219090803511
PENDING: 1219090806016
ACTIVE: 1219090808016
getoutputtime: 1219090927783
DONE: 1219090914016 
Job is running.
Job is running.
Job is running.
Job is running.
Job is running.
Job is running.
Job is running.
Job is running.
Job is running.
Job is running.
Job 1435 has completed.
Writing job STDOUT and STDERR to cache files.
Time employed in compute-2-31.local: 74.51
Returning job success.

ERROR
