DONE 

server: komolongma.ece.uprm.edu
jobmanager: sge
function: experiment-1c
parameters: /home/jas/src/stft2.0.1/main /home/jas/src/stft2.0.1/1-2006-05-12_2100.txt 16384 32 1024 16384 44100 0 12000 256 30000 35000
UNSUBMITTED: 1219070403601
PENDING: 1219070406016
ACTIVE: 1219070408021
getoutputtime: 1219070516776
DONE: 1219070514037 
Job is running.
Job is running.
Job is running.
Job is running.
Job is running.
Job is running.
Job is running.
Job is running.
Job is running.
Job is running.
Job 1384 has completed.
Writing job STDOUT and STDERR to cache files.
Time employed in compute-1-26.local: 83.35
Returning job success.

ERROR
