DONE 

server: komolongma.ece.uprm.edu
jobmanager: sge
function: experiment-1c
parameters: /home/jas/src/stft2.0.1/main /home/jas/src/stft2.0.1/1-2006-05-12_2100.txt 16384 32 1024 16384 44100 0 12000 256 30000 35000
UNSUBMITTED: 1219087203445
PENDING: 1219087206023
ACTIVE: 1219087208023
getoutputtime: 1219087327510
DONE: 1219087314022 
Job is running.
Job is running.
Job is running.
Job is running.
Job is running.
Job is running.
Job is running.
Job is running.
Job is running.
Job is running.
Job 1426 has completed.
Writing job STDOUT and STDERR to cache files.
Time employed in compute-1-6.local: 83.13
Returning job success.

ERROR
