DONE 

server: komolongma.ece.uprm.edu
jobmanager: sge
function: experiment-1c
parameters: /home/jas/src/stft2.0.1/main /home/jas/src/stft2.0.1/1-2006-05-12_2100.txt 16384 32 1024 16384 44100 0 12000 256 30000 35000
UNSUBMITTED: 1219114803683
PENDING: 1219114806013
ACTIVE: 1219114808014
getoutputtime: 1219114927914
DONE: 1219114914145 
Job is running.
Job is running.
Job is running.
Job is running.
Job is running.
Job is running.
Job is running.
Job is running.
Job is running.
Job is running.
Job 1498 has completed.
Writing job STDOUT and STDERR to cache files.
Time employed in compute-1-12.local: 74.32
Returning job success.

ERROR
