DONE 

server: komolongma.ece.uprm.edu
jobmanager: sge
function: experiment-1c
parameters: /home/jas/src/stft2.0.1/main /home/jas/src/stft2.0.1/1-2006-05-12_2100.txt 16384 32 1024 16384 44100 0 12000 256 32000 37000
UNSUBMITTED: 1219101644268
PENDING: 1219101647019
ACTIVE: 1219101649018
getoutputtime: 1219101747676
DONE: 1219101745020 
Job is running.
Job is running.
Job is running.
Job is running.
Job is running.
Job is running.
Job is running.
Job is running.
Job is running.
Job 1464 has completed.
Writing job STDOUT and STDERR to cache files.
Time employed in compute-2-45.local: 85.62
Returning job success.

ERROR
