DONE 

server: komolongma.ece.uprm.edu
jobmanager: sge
function: experiment-1c
parameters: /home/jas/src/stft2.0.1/main /home/jas/src/stft2.0.1/1-2006-05-12_2100.txt 16384 32 1024 16384 44100 0 12000 256 32000 37000
UNSUBMITTED: 1219104044071
PENDING: 1219104047016
ACTIVE: 1219104049023
getoutputtime: 1219104158579
DONE: 1219104145041 
Job is running.
Job is running.
Job is running.
Job is running.
Job is running.
Job is running.
Job is running.
Job is running.
Job is running.
Job 1470 has completed.
Writing job STDOUT and STDERR to cache files.
Time employed in compute-2-32.local: 85.51
Returning job success.

ERROR
