DONE 

server: komolongma.ece.uprm.edu
jobmanager: sge
function: experiment-1c
parameters: /home/jas/src/stft2.0.1/main /home/jas/src/stft2.0.1/1-2006-05-12_2100.txt 16384 32 1024 16384 44100 0 12000 256 32000 37000
UNSUBMITTED: 1219069244076
PENDING: 1219069247017
ACTIVE: 1219069249051
getoutputtime: 1219069357616
DONE: 1219069355062 
Job is running.
Job is running.
Job is running.
Job is running.
Job is running.
Job is running.
Job is running.
Job is running.
Job is running.
Job is running.
Job 1383 has completed.
Writing job STDOUT and STDERR to cache files.
Time employed in compute-2-38.local: 87.1
Returning job success.

ERROR
