DONE 

server: komolongma.ece.uprm.edu
jobmanager: sge
function: experiment-1c
parameters: /home/jas/src/stft2.0.1/main /home/jas/src/stft2.0.1/1-2006-05-12_2100.txt 16384 32 1024 16384 44100 0 12000 256 30000 35000
UNSUBMITTED: 1219074003477
PENDING: 1219074006018
ACTIVE: 1219074008022
getoutputtime: 1219074127528
DONE: 1219074114050 
Job is running.
Job is running.
Job is running.
Job is running.
Job is running.
Job is running.
Job is running.
Job is running.
Job is running.
Job is running.
Job 1393 has completed.
Writing job STDOUT and STDERR to cache files.
Time employed in compute-2-30.local: 73.58
Returning job success.

ERROR
