DONE 

server: komolongma.ece.uprm.edu
jobmanager: sge
function: experiment-1c
parameters: /home/jas/src/stft2.0.1/main /home/jas/src/stft2.0.1/1-2006-05-12_2100.txt 16384 32 1024 16384 44100 0 12000 256 30000 35000
UNSUBMITTED: 1219093203648
PENDING: 1219093206019
ACTIVE: 1219093208012
getoutputtime: 1219093316772
DONE: 1219093314062 
Job is running.
Job is running.
Job is running.
Job is running.
Job is running.
Job is running.
Job is running.
Job is running.
Job is running.
Job is running.
Job 1441 has completed.
Writing job STDOUT and STDERR to cache files.
Time employed in compute-1-26.local: 72.39
Returning job success.

ERROR
