DONE 

server: komolongma.ece.uprm.edu
jobmanager: sge
function: experiment-1c
parameters: /home/jas/src/stft2.0.1/main /home/jas/src/stft2.0.1/1-2006-05-12_2100.txt 16384 32 1024 16384 44100 0 12000 256 30000 35000
UNSUBMITTED: 1219096803464
PENDING: 1219096806014
ACTIVE: 1219096808017
getoutputtime: 1219096916987
DONE: 1219096914019 
Job is running.
Job is running.
Job is running.
Job is running.
Job is running.
Job is running.
Job is running.
Job is running.
Job is running.
Job is running.
Job 1450 has completed.
Writing job STDOUT and STDERR to cache files.
Time employed in compute-3-63.local: 75.53
Returning job success.

ERROR
