DONE 

server: komolongma.ece.uprm.edu
jobmanager: sge
function: experiment-1c
parameters: /home/jas/src/stft2.0.1/main /home/jas/src/stft2.0.1/1-2006-05-12_2100.txt 16384 32 1024 16384 44100 0 12000 256 32000 37000
UNSUBMITTED: 1219100444322
PENDING: 1219100447017
ACTIVE: 1219100449014
getoutputtime: 1219100547862
DONE: 1219100545013 
Job is running.
Job is running.
Job is running.
Job is running.
Job is running.
Job is running.
Job is running.
Job is running.
Job is running.
Job 1461 has completed.
Writing job STDOUT and STDERR to cache files.
Time employed in compute-1-20.local: 85.86
Returning job success.

ERROR
