DONE 

server: komolongma.ece.uprm.edu
jobmanager: sge
function: experiment-1c
parameters: /home/jas/src/stft2.0.1/main /home/jas/src/stft2.0.1/1-2006-05-12_2100.txt 16384 32 1024 16384 44100 0 12000 256 30000 35000
UNSUBMITTED: 1219112403485
PENDING: 1219112406019
ACTIVE: 1219112408017
getoutputtime: 1219112516973
DONE: 1219112514086 
Job is running.
Job is running.
Job is running.
Job is running.
Job is running.
Job is running.
Job is running.
Job is running.
Job is running.
Job is running.
Job 1492 has completed.
Writing job STDOUT and STDERR to cache files.
Time employed in compute-1-13.local: 78.54
Returning job success.

ERROR
