DONE 

server: komolongma.ece.uprm.edu
jobmanager: sge
function: experiment-1c
parameters: /home/jas/src/stft2.0.1/main /home/jas/src/stft2.0.1/1-2006-05-12_2100.txt 16384 32 1024 16384 44100 0 12000 256 30000 35000
UNSUBMITTED: 1219101603579
PENDING: 1219101606014
ACTIVE: 1219101608018
getoutputtime: 1219101739671
DONE: 1219101726059 
Job is running.
Job is running.
Job is running.
Job is running.
Job is running.
Job is running.
Job is running.
Job is running.
Job is running.
Job is running.
Job is running.
Job 1462 has completed.
Writing job STDOUT and STDERR to cache files.
Time employed in compute-3-60.local: 93.25
Returning job success.

ERROR
