DONE 

server: komolongma.ece.uprm.edu
jobmanager: sge
function: experiment-1c
parameters: /home/jas/src/stft2.0.1/main /home/jas/src/stft2.0.1/1-2006-05-12_2100.txt 16384 32 1024 16384 44100 0 12000 256 32000 37000
UNSUBMITTED: 1219110044184
PENDING: 1219110047013
ACTIVE: 1219110049029
getoutputtime: 1219110157918
DONE: 1219110155021 
Job is running.
Job is running.
Job is running.
Job is running.
Job is running.
Job is running.
Job is running.
Job is running.
Job is running.
Job is running.
Job 1488 has completed.
Writing job STDOUT and STDERR to cache files.
Time employed in compute-2-36.local: 87.09
Returning job success.

ERROR
