DONE 

server: komolongma.ece.uprm.edu
jobmanager: sge
function: experiment-1c
parameters: /home/jas/src/stft2.0.1/main /home/jas/src/stft2.0.1/1-2006-05-12_2100.txt 16384 32 1024 16384 44100 0 12000 256 31000 36000
UNSUBMITTED: 1219104023866
PENDING: null
ACTIVE: 1219104027018
getoutputtime: 1219104138538
DONE: 1219104125012 
Job is running.
Job is running.
Job is running.
Job is running.
Job is running.
Job is running.
Job is running.
Job is running.
Job is running.
Job 1469 has completed.
Writing job STDOUT and STDERR to cache files.
Time employed in compute-2-48.local: 79.22
Returning job success.

ERROR
