DONE 

server: komolongma.ece.uprm.edu
jobmanager: sge
function: experiment-1c
parameters: /home/jas/src/stft2.0.1/main /home/jas/src/stft2.0.1/1-2006-05-12_2100.txt 16384 32 1024 16384 44100 0 12000 256 30000 35000
UNSUBMITTED: 1219106403527
PENDING: null
ACTIVE: 1219106407019
getoutputtime: 1219106517855
DONE: 1219106515067 
Job is running.
Job is running.
Job is running.
Job is running.
Job is running.
Job is running.
Job is running.
Job is running.
Job is running.
Job is running.
Job 1474 has completed.
Writing job STDOUT and STDERR to cache files.
Time employed in compute-2-46.local: 77.44
Returning job success.

ERROR
