DONE 

server: komolongma.ece.uprm.edu
jobmanager: sge
function: experiment-1c
parameters: /home/jas/src/stft2.0.1/main /home/jas/src/stft2.0.1/1-2006-05-12_2100.txt 16384 32 1024 16384 44100 0 12000 256 32000 37000
UNSUBMITTED: 1219099244122
PENDING: 1219099247021
ACTIVE: 1219099249020
getoutputtime: 1219099358492
DONE: 1219099345042 
Job is running.
Job is running.
Job is running.
Job is running.
Job is running.
Job is running.
Job is running.
Job is running.
Job is running.
Job 1458 has completed.
Writing job STDOUT and STDERR to cache files.
Time employed in compute-2-41.local: 84.51
Returning job success.

ERROR
