DONE 

server: komolongma.ece.uprm.edu
jobmanager: sge
function: experiment-1c
parameters: /home/jas/src/stft2.0.1/main /home/jas/src/stft2.0.1/1-2006-05-12_2100.txt 16384 32 1024 16384 44100 0 12000 256 32000 37000
UNSUBMITTED: 1219074044206
PENDING: 1219074047015
ACTIVE: 1219074049051
getoutputtime: 1219074167591
DONE: 1219074165032 
Job is running.
Job is running.
Job is running.
Job is running.
Job is running.
Job is running.
Job is running.
Job is running.
Job is running.
Job is running.
Job is running.
Job 1395 has completed.
Writing job STDOUT and STDERR to cache files.
Time employed in compute-1-5.local: 88.64
Returning job success.

ERROR
