DONE 

server: komolongma.ece.uprm.edu
jobmanager: sge
function: experiment-1c
parameters: /home/jas/src/stft2.0.1/main /home/jas/src/stft2.0.1/1-2006-05-12_2100.txt 16384 32 1024 16384 44100 0 12000 256 32000 37000
UNSUBMITTED: 1219096844146
PENDING: 1219096847020
ACTIVE: 1219096849044
getoutputtime: 1219096947889
DONE: 1219096945018 
Job is running.
Job is running.
Job is running.
Job is running.
Job is running.
Job is running.
Job is running.
Job is running.
Job is running.
Job 1452 has completed.
Writing job STDOUT and STDERR to cache files.
Time employed in compute-2-30.local: 81.22
Returning job success.

ERROR
