DONE 

server: komolongma.ece.uprm.edu
jobmanager: sge
function: experiment-1c
parameters: /home/jas/src/stft2.0.1/main /home/jas/src/stft2.0.1/1-2006-05-12_2100.txt 16384 32 1024 16384 44100 0 12000 256 31000 36000
UNSUBMITTED: 1219116023852
PENDING: null
ACTIVE: 1219116027020
getoutputtime: 1219116137947
DONE: 1219116135044 
Job is running.
Job is running.
Job is running.
Job is running.
Job is running.
Job is running.
Job is running.
Job is running.
Job is running.
Job is running.
Job 1502 has completed.
Writing job STDOUT and STDERR to cache files.
Time employed in compute-2-33.local: 85.17
Returning job success.

ERROR
