DONE 

server: komolongma.ece.uprm.edu
jobmanager: sge
function: experiment-1c
parameters: /home/jas/src/stft2.0.1/main /home/jas/src/stft2.0.1/1-2006-05-12_2100.txt 16384 32 1024 16384 44100 0 12000 256 32000 37000
UNSUBMITTED: 1219087244251
PENDING: 1219087247020
ACTIVE: 1219087249044
getoutputtime: 1219087357939
DONE: 1219087355047 
Job is running.
Job is running.
Job is running.
Job is running.
Job is running.
Job is running.
Job is running.
Job is running.
Job is running.
Job is running.
Job 1428 has completed.
Writing job STDOUT and STDERR to cache files.
Time employed in compute-3-59.local: 87.03
Returning job success.

ERROR
