DONE 

server: komolongma.ece.uprm.edu
jobmanager: sge
function: experiment-1c
parameters: /home/jas/src/stft2.0.1/main /home/jas/src/stft2.0.1/1-2006-05-12_2100.txt 16384 32 1024 16384 44100 0 12000 256 30000 35000
UNSUBMITTED: 1219104003635
PENDING: 1219104006016
ACTIVE: 1219104008021
getoutputtime: 1219104116883
DONE: 1219104114040 
Job is running.
Job is running.
Job is running.
Job is running.
Job is running.
Job is running.
Job is running.
Job is running.
Job is running.
Job is running.
Job 1468 has completed.
Writing job STDOUT and STDERR to cache files.
Time employed in compute-1-7.local: 76.74
Returning job success.

ERROR
