DONE 

server: komolongma.ece.uprm.edu
jobmanager: sge
function: experiment-1c
parameters: /home/jas/src/stft2.0.1/main /home/jas/src/stft2.0.1/1-2006-05-12_2100.txt 16384 32 1024 16384 44100 0 12000 256 30000 35000
UNSUBMITTED: 1219098003430
PENDING: 1219098006018
ACTIVE: 1219098008013
getoutputtime: 1219098116765
DONE: 1219098114046 
Job is running.
Job is running.
Job is running.
Job is running.
Job is running.
Job is running.
Job is running.
Job is running.
Job is running.
Job is running.
Job 1453 has completed.
Writing job STDOUT and STDERR to cache files.
Time employed in compute-1-15.local: 73.36
Returning job success.

ERROR
