DONE 

server: komolongma.ece.uprm.edu
jobmanager: sge
function: experiment-1c
parameters: /home/jas/src/stft2.0.1/main /home/jas/src/stft2.0.1/1-2006-05-12_2100.txt 16384 32 1024 16384 44100 0 12000 256 32000 37000
UNSUBMITTED: 1219117244717
PENDING: null
ACTIVE: 1219117248017
getoutputtime: 1219117358953
DONE: 1219117356013 
Job is running.
Job is running.
Job is running.
Job is running.
Job is running.
Job is running.
Job is running.
Job is running.
Job is running.
Job is running.
Job 1506 has completed.
Writing job STDOUT and STDERR to cache files.
Time employed in compute-2-38.local: 94.72
Returning job success.

ERROR
