DONE 

server: komolongma.ece.uprm.edu
jobmanager: sge
function: experiment-1c
parameters: /home/jas/src/stft2.0.1/main /home/jas/src/stft2.0.1/1-2006-05-12_2100.txt 16384 32 1024 16384 44100 0 12000 256 31000 36000
UNSUBMITTED: 1219076423914
PENDING: null
ACTIVE: 1219076427059
getoutputtime: 1219076537688
DONE: 1219076535042 
Job is running.
Job is running.
Job is running.
Job is running.
Job is running.
Job is running.
Job is running.
Job is running.
Job is running.
Job is running.
Job 1400 has completed.
Writing job STDOUT and STDERR to cache files.
Time employed in compute-2-41.local: 82.98
Returning job success.

ERROR
