DONE 

server: komolongma.ece.uprm.edu
jobmanager: sge
function: experiment-1c
parameters: /home/jas/src/stft2.0.1/main /home/jas/src/stft2.0.1/1-2006-05-12_2100.txt 16384 32 1024 16384 44100 0 12000 256 30000 35000
UNSUBMITTED: 1219105203485
PENDING: 1219105206022
ACTIVE: 1219105208018
getoutputtime: 1219105327757
DONE: 1219105314011 
Job is running.
Job is running.
Job is running.
Job is running.
Job is running.
Job is running.
Job is running.
Job is running.
Job is running.
Job is running.
Job 1471 has completed.
Writing job STDOUT and STDERR to cache files.
Time employed in compute-2-43.local: 78.33
Returning job success.

ERROR
