DONE 

server: komolongma.ece.uprm.edu
jobmanager: sge
function: experiment-1c
parameters: /home/jas/src/stft2.0.1/main /home/jas/src/stft2.0.1/1-2006-05-12_2100.txt 16384 32 1024 16384 44100 0 12000 256 32000 37000
UNSUBMITTED: 1219081243940
PENDING: 1219081247025
ACTIVE: 1219081249024
getoutputtime: 1219081357903
DONE: 1219081355037 
Job is running.
Job is running.
Job is running.
Job is running.
Job is running.
Job is running.
Job is running.
Job is running.
Job is running.
Job is running.
Job 1413 has completed.
Writing job STDOUT and STDERR to cache files.
Time employed in compute-2-50.local: 96.67
Returning job success.

ERROR
