DONE 

server: komolongma.ece.uprm.edu
jobmanager: sge
function: experiment-1c
parameters: /home/jas/src/stft2.0.1/main /home/jas/src/stft2.0.1/1-2006-05-12_2100.txt 16384 32 1024 16384 44100 0 12000 256 32000 37000
UNSUBMITTED: 1219088444355
PENDING: 1219088447020
ACTIVE: 1219088449042
getoutputtime: 1219088547835
DONE: 1219088545017 
Job is running.
Job is running.
Job is running.
Job is running.
Job is running.
Job is running.
Job is running.
Job is running.
Job is running.
Job 1431 has completed.
Writing job STDOUT and STDERR to cache files.
Time employed in compute-3-57.local: 84.89
Returning job success.

ERROR
