DONE 

server: komolongma.ece.uprm.edu
jobmanager: sge
function: experiment-1c
parameters: /home/jas/src/stft2.0.1/main /home/jas/src/stft2.0.1/1-2006-05-12_2100.txt 16384 32 1024 16384 44100 0 12000 256 30000 35000
UNSUBMITTED: 1219076403576
PENDING: 1219076406015
ACTIVE: 1219076408012
getoutputtime: 1219076527520
DONE: 1219076514046 
Job is running.
Job is running.
Job is running.
Job is running.
Job is running.
Job is running.
Job is running.
Job is running.
Job is running.
Job is running.
Job 1399 has completed.
Writing job STDOUT and STDERR to cache files.
Time employed in compute-1-23.local: 79.65
Returning job success.

ERROR
