DONE 

server: komolongma.ece.uprm.edu
jobmanager: sge
function: experiment-1c
parameters: /home/jas/src/stft2.0.1/main /home/jas/src/stft2.0.1/1-2006-05-12_2100.txt 16384 32 1024 16384 44100 0 12000 256 32000 37000
UNSUBMITTED: 1219076444075
PENDING: 1219076447016
ACTIVE: 1219076449042
getoutputtime: 1219076557466
DONE: 1219076555019 
Job is running.
Job is running.
Job is running.
Job is running.
Job is running.
Job is running.
Job is running.
Job is running.
Job is running.
Job is running.
Job 1401 has completed.
Writing job STDOUT and STDERR to cache files.
Time employed in compute-2-39.local: 87.18
Returning job success.

ERROR
