DONE 

server: komolongma.ece.uprm.edu
jobmanager: sge
function: experiment-1c
parameters: /home/jas/src/stft2.0.1/main /home/jas/src/stft2.0.1/1-2006-05-12_2100.txt 16384 32 1024 16384 44100 0 12000 256 30000 35000
UNSUBMITTED: 1219113603470
PENDING: 1219113606023
ACTIVE: 1219113608012
getoutputtime: 1219113716861
DONE: 1219113714039 
Job is running.
Job is running.
Job is running.
Job is running.
Job is running.
Job is running.
Job is running.
Job is running.
Job is running.
Job is running.
Job 1495 has completed.
Writing job STDOUT and STDERR to cache files.
Time employed in compute-2-29.local: 78.28
Returning job success.

ERROR
