DONE 

server: komolongma.ece.uprm.edu
jobmanager: sge
function: experiment-1c
parameters: /home/jas/src/stft2.0.1/main /home/jas/src/stft2.0.1/1-2006-05-12_2100.txt 16384 32 1024 16384 44100 0 12000 256 32000 37000
UNSUBMITTED: 1219084844048
PENDING: 1219084847017
ACTIVE: 1219084849025
getoutputtime: 1219084957698
DONE: 1219084955013 
Job is running.
Job is running.
Job is running.
Job is running.
Job is running.
Job is running.
Job is running.
Job is running.
Job is running.
Job is running.
Job 1422 has completed.
Writing job STDOUT and STDERR to cache files.
Time employed in compute-1-2.local: 87.47
Returning job success.

ERROR
