DONE 

server: komolongma.ece.uprm.edu
jobmanager: sge
function: experiment-1c
parameters: /home/jas/src/stft2.0.1/main /home/jas/src/stft2.0.1/1-2006-05-12_2100.txt 16384 32 1024 16384 44100 0 12000 256 32000 37000
UNSUBMITTED: 1219093244173
PENDING: 1219093247021
ACTIVE: 1219093249037
getoutputtime: 1219093370397
DONE: 1219093357011 
Job is running.
Job is running.
Job is running.
Job is running.
Job is running.
Job is running.
Job is running.
Job is running.
Job is running.
Job is running.
Job 1443 has completed.
Writing job STDOUT and STDERR to cache files.
Time employed in compute-2-33.local: 98.57
Returning job success.

ERROR
