DONE 

server: komolongma.ece.uprm.edu
jobmanager: sge
function: experiment-1c
parameters: /home/jas/src/stft2.0.1/main /home/jas/src/stft2.0.1/1-2006-05-12_2100.txt 16384 32 1024 16384 44100 0 12000 256 30000 35000
UNSUBMITTED: 1219089603451
PENDING: 1219089606016
ACTIVE: 1219089608022
getoutputtime: 1219089727494
DONE: 1219089714016 
Job is running.
Job is running.
Job is running.
Job is running.
Job is running.
Job is running.
Job is running.
Job is running.
Job is running.
Job is running.
Job 1432 has completed.
Writing job STDOUT and STDERR to cache files.
Time employed in compute-1-11.local: 72.36
Returning job success.

ERROR
