DONE 

server: komolongma.ece.uprm.edu
jobmanager: sge
function: experiment-1c
parameters: /home/jas/src/stft2.0.1/main /home/jas/src/stft2.0.1/1-2006-05-12_2100.txt 16384 32 1024 16384 44100 0 12000 256 32000 37000
UNSUBMITTED: 1219070444013
PENDING: 1219070447013
ACTIVE: 1219070449042
getoutputtime: 1219070557634
DONE: 1219070555023 
Job is running.
Job is running.
Job is running.
Job is running.
Job is running.
Job is running.
Job is running.
Job is running.
Job is running.
Job is running.
Job 1386 has completed.
Writing job STDOUT and STDERR to cache files.
Time employed in compute-2-33.local: 94.19
Returning job success.

ERROR
