DONE 

server: komolongma.ece.uprm.edu
jobmanager: sge
function: experiment-1c
parameters: /home/jas/src/stft2.0.1/main /home/jas/src/stft2.0.1/1-2006-05-12_2100.txt 16384 32 1024 16384 44100 0 12000 256 32000 37000
UNSUBMITTED: 1219090843943
PENDING: 1219090847017
ACTIVE: 1219090849015
getoutputtime: 1219090958353
DONE: 1219090945019 
Job is running.
Job is running.
Job is running.
Job is running.
Job is running.
Job is running.
Job is running.
Job is running.
Job is running.
Job 1437 has completed.
Writing job STDOUT and STDERR to cache files.
Time employed in compute-2-29.local: 81.34
Returning job success.

ERROR
