DONE 

server: komolongma.ece.uprm.edu
jobmanager: sge
function: experiment-1c
parameters: /home/jas/src/stft2.0.1/main /home/jas/src/stft2.0.1/1-2006-05-12_2100.txt 16384 32 1024 16384 44100 0 12000 256 32000 37000
UNSUBMITTED: 1219089644406
PENDING: 1219089647015
ACTIVE: 1219089649021
getoutputtime: 1219089747785
DONE: 1219089745015 
Job is running.
Job is running.
Job is running.
Job is running.
Job is running.
Job is running.
Job is running.
Job is running.
Job is running.
Job 1434 has completed.
Writing job STDOUT and STDERR to cache files.
Time employed in compute-1-18.local: 83.66
Returning job success.

ERROR
