DONE 

server: komolongma.ece.uprm.edu
jobmanager: sge
function: experiment-1c
parameters: /home/jas/src/stft2.0.1/main /home/jas/src/stft2.0.1/1-2006-05-12_2100.txt 16384 32 1024 16384 44100 0 12000 256 32000 37000
UNSUBMITTED: 1219107644278
PENDING: 1219107647013
ACTIVE: 1219107649012
getoutputtime: 1219107747851
DONE: 1219107745043 
Job is running.
Job is running.
Job is running.
Job is running.
Job is running.
Job is running.
Job is running.
Job is running.
Job is running.
Job 1479 has completed.
Writing job STDOUT and STDERR to cache files.
Time employed in compute-1-2.local: 79.4
Returning job success.

ERROR
