DONE 

server: komolongma.ece.uprm.edu
jobmanager: sge
function: experiment-1c
parameters: /home/jas/src/stft2.0.1/main /home/jas/src/stft2.0.1/1-2006-05-12_2100.txt 16384 32 1024 16384 44100 0 12000 256 32000 37000
UNSUBMITTED: 1219102844108
PENDING: 1219102847015
ACTIVE: 1219102849014
getoutputtime: 1219102957979
DONE: 1219102955037 
Job is running.
Job is running.
Job is running.
Job is running.
Job is running.
Job is running.
Job is running.
Job is running.
Job is running.
Job is running.
Job 1467 has completed.
Writing job STDOUT and STDERR to cache files.
Time employed in compute-1-22.local: 87.71
Returning job success.

ERROR
