DONE 

server: komolongma.ece.uprm.edu
jobmanager: sge
function: experiment-1c
parameters: /home/jas/src/stft2.0.1/main /home/jas/src/stft2.0.1/1-2006-05-12_2100.txt 16384 32 1024 16384 44100 0 12000 256 31000 36000
UNSUBMITTED: 1219075223423
PENDING: 1219075226022
ACTIVE: 1219075228019
getoutputtime: 1219075336595
DONE: 1219075334034 
Job is running.
Job is running.
Job is running.
Job is running.
Job is running.
Job is running.
Job is running.
Job is running.
Job is running.
Job is running.
Job 1397 has completed.
Writing job STDOUT and STDERR to cache files.
Time employed in compute-2-34.local: 80.14
Returning job success.

ERROR
