DONE 

server: komolongma.ece.uprm.edu
jobmanager: sge
function: experiment-1c
parameters: /home/jas/src/stft2.0.1/main /home/jas/src/stft2.0.1/1-2006-05-12_2100.txt 16384 32 1024 16384 44100 0 12000 256 31000 36000
UNSUBMITTED: 1219852824350
PENDING: 1219852827013
ACTIVE: 1219852829018
getoutputtime: 1219852930138
DONE: 1219852927017 
Job is running.
Job is running.
Job is running.
Job is running.
Job is running.
Job is running.
Job is running.
Job is running.
Job is running.
Job 3458 has completed.
Writing job STDOUT and STDERR to cache files.
Time employed in compute-1-5.local: 80.8
Returning job success.

ERROR
