DONE 

server: komolongma.ece.uprm.edu
jobmanager: sge
function: experiment-1c
parameters: /home/jas/src/stft2.0.1/main /home/jas/src/stft2.0.1/1-2006-05-12_2100.txt 16384 32 1024 16384 44100 0 12000 256 31000 36000
UNSUBMITTED: 1219892424306
PENDING: 1219892427026
ACTIVE: 1219892429021
getoutputtime: 1219892541286
DONE: 1219892527072 
Job is running.
Job is running.
Job is running.
Job is running.
Job is running.
Job is running.
Job is running.
Job is running.
Job is running.
Job 3557 has completed.
Writing job STDOUT and STDERR to cache files.
Time employed in compute-2-33.local: 79.6
Returning job success.

ERROR
