DONE 

server: komolongma.ece.uprm.edu
jobmanager: sge
function: experiment-1c
parameters: /home/jas/src/stft2.0.1/main /home/jas/src/stft2.0.1/1-2006-05-12_2100.txt 16384 32 1024 16384 44100 0 12000 256 32000 37000
UNSUBMITTED: 1219878044716
PENDING: 1219878048019
ACTIVE: 1219878050022
getoutputtime: 1219878149222
DONE: 1219878146074 
Job is running.
Job is running.
Job is running.
Job is running.
Job is running.
Job is running.
Job is running.
Job is running.
Job is running.
Job 3522 has completed.
Writing job STDOUT and STDERR to cache files.
Time employed in compute-1-8.local: 85.13
Returning job success.

ERROR
