DONE 

server: komolongma.ece.uprm.edu
jobmanager: sge
function: experiment-1c
parameters: /home/jas/src/stft2.0.1/main /home/jas/src/stft2.0.1/1-2006-05-12_2100.txt 16384 32 1024 16384 44100 0 12000 256 30000 35000
UNSUBMITTED: 1219812004428
PENDING: 1219812007017
ACTIVE: 1219812009014
getoutputtime: 1219812130142
DONE: 1219812115075 
Job is running.
Job is running.
Job is running.
Job is running.
Job is running.
Job is running.
Job is running.
Job is running.
Job is running.
Job is running.
Job 3355 has completed.
Writing job STDOUT and STDERR to cache files.
Time employed in compute-1-1.local: 73.69
Returning job success.

ERROR
