DONE 

server: komolongma.ece.uprm.edu
jobmanager: sge
function: experiment-1c
parameters: /home/jas/src/stft2.0.1/main /home/jas/src/stft2.0.1/1-2006-05-12_2100.txt 16384 32 1024 16384 44100 0 12000 256 32000 37000
UNSUBMITTED: 1219881645301
PENDING: null
ACTIVE: 1219881649023
getoutputtime: 1219881750236
DONE: 1219881747017 
Job is running.
Job is running.
Job is running.
Job is running.
Job is running.
Job is running.
Job is running.
Job is running.
Job is running.
Job 3531 has completed.
Writing job STDOUT and STDERR to cache files.
Time employed in compute-1-1.local: 81.86
Returning job success.

ERROR
