DONE 

server: komolongma.ece.uprm.edu
jobmanager: sge
function: experiment-1c
parameters: /home/jas/src/stft2.0.1/main /home/jas/src/stft2.0.1/1-2006-05-12_2100.txt 16384 32 1024 16384 44100 0 12000 256 32000 37000
UNSUBMITTED: 1219893645422
PENDING: 1219893648019
ACTIVE: 1219893650066
getoutputtime: 1219893760395
DONE: 1219893757070 
Job is running.
Job is running.
Job is running.
Job is running.
Job is running.
Job is running.
Job is running.
Job is running.
Job is running.
Job is running.
Job 3561 has completed.
Writing job STDOUT and STDERR to cache files.
Time employed in compute-2-29.local: 96.17
Returning job success.

ERROR
