DONE 

server: komolongma.ece.uprm.edu
jobmanager: sge
function: experiment-1c
parameters: /home/jas/src/stft2.0.1/main /home/jas/src/stft2.0.1/1-2006-05-12_2100.txt 16384 32 1024 16384 44100 0 12000 256 30000 35000
UNSUBMITTED: 1219848004192
PENDING: null
ACTIVE: 1219848007064
getoutputtime: 1219848120363
DONE: 1219848117014 
Job is running.
Job is running.
Job is running.
Job is running.
Job is running.
Job is running.
Job is running.
Job is running.
Job is running.
Job is running.
Job 3445 has completed.
Writing job STDOUT and STDERR to cache files.
Time employed in compute-2-45.local: 77.25
Returning job success.

ERROR
