DONE 

server: komolongma.ece.uprm.edu
jobmanager: sge
function: experiment-1c
parameters: /home/jas/src/stft2.0.1/main /home/jas/src/stft2.0.1/1-2006-05-12_2100.txt 16384 32 1024 16384 44100 0 12000 256 31000 36000
UNSUBMITTED: 1219888824643
PENDING: null
ACTIVE: 1219888828017
getoutputtime: 1219888929319
DONE: 1219888926068 
Job is running.
Job is running.
Job is running.
Job is running.
Job is running.
Job is running.
Job is running.
Job is running.
Job is running.
Job 3548 has completed.
Writing job STDOUT and STDERR to cache files.
Time employed in compute-2-28.local: 73.3
Returning job success.

ERROR
