DONE 

server: komolongma.ece.uprm.edu
jobmanager: sge
function: experiment-1c
parameters: /home/jas/src/stft2.0.1/main /home/jas/src/stft2.0.1/1-2006-05-12_2100.txt 16384 32 1024 16384 44100 0 12000 256 32000 37000
UNSUBMITTED: 1219809644905
PENDING: 1219809648071
ACTIVE: 1219809650127
getoutputtime: 1219809759887
DONE: 1219809746061 
Job is running.
Job is running.
Job is running.
Job is running.
Job is running.
Job is running.
Job is running.
Job is running.
Job is running.
Job 3351 has completed.
Writing job STDOUT and STDERR to cache files.
Time employed in compute-1-24.local: 79.21
Returning job success.

ERROR
