DONE 

server: komolongma.ece.uprm.edu
jobmanager: sge
function: experiment-1c
parameters: /home/jas/src/stft2.0.1/main /home/jas/src/stft2.0.1/1-2006-05-12_2100.txt 16384 32 1024 16384 44100 0 12000 256 31000 36000
UNSUBMITTED: 1219881624245
PENDING: null
ACTIVE: 1219881628020
getoutputtime: 1219881740250
DONE: 1219881726070 
Job is running.
Job is running.
Job is running.
Job is running.
Job is running.
Job is running.
Job is running.
Job is running.
Job is running.
Job 3530 has completed.
Writing job STDOUT and STDERR to cache files.
Time employed in compute-2-51.local: 79.94
Returning job success.

ERROR
