DONE 

server: komolongma.ece.uprm.edu
jobmanager: sge
function: experiment-1c
parameters: /home/jas/src/stft2.0.1/main /home/jas/src/stft2.0.1/1-2006-05-12_2100.txt 16384 32 1024 16384 44100 0 12000 256 31000 36000
UNSUBMITTED: 1219818024960
PENDING: null
ACTIVE: 1219818028071
getoutputtime: 1219818140336
DONE: 1219818126069 
Job is running.
Job is running.
Job is running.
Job is running.
Job is running.
Job is running.
Job is running.
Job is running.
Job is running.
Job 3371 has completed.
Writing job STDOUT and STDERR to cache files.
Time employed in compute-2-31.local: 73.45
Returning job success.

ERROR
