DONE 

server: komolongma.ece.uprm.edu
jobmanager: sge
function: experiment-1c
parameters: /home/jas/src/stft2.0.1/main /home/jas/src/stft2.0.1/1-2006-05-12_2100.txt 16384 32 1024 16384 44100 0 12000 256 31000 36000
UNSUBMITTED: 1219879224141
PENDING: 1219879227027
ACTIVE: 1219879229013
getoutputtime: 1219879341930
DONE: 1219879328124 
Job is running.
Job is running.
Job is running.
Job is running.
Job is running.
Job is running.
Job is running.
Job is running.
Job is running.
Job 3524 has completed.
Writing job STDOUT and STDERR to cache files.
Time employed in compute-2-34.local: 77.43
Returning job success.

ERROR
