DONE 

server: komolongma.ece.uprm.edu
jobmanager: sge
function: experiment-1c
parameters: /home/jas/src/stft2.0.1/main /home/jas/src/stft2.0.1/1-2006-05-12_2100.txt 16384 32 1024 16384 44100 0 12000 256 30000 35000
UNSUBMITTED: 1219832404083
PENDING: 1219832407024
ACTIVE: 1219832409012
getoutputtime: 1219832529603
DONE: 1219832515019 
Job is running.
Job is running.
Job is running.
Job is running.
Job is running.
Job is running.
Job is running.
Job is running.
Job is running.
Job is running.
Job 3406 has completed.
Writing job STDOUT and STDERR to cache files.
Time employed in compute-2-34.local: 80.3
Returning job success.

ERROR
