DONE 

server: komolongma.ece.uprm.edu
jobmanager: sge
function: experiment-1c
parameters: /home/jas/src/stft2.0.1/main /home/jas/src/stft2.0.1/1-2006-05-12_2100.txt 16384 32 1024 16384 44100 0 12000 256 32000 37000
UNSUBMITTED: 1219857644674
PENDING: 1219857648013
ACTIVE: 1219857650071
getoutputtime: 1219857750068
DONE: 1219857747067 
Job is running.
Job is running.
Job is running.
Job is running.
Job is running.
Job is running.
Job is running.
Job is running.
Job is running.
Job 3471 has completed.
Writing job STDOUT and STDERR to cache files.
Time employed in compute-2-42.local: 82.55
Returning job success.

ERROR
