DONE 

server: komolongma.ece.uprm.edu
jobmanager: sge
function: experiment-1c
parameters: /home/jas/src/stft2.0.1/main /home/jas/src/stft2.0.1/1-2006-05-12_2100.txt 16384 32 1024 16384 44100 0 12000 256 31000 36000
UNSUBMITTED: 1219832424419
PENDING: null
ACTIVE: 1219832428020
getoutputtime: 1219832539967
DONE: 1219832526061 
Job is running.
Job is running.
Job is running.
Job is running.
Job is running.
Job is running.
Job is running.
Job is running.
Job is running.
Job 3407 has completed.
Writing job STDOUT and STDERR to cache files.
Time employed in compute-2-35.local: 77.93
Returning job success.

ERROR
