DONE 

server: komolongma.ece.uprm.edu
jobmanager: sge
function: experiment-1c
parameters: /home/jas/src/stft2.0.1/main /home/jas/src/stft2.0.1/1-2006-05-12_2100.txt 16384 32 1024 16384 44100 0 12000 256 32000 37000
UNSUBMITTED: 1219850444719
PENDING: 1219850448020
ACTIVE: 1219850450072
getoutputtime: 1219850549146
DONE: 1219850546017 
Job is running.
Job is running.
Job is running.
Job is running.
Job is running.
Job is running.
Job is running.
Job is running.
Job is running.
Job 3453 has completed.
Writing job STDOUT and STDERR to cache files.
Time employed in compute-2-49.local: 83.34
Returning job success.

ERROR
