DONE 

server: komolongma.ece.uprm.edu
jobmanager: sge
function: experiment-1c
parameters: /home/jas/src/stft2.0.1/main /home/jas/src/stft2.0.1/1-2006-05-12_2100.txt 16384 32 1024 16384 44100 0 12000 256 32000 37000
UNSUBMITTED: 1219894844931
PENDING: 1219894848015
ACTIVE: 1219894850073
getoutputtime: 1219894959744
DONE: 1219894946020 
Job is running.
Job is running.
Job is running.
Job is running.
Job is running.
Job is running.
Job is running.
Job is running.
Job is running.
Job 3564 has completed.
Writing job STDOUT and STDERR to cache files.
Time employed in compute-2-47.local: 84.5
Returning job success.

ERROR
