DONE 

server: komolongma.ece.uprm.edu
jobmanager: sge
function: experiment-1c
parameters: /home/jas/src/stft2.0.1/main /home/jas/src/stft2.0.1/1-2006-05-12_2100.txt 16384 32 1024 16384 44100 0 12000 256 31000 36000
UNSUBMITTED: 1219858824156
PENDING: 1219858827019
ACTIVE: 1219858829014
getoutputtime: 1219858940983
DONE: 1219858927012 
Job is running.
Job is running.
Job is running.
Job is running.
Job is running.
Job is running.
Job is running.
Job is running.
Job is running.
Job 3473 has completed.
Writing job STDOUT and STDERR to cache files.
Time employed in compute-1-1.local: 80.73
Returning job success.

ERROR
