DONE 

server: komolongma.ece.uprm.edu
jobmanager: sge
function: experiment-1c
parameters: /home/jas/src/stft2.0.1/main /home/jas/src/stft2.0.1/1-2006-05-12_2100.txt 16384 32 1024 16384 44100 0 12000 256 30000 35000
UNSUBMITTED: 1219826404281
PENDING: 1219826407018
ACTIVE: 1219826409020
getoutputtime: 1219826541742
DONE: 1219826527018 
Job is running.
Job is running.
Job is running.
Job is running.
Job is running.
Job is running.
Job is running.
Job is running.
Job is running.
Job is running.
Job is running.
Job 3391 has completed.
Writing job STDOUT and STDERR to cache files.
Time employed in compute-2-44.local: 87.56
Returning job success.

ERROR
