DONE 

server: komolongma.ece.uprm.edu
jobmanager: sge
function: experiment-1c
parameters: /home/jas/src/stft2.0.1/main /home/jas/src/stft2.0.1/1-2006-05-12_2100.txt 16384 32 1024 16384 44100 0 12000 256 30000 35000
UNSUBMITTED: 1219861203892
PENDING: null
ACTIVE: 1219861207014
getoutputtime: 1219861331327
DONE: 1219861317134 
Job is running.
Job is running.
Job is running.
Job is running.
Job is running.
Job is running.
Job is running.
Job is running.
Job is running.
Job is running.
Job 3478 has completed.
Writing job STDOUT and STDERR to cache files.
Time employed in compute-1-15.local: 80.35
Returning job success.

ERROR
