DONE 

server: komolongma.ece.uprm.edu
jobmanager: sge
function: experiment-1c
parameters: /home/jas/src/stft2.0.1/main /home/jas/src/stft2.0.1/1-2006-05-12_2100.txt 16384 32 1024 16384 44100 0 12000 256 31000 36000
UNSUBMITTED: 1219825224731
PENDING: 1219825228018
ACTIVE: 1219825230016
getoutputtime: 1219825328845
DONE: 1219825326018 
Job is running.
Job is running.
Job is running.
Job is running.
Job is running.
Job is running.
Job is running.
Job is running.
Job is running.
Job 3389 has completed.
Writing job STDOUT and STDERR to cache files.
Time employed in compute-3-59.local: 82.02
Returning job success.

ERROR
