DONE 

server: komolongma.ece.uprm.edu
jobmanager: sge
function: experiment-1c
parameters: /home/jas/src/stft2.0.1/main /home/jas/src/stft2.0.1/1-2006-05-12_2100.txt 16384 32 1024 16384 44100 0 12000 256 32000 37000
UNSUBMITTED: 1219830044572
PENDING: 1219830048014
ACTIVE: 1219830050021
getoutputtime: 1219830159008
DONE: 1219830156072 
Job is running.
Job is running.
Job is running.
Job is running.
Job is running.
Job is running.
Job is running.
Job is running.
Job is running.
Job is running.
Job 3402 has completed.
Writing job STDOUT and STDERR to cache files.
Time employed in compute-2-41.local: 100.36
Returning job success.

ERROR
