DONE 

server: komolongma.ece.uprm.edu
jobmanager: sge
function: experiment-1c
parameters: /home/jas/src/stft2.0.1/main /home/jas/src/stft2.0.1/1-2006-05-12_2100.txt 16384 32 1024 16384 44100 0 12000 256 32000 37000
UNSUBMITTED: 1219892445691
PENDING: 1219892449016
ACTIVE: 1219892451018
getoutputtime: 1219892562966
DONE: 1219892549014 
Job is running.
Job is running.
Job is running.
Job is running.
Job is running.
Job is running.
Job is running.
Job is running.
Job is running.
Job 3558 has completed.
Writing job STDOUT and STDERR to cache files.
Time employed in compute-1-3.local: 84.57
Returning job success.

ERROR
