DONE 

server: komolongma.ece.uprm.edu
jobmanager: sge
function: experiment-1c
parameters: /home/jas/src/stft2.0.1/main /home/jas/src/stft2.0.1/1-2006-05-12_2100.txt 16384 32 1024 16384 44100 0 12000 256 32000 37000
UNSUBMITTED: 1219879245326
PENDING: 1219879249015
ACTIVE: 1219879251066
getoutputtime: 1219879362067
DONE: 1219879348067 
Job is running.
Job is running.
Job is running.
Job is running.
Job is running.
Job is running.
Job is running.
Job is running.
Job is running.
Job 3525 has completed.
Writing job STDOUT and STDERR to cache files.
Time employed in compute-2-35.local: 84.26
Returning job success.

ERROR
