DONE 

server: komolongma.ece.uprm.edu
jobmanager: sge
function: experiment-1c
parameters: /home/jas/src/stft2.0.1/main /home/jas/src/stft2.0.1/1-2006-05-12_2100.txt 16384 32 1024 16384 44100 0 12000 256 32000 37000
UNSUBMITTED: 1219884044919
PENDING: 1219884048024
ACTIVE: 1219884050122
getoutputtime: 1219884161354
DONE: 1219884158062 
Job is running.
Job is running.
Job is running.
Job is running.
Job is running.
Job is running.
Job is running.
Job is running.
Job is running.
Job is running.
Job 3537 has completed.
Writing job STDOUT and STDERR to cache files.
Time employed in compute-1-18.local: 89.22
Returning job success.

ERROR
