DONE 

server: komolongma.ece.uprm.edu
jobmanager: sge
function: experiment-1c
parameters: /home/jas/src/stft2.0.1/main /home/jas/src/stft2.0.1/1-2006-05-12_2100.txt 16384 32 1024 16384 44100 0 12000 256 32000 37000
UNSUBMITTED: 1219863644990
PENDING: null
ACTIVE: 1219863648020
getoutputtime: 1219863749808
DONE: 1219863746075 
Job is running.
Job is running.
Job is running.
Job is running.
Job is running.
Job is running.
Job is running.
Job is running.
Job is running.
Job 3486 has completed.
Writing job STDOUT and STDERR to cache files.
Time employed in compute-1-16.local: 77.81
Returning job success.

ERROR
