DONE 

server: komolongma.ece.uprm.edu
jobmanager: sge
function: experiment-1c
parameters: /home/jas/src/stft2.0.1/main /home/jas/src/stft2.0.1/1-2006-05-12_2100.txt 16384 32 1024 16384 44100 0 12000 256 32000 37000
UNSUBMITTED: 1219815645353
PENDING: 1219815648013
ACTIVE: 1219815650016
getoutputtime: 1219815760198
DONE: 1219815746064 
Job is running.
Job is running.
Job is running.
Job is running.
Job is running.
Job is running.
Job is running.
Job is running.
Job is running.
Job 3366 has completed.
Writing job STDOUT and STDERR to cache files.
Time employed in compute-1-9.local: 78.03
Returning job success.

ERROR
