DONE 

server: komolongma.ece.uprm.edu
jobmanager: sge
function: experiment-1c
parameters: /home/jas/src/stft2.0.1/main /home/jas/src/stft2.0.1/1-2006-05-12_2100.txt 16384 32 1024 16384 44100 0 12000 256 32000 37000
UNSUBMITTED: 1219840845422
PENDING: 1219840848017
ACTIVE: 1219840850015
getoutputtime: 1219840960419
DONE: 1219840946126 
Job is running.
Job is running.
Job is running.
Job is running.
Job is running.
Job is running.
Job is running.
Job is running.
Job is running.
Job 3429 has completed.
Writing job STDOUT and STDERR to cache files.
Time employed in compute-1-16.local: 74.23
Returning job success.

ERROR
