DONE 

server: komolongma.ece.uprm.edu
jobmanager: sge
function: experiment-1c
parameters: /home/jas/src/stft2.0.1/main /home/jas/src/stft2.0.1/1-2006-05-12_2100.txt 16384 32 1024 16384 44100 0 12000 256 30000 35000
UNSUBMITTED: 1219854004192
PENDING: null
ACTIVE: 1219854007042
getoutputtime: 1219854131076
DONE: 1219854117065 
Job is running.
Job is running.
Job is running.
Job is running.
Job is running.
Job is running.
Job is running.
Job is running.
Job is running.
Job is running.
Job 3460 has completed.
Writing job STDOUT and STDERR to cache files.
Time employed in compute-2-46.local: 75.14
Returning job success.

ERROR
