DONE 

server: komolongma.ece.uprm.edu
jobmanager: sge
function: experiment-1c
parameters: /home/jas/src/stft2.0.1/main /home/jas/src/stft2.0.1/1-2006-05-12_2100.txt 16384 32 1024 16384 44100 0 12000 256 32000 37000
UNSUBMITTED: 1219848044800
PENDING: 1219848048013
ACTIVE: 1219848050023
getoutputtime: 1219848161577
DONE: 1219848148013 
Job is running.
Job is running.
Job is running.
Job is running.
Job is running.
Job is running.
Job is running.
Job is running.
Job is running.
Job 3447 has completed.
Writing job STDOUT and STDERR to cache files.
Time employed in compute-2-47.local: 80.81
Returning job success.

ERROR
