DONE 

server: komolongma.ece.uprm.edu
jobmanager: sge
function: experiment-1c
parameters: /home/jas/src/stft2.0.1/main /home/jas/src/stft2.0.1/1-2006-05-12_2100.txt 16384 32 1024 16384 44100 0 12000 256 30000 35000
UNSUBMITTED: 1219891204000
PENDING: 1219891207013
ACTIVE: 1219891209018
getoutputtime: 1219891342001
DONE: 1219891327075 
Job is running.
Job is running.
Job is running.
Job is running.
Job is running.
Job is running.
Job is running.
Job is running.
Job is running.
Job is running.
Job is running.
Job 3553 has completed.
Writing job STDOUT and STDERR to cache files.
Time employed in compute-3-60.local: 86.1
Returning job success.

ERROR
