DONE 

server: komolongma.ece.uprm.edu
jobmanager: sge
function: experiment-1c
parameters: /home/jas/src/stft2.0.1/main /home/jas/src/stft2.0.1/1-2006-05-12_2100.txt 16384 32 1024 16384 44100 0 12000 256 31000 36000
UNSUBMITTED: 1219833624978
PENDING: null
ACTIVE: 1219833628078
getoutputtime: 1219833752393
DONE: 1219833749016 
Job is running.
Job is running.
Job is running.
Job is running.
Job is running.
Job is running.
Job is running.
Job is running.
Job is running.
Job is running.
Job is running.
Job 3410 has completed.
Writing job STDOUT and STDERR to cache files.
Time employed in compute-1-24.local: 94.22
Returning job success.

ERROR
