DONE 

server: komolongma.ece.uprm.edu
jobmanager: sge
function: experiment-1c
parameters: /home/jas/src/stft2.0.1/main /home/jas/src/stft2.0.1/1-2006-05-12_2100.txt 16384 32 1024 16384 44100 0 12000 256 30000 35000
UNSUBMITTED: 1219827604382
PENDING: 1219827607012
ACTIVE: 1219827609026
getoutputtime: 1219827729600
DONE: 1219827715067 
Job is running.
Job is running.
Job is running.
Job is running.
Job is running.
Job is running.
Job is running.
Job is running.
Job is running.
Job is running.
Job 3394 has completed.
Writing job STDOUT and STDERR to cache files.
Time employed in compute-2-49.local: 73.5
Returning job success.

ERROR
