DONE 

server: komolongma.ece.uprm.edu
jobmanager: sge
function: experiment-1c
parameters: /home/jas/src/stft2.0.1/main /home/jas/src/stft2.0.1/1-2006-05-12_2100.txt 16384 32 1024 16384 44100 0 12000 256 32000 37000
UNSUBMITTED: 1219842044691
PENDING: 1219842048019
ACTIVE: 1219842050070
getoutputtime: 1219842169975
DONE: 1219842156020 
Job is running.
Job is running.
Job is running.
Job is running.
Job is running.
Job is running.
Job is running.
Job is running.
Job is running.
Job is running.
Job 3432 has completed.
Writing job STDOUT and STDERR to cache files.
Time employed in compute-1-14.local: 88.58
Returning job success.

ERROR
