DONE 

server: komolongma.ece.uprm.edu
jobmanager: sge
function: experiment-1c
parameters: /home/jas/src/stft2.0.1/main /home/jas/src/stft2.0.1/1-2006-05-12_2100.txt 16384 32 1024 16384 44100 0 12000 256 32000 37000
UNSUBMITTED: 1219826445509
PENDING: 1219826449020
ACTIVE: 1219826451065
getoutputtime: 1219826572716
DONE: 1219826559018 
Job is running.
Job is running.
Job is running.
Job is running.
Job is running.
Job is running.
Job is running.
Job is running.
Job is running.
Job is running.
Job 3393 has completed.
Writing job STDOUT and STDERR to cache files.
Time employed in compute-1-12.local: 86.93
Returning job success.

ERROR
