DONE 

server: komolongma.ece.uprm.edu
jobmanager: sge
function: experiment-1c
parameters: /home/jas/src/stft2.0.1/main /home/jas/src/stft2.0.1/1-2006-05-12_2100.txt 16384 32 1024 16384 44100 0 12000 256 32000 37000
UNSUBMITTED: 1219833644921
PENDING: 1219833648075
ACTIVE: 1219833650202
getoutputtime: 1219833761244
DONE: 1219833747122 
Job is running.
Job is running.
Job is running.
Job is running.
Job is running.
Job is running.
Job is running.
Job is running.
Job is running.
Job 3411 has completed.
Writing job STDOUT and STDERR to cache files.
Time employed in compute-2-32.local: 83.76
Returning job success.

ERROR
