DONE 

server: komolongma.ece.uprm.edu
jobmanager: sge
function: experiment-1c
parameters: /home/jas/src/stft2.0.1/main /home/jas/src/stft2.0.1/1-2006-05-12_2100.txt 16384 32 1024 16384 44100 0 12000 256 32000 37000
UNSUBMITTED: 1219876844710
PENDING: 1219876848019
ACTIVE: 1219876850066
getoutputtime: 1219876948973
DONE: 1219876946062 
Job is running.
Job is running.
Job is running.
Job is running.
Job is running.
Job is running.
Job is running.
Job is running.
Job is running.
Job 3519 has completed.
Writing job STDOUT and STDERR to cache files.
Time employed in compute-2-41.local: 81.85
Returning job success.

ERROR
