DONE 

server: komolongma.ece.uprm.edu
jobmanager: sge
function: experiment-1c
parameters: /home/jas/src/stft2.0.1/main /home/jas/src/stft2.0.1/1-2006-05-12_2100.txt 16384 32 1024 16384 44100 0 12000 256 31000 36000
UNSUBMITTED: 1219866024389
PENDING: 1219866027018
ACTIVE: 1219866029016
getoutputtime: 1219866140364
DONE: 1219866125247 
Job is running.
Job is running.
Job is running.
Job is running.
Job is running.
Job is running.
Job is running.
Job is running.
Job is running.
Job 3491 has completed.
Writing job STDOUT and STDERR to cache files.
Time employed in compute-3-63.local: 76.8
Returning job success.

ERROR
