DONE 

server: komolongma.ece.uprm.edu
jobmanager: sge
function: experiment-1c
parameters: /home/jas/src/stft2.0.1/main /home/jas/src/stft2.0.1/1-2006-05-12_2100.txt 16384 32 1024 16384 44100 0 12000 256 32000 37000
UNSUBMITTED: 1219868445137
PENDING: 1219868448014
ACTIVE: 1219868450019
getoutputtime: 1219868549247
DONE: 1219868546082 
Job is running.
Job is running.
Job is running.
Job is running.
Job is running.
Job is running.
Job is running.
Job is running.
Job is running.
Job 3498 has completed.
Writing job STDOUT and STDERR to cache files.
Time employed in compute-2-37.local: 82.62
Returning job success.

ERROR
