DONE 

server: komolongma.ece.uprm.edu
jobmanager: sge
function: experiment-1c
parameters: /home/jas/src/stft2.0.1/main /home/jas/src/stft2.0.1/1-2006-05-12_2100.txt 16384 32 1024 16384 44100 0 12000 256 31000 36000
UNSUBMITTED: 1219880424599
PENDING: 1219880428019
ACTIVE: 1219880430020
getoutputtime: 1219880530605
DONE: 1219880527327 
Job is running.
Job is running.
Job is running.
Job is running.
Job is running.
Job is running.
Job is running.
Job is running.
Job is running.
Job 3527 has completed.
Writing job STDOUT and STDERR to cache files.
Time employed in compute-1-25.local: 77.19
Returning job success.

ERROR
