DONE 

server: komolongma.ece.uprm.edu
jobmanager: sge
function: experiment-1c
parameters: /home/jas/src/stft2.0.1/main /home/jas/src/stft2.0.1/1-2006-05-12_2100.txt 16384 32 1024 16384 44100 0 12000 256 32000 37000
UNSUBMITTED: 1219886444754
PENDING: 1219886448015
ACTIVE: 1219886450087
getoutputtime: 1219886559881
DONE: 1219886546020 
Job is running.
Job is running.
Job is running.
Job is running.
Job is running.
Job is running.
Job is running.
Job is running.
Job is running.
Job 3543 has completed.
Writing job STDOUT and STDERR to cache files.
Time employed in compute-1-9.local: 82.49
Returning job success.

ERROR
