DONE 

server: komolongma.ece.uprm.edu
jobmanager: sge
function: experiment-1c
parameters: /home/jas/src/stft2.0.1/main /home/jas/src/stft2.0.1/1-2006-05-12_2100.txt 16384 32 1024 16384 44100 0 12000 256 31000 36000
UNSUBMITTED: 1219839624134
PENDING: 1219839627017
ACTIVE: 1219839629038
getoutputtime: 1219839741143
DONE: 1219839727020 
Job is running.
Job is running.
Job is running.
Job is running.
Job is running.
Job is running.
Job is running.
Job is running.
Job is running.
Job 3425 has completed.
Writing job STDOUT and STDERR to cache files.
Time employed in compute-1-9.local: 84.26
Returning job success.

ERROR
