DONE 

server: komolongma.ece.uprm.edu
jobmanager: sge
function: experiment-1c
parameters: /home/jas/src/stft2.0.1/main /home/jas/src/stft2.0.1/1-2006-05-12_2100.txt 16384 32 1024 16384 44100 0 12000 256 30000 35000
UNSUBMITTED: 1219876804508
PENDING: 1219876807015
ACTIVE: 1219876809014
getoutputtime: 1219876930732
DONE: 1219876917019 
Job is running.
Job is running.
Job is running.
Job is running.
Job is running.
Job is running.
Job is running.
Job is running.
Job is running.
Job is running.
Job 3517 has completed.
Writing job STDOUT and STDERR to cache files.
Time employed in compute-1-5.local: 73.52
Returning job success.

ERROR
