DONE 

server: komolongma.ece.uprm.edu
jobmanager: sge
function: experiment-1c
parameters: /home/jas/src/stft2.0.1/main /home/jas/src/stft2.0.1/1-2006-05-12_2100.txt 16384 32 1024 16384 44100 0 12000 256 31000 36000
UNSUBMITTED: 1219855224424
PENDING: 1219855227075
ACTIVE: 1219855229022
getoutputtime: 1219855341288
DONE: 1219855327063 
Job is running.
Job is running.
Job is running.
Job is running.
Job is running.
Job is running.
Job is running.
Job is running.
Job is running.
Job 3464 has completed.
Writing job STDOUT and STDERR to cache files.
Time employed in compute-1-4.local: 75.7
Returning job success.

ERROR
