DONE 

server: komolongma.ece.uprm.edu
jobmanager: sge
function: experiment-1c
parameters: /home/jas/src/stft2.0.1/main /home/jas/src/stft2.0.1/1-2006-05-12_2100.txt 16384 32 1024 16384 44100 0 12000 256 32000 37000
UNSUBMITTED: 1219832445416
PENDING: null
ACTIVE: 1219832449018
getoutputtime: 1219832560623
DONE: 1219832547063 
Job is running.
Job is running.
Job is running.
Job is running.
Job is running.
Job is running.
Job is running.
Job is running.
Job is running.
Job 3408 has completed.
Writing job STDOUT and STDERR to cache files.
Time employed in compute-1-13.local: 83.88
Returning job success.

ERROR
