DONE 

server: komolongma.ece.uprm.edu
jobmanager: sge
function: experiment-1c
parameters: /home/jas/src/stft2.0.1/main /home/jas/src/stft2.0.1/1-2006-05-12_2100.txt 16384 32 1024 16384 44100 0 12000 256 30000 35000
UNSUBMITTED: 1219844404047
PENDING: null
ACTIVE: 1219844407017
getoutputtime: 1219844520310
DONE: 1219844517070 
Job is running.
Job is running.
Job is running.
Job is running.
Job is running.
Job is running.
Job is running.
Job is running.
Job is running.
Job is running.
Job 3436 has completed.
Writing job STDOUT and STDERR to cache files.
Time employed in compute-2-48.local: 74.12
Returning job success.

ERROR
