DONE 

server: komolongma.ece.uprm.edu
jobmanager: sge
function: experiment-1c
parameters: /home/jas/src/stft2.0.1/main /home/jas/src/stft2.0.1/1-2006-05-12_2100.txt 16384 32 1024 16384 44100 0 12000 256 31000 36000
UNSUBMITTED: 1219809624587
PENDING: null
ACTIVE: 1219809628023
getoutputtime: 1219809729004
DONE: 1219809726066 
Job is running.
Job is running.
Job is running.
Job is running.
Job is running.
Job is running.
Job is running.
Job is running.
Job is running.
Job 3350 has completed.
Writing job STDOUT and STDERR to cache files.
Time employed in compute-1-25.local: 85.69
Returning job success.

ERROR
