DONE 

server: komolongma.ece.uprm.edu
jobmanager: sge
function: experiment-1c
parameters: /home/jas/src/stft2.0.1/main /home/jas/src/stft2.0.1/1-2006-05-12_2100.txt 16384 32 1024 16384 44100 0 12000 256 32000 37000
UNSUBMITTED: 1219822845109
PENDING: null
ACTIVE: 1219822849079
getoutputtime: 1219822949846
DONE: 1219822947066 
Job is running.
Job is running.
Job is running.
Job is running.
Job is running.
Job is running.
Job is running.
Job is running.
Job is running.
Job 3384 has completed.
Writing job STDOUT and STDERR to cache files.
Time employed in compute-1-27.local: 80.15
Returning job success.

ERROR
