DONE 

server: komolongma.ece.uprm.edu
jobmanager: sge
function: experiment-1c
parameters: /home/jas/src/stft2.0.1/main /home/jas/src/stft2.0.1/1-2006-05-12_2100.txt 16384 32 1024 16384 44100 0 12000 256 31000 36000
UNSUBMITTED: 1219830024351
PENDING: 1219830027038
ACTIVE: 1219830029015
getoutputtime: 1219830138865
DONE: 1219830125016 
Job is running.
Job is running.
Job is running.
Job is running.
Job is running.
Job is running.
Job is running.
Job is running.
Job is running.
Job 3401 has completed.
Writing job STDOUT and STDERR to cache files.
Time employed in compute-2-46.local: 79.23
Returning job success.

ERROR
