DONE 

server: komolongma.ece.uprm.edu
jobmanager: sge
function: experiment-1c
parameters: /home/jas/src/stft2.0.1/main /home/jas/src/stft2.0.1/1-2006-05-12_2100.txt 16384 32 1024 16384 44100 0 12000 256 32000 37000
UNSUBMITTED: 1219837245249
PENDING: 1219837248015
ACTIVE: 1219837250016
getoutputtime: 1219837360650
DONE: 1219837346086 
Job is running.
Job is running.
Job is running.
Job is running.
Job is running.
Job is running.
Job is running.
Job is running.
Job is running.
Job 3420 has completed.
Writing job STDOUT and STDERR to cache files.
Time employed in compute-1-23.local: 80.59
Returning job success.

ERROR
