DONE 

server: komolongma.ece.uprm.edu
jobmanager: sge
function: experiment-1c
parameters: /home/jas/src/stft2.0.1/main /home/jas/src/stft2.0.1/1-2006-05-12_2100.txt 16384 32 1024 16384 44100 0 12000 256 31000 36000
UNSUBMITTED: 1219868424309
PENDING: 1219868427015
ACTIVE: 1219868429018
getoutputtime: 1219868541314
DONE: 1219868527019 
Job is running.
Job is running.
Job is running.
Job is running.
Job is running.
Job is running.
Job is running.
Job is running.
Job is running.
Job 3497 has completed.
Writing job STDOUT and STDERR to cache files.
Time employed in compute-2-36.local: 79.37
Returning job success.

ERROR
