DONE 

server: komolongma.ece.uprm.edu
jobmanager: sge
function: experiment-1c
parameters: /home/jas/src/stft2.0.1/main /home/jas/src/stft2.0.1/1-2006-05-12_2100.txt 16384 32 1024 16384 44100 0 12000 256 30000 35000
UNSUBMITTED: 1219815604174
PENDING: 1219815607018
ACTIVE: 1219815609021
getoutputtime: 1219815708755
DONE: 1219815694026 
Job is running.
Job is running.
Job is running.
Job is running.
Job is running.
Job is running.
Job is running.
Job is running.
Job 3364 has completed.
Writing job STDOUT and STDERR to cache files.
Time employed in compute-3-57.local: 70.39
Returning job success.

ERROR
