DONE 

server: komolongma.ece.uprm.edu
jobmanager: sge
function: experiment-1c
parameters: /home/jas/src/stft2.0.1/main /home/jas/src/stft2.0.1/1-2006-05-12_2100.txt 16384 32 1024 16384 44100 0 12000 256 30000 35000
UNSUBMITTED: 1219819203737
PENDING: null
ACTIVE: 1219819207023
getoutputtime: 1219819298411
DONE: 1219819295072 
Job is running.
Job is running.
Job is running.
Job is running.
Job is running.
Job is running.
Job is running.
Job is running.
Job 3373 has completed.
Writing job STDOUT and STDERR to cache files.
Time employed in compute-1-14.local: 70.11
Returning job success.

ERROR
