DONE 

server: komolongma.ece.uprm.edu
jobmanager: sge
function: experiment-1c
parameters: /home/jas/src/stft2.0.1/main /home/jas/src/stft2.0.1/1-2006-05-12_2100.txt 16384 32 1024 16384 44100 0 12000 256 30000 35000
UNSUBMITTED: 1219824004003
PENDING: null
ACTIVE: 1219824007020
getoutputtime: 1219824108835
DONE: 1219824095022 
Job is running.
Job is running.
Job is running.
Job is running.
Job is running.
Job is running.
Job is running.
Job is running.
Job 3385 has completed.
Writing job STDOUT and STDERR to cache files.
Time employed in compute-1-3.local: 70.07
Returning job success.

ERROR
