DONE 

server: komolongma.ece.uprm.edu
jobmanager: sge
function: experiment-1c
parameters: /home/jas/src/stft2.0.1/main /home/jas/src/stft2.0.1/1-2006-05-12_2100.txt 16384 32 1024 16384 44100 0 12000 256 32000 37000
UNSUBMITTED: 1219821645161
PENDING: 1219821648066
ACTIVE: 1219821650076
getoutputtime: 1219821749919
DONE: 1219821747061 
Job is running.
Job is running.
Job is running.
Job is running.
Job is running.
Job is running.
Job is running.
Job is running.
Job is running.
Job 3381 has completed.
Writing job STDOUT and STDERR to cache files.
Time employed in compute-2-37.local: 75.24
Returning job success.

ERROR
