DONE 

server: komolongma.ece.uprm.edu
jobmanager: sge
function: experiment-1c
parameters: /home/jas/src/stft2.0.1/main /home/jas/src/stft2.0.1/1-2006-05-12_2100.txt 16384 32 1024 16384 44100 0 12000 256 31000 36000
UNSUBMITTED: 1219857624707
PENDING: null
ACTIVE: 1219857628013
getoutputtime: 1219857739240
DONE: 1219857725017 
Job is running.
Job is running.
Job is running.
Job is running.
Job is running.
Job is running.
Job is running.
Job is running.
Job is running.
Job 3470 has completed.
Writing job STDOUT and STDERR to cache files.
Time employed in compute-2-32.local: 80.4
Returning job success.

ERROR
