DONE 

server: komolongma.ece.uprm.edu
jobmanager: sge
function: experiment-1c
parameters: /home/jas/src/stft2.0.1/main /home/jas/src/stft2.0.1/1-2006-05-12_2100.txt 16384 32 1024 16384 44100 0 12000 256 32000 37000
UNSUBMITTED: 1219887644687
PENDING: 1219887648018
ACTIVE: 1219887650076
getoutputtime: 1219887760943
DONE: 1219887758069 
Job is running.
Job is running.
Job is running.
Job is running.
Job is running.
Job is running.
Job is running.
Job is running.
Job is running.
Job is running.
Job 3546 has completed.
Writing job STDOUT and STDERR to cache files.
Time employed in compute-2-50.local: 91.6
Returning job success.

ERROR
