DONE 

server: komolongma.ece.uprm.edu
jobmanager: sge
function: experiment-1c
parameters: /home/jas/src/stft2.0.1/main /home/jas/src/stft2.0.1/1-2006-05-12_2100.txt 16384 32 1024 16384 44100 0 12000 256 32000 37000
UNSUBMITTED: 1219875644982
PENDING: 1219875648020
ACTIVE: 1219875650066
getoutputtime: 1219875748986
DONE: 1219875746017 
Job is running.
Job is running.
Job is running.
Job is running.
Job is running.
Job is running.
Job is running.
Job is running.
Job is running.
Job 3516 has completed.
Writing job STDOUT and STDERR to cache files.
Time employed in compute-1-11.local: 84
Returning job success.

ERROR
