DONE 

server: komolongma.ece.uprm.edu
jobmanager: sge
function: experiment-1c
parameters: /home/jas/src/stft2.0.1/main /home/jas/src/stft2.0.1/1-2006-05-12_2100.txt 16384 32 1024 16384 44100 0 12000 256 31000 36000
UNSUBMITTED: 1219828824871
PENDING: 1219828828020
ACTIVE: 1219828830122
getoutputtime: 1219828940329
DONE: 1219828926484 
Job is running.
Job is running.
Job is running.
Job is running.
Job is running.
Job is running.
Job is running.
Job is running.
Job is running.
Job 3398 has completed.
Writing job STDOUT and STDERR to cache files.
Time employed in compute-2-38.local: 78.93
Returning job success.

ERROR
