DONE 

server: komolongma.ece.uprm.edu
jobmanager: sge
function: experiment-1c
parameters: /home/jas/src/stft2.0.1/main /home/jas/src/stft2.0.1/1-2006-05-12_2100.txt 16384 32 1024 16384 44100 0 12000 256 31000 36000
UNSUBMITTED: 1219874424115
PENDING: 1219874427019
ACTIVE: 1219874429017
getoutputtime: 1219874530142
DONE: 1219874527053 
Job is running.
Job is running.
Job is running.
Job is running.
Job is running.
Job is running.
Job is running.
Job is running.
Job is running.
Job 3512 has completed.
Writing job STDOUT and STDERR to cache files.
Time employed in compute-1-12.local: 77.48
Returning job success.

ERROR
