DONE 

server: komolongma.ece.uprm.edu
jobmanager: sge
function: experiment-1c
parameters: /home/jas/src/stft2.0.1/main /home/jas/src/stft2.0.1/1-2006-05-12_2100.txt 16384 32 1024 16384 44100 0 12000 256 32000 37000
UNSUBMITTED: 1219812045140
PENDING: 1219812048019
ACTIVE: 1219812050078
getoutputtime: 1219812149072
DONE: 1219812146076 
Job is running.
Job is running.
Job is running.
Job is running.
Job is running.
Job is running.
Job is running.
Job is running.
Job is running.
Job 3357 has completed.
Writing job STDOUT and STDERR to cache files.
Time employed in compute-2-39.local: 76.18
Returning job success.

ERROR
