DONE 

server: komolongma.ece.uprm.edu
jobmanager: sge
function: experiment-1c
parameters: /home/jas/src/stft2.0.1/main /home/jas/src/stft2.0.1/1-2006-05-12_2100.txt 16384 32 1024 16384 44100 0 12000 256 30000 35000
UNSUBMITTED: 1219885203901
PENDING: null
ACTIVE: 1219885207019
getoutputtime: 1219885320426
DONE: 1219885317077 
Job is running.
Job is running.
Job is running.
Job is running.
Job is running.
Job is running.
Job is running.
Job is running.
Job is running.
Job is running.
Job 3538 has completed.
Writing job STDOUT and STDERR to cache files.
Time employed in compute-1-17.local: 84.47
Returning job success.

ERROR
