DONE 

server: komolongma.ece.uprm.edu
jobmanager: sge
function: experiment-1c
parameters: /home/jas/src/stft2.0.1/main /home/jas/src/stft2.0.1/1-2006-05-12_2100.txt 16384 32 1024 16384 44100 0 12000 256 30000 35000
UNSUBMITTED: 1219830004303
PENDING: null
ACTIVE: 1219830008020
getoutputtime: 1219830129127
DONE: 1219830115018 
Job is running.
Job is running.
Job is running.
Job is running.
Job is running.
Job is running.
Job is running.
Job is running.
Job is running.
Job is running.
Job 3400 has completed.
Writing job STDOUT and STDERR to cache files.
Time employed in compute-2-53.local: 76.01
Returning job success.

ERROR
