DONE 

server: komolongma.ece.uprm.edu
jobmanager: sge
function: experiment-1c
parameters: /home/jas/src/stft2.0.1/main /home/jas/src/stft2.0.1/1-2006-05-12_2100.txt 16384 32 1024 16384 44100 0 12000 256 31000 36000
UNSUBMITTED: 1219819224509
PENDING: 1219819227013
ACTIVE: 1219819229012
getoutputtime: 1219819341289
DONE: 1219819327076 
Job is running.
Job is running.
Job is running.
Job is running.
Job is running.
Job is running.
Job is running.
Job is running.
Job is running.
Job 3374 has completed.
Writing job STDOUT and STDERR to cache files.
Time employed in compute-3-63.local: 72.48
Returning job success.

ERROR
