DONE 

server: komolongma.ece.uprm.edu
jobmanager: sge
function: experiment-1c
parameters: /home/jas/src/stft2.0.1/main /home/jas/src/stft2.0.1/1-2006-05-12_2100.txt 16384 32 1024 16384 44100 0 12000 256 30000 35000
UNSUBMITTED: 1219681204273
PENDING: 1219681207018
ACTIVE: 1219681209022
getoutputtime: 1219681320372
DONE: 1219681317015 
Job is running.
Job is running.
Job is running.
Job is running.
Job is running.
Job is running.
Job is running.
Job is running.
Job is running.
Job is running.
Job 3028 has completed.
Writing job STDOUT and STDERR to cache files.
Time employed in compute-2-36.local: 82.91
Returning job success.

ERROR
