DONE 

server: komolongma.ece.uprm.edu
jobmanager: sge
function: experiment-1c
parameters: /home/jas/src/stft2.0.1/main /home/jas/src/stft2.0.1/1-2006-05-12_2100.txt 16384 32 1024 16384 44100 0 12000 256 32000 37000
UNSUBMITTED: 1219716044952
PENDING: 1219716048020
ACTIVE: 1219716050015
getoutputtime: 1219716160295
DONE: 1219716146066 
Job is running.
Job is running.
Job is running.
Job is running.
Job is running.
Job is running.
Job is running.
Job is running.
Job is running.
Job 3117 has completed.
Writing job STDOUT and STDERR to cache files.
Time employed in compute-1-24.local: 83.43
Returning job success.

ERROR
