DONE 

server: komolongma.ece.uprm.edu
jobmanager: sge
function: experiment-1c
parameters: /home/jas/src/stft2.0.1/main /home/jas/src/stft2.0.1/1-2006-05-12_2100.txt 16384 32 1024 16384 44100 0 12000 256 32000 37000
UNSUBMITTED: 1219666845153
PENDING: null
ACTIVE: 1219666849089
getoutputtime: 1219666950348
DONE: 1219666947074 
Job is running.
Job is running.
Job is running.
Job is running.
Job is running.
Job is running.
Job is running.
Job is running.
Job is running.
Job 2994 has completed.
Writing job STDOUT and STDERR to cache files.
Time employed in compute-2-32.local: 81.63
Returning job success.

ERROR
