DONE 

server: komolongma.ece.uprm.edu
jobmanager: sge
function: experiment-1c
parameters: /home/jas/src/stft2.0.1/main /home/jas/src/stft2.0.1/1-2006-05-12_2100.txt 16384 32 1024 16384 44100 0 12000 256 31000 36000
UNSUBMITTED: 1219670428179
PENDING: 1219670432012
ACTIVE: 1219670434071
getoutputtime: 1219670535140
DONE: 1219670531118 
Job is running.
Job is running.
Job is running.
Job is running.
Job is running.
Job is running.
Job is running.
Job is running.
Job is running.
Job 3002 has completed.
Writing job STDOUT and STDERR to cache files.
Time employed in compute-2-51.local: 79.89
Returning job success.

ERROR
