DONE 

server: komolongma.ece.uprm.edu
jobmanager: sge
function: experiment-1c
parameters: /home/jas/src/stft2.0.1/main /home/jas/src/stft2.0.1/1-2006-05-12_2100.txt 16384 32 1024 16384 44100 0 12000 256 30000 35000
UNSUBMITTED: 1219717203728
PENDING: null
ACTIVE: 1219717207021
getoutputtime: 1219717320567
DONE: 1219717317187 
Job is running.
Job is running.
Job is running.
Job is running.
Job is running.
Job is running.
Job is running.
Job is running.
Job is running.
Job is running.
Job 3118 has completed.
Writing job STDOUT and STDERR to cache files.
Time employed in compute-2-40.local: 78.5
Returning job success.

ERROR
