DONE 

server: komolongma.ece.uprm.edu
jobmanager: sge
function: experiment-1c
parameters: /home/jas/src/stft2.0.1/main /home/jas/src/stft2.0.1/1-2006-05-12_2100.txt 16384 32 1024 16384 44100 0 12000 256 32000 37000
UNSUBMITTED: 1219698044909
PENDING: 1219698048022
ACTIVE: 1219698050018
getoutputtime: 1219698159212
DONE: 1219698156014 
Job is running.
Job is running.
Job is running.
Job is running.
Job is running.
Job is running.
Job is running.
Job is running.
Job is running.
Job is running.
Job 3072 has completed.
Writing job STDOUT and STDERR to cache files.
Time employed in compute-1-22.local: 87.34
Returning job success.

ERROR
