DONE 

server: komolongma.ece.uprm.edu
jobmanager: sge
function: experiment-1c
parameters: /home/jas/src/stft2.0.1/main /home/jas/src/stft2.0.1/1-2006-05-12_2100.txt 16384 32 1024 16384 44100 0 12000 256 31000 36000
UNSUBMITTED: 1219719625226
PENDING: 1219719628016
ACTIVE: 1219719630016
getoutputtime: 1219719742299
DONE: 1219719728018 
Job is running.
Job is running.
Job is running.
Job is running.
Job is running.
Job is running.
Job is running.
Job is running.
Job is running.
Job 3125 has completed.
Writing job STDOUT and STDERR to cache files.
Time employed in compute-1-21.local: 79.24
Returning job success.

ERROR
