DONE 

server: komolongma.ece.uprm.edu
jobmanager: sge
function: experiment-1c
parameters: /home/jas/src/stft2.0.1/main /home/jas/src/stft2.0.1/1-2006-05-12_2100.txt 16384 32 1024 16384 44100 0 12000 256 31000 36000
UNSUBMITTED: 1219653624509
PENDING: null
ACTIVE: 1219653628021
getoutputtime: 1219653739978
DONE: 1219653726016 
Job is running.
Job is running.
Job is running.
Job is running.
Job is running.
Job is running.
Job is running.
Job is running.
Job is running.
Job 2960 has completed.
Writing job STDOUT and STDERR to cache files.
Time employed in compute-1-26.local: 77.51
Returning job success.

ERROR
