DONE 

server: komolongma.ece.uprm.edu
jobmanager: sge
function: experiment-1c
parameters: /home/jas/src/stft2.0.1/main /home/jas/src/stft2.0.1/1-2006-05-12_2100.txt 16384 32 1024 16384 44100 0 12000 256 31000 36000
UNSUBMITTED: 1219675224566
PENDING: null
ACTIVE: 1219675228037
getoutputtime: 1219675339952
DONE: 1219675326017 
Job is running.
Job is running.
Job is running.
Job is running.
Job is running.
Job is running.
Job is running.
Job is running.
Job is running.
Job 3014 has completed.
Writing job STDOUT and STDERR to cache files.
Time employed in compute-2-54.local: 81.98
Returning job success.

ERROR
