DONE 

server: komolongma.ece.uprm.edu
jobmanager: sge
function: experiment-1c
parameters: /home/jas/src/stft2.0.1/main /home/jas/src/stft2.0.1/1-2006-05-12_2100.txt 16384 32 1024 16384 44100 0 12000 256 32000 37000
UNSUBMITTED: 1219690845154
PENDING: 1219690848038
ACTIVE: 1219690850013
getoutputtime: 1219690960011
DONE: 1219690957068 
Job is running.
Job is running.
Job is running.
Job is running.
Job is running.
Job is running.
Job is running.
Job is running.
Job is running.
Job is running.
Job 3054 has completed.
Writing job STDOUT and STDERR to cache files.
Time employed in compute-1-25.local: 96.24
Returning job success.

ERROR
