DONE 

server: komolongma.ece.uprm.edu
jobmanager: sge
function: experiment-1c
parameters: /home/jas/src/stft2.0.1/main /home/jas/src/stft2.0.1/1-2006-05-12_2100.txt 16384 32 1024 16384 44100 0 12000 256 31000 36000
UNSUBMITTED: 1219674024906
PENDING: null
ACTIVE: 1219674028016
getoutputtime: 1219674129020
DONE: 1219674126119 
Job is running.
Job is running.
Job is running.
Job is running.
Job is running.
Job is running.
Job is running.
Job is running.
Job is running.
Job 3011 has completed.
Writing job STDOUT and STDERR to cache files.
Time employed in compute-1-22.local: 80.33
Returning job success.

ERROR
