DONE 

server: komolongma.ece.uprm.edu
jobmanager: sge
function: experiment-1c
parameters: /home/jas/src/stft2.0.1/main /home/jas/src/stft2.0.1/1-2006-05-12_2100.txt 16384 32 1024 16384 44100 0 12000 256 32000 37000
UNSUBMITTED: 1219693244938
PENDING: 1219693248021
ACTIVE: 1219693250016
getoutputtime: 1219693358969
DONE: 1219693345069 
Job is running.
Job is running.
Job is running.
Job is running.
Job is running.
Job is running.
Job is running.
Job is running.
Job is running.
Job 3060 has completed.
Writing job STDOUT and STDERR to cache files.
Time employed in compute-2-39.local: 84.04
Returning job success.

ERROR
