DONE 

server: komolongma.ece.uprm.edu
jobmanager: sge
function: experiment-1c
parameters: /home/jas/src/stft2.0.1/main /home/jas/src/stft2.0.1/1-2006-05-12_2100.txt 16384 32 1024 16384 44100 0 12000 256 32000 37000
UNSUBMITTED: 1219689645218
PENDING: null
ACTIVE: 1219689649078
getoutputtime: 1219689770684
DONE: 1219689757067 
Job is running.
Job is running.
Job is running.
Job is running.
Job is running.
Job is running.
Job is running.
Job is running.
Job is running.
Job is running.
Job 3051 has completed.
Writing job STDOUT and STDERR to cache files.
Time employed in compute-2-53.local: 88.91
Returning job success.

ERROR
