DONE 

server: komolongma.ece.uprm.edu
jobmanager: sge
function: experiment-1c
parameters: /home/jas/src/stft2.0.1/main /home/jas/src/stft2.0.1/1-2006-05-12_2100.txt 16384 32 1024 16384 44100 0 12000 256 30000 35000
UNSUBMITTED: 1219640403509
PENDING: 1219640406024
ACTIVE: 1219640408017
getoutputtime: 1219640530802
DONE: 1219640516092 
Job is running.
Job is running.
Job is running.
Job is running.
Job is running.
Job is running.
Job is running.
Job is running.
Job is running.
Job is running.
Job 2926 has completed.
Writing job STDOUT and STDERR to cache files.
Time employed in compute-1-11.local: 76.14
Returning job success.

ERROR
