DONE 

server: komolongma.ece.uprm.edu
jobmanager: sge
function: experiment-1c
parameters: /home/jas/src/stft2.0.1/main /home/jas/src/stft2.0.1/1-2006-05-12_2100.txt 16384 32 1024 16384 44100 0 12000 256 31000 36000
UNSUBMITTED: 1219662024505
PENDING: 1219662027021
ACTIVE: 1219662029021
getoutputtime: 1219662141006
DONE: 1219662127071 
Job is running.
Job is running.
Job is running.
Job is running.
Job is running.
Job is running.
Job is running.
Job is running.
Job is running.
Job 2981 has completed.
Writing job STDOUT and STDERR to cache files.
Time employed in compute-2-43.local: 79.94
Returning job success.

ERROR
