DONE 

server: komolongma.ece.uprm.edu
jobmanager: sge
function: experiment-1c
parameters: /home/jas/src/stft2.0.1/main /home/jas/src/stft2.0.1/1-2006-05-12_2100.txt 16384 32 1024 16384 44100 0 12000 256 32000 37000
UNSUBMITTED: 1219660844819
PENDING: 1219660848014
ACTIVE: 1219660850014
getoutputtime: 1219660959926
DONE: 1219660946016 
Job is running.
Job is running.
Job is running.
Job is running.
Job is running.
Job is running.
Job is running.
Job is running.
Job is running.
Job 2979 has completed.
Writing job STDOUT and STDERR to cache files.
Time employed in compute-1-2.local: 82.8
Returning job success.

ERROR
