DONE 

server: komolongma.ece.uprm.edu
jobmanager: sge
function: experiment-1c
parameters: /home/jas/src/stft2.0.1/main /home/jas/src/stft2.0.1/1-2006-05-12_2100.txt 16384 32 1024 16384 44100 0 12000 256 32000 37000
UNSUBMITTED: 1219680045215
PENDING: 1219680049014
ACTIVE: 1219680051122
getoutputtime: 1219680171260
DONE: 1219680157071 
Job is running.
Job is running.
Job is running.
Job is running.
Job is running.
Job is running.
Job is running.
Job is running.
Job is running.
Job is running.
Job 3027 has completed.
Writing job STDOUT and STDERR to cache files.
Time employed in compute-2-29.local: 86.79
Returning job success.

ERROR
