DONE 

server: komolongma.ece.uprm.edu
jobmanager: sge
function: experiment-1c
parameters: /home/jas/src/stft2.0.1/main /home/jas/src/stft2.0.1/1-2006-05-12_2100.txt 16384 32 1024 16384 44100 0 12000 256 31000 36000
UNSUBMITTED: 1219718424086
PENDING: 1219718427017
ACTIVE: 1219718429016
getoutputtime: 1219718541531
DONE: 1219718527069 
Job is running.
Job is running.
Job is running.
Job is running.
Job is running.
Job is running.
Job is running.
Job is running.
Job is running.
Job 3122 has completed.
Writing job STDOUT and STDERR to cache files.
Time employed in compute-1-17.local: 80.87
Returning job success.

ERROR
