DONE 

server: komolongma.ece.uprm.edu
jobmanager: sge
function: experiment-1c
parameters: /home/jas/src/stft2.0.1/main /home/jas/src/stft2.0.1/1-2006-05-12_2100.txt 16384 32 1024 16384 44100 0 12000 256 30000 35000
UNSUBMITTED: 1219682404314
PENDING: 1219682407016
ACTIVE: 1219682409013
getoutputtime: 1219682529426
DONE: 1219682515018 
Job is running.
Job is running.
Job is running.
Job is running.
Job is running.
Job is running.
Job is running.
Job is running.
Job is running.
Job is running.
Job 3031 has completed.
Writing job STDOUT and STDERR to cache files.
Time employed in compute-2-37.local: 74.45
Returning job success.

ERROR
