DONE 

server: komolongma.ece.uprm.edu
jobmanager: sge
function: experiment-1c
parameters: /home/jas/src/stft2.0.1/main /home/jas/src/stft2.0.1/1-2006-05-12_2100.txt 16384 32 1024 16384 44100 0 12000 256 32000 37000
UNSUBMITTED: 1219683645336
PENDING: 1219683648014
ACTIVE: 1219683650017
getoutputtime: 1219683760582
DONE: 1219683746053 
Job is running.
Job is running.
Job is running.
Job is running.
Job is running.
Job is running.
Job is running.
Job is running.
Job is running.
Job 3036 has completed.
Writing job STDOUT and STDERR to cache files.
Time employed in compute-3-58.local: 84.25
Returning job success.

ERROR
