DONE 

server: komolongma.ece.uprm.edu
jobmanager: sge
function: experiment-1c
parameters: /home/jas/src/stft2.0.1/main /home/jas/src/stft2.0.1/1-2006-05-12_2100.txt 16384 32 1024 16384 44100 0 12000 256 32000 37000
UNSUBMITTED: 1219640445582
PENDING: 1219640449011
ACTIVE: 1219640451073
getoutputtime: 1219640562900
DONE: 1219640549063 
Job is running.
Job is running.
Job is running.
Job is running.
Job is running.
Job is running.
Job is running.
Job is running.
Job is running.
Job 2928 has completed.
Writing job STDOUT and STDERR to cache files.
Time employed in compute-2-38.local: 82.74
Returning job success.

ERROR
