DONE 

server: komolongma.ece.uprm.edu
jobmanager: sge
function: experiment-1c
parameters: /home/jas/src/stft2.0.1/main /home/jas/src/stft2.0.1/1-2006-05-12_2100.txt 16384 32 1024 16384 44100 0 12000 256 32000 37000
UNSUBMITTED: 1219656044985
PENDING: 1219656048025
ACTIVE: 1219656050016
getoutputtime: 1219656161562
DONE: 1219656158019 
Job is running.
Job is running.
Job is running.
Job is running.
Job is running.
Job is running.
Job is running.
Job is running.
Job is running.
Job is running.
Job 2967 has completed.
Writing job STDOUT and STDERR to cache files.
Time employed in compute-2-45.local: 94.34
Returning job success.

ERROR
