DONE 

server: komolongma.ece.uprm.edu
jobmanager: sge
function: experiment-1c
parameters: /home/jas/src/stft2.0.1/main /home/jas/src/stft2.0.1/1-2006-05-12_2100.txt 16384 32 1024 16384 44100 0 12000 256 32000 37000
UNSUBMITTED: 1219694444911
PENDING: 1219694448020
ACTIVE: 1219694450231
getoutputtime: 1219694548923
DONE: 1219694546068 
Job is running.
Job is running.
Job is running.
Job is running.
Job is running.
Job is running.
Job is running.
Job is running.
Job is running.
Job 3063 has completed.
Writing job STDOUT and STDERR to cache files.
Time employed in compute-1-15.local: 84.26
Returning job success.

ERROR
