DONE 

server: komolongma.ece.uprm.edu
jobmanager: sge
function: experiment-1c
parameters: /home/jas/src/stft2.0.1/main /home/jas/src/stft2.0.1/1-2006-05-12_2100.txt 16384 32 1024 16384 44100 0 12000 256 30000 35000
UNSUBMITTED: 1219651204239
PENDING: 1219651207016
ACTIVE: 1219651209019
getoutputtime: 1219651331126
DONE: 1219651317066 
Job is running.
Job is running.
Job is running.
Job is running.
Job is running.
Job is running.
Job is running.
Job is running.
Job is running.
Job is running.
Job 2953 has completed.
Writing job STDOUT and STDERR to cache files.
Time employed in compute-1-9.local: 72.73
Returning job success.

ERROR
