DONE 

server: komolongma.ece.uprm.edu
jobmanager: sge
function: experiment-1c
parameters: /home/jas/src/stft2.0.1/main /home/jas/src/stft2.0.1/1-2006-05-12_2100.txt 16384 32 1024 16384 44100 0 12000 256 32000 37000
UNSUBMITTED: 1219663244834
PENDING: 1219663248030
ACTIVE: 1219663250128
getoutputtime: 1219663350384
DONE: 1219663347014 
Job is running.
Job is running.
Job is running.
Job is running.
Job is running.
Job is running.
Job is running.
Job is running.
Job is running.
Job 2985 has completed.
Writing job STDOUT and STDERR to cache files.
Time employed in compute-3-56.local: 83.37
Returning job success.

ERROR
