DONE 

server: komolongma.ece.uprm.edu
jobmanager: sge
function: experiment-1c
parameters: /home/jas/src/stft2.0.1/main /home/jas/src/stft2.0.1/1-2006-05-12_2100.txt 16384 32 1024 16384 44100 0 12000 256 30000 35000
UNSUBMITTED: 1219708804031
PENDING: 1219708807018
ACTIVE: 1219708809017
getoutputtime: 1219708931021
DONE: 1219708917058 
Job is running.
Job is running.
Job is running.
Job is running.
Job is running.
Job is running.
Job is running.
Job is running.
Job is running.
Job is running.
Job 3097 has completed.
Writing job STDOUT and STDERR to cache files.
Time employed in compute-3-58.local: 84.25
Returning job success.

ERROR
