DONE 

server: komolongma.ece.uprm.edu
jobmanager: sge
function: experiment-1c
parameters: /home/jas/src/stft2.0.1/main /home/jas/src/stft2.0.1/1-2006-05-12_2100.txt 16384 32 1024 16384 44100 0 12000 256 30000 35000
UNSUBMITTED: 1219645204084
PENDING: null
ACTIVE: 1219645207019
getoutputtime: 1219645331336
DONE: 1219645317066 
Job is running.
Job is running.
Job is running.
Job is running.
Job is running.
Job is running.
Job is running.
Job is running.
Job is running.
Job is running.
Job 2938 has completed.
Writing job STDOUT and STDERR to cache files.
Time employed in compute-2-42.local: 71.7
Returning job success.

ERROR
