DONE 

server: komolongma.ece.uprm.edu
jobmanager: sge
function: experiment-1c
parameters: /home/jas/src/stft2.0.1/main /home/jas/src/stft2.0.1/1-2006-05-12_2100.txt 16384 32 1024 16384 44100 0 12000 256 32000 37000
UNSUBMITTED: 1219695645135
PENDING: 1219695648015
ACTIVE: 1219695650016
getoutputtime: 1219695759134
DONE: 1219695756021 
Job is running.
Job is running.
Job is running.
Job is running.
Job is running.
Job is running.
Job is running.
Job is running.
Job is running.
Job is running.
Job 3066 has completed.
Writing job STDOUT and STDERR to cache files.
Time employed in compute-1-21.local: 87.62
Returning job success.

ERROR
