DONE 

server: komolongma.ece.uprm.edu
jobmanager: sge
function: experiment-1c
parameters: /home/jas/src/stft2.0.1/main /home/jas/src/stft2.0.1/1-2006-05-12_2100.txt 16384 32 1024 16384 44100 0 12000 256 30000 35000
UNSUBMITTED: 1219656004251
PENDING: 1219656007015
ACTIVE: 1219656009026
getoutputtime: 1219656129702
DONE: 1219656115067 
Job is running.
Job is running.
Job is running.
Job is running.
Job is running.
Job is running.
Job is running.
Job is running.
Job is running.
Job is running.
Job 2965 has completed.
Writing job STDOUT and STDERR to cache files.
Time employed in compute-2-28.local: 73
Returning job success.

ERROR
