DONE 

server: komolongma.ece.uprm.edu
jobmanager: sge
function: experiment-1c
parameters: /home/jas/src/stft2.0.1/main /home/jas/src/stft2.0.1/1-2006-05-12_2100.txt 16384 32 1024 16384 44100 0 12000 256 32000 37000
UNSUBMITTED: 1219704044745
PENDING: 1219704048054
ACTIVE: 1219704050120
getoutputtime: 1219704161827
DONE: 1219704146191 
Job is running.
Job is running.
Job is running.
Job is running.
Job is running.
Job is running.
Job is running.
Job is running.
Job is running.
Job 3087 has completed.
Writing job STDOUT and STDERR to cache files.
Time employed in compute-2-33.local: 80.45
Returning job success.

ERROR
