DONE 

server: komolongma.ece.uprm.edu
jobmanager: sge
function: experiment-1c
parameters: /home/jas/src/stft2.0.1/main /home/jas/src/stft2.0.1/1-2006-05-12_2100.txt 16384 32 1024 16384 44100 0 12000 256 30000 35000
UNSUBMITTED: 1219720804245
PENDING: null
ACTIVE: 1219720807022
getoutputtime: 1219720920452
DONE: 1219720917059 
Job is running.
Job is running.
Job is running.
Job is running.
Job is running.
Job is running.
Job is running.
Job is running.
Job is running.
Job is running.
Job 3127 has completed.
Writing job STDOUT and STDERR to cache files.
Time employed in compute-2-50.local: 75.1
Returning job success.

ERROR
