DONE 

server: komolongma.ece.uprm.edu
jobmanager: sge
function: experiment-1c
parameters: /home/jas/src/stft2.0.1/main /home/jas/src/stft2.0.1/1-2006-05-12_2100.txt 16384 32 1024 16384 44100 0 12000 256 32000 37000
UNSUBMITTED: 1219654845614
PENDING: null
ACTIVE: 1219654849015
getoutputtime: 1219654982278
DONE: 1219654979024 
Job is running.
Job is running.
Job is running.
Job is running.
Job is running.
Job is running.
Job is running.
Job is running.
Job is running.
Job is running.
Job is running.
Job is running.
Job 2964 has completed.
Writing job STDOUT and STDERR to cache files.
Time employed in compute-2-47.local: 103.63
Returning job success.

ERROR
