DONE 

server: komolongma.ece.uprm.edu
jobmanager: sge
function: experiment-1c
parameters: /home/jas/src/stft2.0.1/main /home/jas/src/stft2.0.1/1-2006-05-12_2100.txt 16384 32 1024 16384 44100 0 12000 256 30000 35000
UNSUBMITTED: 1219722004372
PENDING: 1219722007019
ACTIVE: 1219722009019
getoutputtime: 1219722129456
DONE: 1219722115020 
Job is running.
Job is running.
Job is running.
Job is running.
Job is running.
Job is running.
Job is running.
Job is running.
Job is running.
Job is running.
Job 3130 has completed.
Writing job STDOUT and STDERR to cache files.
Time employed in compute-1-9.local: 72.96
Returning job success.

ERROR
