DONE 

server: komolongma.ece.uprm.edu
jobmanager: sge
function: experiment-1c
parameters: /home/jas/src/stft2.0.1/main /home/jas/src/stft2.0.1/1-2006-05-12_2100.txt 16384 32 1024 16384 44100 0 12000 256 32000 37000
UNSUBMITTED: 1219696845070
PENDING: 1219696848013
ACTIVE: 1219696850066
getoutputtime: 1219696958970
DONE: 1219696956065 
Job is running.
Job is running.
Job is running.
Job is running.
Job is running.
Job is running.
Job is running.
Job is running.
Job is running.
Job is running.
Job 3069 has completed.
Writing job STDOUT and STDERR to cache files.
Time employed in compute-1-18.local: 86.83
Returning job success.

ERROR
