DONE 

server: komolongma.ece.uprm.edu
jobmanager: sge
function: experiment-1c
parameters: /home/jas/src/stft2.0.1/main /home/jas/src/stft2.0.1/1-2006-05-12_2100.txt 16384 32 1024 16384 44100 0 12000 256 31000 36000
UNSUBMITTED: 1219692024246
PENDING: 1219692027020
ACTIVE: 1219692029060
getoutputtime: 1219692128387
DONE: 1219692125073 
Job is running.
Job is running.
Job is running.
Job is running.
Job is running.
Job is running.
Job is running.
Job is running.
Job is running.
Job 3056 has completed.
Writing job STDOUT and STDERR to cache files.
Time employed in compute-2-35.local: 77.91
Returning job success.

ERROR
