DONE 

server: komolongma.ece.uprm.edu
jobmanager: sge
function: experiment-1c
parameters: /home/jas/src/stft2.0.1/main /home/jas/src/stft2.0.1/1-2006-05-12_2100.txt 16384 32 1024 16384 44100 0 12000 256 32000 37000
UNSUBMITTED: 1219653645468
PENDING: null
ACTIVE: 1219653649023
getoutputtime: 1219653770976
DONE: 1219653757018 
Job is running.
Job is running.
Job is running.
Job is running.
Job is running.
Job is running.
Job is running.
Job is running.
Job is running.
Job is running.
Job 2961 has completed.
Writing job STDOUT and STDERR to cache files.
Time employed in compute-1-20.local: 90.11
Returning job success.

ERROR
