DONE 

server: komolongma.ece.uprm.edu
jobmanager: sge
function: experiment-1c
parameters: /home/jas/src/stft2.0.1/main /home/jas/src/stft2.0.1/1-2006-05-12_2100.txt 16384 32 1024 16384 44100 0 12000 256 32000 37000
UNSUBMITTED: 1219642844873
PENDING: 1219642848084
ACTIVE: 1219642850071
getoutputtime: 1219642960066
DONE: 1219642946125 
Job is running.
Job is running.
Job is running.
Job is running.
Job is running.
Job is running.
Job is running.
Job is running.
Job is running.
Job 2934 has completed.
Writing job STDOUT and STDERR to cache files.
Time employed in compute-2-53.local: 81.35
Returning job success.

ERROR
