DONE 

server: komolongma.ece.uprm.edu
jobmanager: sge
function: experiment-1c
parameters: /home/jas/src/stft2.0.1/main /home/jas/src/stft2.0.1/1-2006-05-12_2100.txt 16384 32 1024 16384 44100 0 12000 256 31000 36000
UNSUBMITTED: 1219720824780
PENDING: 1219720828022
ACTIVE: 1219720830114
getoutputtime: 1219720931662
DONE: 1219720928017 
Job is running.
Job is running.
Job is running.
Job is running.
Job is running.
Job is running.
Job is running.
Job is running.
Job is running.
Job 3128 has completed.
Writing job STDOUT and STDERR to cache files.
Time employed in compute-1-18.local: 77.77
Returning job success.

ERROR
