DONE 

server: komolongma.ece.uprm.edu
jobmanager: sge
function: experiment-1c
parameters: /home/jas/src/stft2.0.1/main /home/jas/src/stft2.0.1/1-2006-05-12_2100.txt 16384 32 1024 16384 44100 0 12000 256 31000 36000
UNSUBMITTED: 1219712425297
PENDING: 1219712428019
ACTIVE: 1219712430197
getoutputtime: 1219712540475
DONE: 1219712526070 
Job is running.
Job is running.
Job is running.
Job is running.
Job is running.
Job is running.
Job is running.
Job is running.
Job is running.
Job 3107 has completed.
Writing job STDOUT and STDERR to cache files.
Time employed in compute-1-5.local: 82.36
Returning job success.

ERROR
