DONE 

server: komolongma.ece.uprm.edu
jobmanager: sge
function: experiment-1c
parameters: /home/jas/src/stft2.0.1/main /home/jas/src/stft2.0.1/1-2006-05-12_2100.txt 16384 32 1024 16384 44100 0 12000 256 32000 37000
UNSUBMITTED: 1219717244833
PENDING: null
ACTIVE: 1219717249034
getoutputtime: 1219717370900
DONE: 1219717357013 
Job is running.
Job is running.
Job is running.
Job is running.
Job is running.
Job is running.
Job is running.
Job is running.
Job is running.
Job is running.
Job 3120 has completed.
Writing job STDOUT and STDERR to cache files.
Time employed in compute-2-39.local: 86.27
Returning job success.

ERROR
