DONE 

server: komolongma.ece.uprm.edu
jobmanager: sge
function: experiment-1c
parameters: /home/jas/src/stft2.0.1/main /home/jas/src/stft2.0.1/1-2006-05-12_2100.txt 16384 32 1024 16384 44100 0 12000 256 31000 36000
UNSUBMITTED: 1219714824618
PENDING: null
ACTIVE: 1219714828016
getoutputtime: 1219714940545
DONE: 1219714926065 
Job is running.
Job is running.
Job is running.
Job is running.
Job is running.
Job is running.
Job is running.
Job is running.
Job is running.
Job 3113 has completed.
Writing job STDOUT and STDERR to cache files.
Time employed in compute-1-13.local: 83.72
Returning job success.

ERROR
