DONE 

server: komolongma.ece.uprm.edu
jobmanager: sge
function: experiment-1c
parameters: /home/jas/src/stft2.0.1/main /home/jas/src/stft2.0.1/1-2006-05-12_2100.txt 16384 32 1024 16384 44100 0 12000 256 31000 36000
UNSUBMITTED: 1219666824405
PENDING: 1219666827022
ACTIVE: 1219666829020
getoutputtime: 1219666940998
DONE: 1219666927067 
Job is running.
Job is running.
Job is running.
Job is running.
Job is running.
Job is running.
Job is running.
Job is running.
Job is running.
Job 2993 has completed.
Writing job STDOUT and STDERR to cache files.
Time employed in compute-2-53.local: 77.11
Returning job success.

ERROR
