DONE 

server: komolongma.ece.uprm.edu
jobmanager: sge
function: experiment-1c
parameters: /home/jas/src/stft2.0.1/main /home/jas/src/stft2.0.1/1-2006-05-12_2100.txt 16384 32 1024 16384 44100 0 12000 256 31000 36000
UNSUBMITTED: 1219717224437
PENDING: 1219717227020
ACTIVE: 1219717229021
getoutputtime: 1219717340911
DONE: 1219717327039 
Job is running.
Job is running.
Job is running.
Job is running.
Job is running.
Job is running.
Job is running.
Job is running.
Job is running.
Job 3119 has completed.
Writing job STDOUT and STDERR to cache files.
Time employed in compute-2-51.local: 79.58
Returning job success.

ERROR
