DONE 

server: komolongma.ece.uprm.edu
jobmanager: sge
function: experiment-1c
parameters: /home/jas/src/stft2.0.1/main /home/jas/src/stft2.0.1/1-2006-05-12_2100.txt 16384 32 1024 16384 44100 0 12000 256 32000 37000
UNSUBMITTED: 1219644045301
PENDING: null
ACTIVE: 1219644049016
getoutputtime: 1219644149919
DONE: 1219644147015 
Job is running.
Job is running.
Job is running.
Job is running.
Job is running.
Job is running.
Job is running.
Job is running.
Job is running.
Job 2937 has completed.
Writing job STDOUT and STDERR to cache files.
Time employed in compute-1-25.local: 80.37
Returning job success.

ERROR
