DONE 

server: komolongma.ece.uprm.edu
jobmanager: sge
function: experiment-1c
parameters: /home/jas/src/stft2.0.1/main /home/jas/src/stft2.0.1/1-2006-05-12_2100.txt 16384 32 1024 16384 44100 0 12000 256 30000 35000
UNSUBMITTED: 1219653604256
PENDING: 1219653607020
ACTIVE: 1219653609020
getoutputtime: 1219653729396
DONE: 1219653715068 
Job is running.
Job is running.
Job is running.
Job is running.
Job is running.
Job is running.
Job is running.
Job is running.
Job is running.
Job is running.
Job 2959 has completed.
Writing job STDOUT and STDERR to cache files.
Time employed in compute-2-31.local: 77.44
Returning job success.

ERROR
