DONE 

server: komolongma.ece.uprm.edu
jobmanager: sge
function: experiment-1c
parameters: /home/jas/src/stft2.0.1/main /home/jas/src/stft2.0.1/1-2006-05-12_2100.txt 16384 32 1024 16384 44100 0 12000 256 31000 36000
UNSUBMITTED: 1219659624668
PENDING: 1219659628015
ACTIVE: 1219659630011
getoutputtime: 1219659762221
DONE: 1219659748136 
Job is running.
Job is running.
Job is running.
Job is running.
Job is running.
Job is running.
Job is running.
Job is running.
Job is running.
Job is running.
Job is running.
Job 2975 has completed.
Writing job STDOUT and STDERR to cache files.
Time employed in compute-1-27.local: 86.69
Returning job success.

ERROR
