DONE 

server: komolongma.ece.uprm.edu
jobmanager: sge
function: experiment-1c
parameters: /home/jas/src/stft2.0.1/main /home/jas/src/stft2.0.1/1-2006-05-12_2100.txt 16384 32 1024 16384 44100 0 12000 256 31000 36000
UNSUBMITTED: 1219686024796
PENDING: null
ACTIVE: 1219686028021
getoutputtime: 1219686142382
DONE: 1219686128066 
Job is running.
Job is running.
Job is running.
Job is running.
Job is running.
Job is running.
Job is running.
Job is running.
Job is running.
Job 3041 has completed.
Writing job STDOUT and STDERR to cache files.
Time employed in compute-2-49.local: 80.66
Returning job success.

ERROR
