DONE 

server: komolongma.ece.uprm.edu
jobmanager: sge
function: experiment-1c
parameters: /home/jas/src/stft2.0.1/main /home/jas/src/stft2.0.1/1-2006-05-12_2100.txt 16384 32 1024 16384 44100 0 12000 256 32000 37000
UNSUBMITTED: 1219702845503
PENDING: 1219702849017
ACTIVE: 1219702851122
getoutputtime: 1219702972934
DONE: 1219702959044 
Job is running.
Job is running.
Job is running.
Job is running.
Job is running.
Job is running.
Job is running.
Job is running.
Job is running.
Job is running.
Job 3084 has completed.
Writing job STDOUT and STDERR to cache files.
Time employed in compute-3-60.local: 87
Returning job success.

ERROR
