DONE 

server: komolongma.ece.uprm.edu
jobmanager: sge
function: experiment-1c
parameters: /home/jas/src/stft2.0.1/main /home/jas/src/stft2.0.1/1-2006-05-12_2100.txt 16384 32 1024 16384 44100 0 12000 256 32000 37000
UNSUBMITTED: 1219634444930
PENDING: 1219634448021
ACTIVE: 1219634450022
getoutputtime: 1219634559963
DONE: 1219634546073 
Job is running.
Job is running.
Job is running.
Job is running.
Job is running.
Job is running.
Job is running.
Job is running.
Job is running.
Job 2913 has completed.
Writing job STDOUT and STDERR to cache files.
Time employed in compute-2-33.local: 80.36
Returning job success.

ERROR
