DONE 

server: komolongma.ece.uprm.edu
jobmanager: sge
function: experiment-1c
parameters: /home/jas/src/stft2.0.1/main /home/jas/src/stft2.0.1/1-2006-05-12_2100.txt 16384 32 1024 16384 44100 0 12000 256 30000 35000
UNSUBMITTED: 1219574404670
PENDING: null
ACTIVE: 1219574408020
getoutputtime: 1219574519292
DONE: 1219574516018 
Job is running.
Job is running.
Job is running.
Job is running.
Job is running.
Job is running.
Job is running.
Job is running.
Job is running.
Job is running.
Job 2761 has completed.
Writing job STDOUT and STDERR to cache files.
Time employed in compute-2-35.local: 71.79
Returning job success.

ERROR
