DONE 

server: komolongma.ece.uprm.edu
jobmanager: sge
function: experiment-1c
parameters: /home/jas/src/stft2.0.1/main /home/jas/src/stft2.0.1/1-2006-05-12_2100.txt 16384 32 1024 16384 44100 0 12000 256 31000 36000
UNSUBMITTED: 1219605624258
PENDING: 1219605627017
ACTIVE: 1219605629018
getoutputtime: 1219605741261
DONE: 1219605727067 
Job is running.
Job is running.
Job is running.
Job is running.
Job is running.
Job is running.
Job is running.
Job is running.
Job is running.
Job 2840 has completed.
Writing job STDOUT and STDERR to cache files.
Time employed in compute-1-20.local: 75.94
Returning job success.

ERROR
