DONE 

server: komolongma.ece.uprm.edu
jobmanager: sge
function: experiment-1c
parameters: /home/jas/src/stft2.0.1/main /home/jas/src/stft2.0.1/1-2006-05-12_2100.txt 16384 32 1024 16384 44100 0 12000 256 30000 35000
UNSUBMITTED: 1219615204418
PENDING: null
ACTIVE: 1219615207013
getoutputtime: 1219615330749
DONE: 1219615317021 
Job is running.
Job is running.
Job is running.
Job is running.
Job is running.
Job is running.
Job is running.
Job is running.
Job is running.
Job is running.
Job 2863 has completed.
Writing job STDOUT and STDERR to cache files.
Time employed in compute-1-5.local: 71.99
Returning job success.

ERROR
