DONE 

server: komolongma.ece.uprm.edu
jobmanager: sge
function: experiment-1c
parameters: /home/jas/src/stft2.0.1/main /home/jas/src/stft2.0.1/1-2006-05-12_2100.txt 16384 32 1024 16384 44100 0 12000 256 32000 37000
UNSUBMITTED: 1219596045100
PENDING: 1219596049017
ACTIVE: 1219596051067
getoutputtime: 1219596150969
DONE: 1219596148130 
Job is running.
Job is running.
Job is running.
Job is running.
Job is running.
Job is running.
Job is running.
Job is running.
Job is running.
Job 2817 has completed.
Writing job STDOUT and STDERR to cache files.
Time employed in compute-2-41.local: 80.32
Returning job success.

ERROR
