DONE 

server: komolongma.ece.uprm.edu
jobmanager: sge
function: experiment-1c
parameters: /home/jas/src/stft2.0.1/main /home/jas/src/stft2.0.1/1-2006-05-12_2100.txt 16384 32 1024 16384 44100 0 12000 256 30000 35000
UNSUBMITTED: 1219551604144
PENDING: 1219551607020
ACTIVE: 1219551609022
getoutputtime: 1219551731642
DONE: 1219551717065 
Job is running.
Job is running.
Job is running.
Job is running.
Job is running.
Job is running.
Job is running.
Job is running.
Job is running.
Job is running.
Job 2704 has completed.
Writing job STDOUT and STDERR to cache files.
Time employed in compute-2-51.local: 75.26
Returning job success.

ERROR
