DONE 

server: komolongma.ece.uprm.edu
jobmanager: sge
function: experiment-1c
parameters: /home/jas/src/stft2.0.1/main /home/jas/src/stft2.0.1/1-2006-05-12_2100.txt 16384 32 1024 16384 44100 0 12000 256 31000 36000
UNSUBMITTED: 1219588824814
PENDING: null
ACTIVE: 1219588828015
getoutputtime: 1219588942807
DONE: 1219588928185 
Job is running.
Job is running.
Job is running.
Job is running.
Job is running.
Job is running.
Job is running.
Job is running.
Job is running.
Job 2798 has completed.
Writing job STDOUT and STDERR to cache files.
Time employed in compute-1-27.local: 77.1
Returning job success.

ERROR
