DONE 

server: komolongma.ece.uprm.edu
jobmanager: sge
function: experiment-1c
parameters: /home/jas/src/stft2.0.1/main /home/jas/src/stft2.0.1/1-2006-05-12_2100.txt 16384 32 1024 16384 44100 0 12000 256 32000 37000
UNSUBMITTED: 1219606845085
PENDING: 1219606848022
ACTIVE: 1219606850080
getoutputtime: 1219606949466
DONE: 1219606946070 
Job is running.
Job is running.
Job is running.
Job is running.
Job is running.
Job is running.
Job is running.
Job is running.
Job is running.
Job 2844 has completed.
Writing job STDOUT and STDERR to cache files.
Time employed in compute-1-14.local: 80.83
Returning job success.

ERROR
