DONE 

server: komolongma.ece.uprm.edu
jobmanager: sge
function: experiment-1c
parameters: /home/jas/src/stft2.0.1/main /home/jas/src/stft2.0.1/1-2006-05-12_2100.txt 16384 32 1024 16384 44100 0 12000 256 32000 37000
UNSUBMITTED: 1219564844874
PENDING: 1219564848019
ACTIVE: 1219564850059
getoutputtime: 1219564994010
DONE: 1219564980016 
Job is running.
Job is running.
Job is running.
Job is running.
Job is running.
Job is running.
Job is running.
Job is running.
Job is running.
Job is running.
Job is running.
Job is running.
Job 2739 has completed.
Writing job STDOUT and STDERR to cache files.
Time employed in compute-1-27.local: 103.05
Returning job success.

ERROR
