DONE 

server: komolongma.ece.uprm.edu
jobmanager: sge
function: experiment-1c
parameters: /home/jas/src/stft2.0.1/main /home/jas/src/stft2.0.1/1-2006-05-12_2100.txt 16384 32 1024 16384 44100 0 12000 256 32000 37000
UNSUBMITTED: 1219572044626
PENDING: null
ACTIVE: 1219572048048
getoutputtime: 1219572149332
DONE: 1219572146022 
Job is running.
Job is running.
Job is running.
Job is running.
Job is running.
Job is running.
Job is running.
Job is running.
Job is running.
Job 2757 has completed.
Writing job STDOUT and STDERR to cache files.
Time employed in compute-1-8.local: 80.31
Returning job success.

ERROR
