DONE 

server: komolongma.ece.uprm.edu
jobmanager: sge
function: experiment-1c
parameters: /home/jas/src/stft2.0.1/main /home/jas/src/stft2.0.1/1-2006-05-12_2100.txt 16384 32 1024 16384 44100 0 12000 256 31000 36000
UNSUBMITTED: 1219596024244
PENDING: null
ACTIVE: 1219596027017
getoutputtime: 1219596139480
DONE: 1219596125069 
Job is running.
Job is running.
Job is running.
Job is running.
Job is running.
Job is running.
Job is running.
Job is running.
Job is running.
Job 2816 has completed.
Writing job STDOUT and STDERR to cache files.
Time employed in compute-1-8.local: 76.54
Returning job success.

ERROR
