DONE 

server: komolongma.ece.uprm.edu
jobmanager: sge
function: experiment-1c
parameters: /home/jas/src/stft2.0.1/main /home/jas/src/stft2.0.1/1-2006-05-12_2100.txt 16384 32 1024 16384 44100 0 12000 256 32000 37000
UNSUBMITTED: 1219608044699
PENDING: 1219608048018
ACTIVE: 1219608050020
getoutputtime: 1219608149282
DONE: 1219608146024 
Job is running.
Job is running.
Job is running.
Job is running.
Job is running.
Job is running.
Job is running.
Job is running.
Job is running.
Job 2847 has completed.
Writing job STDOUT and STDERR to cache files.
Time employed in compute-2-28.local: 80.37
Returning job success.

ERROR
