DONE 

server: komolongma.ece.uprm.edu
jobmanager: sge
function: experiment-1c
parameters: /home/jas/src/stft2.0.1/main /home/jas/src/stft2.0.1/1-2006-05-12_2100.txt 16384 32 1024 16384 44100 0 12000 256 31000 36000
UNSUBMITTED: 1219622424774
PENDING: null
ACTIVE: 1219622428080
getoutputtime: 1219622529049
DONE: 1219622526012 
Job is running.
Job is running.
Job is running.
Job is running.
Job is running.
Job is running.
Job is running.
Job is running.
Job is running.
Job 2882 has completed.
Writing job STDOUT and STDERR to cache files.
Time employed in compute-1-7.local: 75.84
Returning job success.

ERROR
