DONE 

server: komolongma.ece.uprm.edu
jobmanager: sge
function: experiment-1c
parameters: /home/jas/src/stft2.0.1/main /home/jas/src/stft2.0.1/1-2006-05-12_2100.txt 16384 32 1024 16384 44100 0 12000 256 31000 36000
UNSUBMITTED: 1219569623727
PENDING: 1219569627016
ACTIVE: 1219569629012
getoutputtime: 1219569729859
DONE: 1219569726068 
Job is running.
Job is running.
Job is running.
Job is running.
Job is running.
Job is running.
Job is running.
Job is running.
Job is running.
Job 2750 has completed.
Writing job STDOUT and STDERR to cache files.
Time employed in compute-1-4.local: 74.33
Returning job success.

ERROR
