DONE 

server: komolongma.ece.uprm.edu
jobmanager: sge
function: experiment-1c
parameters: /home/jas/src/stft2.0.1/main /home/jas/src/stft2.0.1/1-2006-05-12_2100.txt 16384 32 1024 16384 44100 0 12000 256 31000 36000
UNSUBMITTED: 1219599624351
PENDING: 1219599627019
ACTIVE: 1219599629012
getoutputtime: 1219599742370
DONE: 1219599728192 
Job is running.
Job is running.
Job is running.
Job is running.
Job is running.
Job is running.
Job is running.
Job is running.
Job is running.
Job 2825 has completed.
Writing job STDOUT and STDERR to cache files.
Time employed in compute-1-17.local: 78.02
Returning job success.

ERROR
