DONE 

server: komolongma.ece.uprm.edu
jobmanager: sge
function: experiment-1c
parameters: /home/jas/src/stft2.0.1/main /home/jas/src/stft2.0.1/1-2006-05-12_2100.txt 16384 32 1024 16384 44100 0 12000 256 31000 36000
UNSUBMITTED: 1219550424455
PENDING: 1219550427033
ACTIVE: 1219550429059
getoutputtime: 1219550540809
DONE: 1219550527012 
Job is running.
Job is running.
Job is running.
Job is running.
Job is running.
Job is running.
Job is running.
Job is running.
Job is running.
Job 2702 has completed.
Writing job STDOUT and STDERR to cache files.
Time employed in compute-2-35.local: 83.25
Returning job success.

ERROR
