DONE 

server: komolongma.ece.uprm.edu
jobmanager: sge
function: experiment-1c
parameters: /home/jas/src/stft2.0.1/main /home/jas/src/stft2.0.1/1-2006-05-12_2100.txt 16384 32 1024 16384 44100 0 12000 256 31000 36000
UNSUBMITTED: 1219560024357
PENDING: 1219560027021
ACTIVE: 1219560029021
getoutputtime: 1219560130227
DONE: 1219560127013 
Job is running.
Job is running.
Job is running.
Job is running.
Job is running.
Job is running.
Job is running.
Job is running.
Job is running.
Job 2726 has completed.
Writing job STDOUT and STDERR to cache files.
Time employed in compute-1-14.local: 82.02
Returning job success.

ERROR
