DONE 

server: komolongma.ece.uprm.edu
jobmanager: sge
function: experiment-1c
parameters: /home/jas/src/stft2.0.1/main /home/jas/src/stft2.0.1/1-2006-05-12_2100.txt 16384 32 1024 16384 44100 0 12000 256 31000 36000
UNSUBMITTED: 1219580424671
PENDING: null
ACTIVE: 1219580428026
getoutputtime: 1219580543172
DONE: 1219580528017 
Job is running.
Job is running.
Job is running.
Job is running.
Job is running.
Job is running.
Job is running.
Job is running.
Job is running.
Job 2777 has completed.
Writing job STDOUT and STDERR to cache files.
Time employed in compute-1-22.local: 77.8
Returning job success.

ERROR
