DONE 

server: komolongma.ece.uprm.edu
jobmanager: sge
function: experiment-1c
parameters: /home/jas/src/stft2.0.1/main /home/jas/src/stft2.0.1/1-2006-05-12_2100.txt 16384 32 1024 16384 44100 0 12000 256 32000 37000
UNSUBMITTED: 1219590044875
PENDING: 1219590048023
ACTIVE: 1219590050019
getoutputtime: 1219590149387
DONE: 1219590146070 
Job is running.
Job is running.
Job is running.
Job is running.
Job is running.
Job is running.
Job is running.
Job is running.
Job is running.
Job 2802 has completed.
Writing job STDOUT and STDERR to cache files.
Time employed in compute-1-2.local: 79.19
Returning job success.

ERROR
