DONE 

server: komolongma.ece.uprm.edu
jobmanager: sge
function: experiment-1c
parameters: /home/jas/src/stft2.0.1/main /home/jas/src/stft2.0.1/1-2006-05-12_2100.txt 16384 32 1024 16384 44100 0 12000 256 32000 37000
UNSUBMITTED: 1219597244981
PENDING: 1219597248019
ACTIVE: 1219597250023
getoutputtime: 1219597348839
DONE: 1219597346014 
Job is running.
Job is running.
Job is running.
Job is running.
Job is running.
Job is running.
Job is running.
Job is running.
Job is running.
Job 2820 has completed.
Writing job STDOUT and STDERR to cache files.
Time employed in compute-2-35.local: 81.53
Returning job success.

ERROR
