DONE 

server: komolongma.ece.uprm.edu
jobmanager: sge
function: experiment-1c
parameters: /home/jas/src/stft2.0.1/main /home/jas/src/stft2.0.1/1-2006-05-12_2100.txt 16384 32 1024 16384 44100 0 12000 256 31000 36000
UNSUBMITTED: 1219558824400
PENDING: 1219558827020
ACTIVE: 1219558829019
getoutputtime: 1219558942875
DONE: 1219558929034 
Job is running.
Job is running.
Job is running.
Job is running.
Job is running.
Job is running.
Job is running.
Job is running.
Job is running.
Job 2723 has completed.
Writing job STDOUT and STDERR to cache files.
Time employed in compute-2-54.local: 81.39
Returning job success.

ERROR
