DONE 

server: komolongma.ece.uprm.edu
jobmanager: sge
function: experiment-1c
parameters: /home/jas/src/stft2.0.1/main /home/jas/src/stft2.0.1/1-2006-05-12_2100.txt 16384 32 1024 16384 44100 0 12000 256 31000 36000
UNSUBMITTED: 1219604424101
PENDING: 1219604427021
ACTIVE: 1219604429021
getoutputtime: 1219604541131
DONE: 1219604527118 
Job is running.
Job is running.
Job is running.
Job is running.
Job is running.
Job is running.
Job is running.
Job is running.
Job is running.
Job 2837 has completed.
Writing job STDOUT and STDERR to cache files.
Time employed in compute-1-18.local: 77.69
Returning job success.

ERROR
