DONE 

server: komolongma.ece.uprm.edu
jobmanager: sge
function: experiment-1c
parameters: /home/jas/src/stft2.0.1/main /home/jas/src/stft2.0.1/1-2006-05-12_2100.txt 16384 32 1024 16384 44100 0 12000 256 31000 36000
UNSUBMITTED: 1219591224260
PENDING: 1219591227067
ACTIVE: 1219591229019
getoutputtime: 1219591341290
DONE: 1219591327014 
Job is running.
Job is running.
Job is running.
Job is running.
Job is running.
Job is running.
Job is running.
Job is running.
Job is running.
Job 2804 has completed.
Writing job STDOUT and STDERR to cache files.
Time employed in compute-2-38.local: 76.01
Returning job success.

ERROR
