DONE 

server: komolongma.ece.uprm.edu
jobmanager: sge
function: experiment-1c
parameters: /home/jas/src/stft2.0.1/main /home/jas/src/stft2.0.1/1-2006-05-12_2100.txt 16384 32 1024 16384 44100 0 12000 256 32000 37000
UNSUBMITTED: 1219557645547
PENDING: 1219557649089
ACTIVE: 1219557651072
getoutputtime: 1219557772916
DONE: 1219557759013 
Job is running.
Job is running.
Job is running.
Job is running.
Job is running.
Job is running.
Job is running.
Job is running.
Job is running.
Job is running.
Job 2721 has completed.
Writing job STDOUT and STDERR to cache files.
Time employed in compute-2-31.local: 87.14
Returning job success.

ERROR
