DONE 

server: komolongma.ece.uprm.edu
jobmanager: sge
function: experiment-1c
parameters: /home/jas/src/stft2.0.1/main /home/jas/src/stft2.0.1/1-2006-05-12_2100.txt 16384 32 1024 16384 44100 0 12000 256 31000 36000
UNSUBMITTED: 1219633224442
PENDING: null
ACTIVE: 1219633228034
getoutputtime: 1219633342338
DONE: 1219633328012 
Job is running.
Job is running.
Job is running.
Job is running.
Job is running.
Job is running.
Job is running.
Job is running.
Job is running.
Job 2909 has completed.
Writing job STDOUT and STDERR to cache files.
Time employed in compute-3-60.local: 75.3
Returning job success.

ERROR
