DONE 

server: komolongma.ece.uprm.edu
jobmanager: sge
function: experiment-1c
parameters: /home/jas/src/stft2.0.1/main /home/jas/src/stft2.0.1/1-2006-05-12_2100.txt 16384 32 1024 16384 44100 0 12000 256 31000 36000
UNSUBMITTED: 1219554024540
PENDING: null
ACTIVE: 1219554028020
getoutputtime: 1219554141783
DONE: 1219554128019 
Job is running.
Job is running.
Job is running.
Job is running.
Job is running.
Job is running.
Job is running.
Job is running.
Job is running.
Job 2711 has completed.
Writing job STDOUT and STDERR to cache files.
Time employed in compute-1-16.local: 78.8
Returning job success.

ERROR
