DONE 

server: komolongma.ece.uprm.edu
jobmanager: sge
function: experiment-1c
parameters: /home/jas/src/stft2.0.1/main /home/jas/src/stft2.0.1/1-2006-05-12_2100.txt 16384 32 1024 16384 44100 0 12000 256 32000 37000
UNSUBMITTED: 1219562444836
PENDING: 1219562448083
ACTIVE: 1219562450021
getoutputtime: 1219562549640
DONE: 1219562546070 
Job is running.
Job is running.
Job is running.
Job is running.
Job is running.
Job is running.
Job is running.
Job is running.
Job is running.
Job 2733 has completed.
Writing job STDOUT and STDERR to cache files.
Time employed in compute-2-29.local: 85.68
Returning job success.

ERROR
