DONE 

server: komolongma.ece.uprm.edu
jobmanager: sge
function: experiment-1c
parameters: /home/jas/src/stft2.0.1/main /home/jas/src/stft2.0.1/1-2006-05-12_2100.txt 16384 32 1024 16384 44100 0 12000 256 31000 36000
UNSUBMITTED: 1219608024371
PENDING: 1219608027080
ACTIVE: 1219608029066
getoutputtime: 1219608140826
DONE: 1219608127073 
Job is running.
Job is running.
Job is running.
Job is running.
Job is running.
Job is running.
Job is running.
Job is running.
Job is running.
Job 2846 has completed.
Writing job STDOUT and STDERR to cache files.
Time employed in compute-2-47.local: 76.32
Returning job success.

ERROR
