DONE 

server: komolongma.ece.uprm.edu
jobmanager: sge
function: experiment-1c
parameters: /home/jas/src/stft2.0.1/main /home/jas/src/stft2.0.1/1-2006-05-12_2100.txt 16384 32 1024 16384 44100 0 12000 256 30000 35000
UNSUBMITTED: 1219575603909
PENDING: null
ACTIVE: 1219575607033
getoutputtime: 1219575720147
DONE: 1219575717120 
Job is running.
Job is running.
Job is running.
Job is running.
Job is running.
Job is running.
Job is running.
Job is running.
Job is running.
Job is running.
Job 2764 has completed.
Writing job STDOUT and STDERR to cache files.
Time employed in compute-2-53.local: 73.33
Returning job success.

ERROR
