DONE 

server: komolongma.ece.uprm.edu
jobmanager: sge
function: experiment-1c
parameters: /home/jas/src/stft2.0.1/main /home/jas/src/stft2.0.1/1-2006-05-12_2100.txt 16384 32 1024 16384 44100 0 12000 256 31000 36000
UNSUBMITTED: 1219557624414
PENDING: null
ACTIVE: 1219557628018
getoutputtime: 1219557742194
DONE: 1219557728116 
Job is running.
Job is running.
Job is running.
Job is running.
Job is running.
Job is running.
Job is running.
Job is running.
Job is running.
Job 2720 has completed.
Writing job STDOUT and STDERR to cache files.
Time employed in compute-1-10.local: 80.12
Returning job success.

ERROR
