DONE 

server: komolongma.ece.uprm.edu
jobmanager: sge
function: experiment-1c
parameters: /home/jas/src/stft2.0.1/main /home/jas/src/stft2.0.1/1-2006-05-12_2100.txt 16384 32 1024 16384 44100 0 12000 256 31000 36000
UNSUBMITTED: 1219586424290
PENDING: 1219586427132
ACTIVE: 1219586429021
getoutputtime: 1219586541271
DONE: 1219586527072 
Job is running.
Job is running.
Job is running.
Job is running.
Job is running.
Job is running.
Job is running.
Job is running.
Job is running.
Job 2792 has completed.
Writing job STDOUT and STDERR to cache files.
Time employed in compute-2-29.local: 77.07
Returning job success.

ERROR
