DONE 

server: komolongma.ece.uprm.edu
jobmanager: sge
function: experiment-1c
parameters: /home/jas/src/stft2.0.1/main /home/jas/src/stft2.0.1/1-2006-05-12_2100.txt 16384 32 1024 16384 44100 0 12000 256 31000 36000
UNSUBMITTED: 1219579224255
PENDING: 1219579227014
ACTIVE: 1219579229023
getoutputtime: 1219579341712
DONE: 1219579327121 
Job is running.
Job is running.
Job is running.
Job is running.
Job is running.
Job is running.
Job is running.
Job is running.
Job is running.
Job 2774 has completed.
Writing job STDOUT and STDERR to cache files.
Time employed in compute-2-50.local: 76.94
Returning job success.

ERROR
