DONE 

server: komolongma.ece.uprm.edu
jobmanager: sge
function: experiment-1c
parameters: /home/jas/src/stft2.0.1/main /home/jas/src/stft2.0.1/1-2006-05-12_2100.txt 16384 32 1024 16384 44100 0 12000 256 32000 37000
UNSUBMITTED: 1219579245357
PENDING: 1219579248027
ACTIVE: 1219579250015
getoutputtime: 1219579360841
DONE: 1219579347013 
Job is running.
Job is running.
Job is running.
Job is running.
Job is running.
Job is running.
Job is running.
Job is running.
Job is running.
Job 2775 has completed.
Writing job STDOUT and STDERR to cache files.
Time employed in compute-1-9.local: 83.03
Returning job success.

ERROR
