DONE 

server: komolongma.ece.uprm.edu
jobmanager: sge
function: experiment-1c
parameters: /home/jas/src/stft2.0.1/main /home/jas/src/stft2.0.1/1-2006-05-12_2100.txt 16384 32 1024 16384 44100 0 12000 256 31000 36000
UNSUBMITTED: 1219556424145
PENDING: 1219556427019
ACTIVE: 1219556429019
getoutputtime: 1219556544458
DONE: 1219556529022 
Job is running.
Job is running.
Job is running.
Job is running.
Job is running.
Job is running.
Job is running.
Job is running.
Job is running.
Job 2717 has completed.
Writing job STDOUT and STDERR to cache files.
Time employed in compute-3-57.local: 80.79
Returning job success.

ERROR
