DONE 

server: komolongma.ece.uprm.edu
jobmanager: sge
function: experiment-1c
parameters: /home/jas/src/stft2.0.1/main /home/jas/src/stft2.0.1/1-2006-05-12_2100.txt 16384 32 1024 16384 44100 0 12000 256 31000 36000
UNSUBMITTED: 1219555224446
PENDING: null
ACTIVE: 1219555228065
getoutputtime: 1219555342074
DONE: 1219555328022 
Job is running.
Job is running.
Job is running.
Job is running.
Job is running.
Job is running.
Job is running.
Job is running.
Job is running.
Job 2714 has completed.
Writing job STDOUT and STDERR to cache files.
Time employed in compute-1-23.local: 80.06
Returning job success.

ERROR
