DONE 

server: komolongma.ece.uprm.edu
jobmanager: sge
function: experiment-1c
parameters: /home/jas/src/stft2.0.1/main /home/jas/src/stft2.0.1/1-2006-05-12_2100.txt 16384 32 1024 16384 44100 0 12000 256 30000 35000
UNSUBMITTED: 1219591204050
PENDING: 1219591207020
ACTIVE: 1219591209018
getoutputtime: 1219591330101
DONE: 1219591316073 
Job is running.
Job is running.
Job is running.
Job is running.
Job is running.
Job is running.
Job is running.
Job is running.
Job is running.
Job is running.
Job 2803 has completed.
Writing job STDOUT and STDERR to cache files.
Time employed in compute-1-12.local: 72.87
Returning job success.

ERROR
