DONE 

server: komolongma.ece.uprm.edu
jobmanager: sge
function: experiment-1c
parameters: /home/jas/src/stft2.0.1/main /home/jas/src/stft2.0.1/1-2006-05-12_2100.txt 16384 32 1024 16384 44100 0 12000 256 31000 36000
UNSUBMITTED: 1219587624097
PENDING: 1219587627020
ACTIVE: 1219587629017
getoutputtime: 1219587742143
DONE: 1219587728113 
Job is running.
Job is running.
Job is running.
Job is running.
Job is running.
Job is running.
Job is running.
Job is running.
Job is running.
Job 2795 has completed.
Writing job STDOUT and STDERR to cache files.
Time employed in compute-2-33.local: 77.76
Returning job success.

ERROR
