DONE 

server: komolongma.ece.uprm.edu
jobmanager: sge
function: experiment-1c
parameters: /home/jas/src/stft2.0.1/main /home/jas/src/stft2.0.1/1-2006-05-12_2100.txt 16384 32 1024 16384 44100 0 12000 256 32000 37000
UNSUBMITTED: 1219569645435
PENDING: null
ACTIVE: 1219569649012
getoutputtime: 1219569750908
DONE: 1219569748017 
Job is running.
Job is running.
Job is running.
Job is running.
Job is running.
Job is running.
Job is running.
Job is running.
Job is running.
Job 2751 has completed.
Writing job STDOUT and STDERR to cache files.
Time employed in compute-2-49.local: 79.86
Returning job success.

ERROR
