DONE 

server: komolongma.ece.uprm.edu
jobmanager: sge
function: experiment-1c
parameters: /home/jas/src/stft2.0.1/main /home/jas/src/stft2.0.1/1-2006-05-12_2100.txt 16384 32 1024 16384 44100 0 12000 256 31000 36000
UNSUBMITTED: 1219567224319
PENDING: 1219567227021
ACTIVE: 1219567229021
getoutputtime: 1219567341194
DONE: 1219567327124 
Job is running.
Job is running.
Job is running.
Job is running.
Job is running.
Job is running.
Job is running.
Job is running.
Job is running.
Job 2744 has completed.
Writing job STDOUT and STDERR to cache files.
Time employed in compute-1-12.local: 76.21
Returning job success.

ERROR
