DONE 

server: komolongma.ece.uprm.edu
jobmanager: sge
function: experiment-1c
parameters: /home/jas/src/stft2.0.1/main /home/jas/src/stft2.0.1/1-2006-05-12_2100.txt 16384 32 1024 16384 44100 0 12000 256 30000 35000
UNSUBMITTED: 1219570804109
PENDING: 1219570807063
ACTIVE: 1219570809022
getoutputtime: 1219570929708
DONE: 1219570915067 
Job is running.
Job is running.
Job is running.
Job is running.
Job is running.
Job is running.
Job is running.
Job is running.
Job is running.
Job is running.
Job 2752 has completed.
Writing job STDOUT and STDERR to cache files.
Time employed in compute-3-56.local: 71.61
Returning job success.

ERROR
