DONE 

server: komolongma.ece.uprm.edu
jobmanager: sge
function: experiment-1c
parameters: /home/jas/src/stft2.0.1/main /home/jas/src/stft2.0.1/1-2006-05-12_2100.txt 16384 32 1024 16384 44100 0 12000 256 30000 35000
UNSUBMITTED: 1219579204236
PENDING: 1219579207013
ACTIVE: 1219579209020
getoutputtime: 1219579329677
DONE: 1219579315268 
Job is running.
Job is running.
Job is running.
Job is running.
Job is running.
Job is running.
Job is running.
Job is running.
Job is running.
Job is running.
Job 2773 has completed.
Writing job STDOUT and STDERR to cache files.
Time employed in compute-1-23.local: 72.56
Returning job success.

ERROR
