DONE 

server: komolongma.ece.uprm.edu
jobmanager: sge
function: experiment-1c
parameters: /home/jas/src/stft2.0.1/main /home/jas/src/stft2.0.1/1-2006-05-12_2100.txt 16384 32 1024 16384 44100 0 12000 256 31000 36000
UNSUBMITTED: 1219594824437
PENDING: 1219594827020
ACTIVE: 1219594829094
getoutputtime: 1219594941073
DONE: 1219594927064 
Job is running.
Job is running.
Job is running.
Job is running.
Job is running.
Job is running.
Job is running.
Job is running.
Job is running.
Job 2813 has completed.
Writing job STDOUT and STDERR to cache files.
Time employed in compute-2-32.local: 76.94
Returning job success.

ERROR
