DONE 

server: komolongma.ece.uprm.edu
jobmanager: sge
function: experiment-1c
parameters: /home/jas/src/stft2.0.1/main /home/jas/src/stft2.0.1/1-2006-05-12_2100.txt 16384 32 1024 16384 44100 0 12000 256 32000 37000
UNSUBMITTED: 1219600844537
PENDING: 1219600847018
ACTIVE: 1219600849094
getoutputtime: 1219600960659
DONE: 1219600947066 
Job is running.
Job is running.
Job is running.
Job is running.
Job is running.
Job is running.
Job is running.
Job is running.
Job is running.
Job 2829 has completed.
Writing job STDOUT and STDERR to cache files.
Time employed in compute-1-15.local: 81.32
Returning job success.

ERROR
