DONE 

server: komolongma.ece.uprm.edu
jobmanager: sge
function: experiment-1c
parameters: /home/jas/src/stft2.0.1/main /home/jas/src/stft2.0.1/1-2006-05-12_2100.txt 16384 32 1024 16384 44100 0 12000 256 30000 35000
UNSUBMITTED: 1219605603549
PENDING: null
ACTIVE: 1219605607057
getoutputtime: 1219605731349
DONE: 1219605717062 
Job is running.
Job is running.
Job is running.
Job is running.
Job is running.
Job is running.
Job is running.
Job is running.
Job is running.
Job is running.
Job 2839 has completed.
Writing job STDOUT and STDERR to cache files.
Time employed in compute-2-31.local: 72.13
Returning job success.

ERROR
