DONE 

server: komolongma.ece.uprm.edu
jobmanager: sge
function: experiment-1c
parameters: /home/jas/src/stft2.0.1/main /home/jas/src/stft2.0.1/1-2006-05-12_2100.txt 16384 32 1024 16384 44100 0 12000 256 30000 35000
UNSUBMITTED: 1219612804311
PENDING: 1219612807016
ACTIVE: 1219612809022
getoutputtime: 1219612929388
DONE: 1219612915012 
Job is running.
Job is running.
Job is running.
Job is running.
Job is running.
Job is running.
Job is running.
Job is running.
Job is running.
Job is running.
Job 2857 has completed.
Writing job STDOUT and STDERR to cache files.
Time employed in compute-1-27.local: 73.43
Returning job success.

ERROR
