DONE 

server: komolongma.ece.uprm.edu
jobmanager: sge
function: experiment-1c
parameters: /home/jas/src/stft2.0.1/main /home/jas/src/stft2.0.1/1-2006-05-12_2100.txt 16384 32 1024 16384 44100 0 12000 256 30000 35000
UNSUBMITTED: 1219610404262
PENDING: 1219610407015
ACTIVE: 1219610409021
getoutputtime: 1219610518155
DONE: 1219610515065 
Job is running.
Job is running.
Job is running.
Job is running.
Job is running.
Job is running.
Job is running.
Job is running.
Job is running.
Job is running.
Job 2851 has completed.
Writing job STDOUT and STDERR to cache files.
Time employed in compute-2-29.local: 71.72
Returning job success.

ERROR
