DONE 

server: komolongma.ece.uprm.edu
jobmanager: sge
function: experiment-1c
parameters: /home/jas/src/stft2.0.1/main /home/jas/src/stft2.0.1/1-2006-05-12_2100.txt 16384 32 1024 16384 44100 0 12000 256 32000 37000
UNSUBMITTED: 1219599645145
PENDING: null
ACTIVE: 1219599649016
getoutputtime: 1219599760712
DONE: 1219599747051 
Job is running.
Job is running.
Job is running.
Job is running.
Job is running.
Job is running.
Job is running.
Job is running.
Job is running.
Job 2826 has completed.
Writing job STDOUT and STDERR to cache files.
Time employed in compute-1-21.local: 80.15
Returning job success.

ERROR
