DONE 

server: komolongma.ece.uprm.edu
jobmanager: sge
function: experiment-1c
parameters: /home/jas/src/stft2.0.1/main /home/jas/src/stft2.0.1/1-2006-05-12_2100.txt 16384 32 1024 16384 44100 0 12000 256 30000 35000
UNSUBMITTED: 1219388404363
PENDING: 1219388407019
ACTIVE: 1219388439070
getoutputtime: 1219388531185
DONE: 1219388517111 
Job is still queued for execution.
Job is still queued for execution.
Job is still queued for execution.
Job is running.
Job is running.
Job is running.
Job is running.
Job is running.
Job is running.
Job is running.
Job 2216 has completed.
Writing job STDOUT and STDERR to cache files.
Time employed in compute-1-26.local: 80.08
Returning job success.

ERROR
