DONE 

server: komolongma.ece.uprm.edu
jobmanager: sge
function: experiment-1c
parameters: /home/jas/src/stft2.0.1/main /home/jas/src/stft2.0.1/1-2006-05-12_2100.txt 16384 32 1024 16384 44100 0 12000 256 30000 35000
UNSUBMITTED: 1219396803749
PENDING: null
ACTIVE: 1219396807019
getoutputtime: 1219396929448
DONE: 1219396915021 
Job is running.
Job is running.
Job is running.
Job is running.
Job is running.
Job is running.
Job is running.
Job is running.
Job is running.
Job is running.
Job 2245 has completed.
Writing job STDOUT and STDERR to cache files.
Time employed in compute-1-8.local: 76.23
Returning job success.

ERROR
