DONE 

server: komolongma.ece.uprm.edu
jobmanager: sge
function: experiment-1c
parameters: /home/jas/src/stft2.0.1/main /home/jas/src/stft2.0.1/1-2006-05-12_2100.txt 16384 32 1024 16384 44100 0 12000 256 32000 37000
UNSUBMITTED: 1219437644949
PENDING: 1219437648018
ACTIVE: 1219437650076
getoutputtime: 1219437749343
DONE: 1219437746021 
Job is running.
Job is running.
Job is running.
Job is running.
Job is running.
Job is running.
Job is running.
Job is running.
Job is running.
Job 2368 has completed.
Writing job STDOUT and STDERR to cache files.
Time employed in compute-2-33.local: 84.01
Returning job success.

ERROR
