DONE 

server: komolongma.ece.uprm.edu
jobmanager: sge
function: experiment-1c
parameters: /home/jas/src/stft2.0.1/main /home/jas/src/stft2.0.1/1-2006-05-12_2100.txt 16384 32 1024 16384 44100 0 12000 256 32000 37000
UNSUBMITTED: 1219435245427
PENDING: 1219435249016
ACTIVE: null
getoutputtime: 1219435362265
DONE: 1219435359067 
Job is still queued for execution.
Job is still queued for execution.
Job is still queued for execution.
Job is still queued for execution.
Job is still queued for execution.
Job is still queued for execution.
Job is still queued for execution.
Job is still queued for execution.
Job is still queued for execution.
Job is still queued for execution.
Job 2359 has completed.
Writing job STDOUT and STDERR to cache files.
Time employed in compute-1-2.local: 87.79
Returning job success.

ERROR
