DONE 

server: komolongma.ece.uprm.edu
jobmanager: sge
function: experiment-1c
parameters: /home/jas/src/stft2.0.1/main /home/jas/src/stft2.0.1/1-2006-05-12_2100.txt 16384 32 1024 16384 44100 0 12000 256 31000 36000
UNSUBMITTED: 1219394424172
PENDING: null
ACTIVE: 1219394428038
getoutputtime: 1219394540246
DONE: 1219394526022 
Job is running.
Job is running.
Job is running.
Job is running.
Job is running.
Job is running.
Job is running.
Job is running.
Job is running.
Job 2240 has completed.
Writing job STDOUT and STDERR to cache files.
Time employed in compute-2-43.local: 79.03
Returning job success.

ERROR
