DONE 

server: komolongma.ece.uprm.edu
jobmanager: sge
function: experiment-1c
parameters: /home/jas/src/stft2.0.1/main /home/jas/src/stft2.0.1/1-2006-05-12_2100.txt 16384 32 1024 16384 44100 0 12000 256 30000 35000
UNSUBMITTED: 1219461603952
PENDING: null
ACTIVE: 1219461607019
getoutputtime: 1219461729505
DONE: 1219461715018 
Job is running.
Job is running.
Job is running.
Job is running.
Job is running.
Job is running.
Job is running.
Job is running.
Job is running.
Job is still queued for execution.
Job 2448 has completed.
Writing job STDOUT and STDERR to cache files.
Time employed in compute-2-49.local: 72.04
Returning job success.

ERROR
