DONE 

server: komolongma.ece.uprm.edu
jobmanager: sge
function: experiment-1c
parameters: /home/jas/src/stft2.0.1/main /home/jas/src/stft2.0.1/1-2006-05-12_2100.txt 16384 32 1024 16384 44100 0 12000 256 31000 36000
UNSUBMITTED: 1219455624134
PENDING: 1219455627021
ACTIVE: 1219455629020
getoutputtime: 1219455741443
DONE: 1219455727017 
Job is running.
Job is running.
Job is running.
Job is running.
Job is running.
Job is running.
Job is running.
Job is running.
Job is running.
Job 2422 has completed.
Writing job STDOUT and STDERR to cache files.
Time employed in compute-1-22.local: 79.65
Returning job success.

ERROR
