DONE 

server: komolongma.ece.uprm.edu
jobmanager: sge
function: experiment-1c
parameters: /home/jas/src/stft2.0.1/main /home/jas/src/stft2.0.1/1-2006-05-12_2100.txt 16384 32 1024 16384 44100 0 12000 256 32000 37000
UNSUBMITTED: 1219419645015
PENDING: null
ACTIVE: 1219419649032
getoutputtime: 1219419760920
DONE: 1219419747066 
Job is running.
Job is running.
Job is running.
Job is running.
Job is running.
Job is running.
Job is running.
Job is running.
Job is running.
Job 2305 has completed.
Writing job STDOUT and STDERR to cache files.
Time employed in compute-1-24.local: 83.05
Returning job success.

ERROR
