DONE 

server: komolongma.ece.uprm.edu
jobmanager: sge
function: experiment-1c
parameters: /home/jas/src/stft2.0.1/main /home/jas/src/stft2.0.1/1-2006-05-12_2100.txt 16384 32 1024 16384 44100 0 12000 256 31000 36000
UNSUBMITTED: 1219437623998
PENDING: 1219437627015
ACTIVE: 1219437629062
getoutputtime: 1219437728438
DONE: 1219437725067 
Job is running.
Job is running.
Job is running.
Job is running.
Job is running.
Job is running.
Job is running.
Job is running.
Job is running.
Job 2367 has completed.
Writing job STDOUT and STDERR to cache files.
Time employed in compute-2-28.local: 76.09
Returning job success.

ERROR
