DONE 

server: komolongma.ece.uprm.edu
jobmanager: sge
function: experiment-1c
parameters: /home/jas/src/stft2.0.1/main /home/jas/src/stft2.0.1/1-2006-05-12_2100.txt 16384 32 1024 16384 44100 0 12000 256 32000 37000
UNSUBMITTED: 1219452045286
PENDING: 1219452048073
ACTIVE: 1219452050014
getoutputtime: 1219452160844
DONE: 1219452147016 
Job is running.
Job is running.
Job is running.
Job is running.
Job is running.
Job is running.
Job is running.
Job is running.
Job is running.
Job 2410 has completed.
Writing job STDOUT and STDERR to cache files.
Time employed in compute-2-40.local: 80.54
Returning job success.

ERROR
