DONE 

server: komolongma.ece.uprm.edu
jobmanager: sge
function: experiment-1c
parameters: /home/jas/src/stft2.0.1/main /home/jas/src/stft2.0.1/1-2006-05-12_2100.txt 16384 32 1024 16384 44100 0 12000 256 32000 37000
UNSUBMITTED: 1219378844789
PENDING: 1219378848041
ACTIVE: 1219378850068
getoutputtime: 1219378949298
DONE: 1219378946067 
Job is running.
Job is running.
Job is running.
Job is running.
Job is running.
Job is running.
Job is running.
Job is running.
Job is running.
Job 2165 has completed.
Writing job STDOUT and STDERR to cache files.
Time employed in compute-3-60.local: 83.04
Returning job success.

ERROR
