DONE 

server: komolongma.ece.uprm.edu
jobmanager: sge
function: experiment-1c
parameters: /home/jas/src/stft2.0.1/main /home/jas/src/stft2.0.1/1-2006-05-12_2100.txt 16384 32 1024 16384 44100 0 12000 256 32000 37000
UNSUBMITTED: 1219404045001
PENDING: 1219404048024
ACTIVE: 1219404050064
getoutputtime: 1219404171881
DONE: 1219404158068 
Job is running.
Job is running.
Job is running.
Job is running.
Job is running.
Job is running.
Job is running.
Job is running.
Job is running.
Job is running.
Job 2265 has completed.
Writing job STDOUT and STDERR to cache files.
Time employed in compute-2-52.local: 98.41
Returning job success.

ERROR
