DONE 

server: komolongma.ece.uprm.edu
jobmanager: sge
function: experiment-1c
parameters: /home/jas/src/stft2.0.1/main /home/jas/src/stft2.0.1/1-2006-05-12_2100.txt 16384 32 1024 16384 44100 0 12000 256 32000 37000
UNSUBMITTED: 1219425644777
PENDING: 1219425648018
ACTIVE: 1219425650071
getoutputtime: 1219425770465
DONE: 1219425756020 
Job is running.
Job is running.
Job is running.
Job is running.
Job is running.
Job is running.
Job is running.
Job is running.
Job is running.
Job is running.
Job 2325 has completed.
Writing job STDOUT and STDERR to cache files.
Time employed in compute-1-12.local: 90.7
Returning job success.

ERROR
