DONE 

server: komolongma.ece.uprm.edu
jobmanager: sge
function: experiment-1c
parameters: /home/jas/src/stft2.0.1/main /home/jas/src/stft2.0.1/1-2006-05-12_2100.txt 16384 32 1024 16384 44100 0 12000 256 31000 36000
UNSUBMITTED: 1219448425078
PENDING: 1219448428022
ACTIVE: 1219448430119
getoutputtime: 1219448540627
DONE: 1219448526238 
Job is running.
Job is running.
Job is running.
Job is running.
Job is running.
Job is running.
Job is running.
Job is running.
Job is running.
Job 2396 has completed.
Writing job STDOUT and STDERR to cache files.
Time employed in compute-2-49.local: 78.15
Returning job success.

ERROR
