DONE 

server: komolongma.ece.uprm.edu
jobmanager: sge
function: experiment-1c
parameters: /home/jas/src/stft2.0.1/main /home/jas/src/stft2.0.1/1-2006-05-12_2100.txt 16384 32 1024 16384 44100 0 12000 256 32000 37000
UNSUBMITTED: 1219377645075
PENDING: 1219377648042
ACTIVE: 1219377650068
getoutputtime: 1219377770199
DONE: 1219377756019 
Job is running.
Job is running.
Job is running.
Job is running.
Job is running.
Job is running.
Job is running.
Job is running.
Job is running.
Job is running.
Job 2162 has completed.
Writing job STDOUT and STDERR to cache files.
Time employed in compute-2-34.local: 86.06
Returning job success.

ERROR
