DONE 

server: komolongma.ece.uprm.edu
jobmanager: sge
function: experiment-1c
parameters: /home/jas/src/stft2.0.1/main /home/jas/src/stft2.0.1/1-2006-05-12_2100.txt 16384 32 1024 16384 44100 0 12000 256 32000 37000
UNSUBMITTED: 1219418444500
PENDING: 1219418448070
ACTIVE: 1219418450016
getoutputtime: 1219418560849
DONE: 1219418558061 
Job is running.
Job is running.
Job is running.
Job is running.
Job is running.
Job is running.
Job is running.
Job is running.
Job is running.
Job is running.
Job 2301 has completed.
Writing job STDOUT and STDERR to cache files.
Time employed in compute-2-42.local: 90.73
Returning job success.

ERROR
