DONE 

server: komolongma.ece.uprm.edu
jobmanager: sge
function: experiment-1c
parameters: /home/jas/src/stft2.0.1/main /home/jas/src/stft2.0.1/1-2006-05-12_2100.txt 16384 32 1024 16384 44100 0 12000 256 30000 35000
UNSUBMITTED: 1219419604572
PENDING: 1219419607022
ACTIVE: 1219419609042
getoutputtime: 1219419720457
DONE: 1219419717116 
Job is running.
Job is running.
Job is running.
Job is running.
Job is running.
Job is running.
Job is running.
Job is running.
Job is running.
Job is running.
Job 2303 has completed.
Writing job STDOUT and STDERR to cache files.
Time employed in compute-2-49.local: 76.35
Returning job success.

ERROR
