DONE 

server: komolongma.ece.uprm.edu
jobmanager: sge
function: experiment-1c
parameters: /home/jas/src/stft2.0.1/main /home/jas/src/stft2.0.1/1-2006-05-12_2100.txt 16384 32 1024 16384 44100 0 12000 256 32000 37000
UNSUBMITTED: 1219458045480
PENDING: null
ACTIVE: 1219458049026
getoutputtime: 1219458172600
DONE: 1219458159014 
Job is running.
Job is running.
Job is running.
Job is running.
Job is running.
Job is running.
Job is running.
Job is running.
Job is running.
Job is running.
Job 2431 has completed.
Writing job STDOUT and STDERR to cache files.
Time employed in compute-2-34.local: 86.9
Returning job success.

ERROR
