DONE 

server: komolongma.ece.uprm.edu
jobmanager: sge
function: experiment-1c
parameters: /home/jas/src/stft2.0.1/main /home/jas/src/stft2.0.1/1-2006-05-12_2100.txt 16384 32 1024 16384 44100 0 12000 256 32000 37000
UNSUBMITTED: 1219442444628
PENDING: 1219442448012
ACTIVE: 1219442450122
getoutputtime: 1219442560477
DONE: 1219442546067 
Job is running.
Job is running.
Job is running.
Job is running.
Job is running.
Job is running.
Job is running.
Job is running.
Job is running.
Job 2380 has completed.
Writing job STDOUT and STDERR to cache files.
Time employed in compute-2-47.local: 82.61
Returning job success.

ERROR
