DONE 

server: komolongma.ece.uprm.edu
jobmanager: sge
function: experiment-1c
parameters: /home/jas/src/stft2.0.1/main /home/jas/src/stft2.0.1/1-2006-05-12_2100.txt 16384 32 1024 16384 44100 0 12000 256 30000 35000
UNSUBMITTED: 1219429204170
PENDING: null
ACTIVE: 1219429207017
getoutputtime: 1219429331300
DONE: 1219429317077 
Job is running.
Job is running.
Job is running.
Job is running.
Job is running.
Job is running.
Job is running.
Job is running.
Job is running.
Job is running.
Job 2333 has completed.
Writing job STDOUT and STDERR to cache files.
Time employed in compute-1-14.local: 79.24
Returning job success.

ERROR
