DONE 

server: komolongma.ece.uprm.edu
jobmanager: sge
function: experiment-1c
parameters: /home/jas/src/stft2.0.1/main /home/jas/src/stft2.0.1/1-2006-05-12_2100.txt 16384 32 1024 16384 44100 0 12000 256 32000 37000
UNSUBMITTED: 1219446044792
PENDING: 1219446048021
ACTIVE: 1219446050068
getoutputtime: 1219446161228
DONE: 1219446158020 
Job is running.
Job is running.
Job is running.
Job is running.
Job is running.
Job is running.
Job is running.
Job is running.
Job is running.
Job is running.
Job 2391 has completed.
Writing job STDOUT and STDERR to cache files.
Time employed in compute-2-35.local: 87.26
Returning job success.

ERROR
