DONE 

server: komolongma.ece.uprm.edu
jobmanager: sge
function: experiment-1c
parameters: /home/jas/src/stft2.0.1/main /home/jas/src/stft2.0.1/1-2006-05-12_2100.txt 16384 32 1024 16384 44100 0 12000 256 30000 35000
UNSUBMITTED: 1219452004208
PENDING: 1219452007019
ACTIVE: 1219452009016
getoutputtime: 1219452130790
DONE: 1219452117012 
Job is running.
Job is running.
Job is running.
Job is running.
Job is running.
Job is running.
Job is running.
Job is running.
Job is running.
Job is running.
Job 2408 has completed.
Writing job STDOUT and STDERR to cache files.
Time employed in compute-2-34.local: 74.05
Returning job success.

ERROR
