DONE 

server: komolongma.ece.uprm.edu
jobmanager: sge
function: experiment-1c
parameters: /home/jas/src/stft2.0.1/main /home/jas/src/stft2.0.1/1-2006-05-12_2100.txt 16384 32 1024 16384 44100 0 12000 256 31000 36000
UNSUBMITTED: 1219414824370
PENDING: 1219414827017
ACTIVE: 1219414829077
getoutputtime: 1219414941069
DONE: 1219414927011 
Job is running.
Job is running.
Job is running.
Job is running.
Job is running.
Job is running.
Job is running.
Job is running.
Job is running.
Job 2291 has completed.
Writing job STDOUT and STDERR to cache files.
Time employed in compute-1-17.local: 80.06
Returning job success.

ERROR
