DONE 

server: komolongma.ece.uprm.edu
jobmanager: sge
function: experiment-1c
parameters: /home/jas/src/stft2.0.1/main /home/jas/src/stft2.0.1/1-2006-05-12_2100.txt 16384 32 1024 16384 44100 0 12000 256 32000 37000
UNSUBMITTED: 1219461645127
PENDING: 1219461648013
ACTIVE: 1219461650022
getoutputtime: 1219461769989
DONE: 1219461756013 
Job is running.
Job is running.
Job is running.
Job is running.
Job is running.
Job is still queued for execution.
Job is running.
Job is running.
Job is running.
Job is running.
Job 2450 has completed.
Writing job STDOUT and STDERR to cache files.
Time employed in compute-2-46.local: 89.07
Returning job success.

ERROR
