DONE 

server: komolongma.ece.uprm.edu
jobmanager: sge
function: experiment-1c
parameters: /home/jas/src/stft2.0.1/main /home/jas/src/stft2.0.1/1-2006-05-12_2100.txt 16384 32 1024 16384 44100 0 12000 256 31000 36000
UNSUBMITTED: 1219420824275
PENDING: 1219420827017
ACTIVE: 1219420829014
getoutputtime: 1219420942308
DONE: 1219420928130 
Job is running.
Job is running.
Job is running.
Job is running.
Job is running.
Job is running.
Job is running.
Job is running.
Job is running.
Job 2310 has completed.
Writing job STDOUT and STDERR to cache files.
Time employed in compute-1-1.local: 81.84
Returning job success.

ERROR
