DONE 

server: komolongma.ece.uprm.edu
jobmanager: sge
function: experiment-1c
parameters: /home/jas/src/stft2.0.1/main /home/jas/src/stft2.0.1/1-2006-05-12_2100.txt 16384 32 1024 16384 44100 0 12000 256 31000 36000
UNSUBMITTED: 1219396823900
PENDING: 1219396827022
ACTIVE: 1219396829018
getoutputtime: 1219396939322
DONE: 1219396925070 
Job is running.
Job is running.
Job is running.
Job is running.
Job is running.
Job is running.
Job is running.
Job is running.
Job is running.
Job 2246 has completed.
Writing job STDOUT and STDERR to cache files.
Time employed in compute-2-54.local: 79.11
Returning job success.

ERROR
