DONE 

server: komolongma.ece.uprm.edu
jobmanager: sge
function: experiment-1c
parameters: /home/jas/src/stft2.0.1/main /home/jas/src/stft2.0.1/1-2006-05-12_2100.txt 16384 32 1024 16384 44100 0 12000 256 30000 35000
UNSUBMITTED: 1219389604444
PENDING: null
ACTIVE: 1219389607017
getoutputtime: 1219389718914
DONE: 1219389715064 
Job is running.
Job is running.
Job is running.
Job is running.
Job is running.
Job is running.
Job is running.
Job is running.
Job is running.
Job is running.
Job 2227 has completed.
Writing job STDOUT and STDERR to cache files.
Time employed in compute-1-27.local: 73.79
Returning job success.

ERROR
