DONE 

server: komolongma.ece.uprm.edu
jobmanager: sge
function: experiment-1c
parameters: /home/jas/src/stft2.0.1/main /home/jas/src/stft2.0.1/1-2006-05-12_2100.txt 16384 32 1024 16384 44100 0 12000 256 30000 35000
UNSUBMITTED: 1219414803842
PENDING: null
ACTIVE: 1219414807018
getoutputtime: 1219414930968
DONE: 1219414917123 
Job is running.
Job is running.
Job is running.
Job is running.
Job is running.
Job is running.
Job is running.
Job is running.
Job is running.
Job is running.
Job 2290 has completed.
Writing job STDOUT and STDERR to cache files.
Time employed in compute-2-45.local: 73.66
Returning job success.

ERROR
