DONE 

server: komolongma.ece.uprm.edu
jobmanager: sge
function: experiment-1c
parameters: /home/jas/src/stft2.0.1/main /home/jas/src/stft2.0.1/1-2006-05-12_2100.txt 16384 32 1024 16384 44100 0 12000 256 32000 37000
UNSUBMITTED: 1219438845273
PENDING: 1219438848022
ACTIVE: 1219438850072
getoutputtime: 1219438971927
DONE: 1219438958020 
Job is running.
Job is running.
Job is running.
Job is running.
Job is running.
Job is running.
Job is running.
Job is running.
Job is running.
Job is running.
Job 2371 has completed.
Writing job STDOUT and STDERR to cache files.
Time employed in compute-2-52.local: 85.92
Returning job success.

ERROR
