DONE 

server: komolongma.ece.uprm.edu
jobmanager: sge
function: experiment-1c
parameters: /home/jas/src/stft2.0.1/main /home/jas/src/stft2.0.1/1-2006-05-12_2100.txt 16384 32 1024 16384 44100 0 12000 256 31000 36000
UNSUBMITTED: 1219381224242
PENDING: 1219381227020
ACTIVE: 1219381229017
getoutputtime: 1219381352965
DONE: 1219381349075 
Job is running.
Job is running.
Job is running.
Job is running.
Job is running.
Job is running.
Job is running.
Job is running.
Job is running.
Job is running.
Job is running.
Job 2171 has completed.
Writing job STDOUT and STDERR to cache files.
Time employed in compute-2-39.local: 88.49
Returning job success.

ERROR
