DONE 

server: komolongma.ece.uprm.edu
jobmanager: sge
function: experiment-1c
parameters: /home/jas/src/stft2.0.1/main /home/jas/src/stft2.0.1/1-2006-05-12_2100.txt 16384 32 1024 16384 44100 0 12000 256 30000 35000
UNSUBMITTED: 1219460404374
PENDING: null
ACTIVE: 1219460407016
getoutputtime: 1219460531140
DONE: 1219460517019 
Job is running.
Job is running.
Job is running.
Job is running.
Job is still queued for execution.
Job is still queued for execution.
Job is running.
Job is running.
Job is running.
Job is running.
Job 2440 has completed.
Writing job STDOUT and STDERR to cache files.
Time employed in compute-1-3.local: 72.16
Returning job success.

ERROR
