DONE 

server: komolongma.ece.uprm.edu
jobmanager: sge
function: experiment-1c
parameters: /home/jas/src/stft2.0.1/main /home/jas/src/stft2.0.1/1-2006-05-12_2100.txt 16384 32 1024 16384 44100 0 12000 256 30000 35000
UNSUBMITTED: 1219443604009
PENDING: null
ACTIVE: 1219443607022
getoutputtime: 1219443720531
DONE: 1219443717065 
Job is running.
Job is running.
Job is running.
Job is running.
Job is running.
Job is running.
Job is running.
Job is running.
Job is running.
Job is running.
Job 2383 has completed.
Writing job STDOUT and STDERR to cache files.
Time employed in compute-2-41.local: 78.21
Returning job success.

ERROR
