DONE 

server: komolongma.ece.uprm.edu
jobmanager: sge
function: experiment-1c
parameters: /home/jas/src/stft2.0.1/main /home/jas/src/stft2.0.1/1-2006-05-12_2100.txt 16384 32 1024 16384 44100 0 12000 256 31000 36000
UNSUBMITTED: 1219422024301
PENDING: 1219422027014
ACTIVE: 1219422029021
getoutputtime: 1219422138964
DONE: 1219422125071 
Job is running.
Job is running.
Job is running.
Job is running.
Job is running.
Job is running.
Job is running.
Job is running.
Job is running.
Job 2314 has completed.
Writing job STDOUT and STDERR to cache files.
Time employed in compute-3-57.local: 82.8
Returning job success.

ERROR
