DONE 

server: komolongma.ece.uprm.edu
jobmanager: sge
function: experiment-1c
parameters: /home/jas/src/stft2.0.1/main /home/jas/src/stft2.0.1/1-2006-05-12_2100.txt 16384 32 1024 16384 44100 0 12000 256 31000 36000
UNSUBMITTED: 1219386024144
PENDING: 1219386027017
ACTIVE: 1219386029014
getoutputtime: 1219386142901
DONE: 1219386128090 
Job is running.
Job is running.
Job is running.
Job is running.
Job is running.
Job is running.
Job is running.
Job is running.
Job is still queued for execution.
Job 2196 has completed.
Writing job STDOUT and STDERR to cache files.
Time employed in compute-2-36.local: 83.63
Returning job success.

ERROR
