DONE 

server: komolongma.ece.uprm.edu
jobmanager: sge
function: experiment-1c
parameters: /home/jas/src/stft2.0.1/main /home/jas/src/stft2.0.1/1-2006-05-12_2100.txt 16384 32 1024 16384 44100 0 12000 256 32000 37000
UNSUBMITTED: 1219436445102
PENDING: 1219436448013
ACTIVE: 1219436525082
getoutputtime: 1219436571275
DONE: 1219436557070 
Job is still queued for execution.
Job is still queued for execution.
Job is still queued for execution.
Job is still queued for execution.
Job is still queued for execution.
Job is still queued for execution.
Job is still queued for execution.
Job is running.
Job is running.
Job is running.
Job 2362 has completed.
Writing job STDOUT and STDERR to cache files.
Time employed in compute-3-59.local: 88.77
Returning job success.

ERROR
