DONE 

server: komolongma.ece.uprm.edu
jobmanager: sge
function: experiment-1c
parameters: /home/jas/src/stft2.0.1/main /home/jas/src/stft2.0.1/1-2006-05-12_2100.txt 16384 32 1024 16384 44100 0 12000 256 30000 35000
UNSUBMITTED: 1219420803720
PENDING: null
ACTIVE: 1219420807015
getoutputtime: 1219420931307
DONE: 1219420917064 
Job is running.
Job is running.
Job is running.
Job is running.
Job is running.
Job is running.
Job is running.
Job is running.
Job is running.
Job is running.
Job 2309 has completed.
Writing job STDOUT and STDERR to cache files.
Time employed in compute-1-10.local: 78.25
Returning job success.

ERROR
