DONE 

server: komolongma.ece.uprm.edu
jobmanager: sge
function: experiment-1c
parameters: /home/jas/src/stft2.0.1/main /home/jas/src/stft2.0.1/1-2006-05-12_2100.txt 16384 32 1024 16384 44100 0 12000 256 31000 36000
UNSUBMITTED: 1219462824174
PENDING: 1219462827062
ACTIVE: 1219462829073
getoutputtime: 1219462941493
DONE: 1219462927079 
Job is running.
Job is running.
Job is running.
Job is running.
Job is running.
Job is running.
Job is running.
Job is running.
Job is running.
Job 2459 has completed.
Writing job STDOUT and STDERR to cache files.
Time employed in compute-1-16.local: 79.71
Returning job success.

ERROR
