DONE 

server: komolongma.ece.uprm.edu
jobmanager: sge
function: experiment-1c
parameters: /home/jas/src/stft2.0.1/main /home/jas/src/stft2.0.1/1-2006-05-12_2100.txt 16384 32 1024 16384 44100 0 12000 256 32000 37000
UNSUBMITTED: 1219381245437
PENDING: null
ACTIVE: 1219381249011
getoutputtime: 1219381362303
DONE: 1219381347022 
Job is running.
Job is running.
Job is running.
Job is running.
Job is running.
Job is running.
Job is running.
Job is running.
Job is running.
Job 2172 has completed.
Writing job STDOUT and STDERR to cache files.
Time employed in compute-2-48.local: 80.72
Returning job success.

ERROR
