DONE 

server: komolongma.ece.uprm.edu
jobmanager: sge
function: experiment-1c
parameters: /home/jas/src/stft2.0.1/main /home/jas/src/stft2.0.1/1-2006-05-12_2100.txt 16384 32 1024 16384 44100 0 12000 256 31000 36000
UNSUBMITTED: 1219383624804
PENDING: null
ACTIVE: 1219383628017
getoutputtime: 1219383741309
DONE: 1219383727118 
Job is running.
Job is running.
Job is running.
Job is running.
Job is running.
Job is still queued for execution.
Job is still queued for execution.
Job is running.
Job is running.
Job 2185 has completed.
Writing job STDOUT and STDERR to cache files.
Time employed in compute-1-8.local: 78.77
Returning job success.

ERROR
