DONE 

server: komolongma.ece.uprm.edu
jobmanager: sge
function: experiment-1c
parameters: /home/jas/src/stft2.0.1/main /home/jas/src/stft2.0.1/1-2006-05-12_2100.txt 16384 32 1024 16384 44100 0 12000 256 32000 37000
UNSUBMITTED: 1219450845322
PENDING: 1219450849018
ACTIVE: 1219450851064
getoutputtime: 1219450951948
DONE: 1219450949088 
Job is running.
Job is running.
Job is running.
Job is running.
Job is running.
Job is running.
Job is running.
Job is running.
Job is running.
Job 2403 has completed.
Writing job STDOUT and STDERR to cache files.
Time employed in compute-1-23.local: 80.32
Returning job success.

ERROR
