DONE 

server: komolongma.ece.uprm.edu
jobmanager: sge
function: experiment-1c
parameters: /home/jas/src/stft2.0.1/main /home/jas/src/stft2.0.1/1-2006-05-12_2100.txt 16384 32 1024 16384 44100 0 12000 256 32000 37000
UNSUBMITTED: 1219441244764
PENDING: 1219441248020
ACTIVE: 1219441250068
getoutputtime: 1219441370195
DONE: 1219441356023 
Job is running.
Job is running.
Job is running.
Job is running.
Job is running.
Job is running.
Job is running.
Job is running.
Job is running.
Job is running.
Job 2377 has completed.
Writing job STDOUT and STDERR to cache files.
Time employed in compute-1-5.local: 87.36
Returning job success.

ERROR
