DONE 

server: komolongma.ece.uprm.edu
jobmanager: sge
function: experiment-1c
parameters: /home/jas/src/stft2.0.1/main /home/jas/src/stft2.0.1/1-2006-05-12_2100.txt 16384 32 1024 16384 44100 0 12000 256 31000 36000
UNSUBMITTED: 1219382424970
PENDING: null
ACTIVE: 1219382428012
getoutputtime: 1219382562809
DONE: 1219382548015 
Job is running.
Job is running.
Job is running.
Job is running.
Job is running.
Job is running.
Job is running.
Job is running.
Job is running.
Job is running.
Job is running.
Job 2178 has completed.
Writing job STDOUT and STDERR to cache files.
Time employed in compute-2-50.local: 87.51
Returning job success.

ERROR
