DONE 

server: komolongma.ece.uprm.edu
jobmanager: sge
function: experiment-1c
parameters: /home/jas/src/stft2.0.1/main /home/jas/src/stft2.0.1/1-2006-05-12_2100.txt 16384 32 1024 16384 44100 0 12000 256 32000 37000
UNSUBMITTED: 1219383645076
PENDING: null
ACTIVE: 1219383649021
getoutputtime: 1219383760331
DONE: 1219383757151 
Job is running.
Job is running.
Job is running.
Job is still queued for execution.
Job is still queued for execution.
Job is running.
Job is running.
Job is running.
Job is running.
Job is running.
Job 2186 has completed.
Writing job STDOUT and STDERR to cache files.
Time employed in compute-2-54.local: 91.1
Returning job success.

ERROR
