DONE 

server: komolongma.ece.uprm.edu
jobmanager: sge
function: experiment-1c
parameters: /home/jas/src/stft2.0.1/main /home/jas/src/stft2.0.1/1-2006-05-12_2100.txt 16384 32 1024 16384 44100 0 12000 256 31000 36000
UNSUBMITTED: 1219388424524
PENDING: 1219388428069
ACTIVE: 1219388440192
getoutputtime: 1219388540413
DONE: 1219388526135 
Job is still queued for execution.
Job is running.
Job is running.
Job is running.
Job is running.
Job is running.
Job is running.
Job is running.
Job is running.
Job 2217 has completed.
Writing job STDOUT and STDERR to cache files.
Time employed in compute-2-47.local: 77.89
Returning job success.

ERROR
