DONE 

server: komolongma.ece.uprm.edu
jobmanager: sge
function: experiment-1c
parameters: /home/jas/src/stft2.0.1/main /home/jas/src/stft2.0.1/1-2006-05-12_2100.txt 16384 32 1024 16384 44100 0 12000 256 30000 35000
UNSUBMITTED: 1219384804059
PENDING: 1219384807017
ACTIVE: 1219384809018
getoutputtime: 1219384931385
DONE: 1219384917017 
Job is running.
Job is running.
Job is running.
Job is running.
Job is running.
Job is running.
Job is running.
Job is running.
Job is running.
Job is running.
Job 2189 has completed.
Writing job STDOUT and STDERR to cache files.
Time employed in compute-1-10.local: 72.37
Returning job success.

ERROR
