DONE 

server: komolongma.ece.uprm.edu
jobmanager: sge
function: experiment-1c
parameters: /home/jas/src/stft2.0.1/main /home/jas/src/stft2.0.1/1-2006-05-12_2100.txt 16384 32 1024 16384 44100 0 12000 256 30000 35000
UNSUBMITTED: 1219395604502
PENDING: 1219395607023
ACTIVE: 1219395609012
getoutputtime: 1219395742954
DONE: 1219395728071 
Job is running.
Job is running.
Job is running.
Job is running.
Job is running.
Job is running.
Job is running.
Job is running.
Job is running.
Job is running.
Job is running.
Job 2242 has completed.
Writing job STDOUT and STDERR to cache files.
Time employed in compute-1-7.local: 92.26
Returning job success.

ERROR
