DONE 

server: komolongma.ece.uprm.edu
jobmanager: sge
function: experiment-1c
parameters: /home/jas/src/stft2.0.1/main /home/jas/src/stft2.0.1/1-2006-05-12_2100.txt 16384 32 1024 16384 44100 0 12000 256 30000 35000
UNSUBMITTED: 1219405204192
PENDING: null
ACTIVE: 1219405207019
getoutputtime: 1219405320309
DONE: 1219405317064 
Job is running.
Job is running.
Job is running.
Job is running.
Job is running.
Job is running.
Job is running.
Job is running.
Job is running.
Job is running.
Job 2266 has completed.
Writing job STDOUT and STDERR to cache files.
Time employed in compute-3-58.local: 77.05
Returning job success.

ERROR
