DONE 

server: komolongma.ece.uprm.edu
jobmanager: sge
function: experiment-1c
parameters: /home/jas/src/stft2.0.1/main /home/jas/src/stft2.0.1/1-2006-05-12_2100.txt 16384 32 1024 16384 44100 0 12000 256 32000 37000
UNSUBMITTED: 1219423244660
PENDING: 1219423248018
ACTIVE: 1219423250074
getoutputtime: 1219423349219
DONE: 1219423346063 
Job is running.
Job is running.
Job is running.
Job is running.
Job is running.
Job is running.
Job is running.
Job is running.
Job is running.
Job 2319 has completed.
Writing job STDOUT and STDERR to cache files.
Time employed in compute-1-18.local: 85.1
Returning job success.

ERROR
