DONE 

server: komolongma.ece.uprm.edu
jobmanager: sge
function: experiment-1c
parameters: /home/jas/src/stft2.0.1/main /home/jas/src/stft2.0.1/1-2006-05-12_2100.txt 16384 32 1024 16384 44100 0 12000 256 32000 37000
UNSUBMITTED: 1219405244939
PENDING: 1219405248016
ACTIVE: 1219405250017
getoutputtime: 1219405349488
DONE: 1219405346070 
Job is running.
Job is running.
Job is running.
Job is running.
Job is running.
Job is running.
Job is running.
Job is running.
Job is running.
Job 2268 has completed.
Writing job STDOUT and STDERR to cache files.
Time employed in compute-2-38.local: 83.98
Returning job success.

ERROR
