DONE 

server: komolongma.ece.uprm.edu
jobmanager: sge
function: experiment-1c
parameters: /home/jas/src/stft2.0.1/main /home/jas/src/stft2.0.1/1-2006-05-12_2100.txt 16384 32 1024 16384 44100 0 12000 256 32000 37000
UNSUBMITTED: 1219417245074
PENDING: null
ACTIVE: 1219417249016
getoutputtime: 1219417360623
DONE: 1219417347021 
Job is running.
Job is running.
Job is running.
Job is running.
Job is running.
Job is running.
Job is running.
Job is running.
Job is running.
Job 2298 has completed.
Writing job STDOUT and STDERR to cache files.
Time employed in compute-2-53.local: 82.76
Returning job success.

ERROR
