DONE 

server: komolongma.ece.uprm.edu
jobmanager: sge
function: experiment-1c
parameters: /home/jas/src/stft2.0.1/main /home/jas/src/stft2.0.1/1-2006-05-12_2100.txt 16384 32 1024 16384 44100 0 12000 256 32000 37000
UNSUBMITTED: 1219413644920
PENDING: null
ACTIVE: 1219413649015
getoutputtime: 1219413762077
DONE: 1219413759070 
Job is running.
Job is running.
Job is running.
Job is running.
Job is running.
Job is running.
Job is running.
Job is running.
Job is running.
Job is running.
Job 2289 has completed.
Writing job STDOUT and STDERR to cache files.
Time employed in compute-2-35.local: 88.63
Returning job success.

ERROR
