DONE 

server: komolongma.ece.uprm.edu
jobmanager: sge
function: experiment-1c
parameters: /home/jas/src/stft2.0.1/main /home/jas/src/stft2.0.1/1-2006-05-12_2100.txt 16384 32 1024 16384 44100 0 12000 256 30000 35000
UNSUBMITTED: 1219387204365
PENDING: null
ACTIVE: 1219387207022
getoutputtime: 1219387331720
DONE: 1219387317065 
Job is running.
Job is running.
Job is still queued for execution.
Job is running.
Job is running.
Job is running.
Job is still queued for execution.
Job is still queued for execution.
Job is still queued for execution.
Job is still queued for execution.
Job 2202 has completed.
Writing job STDOUT and STDERR to cache files.
Time employed in compute-2-31.local: 75.79
Returning job success.

ERROR
