DONE 

server: komolongma.ece.uprm.edu
jobmanager: sge
function: experiment-1c
parameters: /home/jas/src/stft2.0.1/main /home/jas/src/stft2.0.1/1-2006-05-12_2100.txt 16384 32 1024 16384 44100 0 12000 256 32000 37000
UNSUBMITTED: 1219455645398
PENDING: null
ACTIVE: 1219455649019
getoutputtime: 1219455763360
DONE: 1219455760059 
Job is running.
Job is running.
Job is running.
Job is running.
Job is running.
Job is running.
Job is running.
Job is running.
Job is running.
Job is running.
Job 2423 has completed.
Writing job STDOUT and STDERR to cache files.
Time employed in compute-1-23.local: 89.96
Returning job success.

ERROR
