DONE 

server: komolongma.ece.uprm.edu
jobmanager: sge
function: experiment-1c
parameters: /home/jas/src/stft2.0.1/main /home/jas/src/stft2.0.1/1-2006-05-12_2100.txt 16384 32 1024 16384 44100 0 12000 256 30000 35000
UNSUBMITTED: 1219393204324
PENDING: 1219393207050
ACTIVE: 1219393209020
getoutputtime: 1219393319374
DONE: 1219393316067 
Job is running.
Job is running.
Job is running.
Job is running.
Job is running.
Job is running.
Job is running.
Job is running.
Job is running.
Job is running.
Job 2236 has completed.
Writing job STDOUT and STDERR to cache files.
Time employed in compute-2-51.local: 83.26
Returning job success.

ERROR
