DONE 

server: komolongma.ece.uprm.edu
jobmanager: sge
function: experiment-1c
parameters: /home/jas/src/stft2.0.1/main /home/jas/src/stft2.0.1/1-2006-05-12_2100.txt 16384 32 1024 16384 44100 0 12000 256 32000 37000
UNSUBMITTED: 1219454444927
PENDING: null
ACTIVE: 1219454449018
getoutputtime: 1219454562424
DONE: 1219454547075 
Job is running.
Job is running.
Job is running.
Job is running.
Job is running.
Job is running.
Job is running.
Job is running.
Job is running.
Job 2420 has completed.
Writing job STDOUT and STDERR to cache files.
Time employed in compute-1-20.local: 79.87
Returning job success.

ERROR
