DONE 

server: komolongma.ece.uprm.edu
jobmanager: sge
function: experiment-1c
parameters: /home/jas/src/stft2.0.1/main /home/jas/src/stft2.0.1/1-2006-05-12_2100.txt 16384 32 1024 16384 44100 0 12000 256 32000 37000
UNSUBMITTED: 1219395645198
PENDING: null
ACTIVE: 1219395649021
getoutputtime: 1219395761401
DONE: 1219395747021 
Job is running.
Job is running.
Job is running.
Job is running.
Job is running.
Job is running.
Job is running.
Job is running.
Job is running.
Job 2244 has completed.
Writing job STDOUT and STDERR to cache files.
Time employed in compute-2-42.local: 84.58
Returning job success.

ERROR
