DONE 

server: komolongma.ece.uprm.edu
jobmanager: sge
function: experiment-1c
parameters: /home/jas/src/stft2.0.1/main /home/jas/src/stft2.0.1/1-2006-05-12_2100.txt 16384 32 1024 16384 44100 0 12000 256 30000 35000
UNSUBMITTED: 1219435203664
PENDING: 1219435207015
ACTIVE: null
getoutputtime: 1219435331370
DONE: 1219435317115 
Job is still queued for execution.
Job is still queued for execution.
Job is still queued for execution.
Job is still queued for execution.
Job is still queued for execution.
Job is still queued for execution.
Job is still queued for execution.
Job is still queued for execution.
Job is still queued for execution.
Job is still queued for execution.
Job 2357 has completed.
Writing job STDOUT and STDERR to cache files.
Time employed in compute-2-48.local: 74.88
Returning job success.

ERROR
