DONE 

server: komolongma.ece.uprm.edu
jobmanager: sge
function: experiment-1c
parameters: /home/jas/src/stft2.0.1/main /home/jas/src/stft2.0.1/1-2006-05-12_2100.txt 16384 32 1024 16384 44100 0 12000 256 31000 36000
UNSUBMITTED: 1219423224764
PENDING: null
ACTIVE: 1219423228015
getoutputtime: 1219423340016
DONE: 1219423326131 
Job is running.
Job is running.
Job is running.
Job is running.
Job is running.
Job is running.
Job is running.
Job is running.
Job is running.
Job 2318 has completed.
Writing job STDOUT and STDERR to cache files.
Time employed in compute-2-29.local: 78.56
Returning job success.

ERROR
