DONE 

server: komolongma.ece.uprm.edu
jobmanager: sge
function: experiment-1c
parameters: /home/jas/src/stft2.0.1/main /home/jas/src/stft2.0.1/1-2006-05-12_2100.txt 16384 32 1024 16384 44100 0 12000 256 30000 35000
UNSUBMITTED: 1219434004376
PENDING: 1219434007018
ACTIVE: null
getoutputtime: 1219434120226
DONE: 1219434117022 
Job is still queued for execution.
Job is still queued for execution.
Job is still queued for execution.
Job is still queued for execution.
Job is still queued for execution.
Job is still queued for execution.
Job is still queued for execution.
Job is still queued for execution.
Job is still queued for execution.
Job is still queued for execution.
Job 2351 has completed.
Writing job STDOUT and STDERR to cache files.
Time employed in compute-2-51.local: 81.07
Returning job success.

ERROR
