DONE 

server: komolongma.ece.uprm.edu
jobmanager: sge
function: experiment-1c
parameters: /home/jas/src/stft2.0.1/main /home/jas/src/stft2.0.1/1-2006-05-12_2100.txt 16384 32 1024 16384 44100 0 12000 256 30000 35000
UNSUBMITTED: 1219448404380
PENDING: 1219448407018
ACTIVE: 1219448409022
getoutputtime: 1219448520430
DONE: 1219448517064 
Job is running.
Job is running.
Job is running.
Job is running.
Job is running.
Job is running.
Job is running.
Job is running.
Job is running.
Job is running.
Job 2395 has completed.
Writing job STDOUT and STDERR to cache files.
Time employed in compute-2-32.local: 76.57
Returning job success.

ERROR
