DONE 

server: komolongma.ece.uprm.edu
jobmanager: sge
function: experiment-1c
parameters: /home/jas/src/stft2.0.1/main /home/jas/src/stft2.0.1/1-2006-05-12_2100.txt 16384 32 1024 16384 44100 0 12000 256 32000 37000
UNSUBMITTED: 1219387244500
PENDING: 1219387248019
ACTIVE: 1219387250078
getoutputtime: 1219387362008
DONE: 1219387348064 
Job is running.
Job is running.
Job is still queued for execution.
Job is still queued for execution.
Job is still queued for execution.
Job is still queued for execution.
Job is still queued for execution.
Job is still queued for execution.
Job is still queued for execution.
Job 2204 has completed.
Writing job STDOUT and STDERR to cache files.
Time employed in compute-2-28.local: 80.68
Returning job success.

ERROR
