DONE 

server: komolongma.ece.uprm.edu
jobmanager: sge
function: experiment-1c
parameters: /home/jas/src/stft2.0.1/main /home/jas/src/stft2.0.1/1-2006-05-12_2100.txt 16384 32 1024 16384 44100 0 12000 256 31000 36000
UNSUBMITTED: 1219430424663
PENDING: 1219430428071
ACTIVE: 1219430440126
getoutputtime: 1219430531574
DONE: 1219430528115 
Job is still queued for execution.
Job is running.
Job is running.
Job is running.
Job is running.
Job is running.
Job is running.
Job is running.
Job is running.
Job 2339 has completed.
Writing job STDOUT and STDERR to cache files.
Time employed in compute-2-41.local: 78.07
Returning job success.

ERROR
