DONE 

server: komolongma.ece.uprm.edu
jobmanager: sge
function: experiment-1c
parameters: /home/jas/src/stft2.0.1/main /home/jas/src/stft2.0.1/1-2006-05-12_2100.txt 16384 32 1024 16384 44100 0 12000 256 30000 35000
UNSUBMITTED: 1219382404247
PENDING: 1219382407025
ACTIVE: 1219382429012
getoutputtime: 1219382520369
DONE: 1219382517063 
Job is still queued for execution.
Job is still queued for execution.
Job is running.
Job is running.
Job is running.
Job is running.
Job is running.
Job is running.
Job is running.
Job is running.
Job 2177 has completed.
Writing job STDOUT and STDERR to cache files.
Time employed in compute-2-51.local: 71.67
Returning job success.

ERROR
