DONE 

server: komolongma.ece.uprm.edu
jobmanager: sge
function: experiment-1c
parameters: /home/jas/src/stft2.0.1/main /home/jas/src/stft2.0.1/1-2006-05-12_2100.txt 16384 32 1024 16384 44100 0 12000 256 31000 36000
UNSUBMITTED: 1219435224004
PENDING: 1219435227021
ACTIVE: null
getoutputtime: 1219435340284
DONE: 1219435326013 
Job is still queued for execution.
Job is still queued for execution.
Job is still queued for execution.
Job is still queued for execution.
Job is still queued for execution.
Job is still queued for execution.
Job is still queued for execution.
Job is still queued for execution.
Job is still queued for execution.
Job 2358 has completed.
Writing job STDOUT and STDERR to cache files.
Time employed in compute-1-22.local: 80.22
Returning job success.

ERROR
