DONE 

server: komolongma.ece.uprm.edu
jobmanager: sge
function: experiment-1c
parameters: /home/jas/src/stft2.0.1/main /home/jas/src/stft2.0.1/1-2006-05-12_2100.txt 16384 32 1024 16384 44100 0 12000 256 31000 36000
UNSUBMITTED: 1219392024888
PENDING: null
ACTIVE: 1219392028014
getoutputtime: 1219392141216
DONE: 1219392128133 
Job is running.
Job is running.
Job is running.
Job is running.
Job is running.
Job is running.
Job is running.
Job is running.
Job is running.
Job 2234 has completed.
Writing job STDOUT and STDERR to cache files.
Time employed in compute-2-40.local: 75.74
Returning job success.

ERROR
