DONE 

server: komolongma.ece.uprm.edu
jobmanager: sge
function: experiment-1c
parameters: /home/jas/src/stft2.0.1/main /home/jas/src/stft2.0.1/1-2006-05-12_2100.txt 16384 32 1024 16384 44100 0 12000 256 32000 37000
UNSUBMITTED: 1219448444991
PENDING: null
ACTIVE: 1219448449022
getoutputtime: 1219448560991
DONE: 1219448547069 
Job is running.
Job is running.
Job is running.
Job is running.
Job is running.
Job is running.
Job is running.
Job is running.
Job is running.
Job 2397 has completed.
Writing job STDOUT and STDERR to cache files.
Time employed in compute-1-4.local: 83.27
Returning job success.

ERROR
