DONE 

server: komolongma.ece.uprm.edu
jobmanager: sge
function: experiment-1c
parameters: /home/jas/src/stft2.0.1/main /home/jas/src/stft2.0.1/1-2006-05-12_2100.txt 16384 32 1024 16384 44100 0 12000 256 31000 36000
UNSUBMITTED: 1219377624184
PENDING: 1219377627120
ACTIVE: 1219377629065
getoutputtime: 1219377750240
DONE: 1219377747121 
Job is running.
Job is running.
Job is running.
Job is running.
Job is running.
Job is running.
Job is running.
Job is running.
Job is running.
Job is running.
Job is running.
Job 2161 has completed.
Writing job STDOUT and STDERR to cache files.
Time employed in compute-2-41.local: 92.76
Returning job success.

ERROR
