DONE 

server: komolongma.ece.uprm.edu
jobmanager: sge
function: experiment-1c
parameters: /home/jas/src/stft2.0.1/main /home/jas/src/stft2.0.1/1-2006-05-12_2100.txt 16384 32 1024 16384 44100 0 12000 256 32000 37000
UNSUBMITTED: 1219398044500
PENDING: null
ACTIVE: 1219398048074
getoutputtime: 1219398160998
DONE: 1219398158062 
Job is running.
Job is running.
Job is running.
Job is running.
Job is running.
Job is running.
Job is running.
Job is running.
Job is running.
Job is running.
Job 2250 has completed.
Writing job STDOUT and STDERR to cache files.
Time employed in compute-1-10.local: 86.43
Returning job success.

ERROR
