DONE 

server: komolongma.ece.uprm.edu
jobmanager: sge
function: experiment-1c
parameters: /home/jas/src/stft2.0.1/main /home/jas/src/stft2.0.1/1-2006-05-12_2100.txt 16384 32 1024 16384 44100 0 12000 256 32000 37000
UNSUBMITTED: 1219401645381
PENDING: 1219401648015
ACTIVE: 1219401650067
getoutputtime: 1219401749072
DONE: 1219401746152 
Job is running.
Job is running.
Job is running.
Job is running.
Job is running.
Job is running.
Job is running.
Job is running.
Job is running.
Job 2259 has completed.
Writing job STDOUT and STDERR to cache files.
Time employed in compute-1-11.local: 80.8
Returning job success.

ERROR
