DONE 

server: komolongma.ece.uprm.edu
jobmanager: sge
function: experiment-1a
parameters: /home/jas/src/stft2.0.1/main /home/jas/src/stft2.0.1/1-2006-05-12_2100.txt 4096 32 256 8192 44100 0 12000 256 30000 40000
UNSUBMITTED: 1218586803128
PENDING: null
ACTIVE: 1218586806013
getoutputtime: 1218586862249
DONE: 1218586860013 
Job is running.
Job is running.
Job is running.
Job is running.
Job is running.
Job 22 has completed.
Writing job STDOUT and STDERR to cache files.
Time employed in compute-1-26.local: 14.64
Returning job success.

ERROR
