DONE 

server: komolongma.ece.uprm.edu
jobmanager: sge
function: experiment-1a
parameters: /home/jas/src/stft2.0.1/main /home/jas/src/stft2.0.1/1-2006-05-12_2100.txt 4096 32 256 8192 44100 0 12000 256 30000 40000
UNSUBMITTED: 1218584402958
PENDING: null
ACTIVE: 1218584406014
getoutputtime: 1218584462332
DONE: 1218584460016 
Job is running.
Job is running.
Job is running.
Job is running.
Job is running.
Job 18 has completed.
Writing job STDOUT and STDERR to cache files.
Time employed in compute-2-30.local: 14.7
Returning job success.

ERROR
